[ 2018-08-29T17:19:19+08:00 ] 127.0.0.1 /pgymall/
INFO: [ app_init ] --START--
INFO: Run Behavior\BuildLiteBehavior [ RunTime:0.000027s ]
INFO: [ app_init ] --END-- [ RunTime:0.001211s ]
INFO: [ app_begin ] --START--
INFO: Run Behavior\ReadHtmlCacheBehavior [ RunTime:0.001371s ]
INFO: [ app_begin ] --END-- [ RunTime:0.001451s ]

[ 2018-08-29T17:19:38+08:00 ] 127.0.0.1 /pgymall/
INFO: [ app_init ] --START--
INFO: Run Behavior\BuildLiteBehavior [ RunTime:0.000015s ]
INFO: [ app_init ] --END-- [ RunTime:0.000500s ]
INFO: [ app_begin ] --START--
INFO: Run Behavior\ReadHtmlCacheBehavior [ RunTime:0.000716s ]
INFO: [ app_begin ] --END-- [ RunTime:0.000777s ]
ERR: 无法加载控制器:Index

[ 2018-08-29T17:22:33+08:00 ] 127.0.0.1 /pgymall/
INFO: [ app_init ] --START--
INFO: Run Behavior\BuildLiteBehavior [ RunTime:0.000026s ]
INFO: [ app_init ] --END-- [ RunTime:0.000964s ]
INFO: [ app_begin ] --START--
INFO: Run Behavior\ReadHtmlCacheBehavior [ RunTime:0.000861s ]
INFO: [ app_begin ] --END-- [ RunTime:0.000925s ]
ERR: 无法加载控制器:Index

[ 2018-08-29T17:24:15+08:00 ] 127.0.0.1 /pgymall/
INFO: [ app_init ] --START--
INFO: Run Behavior\BuildLiteBehavior [ RunTime:0.000042s ]
INFO: [ app_init ] --END-- [ RunTime:0.000649s ]
INFO: [ app_begin ] --START--
INFO: Run Behavior\ReadHtmlCacheBehavior [ RunTime:0.001061s ]
INFO: [ app_begin ] --END-- [ RunTime:0.001129s ]
INFO: [ view_parse ] --START--
INFO: [ template_filter ] --START--
INFO: Run Behavior\ContentReplaceBehavior [ RunTime:0.000256s ]
INFO: [ template_filter ] --END-- [ RunTime:0.000327s ]
INFO: Run Behavior\ParseTemplateBehavior [ RunTime:0.095043s ]
INFO: [ view_parse ] --END-- [ RunTime:0.095130s ]
INFO: [ view_filter ] --START--
INFO: Run Behavior\WriteHtmlCacheBehavior [ RunTime:0.008556s ]
INFO: [ view_filter ] --END-- [ RunTime:0.008612s ]
INFO: [ app_end ] --START--
INFO: Run Behavior\ShowPageTraceBehavior [ RunTime:0.012499s ]
INFO: [ app_end ] --END-- [ RunTime:0.012638s ]

[ 2018-08-29T17:24:15+08:00 ] 127.0.0.1 /pgymall/image/xm6_80.png
INFO: [ app_init ] --START--
INFO: Run Behavior\BuildLiteBehavior [ RunTime:0.000014s ]
INFO: [ app_init ] --END-- [ RunTime:0.000613s ]

[ 2018-08-29T17:24:15+08:00 ] 127.0.0.1 /pgymall/image/5c_80.png
INFO: [ app_init ] --START--
INFO: Run Behavior\BuildLiteBehavior [ RunTime:0.000012s ]
INFO: [ app_init ] --END-- [ RunTime:0.000419s ]

[ 2018-08-29T17:24:15+08:00 ] 127.0.0.1 /pgymall/image/MIX-80.jpg
INFO: [ app_init ] --START--
INFO: Run Behavior\BuildLiteBehavior [ RunTime:0.000013s ]
INFO: [ app_init ] --END-- [ RunTime:0.000460s ]

[ 2018-08-29T17:24:15+08:00 ] 127.0.0.1 /pgymall/image/xmNOTE2-80.jpg
INFO: [ app_init ] --START--
INFO: Run Behavior\BuildLiteBehavior [ RunTime:0.000099s ]
INFO: [ app_init ] --END-- [ RunTime:0.000539s ]

[ 2018-08-29T17:24:15+08:00 ] 127.0.0.1 /pgymall/image/xm5-80.jpg
INFO: [ app_init ] --START--
INFO: Run Behavior\BuildLiteBehavior [ RunTime:0.000013s ]
INFO: [ app_init ] --END-- [ RunTime:0.000436s ]

[ 2018-08-29T17:24:15+08:00 ] 127.0.0.1 /pgymall/image/xm5Splus.jpg
INFO: [ app_init ] --START--
INFO: Run Behavior\BuildLiteBehavior [ RunTime:0.000011s ]
INFO: [ app_init ] --END-- [ RunTime:0.000458s ]

[ 2018-08-29T17:24:15+08:00 ] 127.0.0.1 /pgymall/image/hmn4x80.png
INFO: [ app_init ] --START--
INFO: Run Behavior\BuildLiteBehavior [ RunTime:0.000013s ]
INFO: [ app_init ] --END-- [ RunTime:0.000407s ]

[ 2018-08-29T17:24:15+08:00 ] 127.0.0.1 /pgymall/image/hmnote4-80.jpg
INFO: [ app_init ] --START--
INFO: Run Behavior\BuildLiteBehavior [ RunTime:0.000014s ]
INFO: [ app_init ] --END-- [ RunTime:0.000561s ]

[ 2018-08-29T17:24:15+08:00 ] 127.0.0.1 /pgymall/image/hm4x_80.png
INFO: [ app_init ] --START--
INFO: Run Behavior\BuildLiteBehavior [ RunTime:0.000013s ]
INFO: [ app_init ] --END-- [ RunTime:0.000493s ]

[ 2018-08-29T17:24:15+08:00 ] 127.0.0.1 /pgymall/image/hm4-80.jpg
INFO: [ app_init ] --START--
INFO: Run Behavior\BuildLiteBehavior [ RunTime:0.000014s ]
INFO: [ app_init ] --END-- [ RunTime:0.000998s ]

[ 2018-08-29T17:24:15+08:00 ] 127.0.0.1 /pgymall/image/hm4A-80.jpg
INFO: [ app_init ] --START--
INFO: Run Behavior\BuildLiteBehavior [ RunTime:0.000014s ]
INFO: [ app_init ] --END-- [ RunTime:0.000564s ]

[ 2018-08-29T17:24:15+08:00 ] 127.0.0.1 /pgymall/image/compare.jpg
INFO: [ app_init ] --START--
INFO: Run Behavior\BuildLiteBehavior [ RunTime:0.000013s ]
INFO: [ app_init ] --END-- [ RunTime:0.000452s ]

[ 2018-08-29T17:24:15+08:00 ] 127.0.0.1 /pgymall/image/mimobile.jpg
INFO: [ app_init ] --START--
INFO: Run Behavior\BuildLiteBehavior [ RunTime:0.000017s ]
INFO: [ app_init ] --END-- [ RunTime:0.000488s ]

[ 2018-08-29T17:24:15+08:00 ] 127.0.0.1 /pgymall/image/hjh_01.gif
INFO: [ app_init ] --START--
INFO: Run Behavior\BuildLiteBehavior [ RunTime:0.000020s ]
INFO: [ app_init ] --END-- [ RunTime:0.000660s ]

[ 2018-08-29T17:24:15+08:00 ] 127.0.0.1 /pgymall/image/hjh_02.gif
INFO: [ app_init ] --START--
INFO: Run Behavior\BuildLiteBehavior [ RunTime:0.000013s ]
INFO: [ app_init ] --END-- [ RunTime:0.000428s ]

[ 2018-08-29T17:24:15+08:00 ] 127.0.0.1 /pgymall/image/hjh_03.gif
INFO: [ app_init ] --START--
INFO: Run Behavior\BuildLiteBehavior [ RunTime:0.000012s ]
INFO: [ app_init ] --END-- [ RunTime:0.000450s ]

[ 2018-08-29T17:24:15+08:00 ] 127.0.0.1 /pgymall/image/hjh_04.gif
INFO: [ app_init ] --START--
INFO: Run Behavior\BuildLiteBehavior [ RunTime:0.000014s ]
INFO: [ app_init ] --END-- [ RunTime:0.000431s ]

[ 2018-08-29T17:24:15+08:00 ] 127.0.0.1 /pgymall/image/hjh_05.gif
INFO: [ app_init ] --START--
INFO: Run Behavior\BuildLiteBehavior [ RunTime:0.000013s ]
INFO: [ app_init ] --END-- [ RunTime:0.000441s ]

[ 2018-08-29T17:24:15+08:00 ] 127.0.0.1 /pgymall/image/hjh_06.gif
INFO: [ app_init ] --START--
INFO: Run Behavior\BuildLiteBehavior [ RunTime:0.000013s ]
INFO: [ app_init ] --END-- [ RunTime:0.000404s ]

[ 2018-08-29T17:24:15+08:00 ] 127.0.0.1 /pgymall/image/hongmi4x.png
INFO: [ app_init ] --START--
INFO: Run Behavior\BuildLiteBehavior [ RunTime:0.000015s ]
INFO: [ app_init ] --END-- [ RunTime:0.000444s ]

[ 2018-08-29T17:24:15+08:00 ] 127.0.0.1 /pgymall/image/xiaomi5.jpg
INFO: [ app_init ] --START--
INFO: Run Behavior\BuildLiteBehavior [ RunTime:0.000012s ]
INFO: [ app_init ] --END-- [ RunTime:0.000522s ]

[ 2018-08-29T17:24:15+08:00 ] 127.0.0.1 /pgymall/image/pinpai1.png
INFO: [ app_init ] --START--
INFO: Run Behavior\BuildLiteBehavior [ RunTime:0.000024s ]
INFO: [ app_init ] --END-- [ RunTime:0.000600s ]

[ 2018-08-29T17:24:15+08:00 ] 127.0.0.1 /pgymall/image/pinghengche.jpg
INFO: [ app_init ] --START--
INFO: Run Behavior\BuildLiteBehavior [ RunTime:0.000018s ]
INFO: [ app_init ] --END-- [ RunTime:0.000609s ]

[ 2018-08-29T17:24:15+08:00 ] 127.0.0.1 /pgymall/image/pinpai2.png
INFO: [ app_init ] --START--
INFO: Run Behavior\BuildLiteBehavior [ RunTime:0.000022s ]
INFO: [ app_init ] --END-- [ RunTime:0.000615s ]

[ 2018-08-29T17:24:16+08:00 ] 127.0.0.1 /pgymall/image/pinpai3.png
INFO: [ app_init ] --START--
INFO: Run Behavior\BuildLiteBehavior [ RunTime:0.000082s ]
INFO: [ app_init ] --END-- [ RunTime:0.001714s ]

[ 2018-08-29T17:24:16+08:00 ] 127.0.0.1 /pgymall/image/pinpai5.png
INFO: [ app_init ] --START--
INFO: Run Behavior\BuildLiteBehavior [ RunTime:0.000020s ]
INFO: [ app_init ] --END-- [ RunTime:0.000659s ]

[ 2018-08-29T17:24:16+08:00 ] 127.0.0.1 /pgymall/image/peijian2.jpg
INFO: [ app_init ] --START--
INFO: Run Behavior\BuildLiteBehavior [ RunTime:0.000021s ]
INFO: [ app_init ] --END-- [ RunTime:0.000845s ]

[ 2018-08-29T17:24:16+08:00 ] 127.0.0.1 /pgymall/image/peijian1.jpg
INFO: [ app_init ] --START--
INFO: Run Behavior\BuildLiteBehavior [ RunTime:0.000761s ]
INFO: [ app_init ] --END-- [ RunTime:0.001922s ]

[ 2018-08-29T17:24:16+08:00 ] 127.0.0.1 /pgymall/image/peijian3.jpg
INFO: [ app_init ] --START--
INFO: Run Behavior\BuildLiteBehavior [ RunTime:0.000021s ]
INFO: [ app_init ] --END-- [ RunTime:0.000661s ]

[ 2018-08-29T17:24:16+08:00 ] 127.0.0.1 /pgymall/image/pinpai4.png
INFO: [ app_init ] --START--
INFO: Run Behavior\BuildLiteBehavior [ RunTime:0.000019s ]
INFO: [ app_init ] --END-- [ RunTime:0.000589s ]

[ 2018-08-29T17:24:16+08:00 ] 127.0.0.1 /pgymall/image/peijian4.jpg
INFO: [ app_init ] --START--
INFO: Run Behavior\BuildLiteBehavior [ RunTime:0.000020s ]
INFO: [ app_init ] --END-- [ RunTime:0.001150s ]

[ 2018-08-29T17:24:16+08:00 ] 127.0.0.1 /pgymall/Public/assets/image/banner2.jpg
INFO: [ app_init ] --START--
INFO: Run Behavior\BuildLiteBehavior [ RunTime:0.000032s ]
INFO: [ app_init ] --END-- [ RunTime:0.001093s ]

[ 2018-08-29T17:24:16+08:00 ] 127.0.0.1 /pgymall/Public/assets/image/yyymix.gif
INFO: [ app_init ] --START--
INFO: Run Behavior\BuildLiteBehavior [ RunTime:0.000020s ]
INFO: [ app_init ] --END-- [ RunTime:0.000606s ]

[ 2018-08-29T17:24:16+08:00 ] 127.0.0.1 /pgymall/Public/assets/image/logo_top.png
INFO: [ app_init ] --START--
INFO: Run Behavior\BuildLiteBehavior [ RunTime:0.000020s ]
INFO: [ app_init ] --END-- [ RunTime:0.000709s ]

[ 2018-08-29T17:24:16+08:00 ] 127.0.0.1 /pgymall/image/peijian6.png
INFO: [ app_init ] --START--
INFO: Run Behavior\BuildLiteBehavior [ RunTime:0.000019s ]
INFO: [ app_init ] --END-- [ RunTime:0.000604s ]

[ 2018-08-29T17:24:16+08:00 ] 127.0.0.1 /pgymall/image/peijian7.jpg
INFO: [ app_init ] --START--
INFO: Run Behavior\BuildLiteBehavior [ RunTime:0.000019s ]
INFO: [ app_init ] --END-- [ RunTime:0.000587s ]

[ 2018-08-29T17:24:16+08:00 ] 127.0.0.1 /pgymall/image/peijian5.jpg
INFO: [ app_init ] --START--
INFO: Run Behavior\BuildLiteBehavior [ RunTime:0.000019s ]
INFO: [ app_init ] --END-- [ RunTime:0.000635s ]

[ 2018-08-29T17:24:16+08:00 ] 127.0.0.1 /pgymall/image/peijian9.jpg
INFO: [ app_init ] --START--
INFO: Run Behavior\BuildLiteBehavior [ RunTime:0.000021s ]
INFO: [ app_init ] --END-- [ RunTime:0.000662s ]

[ 2018-08-29T17:24:16+08:00 ] 127.0.0.1 /pgymall/image/peijian8.jpg
INFO: [ app_init ] --START--
INFO: Run Behavior\BuildLiteBehavior [ RunTime:0.000060s ]
INFO: [ app_init ] --END-- [ RunTime:0.000774s ]

[ 2018-08-29T17:24:16+08:00 ] 127.0.0.1 /pgymall/image/hongmin4.png
INFO: [ app_init ] --START--
INFO: Run Behavior\BuildLiteBehavior [ RunTime:0.000020s ]
INFO: [ app_init ] --END-- [ RunTime:0.000677s ]

[ 2018-08-29T17:24:16+08:00 ] 127.0.0.1 /pgymall/image/liulangengduo.png
INFO: [ app_init ] --START--
INFO: Run Behavior\BuildLiteBehavior [ RunTime:0.000025s ]
INFO: [ app_init ] --END-- [ RunTime:0.000777s ]

[ 2018-08-29T17:26:10+08:00 ] 127.0.0.1 /pgymall/
INFO: [ app_init ] --START--
INFO: Run Behavior\BuildLiteBehavior [ RunTime:0.000017s ]
INFO: [ app_init ] --END-- [ RunTime:0.000527s ]
INFO: [ app_begin ] --START--
INFO: Run Behavior\ReadHtmlCacheBehavior [ RunTime:0.001028s ]
INFO: [ app_begin ] --END-- [ RunTime:0.001098s ]
INFO: [ view_parse ] --START--
INFO: [ template_filter ] --START--
INFO: Run Behavior\ContentReplaceBehavior [ RunTime:0.000265s ]
INFO: [ template_filter ] --END-- [ RunTime:0.000339s ]
INFO: Run Behavior\ParseTemplateBehavior [ RunTime:0.025824s ]
INFO: [ view_parse ] --END-- [ RunTime:0.025890s ]
INFO: [ view_filter ] --START--
INFO: Run Behavior\WriteHtmlCacheBehavior [ RunTime:0.000625s ]
INFO: [ view_filter ] --END-- [ RunTime:0.000681s ]
INFO: [ app_end ] --START--
INFO: Run Behavior\ShowPageTraceBehavior [ RunTime:0.000915s ]
INFO: [ app_end ] --END-- [ RunTime:0.000985s ]

[ 2018-08-29T17:26:10+08:00 ] 127.0.0.1 /pgymall/image/xm6_80.png
INFO: [ app_init ] --START--
INFO: Run Behavior\BuildLiteBehavior [ RunTime:0.000022s ]
INFO: [ app_init ] --END-- [ RunTime:0.000554s ]

[ 2018-08-29T17:26:10+08:00 ] 127.0.0.1 /pgymall/image/xmNOTE2-80.jpg
INFO: [ app_init ] --START--
INFO: Run Behavior\BuildLiteBehavior [ RunTime:0.000019s ]
INFO: [ app_init ] --END-- [ RunTime:0.000616s ]

[ 2018-08-29T17:26:10+08:00 ] 127.0.0.1 /pgymall/image/xm5-80.jpg
INFO: [ app_init ] --START--
INFO: Run Behavior\BuildLiteBehavior [ RunTime:0.000025s ]
INFO: [ app_init ] --END-- [ RunTime:0.000718s ]

[ 2018-08-29T17:26:10+08:00 ] 127.0.0.1 /pgymall/image/MIX-80.jpg
INFO: [ app_init ] --START--
INFO: Run Behavior\BuildLiteBehavior [ RunTime:0.000019s ]
INFO: [ app_init ] --END-- [ RunTime:0.000651s ]

[ 2018-08-29T17:26:10+08:00 ] 127.0.0.1 /pgymall/image/5c_80.png
INFO: [ app_init ] --START--
INFO: Run Behavior\BuildLiteBehavior [ RunTime:0.000023s ]
INFO: [ app_init ] --END-- [ RunTime:0.001313s ]

[ 2018-08-29T17:26:10+08:00 ] 127.0.0.1 /pgymall/image/hmn4x80.png
INFO: [ app_init ] --START--
INFO: Run Behavior\BuildLiteBehavior [ RunTime:0.000028s ]
INFO: [ app_init ] --END-- [ RunTime:0.000651s ]

[ 2018-08-29T17:26:10+08:00 ] 127.0.0.1 /pgymall/image/xm5Splus.jpg
INFO: [ app_init ] --START--
INFO: Run Behavior\BuildLiteBehavior [ RunTime:0.000025s ]
INFO: [ app_init ] --END-- [ RunTime:0.000618s ]

[ 2018-08-29T17:26:10+08:00 ] 127.0.0.1 /pgymall/image/hmnote4-80.jpg
INFO: [ app_init ] --START--
INFO: Run Behavior\BuildLiteBehavior [ RunTime:0.000017s ]
INFO: [ app_init ] --END-- [ RunTime:0.000560s ]

[ 2018-08-29T17:26:10+08:00 ] 127.0.0.1 /pgymall/image/hm4x_80.png
INFO: [ app_init ] --START--
INFO: Run Behavior\BuildLiteBehavior [ RunTime:0.000013s ]
INFO: [ app_init ] --END-- [ RunTime:0.000435s ]

[ 2018-08-29T17:26:10+08:00 ] 127.0.0.1 /pgymall/image/hm4-80.jpg
INFO: [ app_init ] --START--
INFO: Run Behavior\BuildLiteBehavior [ RunTime:0.000026s ]
INFO: [ app_init ] --END-- [ RunTime:0.000755s ]

[ 2018-08-29T17:26:10+08:00 ] 127.0.0.1 /pgymall/image/compare.jpg
INFO: [ app_init ] --START--
INFO: Run Behavior\BuildLiteBehavior [ RunTime:0.000020s ]
INFO: [ app_init ] --END-- [ RunTime:0.000603s ]

[ 2018-08-29T17:26:10+08:00 ] 127.0.0.1 /pgymall/image/hm4A-80.jpg
INFO: [ app_init ] --START--
INFO: Run Behavior\BuildLiteBehavior [ RunTime:0.000028s ]
INFO: [ app_init ] --END-- [ RunTime:0.000717s ]

[ 2018-08-29T17:26:10+08:00 ] 127.0.0.1 /pgymall/image/mimobile.jpg
INFO: [ app_init ] --START--
INFO: Run Behavior\BuildLiteBehavior [ RunTime:0.000021s ]
INFO: [ app_init ] --END-- [ RunTime:0.000619s ]

[ 2018-08-29T17:26:10+08:00 ] 127.0.0.1 /pgymall/image/hjh_01.gif
INFO: [ app_init ] --START--
INFO: Run Behavior\BuildLiteBehavior [ RunTime:0.000019s ]
INFO: [ app_init ] --END-- [ RunTime:0.000611s ]

[ 2018-08-29T17:26:10+08:00 ] 127.0.0.1 /pgymall/image/hjh_02.gif
INFO: [ app_init ] --START--
INFO: Run Behavior\BuildLiteBehavior [ RunTime:0.000059s ]
INFO: [ app_init ] --END-- [ RunTime:0.000578s ]

[ 2018-08-29T17:26:10+08:00 ] 127.0.0.1 /pgymall/image/hjh_04.gif
INFO: [ app_init ] --START--
INFO: Run Behavior\BuildLiteBehavior [ RunTime:0.000024s ]
INFO: [ app_init ] --END-- [ RunTime:0.000627s ]

[ 2018-08-29T17:26:10+08:00 ] 127.0.0.1 /pgymall/image/hjh_03.gif
INFO: [ app_init ] --START--
INFO: Run Behavior\BuildLiteBehavior [ RunTime:0.000013s ]
INFO: [ app_init ] --END-- [ RunTime:0.000556s ]

[ 2018-08-29T17:26:10+08:00 ] 127.0.0.1 /pgymall/image/hjh_05.gif
INFO: [ app_init ] --START--
INFO: Run Behavior\BuildLiteBehavior [ RunTime:0.000019s ]
INFO: [ app_init ] --END-- [ RunTime:0.000594s ]

[ 2018-08-29T17:26:10+08:00 ] 127.0.0.1 /pgymall/image/hjh_06.gif
INFO: [ app_init ] --START--
INFO: Run Behavior\BuildLiteBehavior [ RunTime:0.000022s ]
INFO: [ app_init ] --END-- [ RunTime:0.000793s ]

[ 2018-08-29T17:26:10+08:00 ] 127.0.0.1 /pgymall/image/xiaomi5.jpg
INFO: [ app_init ] --START--
INFO: Run Behavior\BuildLiteBehavior [ RunTime:0.000019s ]
INFO: [ app_init ] --END-- [ RunTime:0.000675s ]

[ 2018-08-29T17:26:10+08:00 ] 127.0.0.1 /pgymall/image/hongmi4x.png
INFO: [ app_init ] --START--
INFO: Run Behavior\BuildLiteBehavior [ RunTime:0.000023s ]
INFO: [ app_init ] --END-- [ RunTime:0.000634s ]

[ 2018-08-29T17:26:10+08:00 ] 127.0.0.1 /pgymall/image/pinghengche.jpg
INFO: [ app_init ] --START--
INFO: Run Behavior\BuildLiteBehavior [ RunTime:0.000023s ]
INFO: [ app_init ] --END-- [ RunTime:0.000707s ]

[ 2018-08-29T17:26:10+08:00 ] 127.0.0.1 /pgymall/image/pinpai3.png
INFO: [ app_init ] --START--
INFO: Run Behavior\BuildLiteBehavior [ RunTime:0.000022s ]
INFO: [ app_init ] --END-- [ RunTime:0.000759s ]

[ 2018-08-29T17:26:10+08:00 ] 127.0.0.1 /pgymall/image/pinpai2.png
INFO: [ app_init ] --START--
INFO: Run Behavior\BuildLiteBehavior [ RunTime:0.000020s ]
INFO: [ app_init ] --END-- [ RunTime:0.000685s ]

[ 2018-08-29T17:26:10+08:00 ] 127.0.0.1 /pgymall/image/pinpai1.png
INFO: [ app_init ] --START--
INFO: Run Behavior\BuildLiteBehavior [ RunTime:0.000022s ]
INFO: [ app_init ] --END-- [ RunTime:0.001991s ]

[ 2018-08-29T17:26:10+08:00 ] 127.0.0.1 /pgymall/Public/assets/image/banner2.jpg
INFO: [ app_init ] --START--
INFO: Run Behavior\BuildLiteBehavior [ RunTime:0.000021s ]
INFO: [ app_init ] --END-- [ RunTime:0.000722s ]

[ 2018-08-29T17:26:10+08:00 ] 127.0.0.1 /pgymall/Public/assets/image/yyymix.gif
INFO: [ app_init ] --START--
INFO: Run Behavior\BuildLiteBehavior [ RunTime:0.000018s ]
INFO: [ app_init ] --END-- [ RunTime:0.000666s ]

[ 2018-08-29T17:26:10+08:00 ] 127.0.0.1 /pgymall/image/pinpai5.png
INFO: [ app_init ] --START--
INFO: Run Behavior\BuildLiteBehavior [ RunTime:0.000020s ]
INFO: [ app_init ] --END-- [ RunTime:0.000602s ]

[ 2018-08-29T17:26:10+08:00 ] 127.0.0.1 /pgymall/image/pinpai4.png
INFO: [ app_init ] --START--
INFO: Run Behavior\BuildLiteBehavior [ RunTime:0.000022s ]
INFO: [ app_init ] --END-- [ RunTime:0.001006s ]

[ 2018-08-29T17:26:10+08:00 ] 127.0.0.1 /pgymall/Public/assets/image/logo_top.png
INFO: [ app_init ] --START--
INFO: Run Behavior\BuildLiteBehavior [ RunTime:0.000032s ]
INFO: [ app_init ] --END-- [ RunTime:0.001721s ]

[ 2018-08-29T17:26:10+08:00 ] 127.0.0.1 /pgymall/image/peijian1.jpg
INFO: [ app_init ] --START--
INFO: Run Behavior\BuildLiteBehavior [ RunTime:0.000022s ]
INFO: [ app_init ] --END-- [ RunTime:0.000657s ]

[ 2018-08-29T17:26:10+08:00 ] 127.0.0.1 /pgymall/image/peijian2.jpg
INFO: [ app_init ] --START--
INFO: Run Behavior\BuildLiteBehavior [ RunTime:0.000023s ]
INFO: [ app_init ] --END-- [ RunTime:0.001288s ]

[ 2018-08-29T17:26:10+08:00 ] 127.0.0.1 /pgymall/image/peijian3.jpg
INFO: [ app_init ] --START--
INFO: Run Behavior\BuildLiteBehavior [ RunTime:0.000041s ]
INFO: [ app_init ] --END-- [ RunTime:0.000868s ]

[ 2018-08-29T17:26:10+08:00 ] 127.0.0.1 /pgymall/image/peijian4.jpg
INFO: [ app_init ] --START--
INFO: Run Behavior\BuildLiteBehavior [ RunTime:0.000017s ]
INFO: [ app_init ] --END-- [ RunTime:0.000591s ]

[ 2018-08-29T17:26:10+08:00 ] 127.0.0.1 /pgymall/image/peijian5.jpg
INFO: [ app_init ] --START--
INFO: Run Behavior\BuildLiteBehavior [ RunTime:0.000019s ]
INFO: [ app_init ] --END-- [ RunTime:0.000645s ]

[ 2018-08-29T17:26:10+08:00 ] 127.0.0.1 /pgymall/image/peijian7.jpg
INFO: [ app_init ] --START--
INFO: Run Behavior\BuildLiteBehavior [ RunTime:0.000018s ]
INFO: [ app_init ] --END-- [ RunTime:0.000481s ]

[ 2018-08-29T17:26:10+08:00 ] 127.0.0.1 /pgymall/image/peijian6.png
INFO: [ app_init ] --START--
INFO: Run Behavior\BuildLiteBehavior [ RunTime:0.000021s ]
INFO: [ app_init ] --END-- [ RunTime:0.000695s ]

[ 2018-08-29T17:26:10+08:00 ] 127.0.0.1 /pgymall/image/peijian8.jpg
INFO: [ app_init ] --START--
INFO: Run Behavior\BuildLiteBehavior [ RunTime:0.000020s ]
INFO: [ app_init ] --END-- [ RunTime:0.000590s ]

[ 2018-08-29T17:26:10+08:00 ] 127.0.0.1 /pgymall/image/peijian9.jpg
INFO: [ app_init ] --START--
INFO: Run Behavior\BuildLiteBehavior [ RunTime:0.000021s ]
INFO: [ app_init ] --END-- [ RunTime:0.000600s ]

[ 2018-08-29T17:26:10+08:00 ] 127.0.0.1 /pgymall/image/hongmin4.png
INFO: [ app_init ] --START--
INFO: Run Behavior\BuildLiteBehavior [ RunTime:0.000013s ]
INFO: [ app_init ] --END-- [ RunTime:0.000474s ]

[ 2018-08-29T17:26:10+08:00 ] 127.0.0.1 /pgymall/image/liulangengduo.png
INFO: [ app_init ] --START--
INFO: Run Behavior\BuildLiteBehavior [ RunTime:0.000019s ]
INFO: [ app_init ] --END-- [ RunTime:0.000539s ]

[ 2018-08-29T17:27:21+08:00 ] 127.0.0.1 /pgymall/
INFO: [ app_init ] --START--
INFO: Run Behavior\BuildLiteBehavior [ RunTime:0.000013s ]
INFO: [ app_init ] --END-- [ RunTime:0.000657s ]
INFO: [ app_begin ] --START--
INFO: Run Behavior\ReadHtmlCacheBehavior [ RunTime:0.000946s ]
INFO: [ app_begin ] --END-- [ RunTime:0.001000s ]
INFO: [ view_parse ] --START--
INFO: [ template_filter ] --START--
INFO: Run Behavior\ContentReplaceBehavior [ RunTime:0.000241s ]
INFO: [ template_filter ] --END-- [ RunTime:0.000307s ]
INFO: Run Behavior\ParseTemplateBehavior [ RunTime:0.022430s ]
INFO: [ view_parse ] --END-- [ RunTime:0.022488s ]
INFO: [ view_filter ] --START--
INFO: Run Behavior\WriteHtmlCacheBehavior [ RunTime:0.000657s ]
INFO: [ view_filter ] --END-- [ RunTime:0.000703s ]
INFO: [ app_end ] --START--
INFO: Run Behavior\ShowPageTraceBehavior [ RunTime:0.001174s ]
INFO: [ app_end ] --END-- [ RunTime:0.001269s ]

[ 2018-08-29T17:27:21+08:00 ] 127.0.0.1 /pgymall/image/xm6_80.png
INFO: [ app_init ] --START--
INFO: Run Behavior\BuildLiteBehavior [ RunTime:0.000016s ]
INFO: [ app_init ] --END-- [ RunTime:0.000627s ]

[ 2018-08-29T17:27:21+08:00 ] 127.0.0.1 /pgymall/image/5c_80.png
INFO: [ app_init ] --START--
INFO: Run Behavior\BuildLiteBehavior [ RunTime:0.000020s ]
INFO: [ app_init ] --END-- [ RunTime:0.000532s ]

[ 2018-08-29T17:27:21+08:00 ] 127.0.0.1 /pgymall/image/xmNOTE2-80.jpg
INFO: [ app_init ] --START--
INFO: Run Behavior\BuildLiteBehavior [ RunTime:0.000016s ]
INFO: [ app_init ] --END-- [ RunTime:0.000535s ]

[ 2018-08-29T17:27:21+08:00 ] 127.0.0.1 /pgymall/image/hjh_03.gif
INFO: [ app_init ] --START--
INFO: Run Behavior\BuildLiteBehavior [ RunTime:0.000017s ]
INFO: [ app_init ] --END-- [ RunTime:0.000462s ]

[ 2018-08-29T17:27:21+08:00 ] 127.0.0.1 /pgymall/image/hjh_06.gif
INFO: [ app_init ] --START--
INFO: Run Behavior\BuildLiteBehavior [ RunTime:0.000014s ]
INFO: [ app_init ] --END-- [ RunTime:0.000463s ]

[ 2018-08-29T17:27:21+08:00 ] 127.0.0.1 /pgymall/Public/assets/image/banner2.jpg
INFO: [ app_init ] --START--
INFO: Run Behavior\BuildLiteBehavior [ RunTime:0.000013s ]
INFO: [ app_init ] --END-- [ RunTime:0.000447s ]

[ 2018-08-29T17:27:21+08:00 ] 127.0.0.1 /pgymall/image/xiaomi5.jpg
INFO: [ app_init ] --START--
INFO: Run Behavior\BuildLiteBehavior [ RunTime:0.000014s ]
INFO: [ app_init ] --END-- [ RunTime:0.000440s ]

[ 2018-08-29T17:27:21+08:00 ] 127.0.0.1 /pgymall/image/hongmi4x.png
INFO: [ app_init ] --START--
INFO: Run Behavior\BuildLiteBehavior [ RunTime:0.000026s ]
INFO: [ app_init ] --END-- [ RunTime:0.000631s ]

[ 2018-08-29T17:27:21+08:00 ] 127.0.0.1 /pgymall/image/pinghengche.jpg
INFO: [ app_init ] --START--
INFO: Run Behavior\BuildLiteBehavior [ RunTime:0.000015s ]
INFO: [ app_init ] --END-- [ RunTime:0.000459s ]

[ 2018-08-29T17:27:21+08:00 ] 127.0.0.1 /pgymall/image/pinpai2.png
INFO: [ app_init ] --START--
INFO: Run Behavior\BuildLiteBehavior [ RunTime:0.000015s ]
INFO: [ app_init ] --END-- [ RunTime:0.000446s ]

[ 2018-08-29T17:27:21+08:00 ] 127.0.0.1 /pgymall/image/pinpai5.png
INFO: [ app_init ] --START--
INFO: Run Behavior\BuildLiteBehavior [ RunTime:0.000014s ]
INFO: [ app_init ] --END-- [ RunTime:0.000570s ]

[ 2018-08-29T17:27:21+08:00 ] 127.0.0.1 /pgymall/image/pinpai1.png
INFO: [ app_init ] --START--
INFO: Run Behavior\BuildLiteBehavior [ RunTime:0.000019s ]
INFO: [ app_init ] --END-- [ RunTime:0.000451s ]

[ 2018-08-29T17:27:21+08:00 ] 127.0.0.1 /pgymall/image/hjh_01.gif
INFO: [ app_init ] --START--
INFO: Run Behavior\BuildLiteBehavior [ RunTime:0.000013s ]
INFO: [ app_init ] --END-- [ RunTime:0.000448s ]

[ 2018-08-29T17:27:21+08:00 ] 127.0.0.1 /pgymall/image/hjh_04.gif
INFO: [ app_init ] --START--
INFO: Run Behavior\BuildLiteBehavior [ RunTime:0.000021s ]
INFO: [ app_init ] --END-- [ RunTime:0.000605s ]

[ 2018-08-29T17:27:21+08:00 ] 127.0.0.1 /pgymall/image/pinpai4.png
INFO: [ app_init ] --START--
INFO: Run Behavior\BuildLiteBehavior [ RunTime:0.000023s ]
INFO: [ app_init ] --END-- [ RunTime:0.000715s ]

[ 2018-08-29T17:27:21+08:00 ] 127.0.0.1 /pgymall/image/hjh_05.gif
INFO: [ app_init ] --START--
INFO: Run Behavior\BuildLiteBehavior [ RunTime:0.000020s ]
INFO: [ app_init ] --END-- [ RunTime:0.000670s ]

[ 2018-08-29T17:27:21+08:00 ] 127.0.0.1 /pgymall/image/hjh_02.gif
INFO: [ app_init ] --START--
INFO: Run Behavior\BuildLiteBehavior [ RunTime:0.000019s ]
INFO: [ app_init ] --END-- [ RunTime:0.000636s ]

[ 2018-08-29T17:27:21+08:00 ] 127.0.0.1 /pgymall/Public/assets/image/logo_top.png
INFO: [ app_init ] --START--
INFO: Run Behavior\BuildLiteBehavior [ RunTime:0.000027s ]
INFO: [ app_init ] --END-- [ RunTime:0.001349s ]

[ 2018-08-29T17:27:21+08:00 ] 127.0.0.1 /pgymall/image/pinpai3.png
INFO: [ app_init ] --START--
INFO: Run Behavior\BuildLiteBehavior [ RunTime:0.000020s ]
INFO: [ app_init ] --END-- [ RunTime:0.000799s ]

[ 2018-08-29T17:27:21+08:00 ] 127.0.0.1 /pgymall/image/MIX-80.jpg
INFO: [ app_init ] --START--
INFO: Run Behavior\BuildLiteBehavior [ RunTime:0.000019s ]
INFO: [ app_init ] --END-- [ RunTime:0.000558s ]

[ 2018-08-29T17:27:21+08:00 ] 127.0.0.1 /pgymall/image/xm5-80.jpg
INFO: [ app_init ] --START--
INFO: Run Behavior\BuildLiteBehavior [ RunTime:0.000016s ]
INFO: [ app_init ] --END-- [ RunTime:0.000546s ]

[ 2018-08-29T17:27:21+08:00 ] 127.0.0.1 /pgymall/image/xm5Splus.jpg
INFO: [ app_init ] --START--
INFO: Run Behavior\BuildLiteBehavior [ RunTime:0.000019s ]
INFO: [ app_init ] --END-- [ RunTime:0.001391s ]

[ 2018-08-29T17:27:21+08:00 ] 127.0.0.1 /pgymall/image/hmn4x80.png
INFO: [ app_init ] --START--
INFO: Run Behavior\BuildLiteBehavior [ RunTime:0.000020s ]
INFO: [ app_init ] --END-- [ RunTime:0.000967s ]

[ 2018-08-29T17:27:21+08:00 ] 127.0.0.1 /pgymall/image/hmnote4-80.jpg
INFO: [ app_init ] --START--
INFO: Run Behavior\BuildLiteBehavior [ RunTime:0.000018s ]
INFO: [ app_init ] --END-- [ RunTime:0.001143s ]

[ 2018-08-29T17:27:21+08:00 ] 127.0.0.1 /pgymall/image/hm4-80.jpg
INFO: [ app_init ] --START--
INFO: Run Behavior\BuildLiteBehavior [ RunTime:0.000057s ]
INFO: [ app_init ] --END-- [ RunTime:0.000629s ]

[ 2018-08-29T17:27:21+08:00 ] 127.0.0.1 /pgymall/image/hm4x_80.png
INFO: [ app_init ] --START--
INFO: Run Behavior\BuildLiteBehavior [ RunTime:0.000018s ]
INFO: [ app_init ] --END-- [ RunTime:0.000596s ]

[ 2018-08-29T17:27:21+08:00 ] 127.0.0.1 /pgymall/image/hm4A-80.jpg
INFO: [ app_init ] --START--
INFO: Run Behavior\BuildLiteBehavior [ RunTime:0.000019s ]
INFO: [ app_init ] --END-- [ RunTime:0.000621s ]

[ 2018-08-29T17:27:21+08:00 ] 127.0.0.1 /pgymall/image/mimobile.jpg
INFO: [ app_init ] --START--
INFO: Run Behavior\BuildLiteBehavior [ RunTime:0.000061s ]
INFO: [ app_init ] --END-- [ RunTime:0.001098s ]

[ 2018-08-29T17:27:21+08:00 ] 127.0.0.1 /pgymall/image/peijian1.jpg
INFO: [ app_init ] --START--
INFO: Run Behavior\BuildLiteBehavior [ RunTime:0.000020s ]
INFO: [ app_init ] --END-- [ RunTime:0.001102s ]

[ 2018-08-29T17:27:21+08:00 ] 127.0.0.1 /pgymall/image/compare.jpg
INFO: [ app_init ] --START--
INFO: Run Behavior\BuildLiteBehavior [ RunTime:0.000021s ]
INFO: [ app_init ] --END-- [ RunTime:0.000732s ]

[ 2018-08-29T17:27:21+08:00 ] 127.0.0.1 /pgymall/image/peijian2.jpg
INFO: [ app_init ] --START--
INFO: Run Behavior\BuildLiteBehavior [ RunTime:0.000014s ]
INFO: [ app_init ] --END-- [ RunTime:0.000493s ]

[ 2018-08-29T17:27:21+08:00 ] 127.0.0.1 /pgymall/image/peijian3.jpg
INFO: [ app_init ] --START--
INFO: Run Behavior\BuildLiteBehavior [ RunTime:0.000025s ]
INFO: [ app_init ] --END-- [ RunTime:0.002844s ]

[ 2018-08-29T17:27:21+08:00 ] 127.0.0.1 /pgymall/image/peijian4.jpg
INFO: [ app_init ] --START--
INFO: Run Behavior\BuildLiteBehavior [ RunTime:0.000022s ]
INFO: [ app_init ] --END-- [ RunTime:0.000682s ]

[ 2018-08-29T17:27:21+08:00 ] 127.0.0.1 /pgymall/image/peijian5.jpg
INFO: [ app_init ] --START--
INFO: Run Behavior\BuildLiteBehavior [ RunTime:0.000018s ]
INFO: [ app_init ] --END-- [ RunTime:0.000603s ]

[ 2018-08-29T17:27:21+08:00 ] 127.0.0.1 /pgymall/image/peijian6.png
INFO: [ app_init ] --START--
INFO: Run Behavior\BuildLiteBehavior [ RunTime:0.000019s ]
INFO: [ app_init ] --END-- [ RunTime:0.000599s ]

[ 2018-08-29T17:27:21+08:00 ] 127.0.0.1 /pgymall/image/peijian7.jpg
INFO: [ app_init ] --START--
INFO: Run Behavior\BuildLiteBehavior [ RunTime:0.000033s ]
INFO: [ app_init ] --END-- [ RunTime:0.000770s ]

[ 2018-08-29T17:27:21+08:00 ] 127.0.0.1 /pgymall/image/peijian8.jpg
INFO: [ app_init ] --START--
INFO: Run Behavior\BuildLiteBehavior [ RunTime:0.000018s ]
INFO: [ app_init ] --END-- [ RunTime:0.000605s ]

[ 2018-08-29T17:27:21+08:00 ] 127.0.0.1 /pgymall/image/peijian9.jpg
INFO: [ app_init ] --START--
INFO: Run Behavior\BuildLiteBehavior [ RunTime:0.000015s ]
INFO: [ app_init ] --END-- [ RunTime:0.000512s ]

[ 2018-08-29T17:27:21+08:00 ] 127.0.0.1 /pgymall/image/liulangengduo.png
INFO: [ app_init ] --START--
INFO: Run Behavior\BuildLiteBehavior [ RunTime:0.000013s ]
INFO: [ app_init ] --END-- [ RunTime:0.000390s ]

[ 2018-08-29T17:29:12+08:00 ] 127.0.0.1 /pgymall/
INFO: [ app_init ] --START--
INFO: Run Behavior\BuildLiteBehavior [ RunTime:0.000024s ]
INFO: [ app_init ] --END-- [ RunTime:0.000980s ]
INFO: [ app_begin ] --START--
INFO: Run Behavior\ReadHtmlCacheBehavior [ RunTime:0.001438s ]
INFO: [ app_begin ] --END-- [ RunTime:0.001531s ]
INFO: [ view_parse ] --START--
INFO: [ template_filter ] --START--
INFO: Run Behavior\ContentReplaceBehavior [ RunTime:0.000334s ]
INFO: [ template_filter ] --END-- [ RunTime:0.000417s ]
INFO: Run Behavior\ParseTemplateBehavior [ RunTime:0.029360s ]
INFO: [ view_parse ] --END-- [ RunTime:0.029435s ]
INFO: [ view_filter ] --START--
INFO: Run Behavior\WriteHtmlCacheBehavior [ RunTime:0.000905s ]
INFO: [ view_filter ] --END-- [ RunTime:0.000968s ]
INFO: [ app_end ] --START--
INFO: Run Behavior\ShowPageTraceBehavior [ RunTime:0.001139s ]
INFO: [ app_end ] --END-- [ RunTime:0.001261s ]

[ 2018-08-29T17:29:12+08:00 ] 127.0.0.1 /pgymall/image/xm6_80.png
INFO: [ app_init ] --START--
INFO: Run Behavior\BuildLiteBehavior [ RunTime:0.000014s ]
INFO: [ app_init ] --END-- [ RunTime:0.000444s ]

[ 2018-08-29T17:29:12+08:00 ] 127.0.0.1 /pgymall/image/5c_80.png
INFO: [ app_init ] --START--
INFO: Run Behavior\BuildLiteBehavior [ RunTime:0.000014s ]
INFO: [ app_init ] --END-- [ RunTime:0.000471s ]

[ 2018-08-29T17:29:12+08:00 ] 127.0.0.1 /pgymall/image/xmNOTE2-80.jpg
INFO: [ app_init ] --START--
INFO: Run Behavior\BuildLiteBehavior [ RunTime:0.000013s ]
INFO: [ app_init ] --END-- [ RunTime:0.000439s ]

[ 2018-08-29T17:29:12+08:00 ] 127.0.0.1 /pgymall/image/hjh_03.gif
INFO: [ app_init ] --START--
INFO: Run Behavior\BuildLiteBehavior [ RunTime:0.000013s ]
INFO: [ app_init ] --END-- [ RunTime:0.000407s ]

[ 2018-08-29T17:29:12+08:00 ] 127.0.0.1 /pgymall/Public/assets/image/banner2.jpg
INFO: [ app_init ] --START--
INFO: Run Behavior\BuildLiteBehavior [ RunTime:0.000014s ]
INFO: [ app_init ] --END-- [ RunTime:0.000448s ]

[ 2018-08-29T17:29:12+08:00 ] 127.0.0.1 /pgymall/image/xiaomi5.jpg
INFO: [ app_init ] --START--
INFO: Run Behavior\BuildLiteBehavior [ RunTime:0.000021s ]
INFO: [ app_init ] --END-- [ RunTime:0.000550s ]

[ 2018-08-29T17:29:12+08:00 ] 127.0.0.1 /pgymall/image/hongmi4x.png
INFO: [ app_init ] --START--
INFO: Run Behavior\BuildLiteBehavior [ RunTime:0.000013s ]
INFO: [ app_init ] --END-- [ RunTime:0.000388s ]

[ 2018-08-29T17:29:12+08:00 ] 127.0.0.1 /pgymall/image/pinghengche.jpg
INFO: [ app_init ] --START--
INFO: Run Behavior\BuildLiteBehavior [ RunTime:0.000013s ]
INFO: [ app_init ] --END-- [ RunTime:0.000434s ]

[ 2018-08-29T17:29:12+08:00 ] 127.0.0.1 /pgymall/image/pinpai5.png
INFO: [ app_init ] --START--
INFO: Run Behavior\BuildLiteBehavior [ RunTime:0.000021s ]
INFO: [ app_init ] --END-- [ RunTime:0.000557s ]

[ 2018-08-29T17:29:13+08:00 ] 127.0.0.1 /pgymall/image/pinpai2.png
INFO: [ app_init ] --START--
INFO: Run Behavior\BuildLiteBehavior [ RunTime:0.000014s ]
INFO: [ app_init ] --END-- [ RunTime:0.000496s ]

[ 2018-08-29T17:29:13+08:00 ] 127.0.0.1 /pgymall/image/pinpai1.png
INFO: [ app_init ] --START--
INFO: Run Behavior\BuildLiteBehavior [ RunTime:0.000019s ]
INFO: [ app_init ] --END-- [ RunTime:0.000599s ]

[ 2018-08-29T17:29:13+08:00 ] 127.0.0.1 /pgymall/image/pinpai4.png
INFO: [ app_init ] --START--
INFO: Run Behavior\BuildLiteBehavior [ RunTime:0.000013s ]
INFO: [ app_init ] --END-- [ RunTime:0.000413s ]

[ 2018-08-29T17:29:13+08:00 ] 127.0.0.1 /pgymall/image/pinpai3.png
INFO: [ app_init ] --START--
INFO: Run Behavior\BuildLiteBehavior [ RunTime:0.000012s ]
INFO: [ app_init ] --END-- [ RunTime:0.000399s ]

[ 2018-08-29T17:29:13+08:00 ] 127.0.0.1 /pgymall/Public/assets/image/logo_top.png
INFO: [ app_init ] --START--
INFO: Run Behavior\BuildLiteBehavior [ RunTime:0.000022s ]
INFO: [ app_init ] --END-- [ RunTime:0.000546s ]

[ 2018-08-29T17:29:13+08:00 ] 127.0.0.1 /pgymall/image/hjh_06.gif
INFO: [ app_init ] --START--
INFO: Run Behavior\BuildLiteBehavior [ RunTime:0.000015s ]
INFO: [ app_init ] --END-- [ RunTime:0.000640s ]

[ 2018-08-29T17:29:13+08:00 ] 127.0.0.1 /pgymall/image/hjh_01.gif
INFO: [ app_init ] --START--
INFO: Run Behavior\BuildLiteBehavior [ RunTime:0.000015s ]
INFO: [ app_init ] --END-- [ RunTime:0.000412s ]

[ 2018-08-29T17:29:13+08:00 ] 127.0.0.1 /pgymall/image/hjh_05.gif
INFO: [ app_init ] --START--
INFO: Run Behavior\BuildLiteBehavior [ RunTime:0.000013s ]
INFO: [ app_init ] --END-- [ RunTime:0.000394s ]

[ 2018-08-29T17:29:13+08:00 ] 127.0.0.1 /pgymall/image/hjh_04.gif
INFO: [ app_init ] --START--
INFO: Run Behavior\BuildLiteBehavior [ RunTime:0.000013s ]
INFO: [ app_init ] --END-- [ RunTime:0.000388s ]

[ 2018-08-29T17:29:13+08:00 ] 127.0.0.1 /pgymall/image/hjh_02.gif
INFO: [ app_init ] --START--
INFO: Run Behavior\BuildLiteBehavior [ RunTime:0.000022s ]
INFO: [ app_init ] --END-- [ RunTime:0.000617s ]

[ 2018-08-29T17:29:13+08:00 ] 127.0.0.1 /pgymall/image/MIX-80.jpg
INFO: [ app_init ] --START--
INFO: Run Behavior\BuildLiteBehavior [ RunTime:0.000013s ]
INFO: [ app_init ] --END-- [ RunTime:0.000433s ]

[ 2018-08-29T17:29:13+08:00 ] 127.0.0.1 /pgymall/image/xm5Splus.jpg
INFO: [ app_init ] --START--
INFO: Run Behavior\BuildLiteBehavior [ RunTime:0.000023s ]
INFO: [ app_init ] --END-- [ RunTime:0.000616s ]

[ 2018-08-29T17:29:13+08:00 ] 127.0.0.1 /pgymall/image/xm5-80.jpg
INFO: [ app_init ] --START--
INFO: Run Behavior\BuildLiteBehavior [ RunTime:0.000022s ]
INFO: [ app_init ] --END-- [ RunTime:0.000737s ]

[ 2018-08-29T17:29:13+08:00 ] 127.0.0.1 /pgymall/image/hmn4x80.png
INFO: [ app_init ] --START--
INFO: Run Behavior\BuildLiteBehavior [ RunTime:0.000020s ]
INFO: [ app_init ] --END-- [ RunTime:0.000654s ]



[ 2018-08-29T17:29:13+08:00 ] 127.0.0.1 /pgymall/image/hm4x_80.png
INFO: [ app_init ] --START--
INFO: Run Behavior\BuildLiteBehavior [ RunTime:0.000018s ]
INFO: [ app_init ] --END-- [ RunTime:0.000719s ]

[ 2018-08-29T17:29:13+08:00 ] 127.0.0.1 /pgymall/image/compare.jpg
INFO: [ app_init ] --START--
INFO: Run Behavior\BuildLiteBehavior [ RunTime:0.000021s ]
INFO: [ app_init ] --END-- [ RunTime:0.000612s ]

[ 2018-08-29T17:29:13+08:00 ] 127.0.0.1 /pgymall/image/peijian3.jpg
INFO: [ app_init ] --START--
INFO: Run Behavior\BuildLiteBehavior [ RunTime:0.000014s ]
INFO: [ app_init ] --END-- [ RunTime:0.000498s ]

[ 2018-08-29T17:29:13+08:00 ] 127.0.0.1 /pgymall/image/peijian4.jpg
INFO: [ app_init ] --START--
INFO: Run Behavior\BuildLiteBehavior [ RunTime:0.000018s ]
INFO: [ app_init ] --END-- [ RunTime:0.000599s ]

[ 2018-08-29T17:29:13+08:00 ] 127.0.0.1 /pgymall/image/mimobile.jpg
INFO: [ app_init ] --START--
INFO: Run Behavior\BuildLiteBehavior [ RunTime:0.000017s ]
INFO: [ app_init ] --END-- [ RunTime:0.000860s ]

[ 2018-08-29T17:29:13+08:00 ] 127.0.0.1 /pgymall/image/peijian2.jpg
INFO: [ app_init ] --START--
INFO: Run Behavior\BuildLiteBehavior [ RunTime:0.000018s ]
INFO: [ app_init ] --END-- [ RunTime:0.000579s ]

[ 2018-08-29T17:29:13+08:00 ] 127.0.0.1 /pgymall/image/peijian5.jpg
INFO: [ app_init ] --START--
INFO: Run Behavior\BuildLiteBehavior [ RunTime:0.000019s ]
INFO: [ app_init ] --END-- [ RunTime:0.000546s ]

[ 2018-08-29T17:29:13+08:00 ] 127.0.0.1 /pgymall/image/peijian1.jpg
INFO: [ app_init ] --START--
INFO: Run Behavior\BuildLiteBehavior [ RunTime:0.000028s ]
INFO: [ app_init ] --END-- [ RunTime:0.001136s ]

[ 2018-08-29T17:29:13+08:00 ] 127.0.0.1 /pgymall/image/peijian6.png
INFO: [ app_init ] --START--
INFO: Run Behavior\BuildLiteBehavior [ RunTime:0.000020s ]
INFO: [ app_init ] --END-- [ RunTime:0.000600s ]

[ 2018-08-29T17:29:13+08:00 ] 127.0.0.1 /pgymall/image/peijian8.jpg
INFO: [ app_init ] --START--
INFO: Run Behavior\BuildLiteBehavior [ RunTime:0.000019s ]
INFO: [ app_init ] --END-- [ RunTime:0.000586s ]

[ 2018-08-29T17:29:13+08:00 ] 127.0.0.1 /pgymall/image/peijian7.jpg
INFO: [ app_init ] --START--
INFO: Run Behavior\BuildLiteBehavior [ RunTime:0.000019s ]
INFO: [ app_init ] --END-- [ RunTime:0.000594s ]

[ 2018-08-29T17:29:13+08:00 ] 127.0.0.1 /pgymall/image/liulangengduo.png
INFO: [ app_init ] --START--
INFO: Run Behavior\BuildLiteBehavior [ RunTime:0.000015s ]
INFO: [ app_init ] --END-- [ RunTime:0.000588s ]

[ 2018-08-29T17:29:13+08:00 ] 127.0.0.1 /pgymall/image/hongmin4.png
INFO: [ app_init ] --START--
INFO: Run Behavior\BuildLiteBehavior [ RunTime:0.000021s ]
INFO: [ app_init ] --END-- [ RunTime:0.000863s ]

[ 2018-08-29T17:29:13+08:00 ] 127.0.0.1 /pgymall/image/peijian9.jpg
INFO: [ app_init ] --START--
INFO: Run Behavior\BuildLiteBehavior [ RunTime:0.000021s ]
INFO: [ app_init ] --END-- [ RunTime:0.000747s ]

[ 2018-08-29T17:29:15+08:00 ] 127.0.0.1 /pgymall/
INFO: [ app_init ] --START--
INFO: Run Behavior\BuildLiteBehavior [ RunTime:0.000025s ]
INFO: [ app_init ] --END-- [ RunTime:0.001001s ]
INFO: [ app_begin ] --START--
INFO: Run Behavior\ReadHtmlCacheBehavior [ RunTime:0.001693s ]
INFO: [ app_begin ] --END-- [ RunTime:0.001809s ]
INFO: [ view_parse ] --START--
INFO: [ template_filter ] --START--
INFO: Run Behavior\ContentReplaceBehavior [ RunTime:0.000333s ]
INFO: [ template_filter ] --END-- [ RunTime:0.000414s ]
INFO: Run Behavior\ParseTemplateBehavior [ RunTime:0.041423s ]
INFO: [ view_parse ] --END-- [ RunTime:0.041516s ]
INFO: [ view_filter ] --START--
INFO: Run Behavior\WriteHtmlCacheBehavior [ RunTime:0.000816s ]
INFO: [ view_filter ] --END-- [ RunTime:0.000874s ]
INFO: [ app_end ] --START--
INFO: Run Behavior\ShowPageTraceBehavior [ RunTime:0.001404s ]
INFO: [ app_end ] --END-- [ RunTime:0.001528s ]

[ 2018-08-29T17:29:15+08:00 ] 127.0.0.1 /pgymall/image/xm6_80.png
INFO: [ app_init ] --START--
INFO: Run Behavior\BuildLiteBehavior [ RunTime:0.000018s ]
INFO: [ app_init ] --END-- [ RunTime:0.000510s ]

[ 2018-08-29T17:29:15+08:00 ] 127.0.0.1 /pgymall/image/5c_80.png
INFO: [ app_init ] --START--
INFO: Run Behavior\BuildLiteBehavior [ RunTime:0.000017s ]
INFO: [ app_init ] --END-- [ RunTime:0.000566s ]

]

[ 2018-08-29T17:29:15+08:00 ] 127.0.0.1 /pgymall/image/xm5Splus.jpg
INFO: [ app_init ] --START--
INFO: Run Behavior\BuildLiteBehavior [ RunTime:0.000016s ]
INFO: [ app_init ] --END-- [ RunTime:0.000560s ]

[ 2018-08-29T17:29:15+08:00 ] 127.0.0.1 /pgymall/image/hmn4x80.png
INFO: [ app_init ] --START--
INFO: Run Behavior\BuildLiteBehavior [ RunTime:0.000023s ]
INFO: [ app_init ] --END-- [ RunTime:0.000736s ]

[ 2018-08-29T17:29:15+08:00 ] 127.0.0.1 /pgymall/image/hmnote4-80.jpg
INFO: [ app_init ] --START--
INFO: Run Behavior\BuildLiteBehavior [ RunTime:0.000014s ]
INFO: [ app_init ] --END-- [ RunTime:0.000436s ]

[ 2018-08-29T17:29:15+08:00 ] 127.0.0.1 /pgymall/image/hm4x_80.png
INFO: [ app_init ] --START--
INFO: Run Behavior\BuildLiteBehavior [ RunTime:0.000020s ]
INFO: [ app_init ] --END-- [ RunTime:0.000892s ]

[ 2018-08-29T17:29:15+08:00 ] 127.0.0.1 /pgymall/image/hm4-80.jpg
INFO: [ app_init ] --START--
INFO: Run Behavior\BuildLiteBehavior [ RunTime:0.000019s ]
INFO: [ app_init ] --END-- [ RunTime:0.000605s ]

[ 2018-08-29T17:29:15+08:00 ] 127.0.0.1 /pgymall/image/hm4A-80.jpg
INFO: [ app_init ] --START--
INFO: Run Behavior\BuildLiteBehavior [ RunTime:0.000021s ]
INFO: [ app_init ] --END-- [ RunTime:0.000647s ]

[ 2018-08-29T17:29:15+08:00 ] 127.0.0.1 /pgymall/image/compare.jpg
INFO: [ app_init ] --START--
INFO: Run Behavior\BuildLiteBehavior [ RunTime:0.000019s ]
INFO: [ app_init ] --END-- [ RunTime:0.000596s ]

[ 2018-08-29T17:29:15+08:00 ] 127.0.0.1 /pgymall/image/mimobile.jpg
INFO: [ app_init ] --START--
INFO: Run Behavior\BuildLiteBehavior [ RunTime:0.000018s ]
INFO: [ app_init ] --END-- [ RunTime:0.000646s ]

[ 2018-08-29T17:29:15+08:00 ] 127.0.0.1 /pgymall/image/hjh_01.gif
INFO: [ app_init ] --START--
INFO: Run Behavior\BuildLiteBehavior [ RunTime:0.000019s ]
INFO: [ app_init ] --END-- [ RunTime:0.000613s ]

[ 2018-08-29T17:29:15+08:00 ] 127.0.0.1 /pgymall/image/hjh_02.gif
INFO: [ app_init ] --START--
INFO: Run Behavior\BuildLiteBehavior [ RunTime:0.000024s ]
INFO: [ app_init ] --END-- [ RunTime:0.000539s ]

[ 2018-08-29T17:29:15+08:00 ] 127.0.0.1 /pgymall/image/hjh_03.gif
INFO: [ app_init ] --START--
INFO: Run Behavior\BuildLiteBehavior [ RunTime:0.000019s ]
INFO: [ app_init ] --END-- [ RunTime:0.000603s ]

[ 2018-08-29T17:29:15+08:00 ] 127.0.0.1 /pgymall/image/hjh_04.gif
INFO: [ app_init ] --START--
INFO: Run Behavior\BuildLiteBehavior [ RunTime:0.000023s ]
INFO: [ app_init ] --END-- [ RunTime:0.000624s ]

[ 2018-08-29T17:29:15+08:00 ] 127.0.0.1 /pgymall/image/hjh_05.gif
INFO: [ app_init ] --START--
INFO: Run Behavior\BuildLiteBehavior [ RunTime:0.000019s ]
INFO: [ app_init ] --END-- [ RunTime:0.000600s ]

[ 2018-08-29T17:29:15+08:00 ] 127.0.0.1 /pgymall/image/hongmi4x.png
INFO: [ app_init ] --START--
INFO: Run Behavior\BuildLiteBehavior [ RunTime:0.000024s ]
INFO: [ app_init ] --END-- [ RunTime:0.000631s ]

[ 2018-08-29T17:29:15+08:00 ] 127.0.0.1 /pgymall/image/hjh_06.gif
INFO: [ app_init ] --START--
INFO: Run Behavior\BuildLiteBehavior [ RunTime:0.000023s ]
INFO: [ app_init ] --END-- [ RunTime:0.000811s ]

[ 2018-08-29T17:29:15+08:00 ] 127.0.0.1 /pgymall/image/xiaomi5.jpg
INFO: [ app_init ] --START--
INFO: Run Behavior\BuildLiteBehavior [ RunTime:0.000019s ]
INFO: [ app_init ] --END-- [ RunTime:0.000610s ]

[ 2018-08-29T17:29:15+08:00 ] 127.0.0.1 /pgymall/image/pinghengche.jpg
INFO: [ app_init ] --START--
INFO: Run Behavior\BuildLiteBehavior [ RunTime:0.000015s ]
INFO: [ app_init ] --END-- [ RunTime:0.000546s ]

[ 2018-08-29T17:29:15+08:00 ] 127.0.0.1 /pgymall/image/pinpai1.png
INFO: [ app_init ] --START--
INFO: Run Behavior\BuildLiteBehavior [ RunTime:0.000020s ]
INFO: [ app_init ] --END-- [ RunTime:0.000725s ]

[ 2018-08-29T17:29:15+08:00 ] 127.0.0.1 /pgymall/image/pinpai2.png
INFO: [ app_init ] --START--
INFO: Run Behavior\BuildLiteBehavior [ RunTime:0.000065s ]
INFO: [ app_init ] --END-- [ RunTime:0.000842s ]

[ 2018-08-29T17:29:15+08:00 ] 127.0.0.1 /pgymall/image/pinpai3.png
INFO: [ app_init ] --START--
INFO: Run Behavior\BuildLiteBehavior [ RunTime:0.000020s ]
INFO: [ app_init ] --END-- [ RunTime:0.000598s ]

[ 2018-08-29T17:29:15+08:00 ] 127.0.0.1 /pgymall/image/pinpai4.png
INFO: [ app_init ] --START--
INFO: Run Behavior\BuildLiteBehavior [ RunTime:0.000019s ]
INFO: [ app_init ] --END-- [ RunTime:0.000750s ]

[ 2018-08-29T17:29:15+08:00 ] 127.0.0.1 /pgymall/image/pinpai5.png
INFO: [ app_init ] --START--
INFO: Run Behavior\BuildLiteBehavior [ RunTime:0.000018s ]
INFO: [ app_init ] --END-- [ RunTime:0.000609s ]

[ 2018-08-29T17:29:15+08:00 ] 127.0.0.1 /pgymall/Public/assets/image/banner2.jpg
INFO: [ app_init ] --START--
INFO: Run Behavior\BuildLiteBehavior [ RunTime:0.000019s ]
INFO: [ app_init ] --END-- [ RunTime:0.000608s ]

[ 2018-08-29T17:29:15+08:00 ] 127.0.0.1 /pgymall/image/peijian1.jpg
INFO: [ app_init ] --START--
INFO: Run Behavior\BuildLiteBehavior [ RunTime:0.000018s ]
INFO: [ app_init ] --END-- [ RunTime:0.000623s ]

[ 2018-08-29T17:29:15+08:00 ] 127.0.0.1 /pgymall/Public/assets/image/logo_top.png
INFO: [ app_init ] --START--
INFO: Run Behavior\BuildLiteBehavior [ RunTime:0.000017s ]
INFO: [ app_init ] --END-- [ RunTime:0.000575s ]

[ 2018-08-29T17:29:15+08:00 ] 127.0.0.1 /pgymall/image/peijian2.jpg
INFO: [ app_init ] --START--
INFO: Run Behavior\BuildLiteBehavior [ RunTime:0.000020s ]
INFO: [ app_init ] --END-- [ RunTime:0.000596s ]

[ 2018-08-29T17:29:15+08:00 ] 127.0.0.1 /pgymall/image/peijian4.jpg
INFO: [ app_init ] --START--
INFO: Run Behavior\BuildLiteBehavior [ RunTime:0.000018s ]
INFO: [ app_init ] --END-- [ RunTime:0.000579s ]

[ 2018-08-29T17:29:15+08:00 ] 127.0.0.1 /pgymall/image/peijian5.jpg
INFO: [ app_init ] --START--
INFO: Run Behavior\BuildLiteBehavior [ RunTime:0.000018s ]
INFO: [ app_init ] --END-- [ RunTime:0.000593s ]

[ 2018-08-29T17:29:15+08:00 ] 127.0.0.1 /pgymall/image/peijian3.jpg
INFO: [ app_init ] --START--
INFO: Run Behavior\BuildLiteBehavior [ RunTime:0.000022s ]
INFO: [ app_init ] --END-- [ RunTime:0.000932s ]

[ 2018-08-29T17:29:15+08:00 ] 127.0.0.1 /pgymall/image/peijian8.jpg
INFO: [ app_init ] --START--
INFO: Run Behavior\BuildLiteBehavior [ RunTime:0.000020s ]
INFO: [ app_init ] --END-- [ RunTime:0.000598s ]

[ 2018-08-29T17:29:15+08:00 ] 127.0.0.1 /pgymall/image/peijian7.jpg
INFO: [ app_init ] --START--
INFO: Run Behavior\BuildLiteBehavior [ RunTime:0.000020s ]
INFO: [ app_init ] --END-- [ RunTime:0.003008s ]

[ 2018-08-29T17:29:15+08:00 ] 127.0.0.1 /pgymall/image/peijian6.png
INFO: [ app_init ] --START--
INFO: Run Behavior\BuildLiteBehavior [ RunTime:0.000020s ]
INFO: [ app_init ] --END-- [ RunTime:0.000628s ]

[ 2018-08-29T17:29:15+08:00 ] 127.0.0.1 /pgymall/image/peijian9.jpg
INFO: [ app_init ] --START--
INFO: Run Behavior\BuildLiteBehavior [ RunTime:0.000020s ]
INFO: [ app_init ] --END-- [ RunTime:0.001130s ]

[ 2018-08-29T17:29:15+08:00 ] 127.0.0.1 /pgymall/image/hongmin4.png
INFO: [ app_init ] --START--
INFO: Run Behavior\BuildLiteBehavior [ RunTime:0.000021s ]
INFO: [ app_init ] --END-- [ RunTime:0.001100s ]

[ 2018-08-29T17:29:15+08:00 ] 127.0.0.1 /pgymall/image/liulangengduo.png
INFO: [ app_init ] --START--
INFO: Run Behavior\BuildLiteBehavior [ RunTime:0.000020s ]
INFO: [ app_init ] --END-- [ RunTime:0.000923s ]

[ 2018-08-29T17:29:44+08:00 ] 127.0.0.1 /pgymall/
INFO: [ app_init ] --START--
INFO: Run Behavior\BuildLiteBehavior [ RunTime:0.000024s ]
INFO: [ app_init ] --END-- [ RunTime:0.000976s ]
INFO: [ app_begin ] --START--
INFO: Run Behavior\ReadHtmlCacheBehavior [ RunTime:0.001739s ]
INFO: [ app_begin ] --END-- [ RunTime:0.001855s ]
INFO: [ view_parse ] --START--
INFO: [ template_filter ] --START--
INFO: Run Behavior\ContentReplaceBehavior [ RunTime:0.000332s ]
INFO: [ template_filter ] --END-- [ RunTime:0.000407s ]
INFO: Run Behavior\ParseTemplateBehavior [ RunTime:0.029468s ]
INFO: [ view_parse ] --END-- [ RunTime:0.029536s ]
INFO: [ view_filter ] --START--
INFO: Run Behavior\WriteHtmlCacheBehavior [ RunTime:0.000615s ]
INFO: [ view_filter ] --END-- [ RunTime:0.000661s ]
INFO: [ app_end ] --START--
INFO: Run Behavior\ShowPageTraceBehavior [ RunTime:0.000943s ]
INFO: [ app_end ] --END-- [ RunTime:0.001021s ]

[ 2018-08-29T17:29:44+08:00 ] 127.0.0.1 /pgymall/image/xm6_80.png
INFO: [ app_init ] --START--
INFO: Run Behavior\BuildLiteBehavior [ RunTime:0.000021s ]
INFO: [ app_init ] --END-- [ RunTime:0.000571s ]

[ 2018-08-29T17:29:44+08:00 ] 127.0.0.1 /pgymall/image/5c_80.png
INFO: [ app_init ] --START--
INFO: Run Behavior\BuildLiteBehavior [ RunTime:0.000022s ]
INFO: [ app_init ] --END-- [ RunTime:0.000600s ]

[ 2018-08-29T17:29:44+08:00 ] 127.0.0.1 /pgymall/image/hjh_03.gif
INFO: [ app_init ] --START--
INFO: Run Behavior\BuildLiteBehavior [ RunTime:0.000015s ]
INFO: [ app_init ] --END-- [ RunTime:0.000567s ]

[ 2018-08-29T17:29:44+08:00 ] 127.0.0.1 /pgymall/Public/assets/image/banner2.jpg
INFO: [ app_init ] --START--
INFO: Run Behavior\BuildLiteBehavior [ RunTime:0.000014s ]
INFO: [ app_init ] --END-- [ RunTime:0.000473s ]

[ 2018-08-29T17:29:44+08:00 ] 127.0.0.1 /pgymall/image/xiaomi5.jpg
INFO: [ app_init ] --START--
INFO: Run Behavior\BuildLiteBehavior [ RunTime:0.000016s ]
INFO: [ app_init ] --END-- [ RunTime:0.000680s ]

[ 2018-08-29T17:29:44+08:00 ] 127.0.0.1 /pgymall/image/hongmi4x.png
INFO: [ app_init ] --START--
INFO: Run Behavior\BuildLiteBehavior [ RunTime:0.000012s ]
INFO: [ app_init ] --END-- [ RunTime:0.000431s ]

[ 2018-08-29T17:29:44+08:00 ] 127.0.0.1 /pgymall/image/pinghengche.jpg
INFO: [ app_init ] --START--
INFO: Run Behavior\BuildLiteBehavior [ RunTime:0.000015s ]
INFO: [ app_init ] --END-- [ RunTime:0.000501s ]

[ 2018-08-29T17:29:44+08:00 ] 127.0.0.1 /pgymall/image/pinpai5.png
INFO: [ app_init ] --START--
INFO: Run Behavior\BuildLiteBehavior [ RunTime:0.000013s ]
INFO: [ app_init ] --END-- [ RunTime:0.000455s ]

[ 2018-08-29T17:29:44+08:00 ] 127.0.0.1 /pgymall/image/pinpai2.png
INFO: [ app_init ] --START--
INFO: Run Behavior\BuildLiteBehavior [ RunTime:0.000024s ]
INFO: [ app_init ] --END-- [ RunTime:0.000740s ]

[ 2018-08-29T17:29:44+08:00 ] 127.0.0.1 /pgymall/image/pinpai1.png
INFO: [ app_init ] --START--
INFO: Run Behavior\BuildLiteBehavior [ RunTime:0.000016s ]
INFO: [ app_init ] --END-- [ RunTime:0.000568s ]

[ 2018-08-29T17:29:44+08:00 ] 127.0.0.1 /pgymall/image/pinpai4.png
INFO: [ app_init ] --START--
INFO: Run Behavior\BuildLiteBehavior [ RunTime:0.000022s ]
INFO: [ app_init ] --END-- [ RunTime:0.000498s ]

[ 2018-08-29T17:29:44+08:00 ] 127.0.0.1 /pgymall/image/pinpai3.png
INFO: [ app_init ] --START--
INFO: Run Behavior\BuildLiteBehavior [ RunTime:0.000016s ]
INFO: [ app_init ] --END-- [ RunTime:0.000555s ]

[ 2018-08-29T17:29:44+08:00 ] 127.0.0.1 /pgymall/image/hjh_06.gif
INFO: [ app_init ] --START--
INFO: Run Behavior\BuildLiteBehavior [ RunTime:0.000015s ]
INFO: [ app_init ] --END-- [ RunTime:0.000452s ]

[ 2018-08-29T17:29:44+08:00 ] 127.0.0.1 /pgymall/image/hjh_01.gif
INFO: [ app_init ] --START--
INFO: Run Behavior\BuildLiteBehavior [ RunTime:0.000013s ]
INFO: [ app_init ] --END-- [ RunTime:0.000416s ]

[ 2018-08-29T17:29:44+08:00 ] 127.0.0.1 /pgymall/image/hjh_05.gif
INFO: [ app_init ] --START--
INFO: Run Behavior\BuildLiteBehavior [ RunTime:0.000014s ]
INFO: [ app_init ] --END-- [ RunTime:0.000467s ]

[ 2018-08-29T17:29:44+08:00 ] 127.0.0.1 /pgymall/image/hjh_04.gif
INFO: [ app_init ] --START--
INFO: Run Behavior\BuildLiteBehavior [ RunTime:0.000020s ]
INFO: [ app_init ] --END-- [ RunTime:0.000562s ]

[ 2018-08-29T17:29:44+08:00 ] 127.0.0.1 /pgymall/image/hjh_02.gif
INFO: [ app_init ] --START--
INFO: Run Behavior\BuildLiteBehavior [ RunTime:0.000014s ]
INFO: [ app_init ] --END-- [ RunTime:0.000435s ]

[ 2018-08-29T17:29:44+08:00 ] 127.0.0.1 /pgymall/image/xmNOTE2-80.jpg
INFO: [ app_init ] --START--
INFO: Run Behavior\BuildLiteBehavior [ RunTime:0.000012s ]
INFO: [ app_init ] --END-- [ RunTime:0.000398s ]

[ 2018-08-29T17:29:44+08:00 ] 127.0.0.1 /pgymall/image/MIX-80.jpg
INFO: [ app_init ] --START--
INFO: Run Behavior\BuildLiteBehavior [ RunTime:0.000015s ]
INFO: [ app_init ] --END-- [ RunTime:0.000498s ]

[ 2018-08-29T17:29:44+08:00 ] 127.0.0.1 /pgymall/image/xm5Splus.jpg
INFO: [ app_init ] --START--
INFO: Run Behavior\BuildLiteBehavior [ RunTime:0.000013s ]
INFO: [ app_init ] --END-- [ RunTime:0.000396s ]

[ 2018-08-29T17:29:44+08:00 ] 127.0.0.1 /pgymall/image/xm5-80.jpg
INFO: [ app_init ] --START--
INFO: Run Behavior\BuildLiteBehavior [ RunTime:0.000021s ]
INFO: [ app_init ] --END-- [ RunTime:0.000484s ]

[ 2018-08-29T17:29:44+08:00 ] 127.0.0.1 /pgymall/image/hmn4x80.png
INFO: [ app_init ] --START--
INFO: Run Behavior\BuildLiteBehavior [ RunTime:0.000022s ]
INFO: [ app_init ] --END-- [ RunTime:0.000671s ]

[ 2018-08-29T17:29:44+08:00 ] 127.0.0.1 /pgymall/image/hmnote4-80.jpg
INFO: [ app_init ] --START--
INFO: Run Behavior\BuildLiteBehavior [ RunTime:0.000021s ]
INFO: [ app_init ] --END-- [ RunTime:0.000652s ]

[ 2018-08-29T17:29:44+08:00 ] 127.0.0.1 /pgymall/image/hm4x_80.png
INFO: [ app_init ] --START--
INFO: Run Behavior\BuildLiteBehavior [ RunTime:0.000019s ]
INFO: [ app_init ] --END-- [ RunTime:0.000666s ]

[ 2018-08-29T17:29:44+08:00 ] 127.0.0.1 /pgymall/image/hm4-80.jpg
INFO: [ app_init ] --START--
INFO: Run Behavior\BuildLiteBehavior [ RunTime:0.000017s ]
INFO: [ app_init ] --END-- [ RunTime:0.000670s ]

[ 2018-08-29T17:29:44+08:00 ] 127.0.0.1 /pgymall/image/hm4A-80.jpg
INFO: [ app_init ] --START--
INFO: Run Behavior\BuildLiteBehavior [ RunTime:0.000021s ]
INFO: [ app_init ] --END-- [ RunTime:0.000664s ]

[ 2018-08-29T17:29:44+08:00 ] 127.0.0.1 /pgymall/image/mimobile.jpg
INFO: [ app_init ] --START--
INFO: Run Behavior\BuildLiteBehavior [ RunTime:0.000018s ]
INFO: [ app_init ] --END-- [ RunTime:0.000597s ]

[ 2018-08-29T17:29:44+08:00 ] 127.0.0.1 /pgymall/image/compare.jpg
INFO: [ app_init ] --START--
INFO: Run Behavior\BuildLiteBehavior [ RunTime:0.000024s ]
INFO: [ app_init ] --END-- [ RunTime:0.000800s ]

[ 2018-08-29T17:29:44+08:00 ] 127.0.0.1 /pgymall/image/peijian1.jpg
INFO: [ app_init ] --START--
INFO: Run Behavior\BuildLiteBehavior [ RunTime:0.000019s ]
INFO: [ app_init ] --END-- [ RunTime:0.000649s ]

[ 2018-08-29T17:29:44+08:00 ] 127.0.0.1 /pgymall/image/peijian2.jpg
INFO: [ app_init ] --START--
INFO: Run Behavior\BuildLiteBehavior [ RunTime:0.000019s ]
INFO: [ app_init ] --END-- [ RunTime:0.000624s ]

[ 2018-08-29T17:29:44+08:00 ] 127.0.0.1 /pgymall/image/peijian3.jpg
INFO: [ app_init ] --START--
INFO: Run Behavior\BuildLiteBehavior [ RunTime:0.000019s ]
INFO: [ app_init ] --END-- [ RunTime:0.000597s ]

[ 2018-08-29T17:29:44+08:00 ] 127.0.0.1 /pgymall/image/peijian6.png
INFO: [ app_init ] --START--
INFO: Run Behavior\BuildLiteBehavior [ RunTime:0.000020s ]
INFO: [ app_init ] --END-- [ RunTime:0.000587s ]

[ 2018-08-29T17:29:44+08:00 ] 127.0.0.1 /pgymall/image/peijian5.jpg
INFO: [ app_init ] --START--
INFO: Run Behavior\BuildLiteBehavior [ RunTime:0.000020s ]
INFO: [ app_init ] --END-- [ RunTime:0.000608s ]

[ 2018-08-29T17:29:44+08:00 ] 127.0.0.1 /pgymall/image/peijian4.jpg
INFO: [ app_init ] --START--
INFO: Run Behavior\BuildLiteBehavior [ RunTime:0.000024s ]
INFO: [ app_init ] --END-- [ RunTime:0.004288s ]

[ 2018-08-29T17:29:44+08:00 ] 127.0.0.1 /pgymall/image/peijian7.jpg
INFO: [ app_init ] --START--
INFO: Run Behavior\BuildLiteBehavior [ RunTime:0.000019s ]
INFO: [ app_init ] --END-- [ RunTime:0.000492s ]

[ 2018-08-29T17:29:44+08:00 ] 127.0.0.1 /pgymall/image/peijian8.jpg
INFO: [ app_init ] --START--
INFO: Run Behavior\BuildLiteBehavior [ RunTime:0.000013s ]
INFO: [ app_init ] --END-- [ RunTime:0.000420s ]

[ 2018-08-29T17:29:44+08:00 ] 127.0.0.1 /pgymall/image/peijian9.jpg
INFO: [ app_init ] --START--
INFO: Run Behavior\BuildLiteBehavior [ RunTime:0.000038s ]
INFO: [ app_init ] --END-- [ RunTime:0.000637s ]

[ 2018-08-29T17:29:44+08:00 ] 127.0.0.1 /pgymall/image/hongmin4.png
INFO: [ app_init ] --START--
INFO: Run Behavior\BuildLiteBehavior [ RunTime:0.000013s ]
INFO: [ app_init ] --END-- [ RunTime:0.000464s ]

[ 2018-08-29T17:29:44+08:00 ] 127.0.0.1 /pgymall/image/liulangengduo.png
INFO: [ app_init ] --START--
INFO: Run Behavior\BuildLiteBehavior [ RunTime:0.000018s ]
INFO: [ app_init ] --END-- [ RunTime:0.000497s ]

[ 2018-08-29T17:30:57+08:00 ] 127.0.0.1 /pgymall/
INFO: [ app_init ] --START--
INFO: Run Behavior\BuildLiteBehavior [ RunTime:0.000025s ]
INFO: [ app_init ] --END-- [ RunTime:0.000857s ]
INFO: [ app_begin ] --START--
INFO: Run Behavior\ReadHtmlCacheBehavior [ RunTime:0.001634s ]
INFO: [ app_begin ] --END-- [ RunTime:0.001763s ]
INFO: [ view_parse ] --START--
INFO: [ template_filter ] --START--
INFO: Run Behavior\ContentReplaceBehavior [ RunTime:0.000528s ]
INFO: [ template_filter ] --END-- [ RunTime:0.000646s ]
INFO: Run Behavior\ParseTemplateBehavior [ RunTime:0.047179s ]
INFO: [ view_parse ] --END-- [ RunTime:0.047300s ]
INFO: [ view_filter ] --START--
INFO: Run Behavior\WriteHtmlCacheBehavior [ RunTime:0.001153s ]
INFO: [ view_filter ] --END-- [ RunTime:0.001251s ]
INFO: [ app_end ] --START--
INFO: Run Behavior\ShowPageTraceBehavior [ RunTime:0.002204s ]
INFO: [ app_end ] --END-- [ RunTime:0.002358s ]

[ 2018-08-29T17:30:57+08:00 ] 127.0.0.1 /pgymall/image/xm6_80.png
INFO: [ app_init ] --START--
INFO: Run Behavior\BuildLiteBehavior [ RunTime:0.000016s ]
INFO: [ app_init ] --END-- [ RunTime:0.000508s ]

[ 2018-08-29T17:30:57+08:00 ] 127.0.0.1 /pgymall/image/5c_80.png
INFO: [ app_init ] --START--
INFO: Run Behavior\BuildLiteBehavior [ RunTime:0.000014s ]
INFO: [ app_init ] --END-- [ RunTime:0.000411s ]

[ 2018-08-29T17:30:57+08:00 ] 127.0.0.1 /pgymall/image/xmNOTE2-80.jpg
INFO: [ app_init ] --START--
INFO: Run Behavior\BuildLiteBehavior [ RunTime:0.000015s ]
INFO: [ app_init ] --END-- [ RunTime:0.000444s ]

[ 2018-08-29T17:30:58+08:00 ] 127.0.0.1 /pgymall/image/MIX-80.jpg
INFO: [ app_init ] --START--
INFO: Run Behavior\BuildLiteBehavior [ RunTime:0.000022s ]
INFO: [ app_init ] --END-- [ RunTime:0.000620s ]

[ 2018-08-29T17:30:58+08:00 ] 127.0.0.1 /pgymall/image/hjh_03.gif
INFO: [ app_init ] --START--
INFO: Run Behavior\BuildLiteBehavior [ RunTime:0.000014s ]
INFO: [ app_init ] --END-- [ RunTime:0.000405s ]

[ 2018-08-29T17:30:58+08:00 ] 127.0.0.1 /pgymall/Public/assets/image/banner2.jpg
INFO: [ app_init ] --START--
INFO: Run Behavior\BuildLiteBehavior [ RunTime:0.000019s ]
INFO: [ app_init ] --END-- [ RunTime:0.000440s ]

[ 2018-08-29T17:30:58+08:00 ] 127.0.0.1 /pgymall/image/xiaomi5.jpg
INFO: [ app_init ] --START--
INFO: Run Behavior\BuildLiteBehavior [ RunTime:0.000015s ]
INFO: [ app_init ] --END-- [ RunTime:0.000404s ]

[ 2018-08-29T17:30:58+08:00 ] 127.0.0.1 /pgymall/image/hongmi4x.png
INFO: [ app_init ] --START--
INFO: Run Behavior\BuildLiteBehavior [ RunTime:0.000021s ]
INFO: [ app_init ] --END-- [ RunTime:0.000768s ]

[ 2018-08-29T17:30:58+08:00 ] 127.0.0.1 /pgymall/image/pinghengche.jpg
INFO: [ app_init ] --START--
INFO: Run Behavior\BuildLiteBehavior [ RunTime:0.000020s ]
INFO: [ app_init ] --END-- [ RunTime:0.000480s ]

[ 2018-08-29T17:30:58+08:00 ] 127.0.0.1 /pgymall/image/pinpai5.png
INFO: [ app_init ] --START--
INFO: Run Behavior\BuildLiteBehavior [ RunTime:0.000013s ]
INFO: [ app_init ] --END-- [ RunTime:0.000427s ]

[ 2018-08-29T17:30:58+08:00 ] 127.0.0.1 /pgymall/image/pinpai2.png
INFO: [ app_init ] --START--
INFO: Run Behavior\BuildLiteBehavior [ RunTime:0.000019s ]
INFO: [ app_init ] --END-- [ RunTime:0.000493s ]

[ 2018-08-29T17:30:58+08:00 ] 127.0.0.1 /pgymall/image/pinpai1.png
INFO: [ app_init ] --START--
INFO: Run Behavior\BuildLiteBehavior [ RunTime:0.000014s ]
INFO: [ app_init ] --END-- [ RunTime:0.000409s ]

[ 2018-08-29T17:30:58+08:00 ] 127.0.0.1 /pgymall/image/pinpai4.png
INFO: [ app_init ] --START--
INFO: Run Behavior\BuildLiteBehavior [ RunTime:0.000012s ]
INFO: [ app_init ] --END-- [ RunTime:0.000397s ]

[ 2018-08-29T17:30:58+08:00 ] 127.0.0.1 /pgymall/image/pinpai3.png
INFO: [ app_init ] --START--
INFO: Run Behavior\BuildLiteBehavior [ RunTime:0.000014s ]
INFO: [ app_init ] --END-- [ RunTime:0.000417s ]

[ 2018-08-29T17:30:58+08:00 ] 127.0.0.1 /pgymall/image/hjh_06.gif
INFO: [ app_init ] --START--
INFO: Run Behavior\BuildLiteBehavior [ RunTime:0.000014s ]
INFO: [ app_init ] --END-- [ RunTime:0.000398s ]

[ 2018-08-29T17:30:58+08:00 ] 127.0.0.1 /pgymall/image/hjh_01.gif
INFO: [ app_init ] --START--
INFO: Run Behavior\BuildLiteBehavior [ RunTime:0.000014s ]
INFO: [ app_init ] --END-- [ RunTime:0.000565s ]

[ 2018-08-29T17:30:58+08:00 ] 127.0.0.1 /pgymall/image/hjh_05.gif
INFO: [ app_init ] --START--
INFO: Run Behavior\BuildLiteBehavior [ RunTime:0.000014s ]
INFO: [ app_init ] --END-- [ RunTime:0.000423s ]

[ 2018-08-29T17:30:58+08:00 ] 127.0.0.1 /pgymall/image/hjh_04.gif
INFO: [ app_init ] --START--
INFO: Run Behavior\BuildLiteBehavior [ RunTime:0.000012s ]
INFO: [ app_init ] --END-- [ RunTime:0.000414s ]

[ 2018-08-29T17:30:58+08:00 ] 127.0.0.1 /pgymall/image/hjh_02.gif
INFO: [ app_init ] --START--
INFO: Run Behavior\BuildLiteBehavior [ RunTime:0.000013s ]
INFO: [ app_init ] --END-- [ RunTime:0.000390s ]

[ 2018-08-29T17:30:58+08:00 ] 127.0.0.1 /pgymall/image/xm5Splus.jpg
INFO: [ app_init ] --START--
INFO: Run Behavior\BuildLiteBehavior [ RunTime:0.000020s ]
INFO: [ app_init ] --END-- [ RunTime:0.000585s ]

[ 2018-08-29T17:30:58+08:00 ] 127.0.0.1 /pgymall/image/xm5-80.jpg
INFO: [ app_init ] --START--
INFO: Run Behavior\BuildLiteBehavior [ RunTime:0.000015s ]
INFO: [ app_init ] --END-- [ RunTime:0.000424s ]

[ 2018-08-29T17:30:58+08:00 ] 127.0.0.1 /pgymall/image/hmn4x80.png
INFO: [ app_init ] --START--
INFO: Run Behavior\BuildLiteBehavior [ RunTime:0.000012s ]
INFO: [ app_init ] --END-- [ RunTime:0.000403s ]

[ 2018-08-29T17:30:58+08:00 ] 127.0.0.1 /pgymall/image/hmnote4-80.jpg
INFO: [ app_init ] --START--
INFO: Run Behavior\BuildLiteBehavior [ RunTime:0.000017s ]
INFO: [ app_init ] --END-- [ RunTime:0.000496s ]

[ 2018-08-29T17:30:58+08:00 ] 127.0.0.1 /pgymall/image/hm4x_80.png
INFO: [ app_init ] --START--
INFO: Run Behavior\BuildLiteBehavior [ RunTime:0.000013s ]
INFO: [ app_init ] --END-- [ RunTime:0.000549s ]

[ 2018-08-29T17:30:58+08:00 ] 127.0.0.1 /pgymall/image/hm4-80.jpg
INFO: [ app_init ] --START--
INFO: Run Behavior\BuildLiteBehavior [ RunTime:0.000017s ]
INFO: [ app_init ] --END-- [ RunTime:0.000485s ]

[ 2018-08-29T17:30:58+08:00 ] 127.0.0.1 /pgymall/image/hm4A-80.jpg
INFO: [ app_init ] --START--
INFO: Run Behavior\BuildLiteBehavior [ RunTime:0.000021s ]
INFO: [ app_init ] --END-- [ RunTime:0.000642s ]

[ 2018-08-29T17:30:58+08:00 ] 127.0.0.1 /pgymall/image/compare.jpg
INFO: [ app_init ] --START--
INFO: Run Behavior\BuildLiteBehavior [ RunTime:0.000021s ]
INFO: [ app_init ] --END-- [ RunTime:0.000584s ]

[ 2018-08-29T17:30:58+08:00 ] 127.0.0.1 /pgymall/image/mimobile.jpg
INFO: [ app_init ] --START--
INFO: Run Behavior\BuildLiteBehavior [ RunTime:0.000021s ]
INFO: [ app_init ] --END-- [ RunTime:0.000626s ]

[ 2018-08-29T17:30:58+08:00 ] 127.0.0.1 /pgymall/image/peijian1.jpg
INFO: [ app_init ] --START--
INFO: Run Behavior\BuildLiteBehavior [ RunTime:0.000018s ]
INFO: [ app_init ] --END-- [ RunTime:0.000668s ]

[ 2018-08-29T17:30:58+08:00 ] 127.0.0.1 /pgymall/image/peijian2.jpg
INFO: [ app_init ] --START--
INFO: Run Behavior\BuildLiteBehavior [ RunTime:0.000019s ]
INFO: [ app_init ] --END-- [ RunTime:0.000583s ]

[ 2018-08-29T17:30:58+08:00 ] 127.0.0.1 /pgymall/image/peijian3.jpg
INFO: [ app_init ] --START--
INFO: Run Behavior\BuildLiteBehavior [ RunTime:0.000021s ]
INFO: [ app_init ] --END-- [ RunTime:0.000617s ]

[ 2018-08-29T17:30:58+08:00 ] 127.0.0.1 /pgymall/image/peijian4.jpg
INFO: [ app_init ] --START--
INFO: Run Behavior\BuildLiteBehavior [ RunTime:0.000020s ]
INFO: [ app_init ] --END-- [ RunTime:0.000589s ]

[ 2018-08-29T17:30:58+08:00 ] 127.0.0.1 /pgymall/image/peijian5.jpg
INFO: [ app_init ] --START--
INFO: Run Behavior\BuildLiteBehavior [ RunTime:0.000019s ]
INFO: [ app_init ] --END-- [ RunTime:0.000660s ]

[ 2018-08-29T17:30:58+08:00 ] 127.0.0.1 /pgymall/image/peijian8.jpg
INFO: [ app_init ] --START--
INFO: Run Behavior\BuildLiteBehavior [ RunTime:0.000019s ]
INFO: [ app_init ] --END-- [ RunTime:0.000676s ]

[ 2018-08-29T17:30:58+08:00 ] 127.0.0.1 /pgymall/image/peijian7.jpg
INFO: [ app_init ] --START--
INFO: Run Behavior\BuildLiteBehavior [ RunTime:0.000017s ]
INFO: [ app_init ] --END-- [ RunTime:0.000564s ]

[ 2018-08-29T17:30:58+08:00 ] 127.0.0.1 /pgymall/image/peijian6.png
INFO: [ app_init ] --START--
INFO: Run Behavior\BuildLiteBehavior [ RunTime:0.000018s ]
INFO: [ app_init ] --END-- [ RunTime:0.000648s ]

[ 2018-08-29T17:30:58+08:00 ] 127.0.0.1 /pgymall/image/peijian9.jpg
INFO: [ app_init ] --START--
INFO: Run Behavior\BuildLiteBehavior [ RunTime:0.000021s ]
INFO: [ app_init ] --END-- [ RunTime:0.000652s ]

[ 2018-08-29T17:30:58+08:00 ] 127.0.0.1 /pgymall/image/hongmin4.png
INFO: [ app_init ] --START--
INFO: Run Behavior\BuildLiteBehavior [ RunTime:0.000019s ]
INFO: [ app_init ] --END-- [ RunTime:0.000618s ]

[ 2018-08-29T17:30:58+08:00 ] 127.0.0.1 /pgymall/image/liulangengduo.png
INFO: [ app_init ] --START--
INFO: Run Behavior\BuildLiteBehavior [ RunTime:0.000034s ]
INFO: [ app_init ] --END-- [ RunTime:0.000625s ]

[ 2018-08-29T17:30:59+08:00 ] 127.0.0.1 /pgymall/
INFO: [ app_init ] --START--
INFO: Run Behavior\BuildLiteBehavior [ RunTime:0.000026s ]
INFO: [ app_init ] --END-- [ RunTime:0.000904s ]
INFO: [ app_begin ] --START--
INFO: Run Behavior\ReadHtmlCacheBehavior [ RunTime:0.001075s ]
INFO: [ app_begin ] --END-- [ RunTime:0.001159s ]
INFO: [ view_parse ] --START--
INFO: [ template_filter ] --START--
INFO: Run Behavior\ContentReplaceBehavior [ RunTime:0.000284s ]
INFO: [ template_filter ] --END-- [ RunTime:0.000352s ]
INFO: Run Behavior\ParseTemplateBehavior [ RunTime:0.023891s ]
INFO: [ view_parse ] --END-- [ RunTime:0.023956s ]
INFO: [ view_filter ] --START--
INFO: Run Behavior\WriteHtmlCacheBehavior [ RunTime:0.000560s ]
INFO: [ view_filter ] --END-- [ RunTime:0.000610s ]
INFO: [ app_end ] --START--
INFO: Run Behavior\ShowPageTraceBehavior [ RunTime:0.000835s ]
INFO: [ app_end ] --END-- [ RunTime:0.000949s ]

[ 2018-08-29T17:30:59+08:00 ] 127.0.0.1 /pgymall/image/xm6_80.png
INFO: [ app_init ] --START--
INFO: Run Behavior\BuildLiteBehavior [ RunTime:0.000014s ]
INFO: [ app_init ] --END-- [ RunTime:0.000417s ]

[ 2018-08-29T17:30:59+08:00 ] 127.0.0.1 /pgymall/image/xmNOTE2-80.jpg
INFO: [ app_init ] --START--
INFO: Run Behavior\BuildLiteBehavior [ RunTime:0.000021s ]
INFO: [ app_init ] --END-- [ RunTime:0.000671s ]

[ 2018-08-29T17:30:59+08:00 ] 127.0.0.1 /pgymall/image/MIX-80.jpg
INFO: [ app_init ] --START--
INFO: Run Behavior\BuildLiteBehavior [ RunTime:0.000020s ]
INFO: [ app_init ] --END-- [ RunTime:0.000594s ]

[ 2018-08-29T17:30:59+08:00 ] 127.0.0.1 /pgymall/image/xm5-80.jpg
INFO: [ app_init ] --START--
INFO: Run Behavior\BuildLiteBehavior [ RunTime:0.000022s ]
INFO: [ app_init ] --END-- [ RunTime:0.000587s ]

[ 2018-08-29T17:30:59+08:00 ] 127.0.0.1 /pgymall/image/hmn4x80.png
INFO: [ app_init ] --START--
INFO: Run Behavior\BuildLiteBehavior [ RunTime:0.000019s ]
INFO: [ app_init ] --END-- [ RunTime:0.000671s ]

[ 2018-08-29T17:30:59+08:00 ] 127.0.0.1 /pgymall/image/xm5Splus.jpg
INFO: [ app_init ] --START--
INFO: Run Behavior\BuildLiteBehavior [ RunTime:0.000019s ]
INFO: [ app_init ] --END-- [ RunTime:0.000664s ]

[ 2018-08-29T17:30:59+08:00 ] 127.0.0.1 /pgymall/image/5c_80.png
INFO: [ app_init ] --START--
INFO: Run Behavior\BuildLiteBehavior [ RunTime:0.000024s ]
INFO: [ app_init ] --END-- [ RunTime:0.002694s ]

[ 2018-08-29T17:30:59+08:00 ] 127.0.0.1 /pgymall/image/hmnote4-80.jpg
INFO: [ app_init ] --START--
INFO: Run Behavior\BuildLiteBehavior [ RunTime:0.000020s ]
INFO: [ app_init ] --END-- [ RunTime:0.000604s ]

[ 2018-08-29T17:30:59+08:00 ] 127.0.0.1 /pgymall/image/hm4A-80.jpg
INFO: [ app_init ] --START--
INFO: Run Behavior\BuildLiteBehavior [ RunTime:0.000022s ]
INFO: [ app_init ] --END-- [ RunTime:0.000681s ]

[ 2018-08-29T17:30:59+08:00 ] 127.0.0.1 /pgymall/image/compare.jpg
INFO: [ app_init ] --START--
INFO: Run Behavior\BuildLiteBehavior [ RunTime:0.000019s ]
INFO: [ app_init ] --END-- [ RunTime:0.000724s ]

[ 2018-08-29T17:30:59+08:00 ] 127.0.0.1 /pgymall/image/hm4-80.jpg
INFO: [ app_init ] --START--
INFO: Run Behavior\BuildLiteBehavior [ RunTime:0.000033s ]
INFO: [ app_init ] --END-- [ RunTime:0.000774s ]

[ 2018-08-29T17:30:59+08:00 ] 127.0.0.1 /pgymall/image/mimobile.jpg
INFO: [ app_init ] --START--
INFO: Run Behavior\BuildLiteBehavior [ RunTime:0.000020s ]
INFO: [ app_init ] --END-- [ RunTime:0.001315s ]

[ 2018-08-29T17:30:59+08:00 ] 127.0.0.1 /pgymall/image/hm4x_80.png
INFO: [ app_init ] --START--
INFO: Run Behavior\BuildLiteBehavior [ RunTime:0.000019s ]
INFO: [ app_init ] --END-- [ RunTime:0.000756s ]

[ 2018-08-29T17:30:59+08:00 ] 127.0.0.1 /pgymall/image/hjh_03.gif
INFO: [ app_init ] --START--
INFO: Run Behavior\BuildLiteBehavior [ RunTime:0.000021s ]
INFO: [ app_init ] --END-- [ RunTime:0.000611s ]

[ 2018-08-29T17:30:59+08:00 ] 127.0.0.1 /pgymall/Public/assets/image/banner2.jpg
INFO: [ app_init ] --START--
INFO: Run Behavior\BuildLiteBehavior [ RunTime:0.000021s ]
INFO: [ app_init ] --END-- [ RunTime:0.000652s ]

[ 2018-08-29T17:30:59+08:00 ] 127.0.0.1 /pgymall/image/xiaomi5.jpg
INFO: [ app_init ] --START--
INFO: Run Behavior\BuildLiteBehavior [ RunTime:0.000021s ]
INFO: [ app_init ] --END-- [ RunTime:0.000680s ]

[ 2018-08-29T17:30:59+08:00 ] 127.0.0.1 /pgymall/image/hjh_06.gif
INFO: [ app_init ] --START--
INFO: Run Behavior\BuildLiteBehavior [ RunTime:0.000021s ]
INFO: [ app_init ] --END-- [ RunTime:0.000580s ]

[ 2018-08-29T17:30:59+08:00 ] 127.0.0.1 /pgymall/image/pinpai5.png
INFO: [ app_init ] --START--
INFO: Run Behavior\BuildLiteBehavior [ RunTime:0.000019s ]
INFO: [ app_init ] --END-- [ RunTime:0.000621s ]

[ 2018-08-29T17:30:59+08:00 ] 127.0.0.1 /pgymall/image/hongmi4x.png
INFO: [ app_init ] --START--
INFO: Run Behavior\BuildLiteBehavior [ RunTime:0.000021s ]
INFO: [ app_init ] --END-- [ RunTime:0.000599s ]

[ 2018-08-29T17:30:59+08:00 ] 127.0.0.1 /pgymall/image/pinghengche.jpg
INFO: [ app_init ] --START--
INFO: Run Behavior\BuildLiteBehavior [ RunTime:0.000021s ]
INFO: [ app_init ] --END-- [ RunTime:0.000613s ]

[ 2018-08-29T17:30:59+08:00 ] 127.0.0.1 /pgymall/image/pinpai2.png
INFO: [ app_init ] --START--
INFO: Run Behavior\BuildLiteBehavior [ RunTime:0.000020s ]
INFO: [ app_init ] --END-- [ RunTime:0.000613s ]

[ 2018-08-29T17:30:59+08:00 ] 127.0.0.1 /pgymall/image/pinpai1.png
INFO: [ app_init ] --START--
INFO: Run Behavior\BuildLiteBehavior [ RunTime:0.000017s ]
INFO: [ app_init ] --END-- [ RunTime:0.000608s ]

[ 2018-08-29T17:30:59+08:00 ] 127.0.0.1 /pgymall/image/hjh_01.gif
INFO: [ app_init ] --START--
INFO: Run Behavior\BuildLiteBehavior [ RunTime:0.000019s ]
INFO: [ app_init ] --END-- [ RunTime:0.000575s ]

[ 2018-08-29T17:30:59+08:00 ] 127.0.0.1 /pgymall/image/hjh_05.gif
INFO: [ app_init ] --START--
INFO: Run Behavior\BuildLiteBehavior [ RunTime:0.000021s ]
INFO: [ app_init ] --END-- [ RunTime:0.000606s ]

[ 2018-08-29T17:30:59+08:00 ] 127.0.0.1 /pgymall/image/hjh_04.gif
INFO: [ app_init ] --START--
INFO: Run Behavior\BuildLiteBehavior [ RunTime:0.000018s ]
INFO: [ app_init ] --END-- [ RunTime:0.000598s ]

[ 2018-08-29T17:30:59+08:00 ] 127.0.0.1 /pgymall/image/pinpai4.png
INFO: [ app_init ] --START--
INFO: Run Behavior\BuildLiteBehavior [ RunTime:0.000020s ]
INFO: [ app_init ] --END-- [ RunTime:0.000731s ]

[ 2018-08-29T17:30:59+08:00 ] 127.0.0.1 /pgymall/image/peijian1.jpg
INFO: [ app_init ] --START--
INFO: Run Behavior\BuildLiteBehavior [ RunTime:0.000018s ]
INFO: [ app_init ] --END-- [ RunTime:0.000578s ]

[ 2018-08-29T17:30:59+08:00 ] 127.0.0.1 /pgymall/image/hjh_02.gif
INFO: [ app_init ] --START--
INFO: Run Behavior\BuildLiteBehavior [ RunTime:0.000021s ]
INFO: [ app_init ] --END-- [ RunTime:0.000723s ]

[ 2018-08-29T17:30:59+08:00 ] 127.0.0.1 /pgymall/image/pinpai3.png
INFO: [ app_init ] --START--
INFO: Run Behavior\BuildLiteBehavior [ RunTime:0.000035s ]
INFO: [ app_init ] --END-- [ RunTime:0.000668s ]

[ 2018-08-29T17:30:59+08:00 ] 127.0.0.1 /pgymall/image/peijian2.jpg
INFO: [ app_init ] --START--
INFO: Run Behavior\BuildLiteBehavior [ RunTime:0.000019s ]
INFO: [ app_init ] --END-- [ RunTime:0.000591s ]

[ 2018-08-29T17:30:59+08:00 ] 127.0.0.1 /pgymall/image/peijian3.jpg
INFO: [ app_init ] --START--
INFO: Run Behavior\BuildLiteBehavior [ RunTime:0.000019s ]
INFO: [ app_init ] --END-- [ RunTime:0.000667s ]

[ 2018-08-29T17:30:59+08:00 ] 127.0.0.1 /pgymall/image/peijian5.jpg
INFO: [ app_init ] --START--
INFO: Run Behavior\BuildLiteBehavior [ RunTime:0.000020s ]
INFO: [ app_init ] --END-- [ RunTime:0.001433s ]

[ 2018-08-29T17:30:59+08:00 ] 127.0.0.1 /pgymall/image/peijian7.jpg
INFO: [ app_init ] --START--
INFO: Run Behavior\BuildLiteBehavior [ RunTime:0.000021s ]
INFO: [ app_init ] --END-- [ RunTime:0.000594s ]

[ 2018-08-29T17:30:59+08:00 ] 127.0.0.1 /pgymall/image/peijian4.jpg
INFO: [ app_init ] --START--
INFO: Run Behavior\BuildLiteBehavior [ RunTime:0.000023s ]
INFO: [ app_init ] --END-- [ RunTime:0.000669s ]

[ 2018-08-29T17:30:59+08:00 ] 127.0.0.1 /pgymall/image/peijian6.png
INFO: [ app_init ] --START--
INFO: Run Behavior\BuildLiteBehavior [ RunTime:0.000023s ]
INFO: [ app_init ] --END-- [ RunTime:0.000604s ]

[ 2018-08-29T17:30:59+08:00 ] 127.0.0.1 /pgymall/image/peijian8.jpg
INFO: [ app_init ] --START--
INFO: Run Behavior\BuildLiteBehavior [ RunTime:0.000023s ]
INFO: [ app_init ] --END-- [ RunTime:0.000737s ]

[ 2018-08-29T17:30:59+08:00 ] 127.0.0.1 /pgymall/image/hongmin4.png
INFO: [ app_init ] --START--
INFO: Run Behavior\BuildLiteBehavior [ RunTime:0.000021s ]
INFO: [ app_init ] --END-- [ RunTime:0.000559s ]

[ 2018-08-29T17:30:59+08:00 ] 127.0.0.1 /pgymall/image/peijian9.jpg
INFO: [ app_init ] --START--
INFO: Run Behavior\BuildLiteBehavior [ RunTime:0.000026s ]
INFO: [ app_init ] --END-- [ RunTime:0.001402s ]

[ 2018-08-29T17:30:59+08:00 ] 127.0.0.1 /pgymall/image/liulangengduo.png
INFO: [ app_init ] --START--
INFO: Run Behavior\BuildLiteBehavior [ RunTime:0.000025s ]
INFO: [ app_init ] --END-- [ RunTime:0.000608s ]

[ 2018-08-29T17:31:35+08:00 ] 127.0.0.1 /pgymall/
INFO: [ app_init ] --START--
INFO: Run Behavior\BuildLiteBehavior [ RunTime:0.000022s ]
INFO: [ app_init ] --END-- [ RunTime:0.000540s ]
INFO: [ app_begin ] --START--
INFO: Run Behavior\ReadHtmlCacheBehavior [ RunTime:0.000881s ]
INFO: [ app_begin ] --END-- [ RunTime:0.000947s ]
INFO: [ view_parse ] --START--
INFO: [ template_filter ] --START--
INFO: Run Behavior\ContentReplaceBehavior [ RunTime:0.000302s ]
INFO: [ template_filter ] --END-- [ RunTime:0.000382s ]
INFO: Run Behavior\ParseTemplateBehavior [ RunTime:0.026474s ]
INFO: [ view_parse ] --END-- [ RunTime:0.026547s ]
INFO: [ view_filter ] --START--
INFO: Run Behavior\WriteHtmlCacheBehavior [ RunTime:0.000711s ]
INFO: [ view_filter ] --END-- [ RunTime:0.000785s ]
INFO: [ app_end ] --START--
INFO: Run Behavior\ShowPageTraceBehavior [ RunTime:0.001191s ]
INFO: [ app_end ] --END-- [ RunTime:0.001300s ]

[ 2018-08-29T17:31:35+08:00 ] 127.0.0.1 /pgymall/image/xm6_80.png
INFO: [ app_init ] --START--
INFO: Run Behavior\BuildLiteBehavior [ RunTime:0.000014s ]
INFO: [ app_init ] --END-- [ RunTime:0.000424s ]

[ 2018-08-29T17:31:35+08:00 ] 127.0.0.1 /pgymall/image/5c_80.png
INFO: [ app_init ] --START--
INFO: Run Behavior\BuildLiteBehavior [ RunTime:0.000015s ]
INFO: [ app_init ] --END-- [ RunTime:0.000429s ]

[ 2018-08-29T17:31:35+08:00 ] 127.0.0.1 /pgymall/image/xmNOTE2-80.jpg
INFO: [ app_init ] --START--
INFO: Run Behavior\BuildLiteBehavior [ RunTime:0.000017s ]
INFO: [ app_init ] --END-- [ RunTime:0.000528s ]

[ 2018-08-29T17:31:35+08:00 ] 127.0.0.1 /pgymall/image/MIX-80.jpg
INFO: [ app_init ] --START--
INFO: Run Behavior\BuildLiteBehavior [ RunTime:0.000014s ]
INFO: [ app_init ] --END-- [ RunTime:0.000440s ]

[ 2018-08-29T17:31:35+08:00 ] 127.0.0.1 /pgymall/image/hjh_03.gif
INFO: [ app_init ] --START--
INFO: Run Behavior\BuildLiteBehavior [ RunTime:0.000017s ]
INFO: [ app_init ] --END-- [ RunTime:0.000446s ]

[ 2018-08-29T17:31:35+08:00 ] 127.0.0.1 /pgymall/Public/assets/image/banner2.jpg
INFO: [ app_init ] --START--
INFO: Run Behavior\BuildLiteBehavior [ RunTime:0.000014s ]
INFO: [ app_init ] --END-- [ RunTime:0.000402s ]

[ 2018-08-29T17:31:36+08:00 ] 127.0.0.1 /pgymall/image/xiaomi5.jpg
INFO: [ app_init ] --START--
INFO: Run Behavior\BuildLiteBehavior [ RunTime:0.000014s ]
INFO: [ app_init ] --END-- [ RunTime:0.000422s ]

[ 2018-08-29T17:31:36+08:00 ] 127.0.0.1 /pgymall/image/hongmi4x.png
INFO: [ app_init ] --START--
INFO: Run Behavior\BuildLiteBehavior [ RunTime:0.000014s ]
INFO: [ app_init ] --END-- [ RunTime:0.000397s ]

[ 2018-08-29T17:31:36+08:00 ] 127.0.0.1 /pgymall/image/pinghengche.jpg
INFO: [ app_init ] --START--
INFO: Run Behavior\BuildLiteBehavior [ RunTime:0.000022s ]
INFO: [ app_init ] --END-- [ RunTime:0.000772s ]

[ 2018-08-29T17:31:36+08:00 ] 127.0.0.1 /pgymall/image/pinpai5.png
INFO: [ app_init ] --START--
INFO: Run Behavior\BuildLiteBehavior [ RunTime:0.000012s ]
INFO: [ app_init ] --END-- [ RunTime:0.000450s ]

[ 2018-08-29T17:31:36+08:00 ] 127.0.0.1 /pgymall/image/pinpai2.png
INFO: [ app_init ] --START--
INFO: Run Behavior\BuildLiteBehavior [ RunTime:0.000013s ]
INFO: [ app_init ] --END-- [ RunTime:0.000405s ]

[ 2018-08-29T17:31:36+08:00 ] 127.0.0.1 /pgymall/image/pinpai1.png
INFO: [ app_init ] --START--
INFO: Run Behavior\BuildLiteBehavior [ RunTime:0.000013s ]
INFO: [ app_init ] --END-- [ RunTime:0.000438s ]

[ 2018-08-29T17:31:36+08:00 ] 127.0.0.1 /pgymall/image/pinpai4.png
INFO: [ app_init ] --START--
INFO: Run Behavior\BuildLiteBehavior [ RunTime:0.000014s ]
INFO: [ app_init ] --END-- [ RunTime:0.000417s ]

[ 2018-08-29T17:31:36+08:00 ] 127.0.0.1 /pgymall/image/hjh_06.gif
INFO: [ app_init ] --START--
INFO: Run Behavior\BuildLiteBehavior [ RunTime:0.000014s ]
INFO: [ app_init ] --END-- [ RunTime:0.000469s ]

[ 2018-08-29T17:31:36+08:00 ] 127.0.0.1 /pgymall/image/hjh_01.gif
INFO: [ app_init ] --START--
INFO: Run Behavior\BuildLiteBehavior [ RunTime:0.000013s ]
INFO: [ app_init ] --END-- [ RunTime:0.000407s ]

[ 2018-08-29T17:31:36+08:00 ] 127.0.0.1 /pgymall/image/hjh_05.gif
INFO: [ app_init ] --START--
INFO: Run Behavior\BuildLiteBehavior [ RunTime:0.000014s ]
INFO: [ app_init ] --END-- [ RunTime:0.000452s ]

[ 2018-08-29T17:31:36+08:00 ] 127.0.0.1 /pgymall/image/hjh_04.gif
INFO: [ app_init ] --START--
INFO: Run Behavior\BuildLiteBehavior [ RunTime:0.000013s ]
INFO: [ app_init ] --END-- [ RunTime:0.000419s ]

[ 2018-08-29T17:31:36+08:00 ] 127.0.0.1 /pgymall/image/hjh_02.gif
INFO: [ app_init ] --START--
INFO: Run Behavior\BuildLiteBehavior [ RunTime:0.000016s ]
INFO: [ app_init ] --END-- [ RunTime:0.000699s ]

[ 2018-08-29T17:31:36+08:00 ] 127.0.0.1 /pgymall/image/pinpai3.png
INFO: [ app_init ] --START--
INFO: Run Behavior\BuildLiteBehavior [ RunTime:0.000014s ]
INFO: [ app_init ] --END-- [ RunTime:0.000407s ]

[ 2018-08-29T17:31:36+08:00 ] 127.0.0.1 /pgymall/image/xm5Splus.jpg
INFO: [ app_init ] --START--
INFO: Run Behavior\BuildLiteBehavior [ RunTime:0.000021s ]
INFO: [ app_init ] --END-- [ RunTime:0.000676s ]

[ 2018-08-29T17:31:36+08:00 ] 127.0.0.1 /pgymall/image/xm5-80.jpg
INFO: [ app_init ] --START--
INFO: Run Behavior\BuildLiteBehavior [ RunTime:0.000013s ]
INFO: [ app_init ] --END-- [ RunTime:0.000402s ]

[ 2018-08-29T17:31:36+08:00 ] 127.0.0.1 /pgymall/image/hmn4x80.png
INFO: [ app_init ] --START--
INFO: Run Behavior\BuildLiteBehavior [ RunTime:0.000018s ]
INFO: [ app_init ] --END-- [ RunTime:0.000662s ]

[ 2018-08-29T17:31:36+08:00 ] 127.0.0.1 /pgymall/image/hm4-80.jpg
INFO: [ app_init ] --START--
INFO: Run Behavior\BuildLiteBehavior [ RunTime:0.000020s ]
INFO: [ app_init ] --END-- [ RunTime:0.000615s ]

[ 2018-08-29T17:31:36+08:00 ] 127.0.0.1 /pgymall/image/hm4A-80.jpg
INFO: [ app_init ] --START--
INFO: Run Behavior\BuildLiteBehavior [ RunTime:0.000019s ]
INFO: [ app_init ] --END-- [ RunTime:0.000586s ]

[ 2018-08-29T17:31:36+08:00 ] 127.0.0.1 /pgymall/image/hm4x_80.png
INFO: [ app_init ] --START--
INFO: Run Behavior\BuildLiteBehavior [ RunTime:0.000022s ]
INFO: [ app_init ] --END-- [ RunTime:0.000658s ]

[ 2018-08-29T17:31:36+08:00 ] 127.0.0.1 /pgymall/image/compare.jpg
INFO: [ app_init ] --START--
INFO: Run Behavior\BuildLiteBehavior [ RunTime:0.000018s ]
INFO: [ app_init ] --END-- [ RunTime:0.000563s ]

[ 2018-08-29T17:31:36+08:00 ] 127.0.0.1 /pgymall/image/hmnote4-80.jpg
INFO: [ app_init ] --START--
INFO: Run Behavior\BuildLiteBehavior [ RunTime:0.000019s ]
INFO: [ app_init ] --END-- [ RunTime:0.000624s ]

[ 2018-08-29T17:31:36+08:00 ] 127.0.0.1 /pgymall/image/mimobile.jpg
INFO: [ app_init ] --START--
INFO: Run Behavior\BuildLiteBehavior [ RunTime:0.000022s ]
INFO: [ app_init ] --END-- [ RunTime:0.000660s ]

[ 2018-08-29T17:31:36+08:00 ] 127.0.0.1 /pgymall/image/peijian1.jpg
INFO: [ app_init ] --START--
INFO: Run Behavior\BuildLiteBehavior [ RunTime:0.000021s ]
INFO: [ app_init ] --END-- [ RunTime:0.000649s ]

[ 2018-08-29T17:31:36+08:00 ] 127.0.0.1 /pgymall/image/peijian2.jpg
INFO: [ app_init ] --START--
INFO: Run Behavior\BuildLiteBehavior [ RunTime:0.000012s ]
INFO: [ app_init ] --END-- [ RunTime:0.000474s ]

[ 2018-08-29T17:31:36+08:00 ] 127.0.0.1 /pgymall/image/peijian5.jpg
INFO: [ app_init ] --START--
INFO: Run Behavior\BuildLiteBehavior [ RunTime:0.000018s ]
INFO: [ app_init ] --END-- [ RunTime:0.000571s ]

[ 2018-08-29T17:31:36+08:00 ] 127.0.0.1 /pgymall/image/peijian3.jpg
INFO: [ app_init ] --START--
INFO: Run Behavior\BuildLiteBehavior [ RunTime:0.000019s ]
INFO: [ app_init ] --END-- [ RunTime:0.000591s ]

[ 2018-08-29T17:31:36+08:00 ] 127.0.0.1 /pgymall/image/peijian4.jpg
INFO: [ app_init ] --START--
INFO: Run Behavior\BuildLiteBehavior [ RunTime:0.000018s ]
INFO: [ app_init ] --END-- [ RunTime:0.000678s ]

[ 2018-08-29T17:31:36+08:00 ] 127.0.0.1 /pgymall/image/peijian6.png
INFO: [ app_init ] --START--
INFO: Run Behavior\BuildLiteBehavior [ RunTime:0.000021s ]
INFO: [ app_init ] --END-- [ RunTime:0.000788s ]

[ 2018-08-29T17:31:36+08:00 ] 127.0.0.1 /pgymall/image/peijian8.jpg
INFO: [ app_init ] --START--
INFO: Run Behavior\BuildLiteBehavior [ RunTime:0.000018s ]
INFO: [ app_init ] --END-- [ RunTime:0.000591s ]

[ 2018-08-29T17:31:36+08:00 ] 127.0.0.1 /pgymall/image/peijian9.jpg
INFO: [ app_init ] --START--
INFO: Run Behavior\BuildLiteBehavior [ RunTime:0.000025s ]
INFO: [ app_init ] --END-- [ RunTime:0.001303s ]

[ 2018-08-29T17:31:36+08:00 ] 127.0.0.1 /pgymall/image/hongmin4.png
INFO: [ app_init ] --START--
INFO: Run Behavior\BuildLiteBehavior [ RunTime:0.000021s ]
INFO: [ app_init ] --END-- [ RunTime:0.000631s ]

[ 2018-08-29T17:31:36+08:00 ] 127.0.0.1 /pgymall/image/liulangengduo.png
INFO: [ app_init ] --START--
INFO: Run Behavior\BuildLiteBehavior [ RunTime:0.000018s ]
INFO: [ app_init ] --END-- [ RunTime:0.000602s ]

[ 2018-08-29T17:32:01+08:00 ] 127.0.0.1 /pgymall/
INFO: [ app_init ] --START--
INFO: Run Behavior\BuildLiteBehavior [ RunTime:0.000014s ]
INFO: [ app_init ] --END-- [ RunTime:0.000484s ]
INFO: [ app_begin ] --START--
INFO: Run Behavior\ReadHtmlCacheBehavior [ RunTime:0.000621s ]
INFO: [ app_begin ] --END-- [ RunTime:0.000673s ]
INFO: [ view_parse ] --START--
INFO: [ template_filter ] --START--
INFO: Run Behavior\ContentReplaceBehavior [ RunTime:0.000263s ]
INFO: [ template_filter ] --END-- [ RunTime:0.000333s ]
INFO: Run Behavior\ParseTemplateBehavior [ RunTime:0.020963s ]
INFO: [ view_parse ] --END-- [ RunTime:0.021015s ]
INFO: [ view_filter ] --START--
INFO: Run Behavior\WriteHtmlCacheBehavior [ RunTime:0.000437s ]
INFO: [ view_filter ] --END-- [ RunTime:0.000478s ]
INFO: [ app_end ] --START--
INFO: Run Behavior\ShowPageTraceBehavior [ RunTime:0.001804s ]
INFO: [ app_end ] --END-- [ RunTime:0.001955s ]

[ 2018-08-29T17:32:01+08:00 ] 127.0.0.1 /pgymall/image/xm6_80.png
INFO: [ app_init ] --START--
INFO: Run Behavior\BuildLiteBehavior [ RunTime:0.000013s ]
INFO: [ app_init ] --END-- [ RunTime:0.000409s ]

[ 2018-08-29T17:32:01+08:00 ] 127.0.0.1 /pgymall/image/5c_80.png
INFO: [ app_init ] --START--
INFO: Run Behavior\BuildLiteBehavior [ RunTime:0.000015s ]
INFO: [ app_init ] --END-- [ RunTime:0.000537s ]

[ 2018-08-29T17:32:01+08:00 ] 127.0.0.1 /pgymall/image/xmNOTE2-80.jpg
INFO: [ app_init ] --START--
INFO: Run Behavior\BuildLiteBehavior [ RunTime:0.000015s ]
INFO: [ app_init ] --END-- [ RunTime:0.000445s ]

[ 2018-08-29T17:32:01+08:00 ] 127.0.0.1 /pgymall/image/hjh_03.gif
INFO: [ app_init ] --START--
INFO: Run Behavior\BuildLiteBehavior [ RunTime:0.000015s ]
INFO: [ app_init ] --END-- [ RunTime:0.000500s ]

[ 2018-08-29T17:32:01+08:00 ] 127.0.0.1 /pgymall/Public/assets/image/banner2.jpg
INFO: [ app_init ] --START--
INFO: Run Behavior\BuildLiteBehavior [ RunTime:0.000012s ]
INFO: [ app_init ] --END-- [ RunTime:0.000400s ]

[ 2018-08-29T17:32:01+08:00 ] 127.0.0.1 /pgymall/image/xiaomi5.jpg
INFO: [ app_init ] --START--
INFO: Run Behavior\BuildLiteBehavior [ RunTime:0.000012s ]
INFO: [ app_init ] --END-- [ RunTime:0.000390s ]

[ 2018-08-29T17:32:01+08:00 ] 127.0.0.1 /pgymall/image/hongmi4x.png
INFO: [ app_init ] --START--
INFO: Run Behavior\BuildLiteBehavior [ RunTime:0.000014s ]
INFO: [ app_init ] --END-- [ RunTime:0.000432s ]

[ 2018-08-29T17:32:01+08:00 ] 127.0.0.1 /pgymall/image/pinghengche.jpg
INFO: [ app_init ] --START--
INFO: Run Behavior\BuildLiteBehavior [ RunTime:0.000014s ]
INFO: [ app_init ] --END-- [ RunTime:0.000407s ]

[ 2018-08-29T17:32:01+08:00 ] 127.0.0.1 /pgymall/image/pinpai5.png
INFO: [ app_init ] --START--
INFO: Run Behavior\BuildLiteBehavior [ RunTime:0.000013s ]
INFO: [ app_init ] --END-- [ RunTime:0.000492s ]

[ 2018-08-29T17:32:01+08:00 ] 127.0.0.1 /pgymall/image/pinpai2.png
INFO: [ app_init ] --START--
INFO: Run Behavior\BuildLiteBehavior [ RunTime:0.000020s ]
INFO: [ app_init ] --END-- [ RunTime:0.000716s ]

[ 2018-08-29T17:32:01+08:00 ] 127.0.0.1 /pgymall/image/hjh_06.gif
INFO: [ app_init ] --START--
INFO: Run Behavior\BuildLiteBehavior [ RunTime:0.000014s ]
INFO: [ app_init ] --END-- [ RunTime:0.000420s ]

[ 2018-08-29T17:32:01+08:00 ] 127.0.0.1 /pgymall/image/hjh_01.gif
INFO: [ app_init ] --START--
INFO: Run Behavior\BuildLiteBehavior [ RunTime:0.000014s ]
INFO: [ app_init ] --END-- [ RunTime:0.000422s ]

[ 2018-08-29T17:32:01+08:00 ] 127.0.0.1 /pgymall/image/pinpai1.png
INFO: [ app_init ] --START--
INFO: Run Behavior\BuildLiteBehavior [ RunTime:0.000020s ]
INFO: [ app_init ] --END-- [ RunTime:0.000649s ]

[ 2018-08-29T17:32:01+08:00 ] 127.0.0.1 /pgymall/image/pinpai4.png
INFO: [ app_init ] --START--
INFO: Run Behavior\BuildLiteBehavior [ RunTime:0.000014s ]
INFO: [ app_init ] --END-- [ RunTime:0.000409s ]

[ 2018-08-29T17:32:01+08:00 ] 127.0.0.1 /pgymall/image/pinpai3.png
INFO: [ app_init ] --START--
INFO: Run Behavior\BuildLiteBehavior [ RunTime:0.000014s ]
INFO: [ app_init ] --END-- [ RunTime:0.000416s ]

[ 2018-08-29T17:32:01+08:00 ] 127.0.0.1 /pgymall/image/hjh_05.gif
INFO: [ app_init ] --START--
INFO: Run Behavior\BuildLiteBehavior [ RunTime:0.000020s ]
INFO: [ app_init ] --END-- [ RunTime:0.000591s ]

[ 2018-08-29T17:32:01+08:00 ] 127.0.0.1 /pgymall/image/hjh_04.gif
INFO: [ app_init ] --START--
INFO: Run Behavior\BuildLiteBehavior [ RunTime:0.000012s ]
INFO: [ app_init ] --END-- [ RunTime:0.000421s ]

[ 2018-08-29T17:32:01+08:00 ] 127.0.0.1 /pgymall/image/hjh_02.gif
INFO: [ app_init ] --START--
INFO: Run Behavior\BuildLiteBehavior [ RunTime:0.000012s ]
INFO: [ app_init ] --END-- [ RunTime:0.000397s ]

[ 2018-08-29T17:32:01+08:00 ] 127.0.0.1 /pgymall/image/MIX-80.jpg
INFO: [ app_init ] --START--
INFO: Run Behavior\BuildLiteBehavior [ RunTime:0.000034s ]
INFO: [ app_init ] --END-- [ RunTime:0.000582s ]

[ 2018-08-29T17:32:01+08:00 ] 127.0.0.1 /pgymall/image/xm5Splus.jpg
INFO: [ app_init ] --START--
INFO: Run Behavior\BuildLiteBehavior [ RunTime:0.000018s ]
INFO: [ app_init ] --END-- [ RunTime:0.000593s ]

[ 2018-08-29T17:32:01+08:00 ] 127.0.0.1 /pgymall/image/xm5-80.jpg
INFO: [ app_init ] --START--
INFO: Run Behavior\BuildLiteBehavior [ RunTime:0.000018s ]
INFO: [ app_init ] --END-- [ RunTime:0.000594s ]

[ 2018-08-29T17:32:01+08:00 ] 127.0.0.1 /pgymall/image/hm4x_80.png
INFO: [ app_init ] --START--
INFO: Run Behavior\BuildLiteBehavior [ RunTime:0.000018s ]
INFO: [ app_init ] --END-- [ RunTime:0.000567s ]

[ 2018-08-29T17:32:01+08:00 ] 127.0.0.1 /pgymall/image/hmn4x80.png
INFO: [ app_init ] --START--
INFO: Run Behavior\BuildLiteBehavior [ RunTime:0.000020s ]
INFO: [ app_init ] --END-- [ RunTime:0.001163s ]

[ 2018-08-29T17:32:01+08:00 ] 127.0.0.1 /pgymall/image/hm4-80.jpg
INFO: [ app_init ] --START--
INFO: Run Behavior\BuildLiteBehavior [ RunTime:0.000019s ]
INFO: [ app_init ] --END-- [ RunTime:0.000643s ]

[ 2018-08-29T17:32:01+08:00 ] 127.0.0.1 /pgymall/image/compare.jpg
INFO: [ app_init ] --START--
INFO: Run Behavior\BuildLiteBehavior [ RunTime:0.000019s ]
INFO: [ app_init ] --END-- [ RunTime:0.000618s ]

[ 2018-08-29T17:32:01+08:00 ] 127.0.0.1 /pgymall/image/hm4A-80.jpg
INFO: [ app_init ] --START--
INFO: Run Behavior\BuildLiteBehavior [ RunTime:0.000022s ]
INFO: [ app_init ] --END-- [ RunTime:0.000601s ]

[ 2018-08-29T17:32:01+08:00 ] 127.0.0.1 /pgymall/image/hmnote4-80.jpg
INFO: [ app_init ] --START--
INFO: Run Behavior\BuildLiteBehavior [ RunTime:0.000019s ]
INFO: [ app_init ] --END-- [ RunTime:0.000684s ]

[ 2018-08-29T17:32:01+08:00 ] 127.0.0.1 /pgymall/image/mimobile.jpg
INFO: [ app_init ] --START--
INFO: Run Behavior\BuildLiteBehavior [ RunTime:0.000018s ]
INFO: [ app_init ] --END-- [ RunTime:0.000676s ]

[ 2018-08-29T17:32:01+08:00 ] 127.0.0.1 /pgymall/image/peijian3.jpg
INFO: [ app_init ] --START--
INFO: Run Behavior\BuildLiteBehavior [ RunTime:0.000021s ]
INFO: [ app_init ] --END-- [ RunTime:0.000612s ]

[ 2018-08-29T17:32:01+08:00 ] 127.0.0.1 /pgymall/image/peijian1.jpg
INFO: [ app_init ] --START--
INFO: Run Behavior\BuildLiteBehavior [ RunTime:0.000019s ]
INFO: [ app_init ] --END-- [ RunTime:0.000568s ]

[ 2018-08-29T17:32:01+08:00 ] 127.0.0.1 /pgymall/image/peijian4.jpg
INFO: [ app_init ] --START--
INFO: Run Behavior\BuildLiteBehavior [ RunTime:0.000019s ]
INFO: [ app_init ] --END-- [ RunTime:0.000586s ]

[ 2018-08-29T17:32:01+08:00 ] 127.0.0.1 /pgymall/image/peijian2.jpg
INFO: [ app_init ] --START--
INFO: Run Behavior\BuildLiteBehavior [ RunTime:0.000024s ]
INFO: [ app_init ] --END-- [ RunTime:0.001132s ]

[ 2018-08-29T17:32:01+08:00 ] 127.0.0.1 /pgymall/image/peijian5.jpg
INFO: [ app_init ] --START--
INFO: Run Behavior\BuildLiteBehavior [ RunTime:0.000021s ]
INFO: [ app_init ] --END-- [ RunTime:0.000928s ]

[ 2018-08-29T17:32:01+08:00 ] 127.0.0.1 /pgymall/image/peijian6.png
INFO: [ app_init ] --START--
INFO: Run Behavior\BuildLiteBehavior [ RunTime:0.000021s ]
INFO: [ app_init ] --END-- [ RunTime:0.000828s ]

[ 2018-08-29T17:32:01+08:00 ] 127.0.0.1 /pgymall/image/peijian8.jpg
INFO: [ app_init ] --START--
INFO: Run Behavior\BuildLiteBehavior [ RunTime:0.000020s ]
INFO: [ app_init ] --END-- [ RunTime:0.000594s ]

[ 2018-08-29T17:32:01+08:00 ] 127.0.0.1 /pgymall/image/peijian7.jpg
INFO: [ app_init ] --START--
INFO: Run Behavior\BuildLiteBehavior [ RunTime:0.000023s ]
INFO: [ app_init ] --END-- [ RunTime:0.000720s ]

[ 2018-08-29T17:32:01+08:00 ] 127.0.0.1 /pgymall/image/liulangengduo.png
INFO: [ app_init ] --START--
INFO: Run Behavior\BuildLiteBehavior [ RunTime:0.000041s ]
INFO: [ app_init ] --END-- [ RunTime:0.001494s ]

[ 2018-08-29T17:32:01+08:00 ] 127.0.0.1 /pgymall/image/peijian9.jpg
INFO: [ app_init ] --START--
INFO: Run Behavior\BuildLiteBehavior [ RunTime:0.000029s ]
INFO: [ app_init ] --END-- [ RunTime:0.001965s ]

[ 2018-08-29T17:32:01+08:00 ] 127.0.0.1 /pgymall/image/hongmin4.png
INFO: [ app_init ] --START--
INFO: Run Behavior\BuildLiteBehavior [ RunTime:0.000039s ]
INFO: [ app_init ] --END-- [ RunTime:0.000941s ]

