[ 2018-05-16T08:53:06+08:00 ] 127.0.0.1 /
INFO: [ app_init ] --START--
INFO: Run Behavior\BuildLiteBehavior [ RunTime:0.000027s ]
INFO: [ app_init ] --END-- [ RunTime:0.008674s ]
INFO: [ app_begin ] --START--
INFO: Run Behavior\ReadHtmlCacheBehavior [ RunTime:0.001911s ]
INFO: [ app_begin ] --END-- [ RunTime:0.002041s ]
INFO: [ view_parse ] --START--
INFO: [ template_filter ] --START--
INFO: Run Behavior\ContentReplaceBehavior [ RunTime:0.000372s ]
INFO: [ template_filter ] --END-- [ RunTime:0.000448s ]
NOTIC: [8] Undefined index: loginuser D:\myenv\apache\htdocs\pgyidc\Application\Runtime\Cache\Home\2a94b8bda04ff446dcedd42276fc99ee.php 第 510 行.
INFO: Run Behavior\ParseTemplateBehavior [ RunTime:0.052179s ]
INFO: [ view_parse ] --END-- [ RunTime:0.052264s ]
INFO: [ view_filter ] --START--
INFO: Run Behavior\WriteHtmlCacheBehavior [ RunTime:0.018714s ]
INFO: [ view_filter ] --END-- [ RunTime:0.018818s ]
INFO: [ app_end ] --START--
INFO: Run Behavior\ShowPageTraceBehavior [ RunTime:0.004855s ]
INFO: [ app_end ] --END-- [ RunTime:0.005039s ]

[ 2018-05-16T08:53:15+08:00 ] 127.0.0.1 /favicon.ico
INFO: [ app_init ] --START--
INFO: Run Behavior\BuildLiteBehavior [ RunTime:0.000015s ]
INFO: [ app_init ] --END-- [ RunTime:0.000499s ]

[ 2018-05-16T08:53:19+08:00 ] 127.0.0.1 /Application/Admin/View/Public/images/icon_control.png
INFO: [ app_init ] --START--
INFO: Run Behavior\BuildLiteBehavior [ RunTime:0.000020s ]
INFO: [ app_init ] --END-- [ RunTime:0.000482s ]

[ 2018-05-16T11:22:16+08:00 ] 127.0.0.1 /
INFO: [ app_init ] --START--
INFO: Run Behavior\BuildLiteBehavior [ RunTime:0.000015s ]
INFO: [ app_init ] --END-- [ RunTime:0.001065s ]
INFO: [ app_begin ] --START--
INFO: Run Behavior\ReadHtmlCacheBehavior [ RunTime:0.001115s ]
INFO: [ app_begin ] --END-- [ RunTime:0.001183s ]
INFO: [ view_parse ] --START--
INFO: [ template_filter ] --START--
INFO: Run Behavior\ContentReplaceBehavior [ RunTime:0.000299s ]
INFO: [ template_filter ] --END-- [ RunTime:0.000362s ]
INFO: Run Behavior\ParseTemplateBehavior [ RunTime:0.090162s ]
INFO: [ view_parse ] --END-- [ RunTime:0.090228s ]
INFO: [ view_filter ] --START--
INFO: Run Behavior\WriteHtmlCacheBehavior [ RunTime:0.037451s ]
INFO: [ view_filter ] --END-- [ RunTime:0.037544s ]
INFO: [ app_end ] --START--
INFO: Run Behavior\ShowPageTraceBehavior [ RunTime:0.010987s ]
INFO: [ app_end ] --END-- [ RunTime:0.011144s ]

[ 2018-05-16T11:22:21+08:00 ] 127.0.0.1 /Application/Admin/View/Public/images/icon_control.png
INFO: [ app_init ] --START--
INFO: Run Behavior\BuildLiteBehavior [ RunTime:0.000021s ]
INFO: [ app_init ] --END-- [ RunTime:0.000563s ]

[ 2018-05-16T11:22:21+08:00 ] 127.0.0.1 /favicon.ico
INFO: [ app_init ] --START--
INFO: Run Behavior\BuildLiteBehavior [ RunTime:0.000014s ]
INFO: [ app_init ] --END-- [ RunTime:0.000443s ]

[ 2018-05-16T15:57:00+08:00 ] 127.0.0.1 /Home/Index/index.html
INFO: [ app_init ] --START--
INFO: Run Behavior\BuildLiteBehavior [ RunTime:0.000012s ]
INFO: [ app_init ] --END-- [ RunTime:0.000491s ]
INFO: [ app_begin ] --START--
INFO: Run Behavior\ReadHtmlCacheBehavior [ RunTime:0.000916s ]
INFO: [ app_begin ] --END-- [ RunTime:0.000973s ]
INFO: [ view_parse ] --START--
INFO: [ template_filter ] --START--
INFO: Run Behavior\ContentReplaceBehavior [ RunTime:0.000317s ]
INFO: [ template_filter ] --END-- [ RunTime:0.000378s ]
INFO: Run Behavior\ParseTemplateBehavior [ RunTime:0.018683s ]
INFO: [ view_parse ] --END-- [ RunTime:0.018741s ]
INFO: [ view_filter ] --START--
INFO: Run Behavior\WriteHtmlCacheBehavior [ RunTime:0.000660s ]
INFO: [ view_filter ] --END-- [ RunTime:0.000702s ]
INFO: [ app_end ] --START--
INFO: Run Behavior\ShowPageTraceBehavior [ RunTime:0.000889s ]
INFO: [ app_end ] --END-- [ RunTime:0.000944s ]

[ 2018-05-16T16:17:08+08:00 ] 127.0.0.1 /Home/Index/index.html
INFO: [ app_init ] --START--
INFO: Run Behavior\BuildLiteBehavior [ RunTime:0.000014s ]
INFO: [ app_init ] --END-- [ RunTime:0.000498s ]
INFO: [ app_begin ] --START--
INFO: Run Behavior\ReadHtmlCacheBehavior [ RunTime:0.001028s ]
INFO: [ app_begin ] --END-- [ RunTime:0.001097s ]
SQL: SHOW COLUMNS FROM `navigation` [ RunTime:0.1815s ]
SQL: SELECT * FROM `navigation` WHERE ( NavFatherID=0 )  [ RunTime:0.0016s ]

[ 2018-05-16T16:18:10+08:00 ] 127.0.0.1 /Home/Index/index.html
INFO: [ app_init ] --START--
INFO: Run Behavior\BuildLiteBehavior [ RunTime:0.000016s ]
INFO: [ app_init ] --END-- [ RunTime:0.000584s ]
INFO: [ app_begin ] --START--
INFO: Run Behavior\ReadHtmlCacheBehavior [ RunTime:0.000986s ]
INFO: [ app_begin ] --END-- [ RunTime:0.001059s ]
SQL: SHOW COLUMNS FROM `navigation` [ RunTime:0.0141s ]
SQL: SELECT * FROM `navigation` WHERE ( NavFatherID=0 )  [ RunTime:0.0026s ]

[ 2018-05-16T16:22:50+08:00 ] 127.0.0.1 /Home/Index/index.html
INFO: [ app_init ] --START--
INFO: Run Behavior\BuildLiteBehavior [ RunTime:0.000015s ]
INFO: [ app_init ] --END-- [ RunTime:0.000486s ]
INFO: [ app_begin ] --START--
INFO: Run Behavior\ReadHtmlCacheBehavior [ RunTime:0.000887s ]
INFO: [ app_begin ] --END-- [ RunTime:0.000944s ]
SQL: SHOW COLUMNS FROM `navigation` [ RunTime:0.0143s ]
SQL: SELECT `NavID`,`NavName` FROM `navigation` WHERE ( NavFatherID=0 )  [ RunTime:0.0027s ]

[ 2018-05-16T16:24:16+08:00 ] 127.0.0.1 /Home/Index/index.html
INFO: [ app_init ] --START--
INFO: Run Behavior\BuildLiteBehavior [ RunTime:0.000013s ]
INFO: [ app_init ] --END-- [ RunTime:0.000495s ]
INFO: [ app_begin ] --START--
INFO: Run Behavior\ReadHtmlCacheBehavior [ RunTime:0.000821s ]
INFO: [ app_begin ] --END-- [ RunTime:0.000879s ]
SQL: SHOW COLUMNS FROM `navigation` [ RunTime:0.0072s ]
SQL: SELECT `NavID`,`NavName` FROM `navigation` WHERE ( NavFatherID=0 AND NavType=0 )  [ RunTime:0.0013s ]

[ 2018-05-16T16:24:18+08:00 ] 127.0.0.1 /Home/Index/index.html
INFO: [ app_init ] --START--
INFO: Run Behavior\BuildLiteBehavior [ RunTime:0.000015s ]
INFO: [ app_init ] --END-- [ RunTime:0.000618s ]
INFO: [ app_begin ] --START--
INFO: Run Behavior\ReadHtmlCacheBehavior [ RunTime:0.000684s ]
INFO: [ app_begin ] --END-- [ RunTime:0.000743s ]
SQL: SHOW COLUMNS FROM `navigation` [ RunTime:0.0137s ]
SQL: SELECT `NavID`,`NavName` FROM `navigation` WHERE ( NavFatherID=0 AND NavType=0 )  [ RunTime:0.0027s ]

[ 2018-05-16T16:26:16+08:00 ] 127.0.0.1 /Home/Index/index.html
INFO: [ app_init ] --START--
INFO: Run Behavior\BuildLiteBehavior [ RunTime:0.000014s ]
INFO: [ app_init ] --END-- [ RunTime:0.000561s ]
INFO: [ app_begin ] --START--
INFO: Run Behavior\ReadHtmlCacheBehavior [ RunTime:0.000947s ]
INFO: [ app_begin ] --END-- [ RunTime:0.001016s ]
SQL: SHOW COLUMNS FROM `navigation` [ RunTime:0.0079s ]
SQL: SELECT `NavID`,`NavName` FROM `navigation` WHERE ( NavFatherID=0 AND NavType=0 )  [ RunTime:0.0010s ]

[ 2018-05-16T16:26:58+08:00 ] 127.0.0.1 /Home/Index/index.html
INFO: [ app_init ] --START--
INFO: Run Behavior\BuildLiteBehavior [ RunTime:0.000013s ]
INFO: [ app_init ] --END-- [ RunTime:0.000500s ]
INFO: [ app_begin ] --START--
INFO: Run Behavior\ReadHtmlCacheBehavior [ RunTime:0.000758s ]
INFO: [ app_begin ] --END-- [ RunTime:0.000813s ]
SQL: SHOW COLUMNS FROM `navigation` [ RunTime:0.0140s ]
SQL: SELECT `NavName` FROM `navigation` WHERE ( NavFatherID=0 AND NavType=0 ) LIMIT 1   [ RunTime:0.0027s ]

[ 2018-05-16T16:27:05+08:00 ] 127.0.0.1 /Home/Index/index.html
INFO: [ app_init ] --START--
INFO: Run Behavior\BuildLiteBehavior [ RunTime:0.000026s ]
INFO: [ app_init ] --END-- [ RunTime:0.000968s ]
INFO: [ app_begin ] --START--
INFO: Run Behavior\ReadHtmlCacheBehavior [ RunTime:0.001837s ]
INFO: [ app_begin ] --END-- [ RunTime:0.001950s ]
SQL: SHOW COLUMNS FROM `navigation` [ RunTime:0.0073s ]
SQL: SELECT `NavName` FROM `navigation` WHERE ( NavFatherID=0 AND NavType=0 )  [ RunTime:0.0011s ]
NOTIC: [8] Undefined index: NavName D:\myenv\apache\htdocs\pgyidc\ThinkPHP\Library\Think\Model.class.php 第 983 行.
NOTIC: [8] Undefined index: NavName D:\myenv\apache\htdocs\pgyidc\ThinkPHP\Library\Think\Model.class.php 第 983 行.
NOTIC: [8] Undefined index: NavName D:\myenv\apache\htdocs\pgyidc\ThinkPHP\Library\Think\Model.class.php 第 983 行.
NOTIC: [8] Undefined index: NavName D:\myenv\apache\htdocs\pgyidc\ThinkPHP\Library\Think\Model.class.php 第 983 行.
NOTIC: [8] Undefined index: NavName D:\myenv\apache\htdocs\pgyidc\ThinkPHP\Library\Think\Model.class.php 第 983 行.
NOTIC: [8] Undefined index: NavName D:\myenv\apache\htdocs\pgyidc\ThinkPHP\Library\Think\Model.class.php 第 983 行.

[ 2018-05-16T16:27:20+08:00 ] 127.0.0.1 /Home/Index/index.html
INFO: [ app_init ] --START--
INFO: Run Behavior\BuildLiteBehavior [ RunTime:0.000014s ]
INFO: [ app_init ] --END-- [ RunTime:0.000485s ]
INFO: [ app_begin ] --START--
INFO: Run Behavior\ReadHtmlCacheBehavior [ RunTime:0.000811s ]
INFO: [ app_begin ] --END-- [ RunTime:0.000866s ]
SQL: SHOW COLUMNS FROM `navigation` [ RunTime:0.0134s ]
SQL: SELECT `NavID`,`NavName` FROM `navigation` WHERE ( NavFatherID=0 AND NavType=0 )  [ RunTime:0.0024s ]

[ 2018-05-16T16:27:27+08:00 ] 127.0.0.1 /Home/Index/index.html
INFO: [ app_init ] --START--
INFO: Run Behavior\BuildLiteBehavior [ RunTime:0.000012s ]
INFO: [ app_init ] --END-- [ RunTime:0.000434s ]
INFO: [ app_begin ] --START--
INFO: Run Behavior\ReadHtmlCacheBehavior [ RunTime:0.000676s ]
INFO: [ app_begin ] --END-- [ RunTime:0.000727s ]
SQL: SHOW COLUMNS FROM `navigation` [ RunTime:0.0068s ]
SQL: SELECT `NavID`,`NavName` FROM `navigation` WHERE ( NavFatherID=0 AND NavType=0 )  [ RunTime:0.0011s ]

