[ 2018-04-10T10:07:26+08:00 ] 127.0.0.1 /
INFO: [ app_init ] --START--
INFO: Run Behavior\BuildLiteBehavior [ RunTime:0.000010s ]
INFO: [ app_init ] --END-- [ RunTime:0.000543s ]
INFO: [ app_begin ] --START--
INFO: Run Behavior\ReadHtmlCacheBehavior [ RunTime:0.000960s ]
INFO: [ app_begin ] --END-- [ RunTime:0.001020s ]
INFO: [ view_parse ] --START--
INFO: [ template_filter ] --START--
INFO: Run Behavior\ContentReplaceBehavior [ RunTime:0.000079s ]
INFO: [ template_filter ] --END-- [ RunTime:0.000131s ]
INFO: Run Behavior\ParseTemplateBehavior [ RunTime:0.006157s ]
INFO: [ view_parse ] --END-- [ RunTime:0.006205s ]
INFO: [ view_filter ] --START--
INFO: Run Behavior\WriteHtmlCacheBehavior [ RunTime:0.000448s ]
INFO: [ view_filter ] --END-- [ RunTime:0.000491s ]
INFO: [ app_end ] --START--
INFO: Run Behavior\ShowPageTraceBehavior [ RunTime:0.000771s ]
INFO: [ app_end ] --END-- [ RunTime:0.000824s ]

[ 2018-04-10T10:08:41+08:00 ] 127.0.0.1 /
INFO: [ app_init ] --START--
INFO: Run Behavior\BuildLiteBehavior [ RunTime:0.000010s ]
INFO: [ app_init ] --END-- [ RunTime:0.000419s ]
INFO: [ app_begin ] --START--
INFO: Run Behavior\ReadHtmlCacheBehavior [ RunTime:0.000673s ]
INFO: [ app_begin ] --END-- [ RunTime:0.000724s ]
INFO: [ view_parse ] --START--
INFO: [ template_filter ] --START--
INFO: Run Behavior\ContentReplaceBehavior [ RunTime:0.000033s ]
INFO: [ template_filter ] --END-- [ RunTime:0.000074s ]
INFO: Run Behavior\ParseTemplateBehavior [ RunTime:0.004959s ]
INFO: [ view_parse ] --END-- [ RunTime:0.005014s ]
INFO: [ view_filter ] --START--
INFO: Run Behavior\WriteHtmlCacheBehavior [ RunTime:0.000414s ]
INFO: [ view_filter ] --END-- [ RunTime:0.000449s ]
INFO: [ app_end ] --START--
INFO: Run Behavior\ShowPageTraceBehavior [ RunTime:0.000756s ]
INFO: [ app_end ] --END-- [ RunTime:0.000801s ]

[ 2018-04-10T10:08:44+08:00 ] 127.0.0.1 /img/leftimg.png
INFO: [ app_init ] --START--
INFO: Run Behavior\BuildLiteBehavior [ RunTime:0.000011s ]
INFO: [ app_init ] --END-- [ RunTime:0.000539s ]

[ 2018-04-10T10:08:44+08:00 ] 127.0.0.1 /Application/Admin/View/Public/images/icon_control.png
INFO: [ app_init ] --START--
INFO: Run Behavior\BuildLiteBehavior [ RunTime:0.000019s ]
INFO: [ app_init ] --END-- [ RunTime:0.000504s ]

[ 2018-04-10T10:09:41+08:00 ] 127.0.0.1 /img/leftimg.png
INFO: [ app_init ] --START--
INFO: Run Behavior\BuildLiteBehavior [ RunTime:0.000018s ]
INFO: [ app_init ] --END-- [ RunTime:0.000383s ]

[ 2018-04-10T10:11:11+08:00 ] 127.0.0.1 /
INFO: [ app_init ] --START--
INFO: Run Behavior\BuildLiteBehavior [ RunTime:0.000015s ]
INFO: [ app_init ] --END-- [ RunTime:0.000616s ]
INFO: [ app_begin ] --START--
INFO: Run Behavior\ReadHtmlCacheBehavior [ RunTime:0.000815s ]
INFO: [ app_begin ] --END-- [ RunTime:0.000883s ]
INFO: [ view_parse ] --START--
INFO: [ template_filter ] --START--
INFO: Run Behavior\ContentReplaceBehavior [ RunTime:0.000038s ]
INFO: [ template_filter ] --END-- [ RunTime:0.000090s ]
INFO: Run Behavior\ParseTemplateBehavior [ RunTime:0.005968s ]
INFO: [ view_parse ] --END-- [ RunTime:0.006027s ]
INFO: [ view_filter ] --START--
INFO: Run Behavior\WriteHtmlCacheBehavior [ RunTime:0.000598s ]
INFO: [ view_filter ] --END-- [ RunTime:0.000638s ]
INFO: [ app_end ] --START--
INFO: Run Behavior\ShowPageTraceBehavior [ RunTime:0.000965s ]
INFO: [ app_end ] --END-- [ RunTime:0.001027s ]

[ 2018-04-10T10:11:27+08:00 ] 127.0.0.1 /home
INFO: [ app_init ] --START--
INFO: Run Behavior\BuildLiteBehavior [ RunTime:0.000015s ]
INFO: [ app_init ] --END-- [ RunTime:0.000506s ]
INFO: [ app_begin ] --START--
INFO: Run Behavior\ReadHtmlCacheBehavior [ RunTime:0.000748s ]
INFO: [ app_begin ] --END-- [ RunTime:0.000817s ]
INFO: [ view_parse ] --START--
INFO: [ template_filter ] --START--
INFO: Run Behavior\ContentReplaceBehavior [ RunTime:0.000035s ]
INFO: [ template_filter ] --END-- [ RunTime:0.000081s ]
INFO: Run Behavior\ParseTemplateBehavior [ RunTime:0.005461s ]
INFO: [ view_parse ] --END-- [ RunTime:0.005521s ]
INFO: [ view_filter ] --START--
INFO: Run Behavior\WriteHtmlCacheBehavior [ RunTime:0.000493s ]
INFO: [ view_filter ] --END-- [ RunTime:0.000548s ]
INFO: [ app_end ] --START--
INFO: Run Behavior\ShowPageTraceBehavior [ RunTime:0.000998s ]
INFO: [ app_end ] --END-- [ RunTime:0.001058s ]

[ 2018-04-10T10:11:43+08:00 ] 127.0.0.1 /
INFO: [ app_init ] --START--
INFO: Run Behavior\BuildLiteBehavior [ RunTime:0.000012s ]
INFO: [ app_init ] --END-- [ RunTime:0.000509s ]
INFO: [ app_begin ] --START--
INFO: Run Behavior\ReadHtmlCacheBehavior [ RunTime:0.000572s ]
INFO: [ app_begin ] --END-- [ RunTime:0.000618s ]
INFO: [ view_parse ] --START--
INFO: [ template_filter ] --START--
INFO: Run Behavior\ContentReplaceBehavior [ RunTime:0.000168s ]
INFO: [ template_filter ] --END-- [ RunTime:0.000222s ]
NOTIC: [8] Undefined variable: title D:\myenv\apache\htdocs\pgyidc\Application\Runtime\Cache\Home\2a94b8bda04ff446dcedd42276fc99ee.php 第 5 行.
NOTIC: [8] Undefined variable: current D:\myenv\apache\htdocs\pgyidc\Application\Runtime\Cache\Home\2a94b8bda04ff446dcedd42276fc99ee.php 第 81 行.
NOTIC: [8] Undefined variable: current D:\myenv\apache\htdocs\pgyidc\Application\Runtime\Cache\Home\2a94b8bda04ff446dcedd42276fc99ee.php 第 117 行.
NOTIC: [8] Undefined variable: current D:\myenv\apache\htdocs\pgyidc\Application\Runtime\Cache\Home\2a94b8bda04ff446dcedd42276fc99ee.php 第 252 行.
INFO: Run Behavior\ParseTemplateBehavior [ RunTime:0.018569s ]
INFO: [ view_parse ] --END-- [ RunTime:0.018623s ]
INFO: [ view_filter ] --START--
INFO: Run Behavior\WriteHtmlCacheBehavior [ RunTime:0.000495s ]
INFO: [ view_filter ] --END-- [ RunTime:0.000531s ]
INFO: [ app_end ] --START--
INFO: Run Behavior\ShowPageTraceBehavior [ RunTime:0.000911s ]
INFO: [ app_end ] --END-- [ RunTime:0.000991s ]

[ 2018-04-10T10:12:25+08:00 ] 127.0.0.1 /
INFO: [ app_init ] --START--
INFO: Run Behavior\BuildLiteBehavior [ RunTime:0.000011s ]
INFO: [ app_init ] --END-- [ RunTime:0.000468s ]
INFO: [ app_begin ] --START--
INFO: Run Behavior\ReadHtmlCacheBehavior [ RunTime:0.000976s ]
INFO: [ app_begin ] --END-- [ RunTime:0.001027s ]
INFO: [ view_parse ] --START--
INFO: [ template_filter ] --START--
INFO: Run Behavior\ContentReplaceBehavior [ RunTime:0.000165s ]
INFO: [ template_filter ] --END-- [ RunTime:0.000221s ]
NOTIC: [8] Undefined variable: title D:\myenv\apache\htdocs\pgyidc\Application\Runtime\Cache\Home\2a94b8bda04ff446dcedd42276fc99ee.php 第 5 行.
NOTIC: [8] Undefined variable: current D:\myenv\apache\htdocs\pgyidc\Application\Runtime\Cache\Home\2a94b8bda04ff446dcedd42276fc99ee.php 第 81 行.
NOTIC: [8] Undefined variable: current D:\myenv\apache\htdocs\pgyidc\Application\Runtime\Cache\Home\2a94b8bda04ff446dcedd42276fc99ee.php 第 117 行.
NOTIC: [8] Undefined variable: current D:\myenv\apache\htdocs\pgyidc\Application\Runtime\Cache\Home\2a94b8bda04ff446dcedd42276fc99ee.php 第 252 行.
INFO: Run Behavior\ParseTemplateBehavior [ RunTime:0.020309s ]
INFO: [ view_parse ] --END-- [ RunTime:0.020351s ]
INFO: [ view_filter ] --START--
INFO: Run Behavior\WriteHtmlCacheBehavior [ RunTime:0.000747s ]
INFO: [ view_filter ] --END-- [ RunTime:0.000782s ]
INFO: [ app_end ] --START--
INFO: Run Behavior\ShowPageTraceBehavior [ RunTime:0.001729s ]
INFO: [ app_end ] --END-- [ RunTime:0.001812s ]

[ 2018-04-10T10:12:29+08:00 ] 127.0.0.1 /
INFO: [ app_init ] --START--
INFO: Run Behavior\BuildLiteBehavior [ RunTime:0.000011s ]
INFO: [ app_init ] --END-- [ RunTime:0.000575s ]
INFO: [ app_begin ] --START--
INFO: Run Behavior\ReadHtmlCacheBehavior [ RunTime:0.000939s ]
INFO: [ app_begin ] --END-- [ RunTime:0.000995s ]
INFO: [ view_parse ] --START--
INFO: [ template_filter ] --START--
INFO: Run Behavior\ContentReplaceBehavior [ RunTime:0.000255s ]
INFO: [ template_filter ] --END-- [ RunTime:0.000327s ]
NOTIC: [8] Undefined variable: title D:\myenv\apache\htdocs\pgyidc\Application\Runtime\Cache\Home\2a94b8bda04ff446dcedd42276fc99ee.php 第 5 行.
NOTIC: [8] Undefined variable: current D:\myenv\apache\htdocs\pgyidc\Application\Runtime\Cache\Home\2a94b8bda04ff446dcedd42276fc99ee.php 第 81 行.
NOTIC: [8] Undefined variable: current D:\myenv\apache\htdocs\pgyidc\Application\Runtime\Cache\Home\2a94b8bda04ff446dcedd42276fc99ee.php 第 117 行.
NOTIC: [8] Undefined variable: current D:\myenv\apache\htdocs\pgyidc\Application\Runtime\Cache\Home\2a94b8bda04ff446dcedd42276fc99ee.php 第 252 行.
INFO: Run Behavior\ParseTemplateBehavior [ RunTime:0.015848s ]
INFO: [ view_parse ] --END-- [ RunTime:0.015898s ]
INFO: [ view_filter ] --START--
INFO: Run Behavior\WriteHtmlCacheBehavior [ RunTime:0.000727s ]
INFO: [ view_filter ] --END-- [ RunTime:0.000762s ]
INFO: [ app_end ] --START--
INFO: Run Behavior\ShowPageTraceBehavior [ RunTime:0.001288s ]
INFO: [ app_end ] --END-- [ RunTime:0.001372s ]

[ 2018-04-10T10:12:32+08:00 ] 127.0.0.1 /
INFO: [ app_init ] --START--
INFO: Run Behavior\BuildLiteBehavior [ RunTime:0.000013s ]
INFO: [ app_init ] --END-- [ RunTime:0.000541s ]
INFO: [ app_begin ] --START--
INFO: Run Behavior\ReadHtmlCacheBehavior [ RunTime:0.000969s ]
INFO: [ app_begin ] --END-- [ RunTime:0.001022s ]
INFO: [ view_parse ] --START--
INFO: [ template_filter ] --START--
INFO: Run Behavior\ContentReplaceBehavior [ RunTime:0.000165s ]
INFO: [ template_filter ] --END-- [ RunTime:0.000209s ]
NOTIC: [8] Undefined variable: title D:\myenv\apache\htdocs\pgyidc\Application\Runtime\Cache\Home\2a94b8bda04ff446dcedd42276fc99ee.php 第 5 行.
NOTIC: [8] Undefined variable: current D:\myenv\apache\htdocs\pgyidc\Application\Runtime\Cache\Home\2a94b8bda04ff446dcedd42276fc99ee.php 第 81 行.
NOTIC: [8] Undefined variable: current D:\myenv\apache\htdocs\pgyidc\Application\Runtime\Cache\Home\2a94b8bda04ff446dcedd42276fc99ee.php 第 117 行.
NOTIC: [8] Undefined variable: current D:\myenv\apache\htdocs\pgyidc\Application\Runtime\Cache\Home\2a94b8bda04ff446dcedd42276fc99ee.php 第 252 行.
INFO: Run Behavior\ParseTemplateBehavior [ RunTime:0.015685s ]
INFO: [ view_parse ] --END-- [ RunTime:0.015731s ]
INFO: [ view_filter ] --START--
INFO: Run Behavior\WriteHtmlCacheBehavior [ RunTime:0.000925s ]
INFO: [ view_filter ] --END-- [ RunTime:0.000962s ]
INFO: [ app_end ] --START--
INFO: Run Behavior\ShowPageTraceBehavior [ RunTime:0.001123s ]
INFO: [ app_end ] --END-- [ RunTime:0.001224s ]

[ 2018-04-10T10:13:11+08:00 ] 127.0.0.1 /Index/newserver.html
INFO: [ app_init ] --START--
INFO: Run Behavior\BuildLiteBehavior [ RunTime:0.000011s ]
INFO: [ app_init ] --END-- [ RunTime:0.000499s ]
INFO: [ app_begin ] --START--
INFO: Run Behavior\ReadHtmlCacheBehavior [ RunTime:0.000962s ]
INFO: [ app_begin ] --END-- [ RunTime:0.001027s ]
INFO: [ view_parse ] --START--
INFO: [ template_filter ] --START--
INFO: Run Behavior\ContentReplaceBehavior [ RunTime:0.000168s ]
INFO: [ template_filter ] --END-- [ RunTime:0.000250s ]
NOTIC: [8] Undefined variable: title D:\myenv\apache\htdocs\pgyidc\Application\Runtime\Cache\Home\95a3507e212971b49727ed2ba0455d61.php 第 5 行.
NOTIC: [8] Undefined variable: current D:\myenv\apache\htdocs\pgyidc\Application\Runtime\Cache\Home\95a3507e212971b49727ed2ba0455d61.php 第 81 行.
NOTIC: [8] Undefined variable: current D:\myenv\apache\htdocs\pgyidc\Application\Runtime\Cache\Home\95a3507e212971b49727ed2ba0455d61.php 第 117 行.
NOTIC: [8] Undefined variable: current D:\myenv\apache\htdocs\pgyidc\Application\Runtime\Cache\Home\95a3507e212971b49727ed2ba0455d61.php 第 252 行.
INFO: Run Behavior\ParseTemplateBehavior [ RunTime:0.017344s ]
INFO: [ view_parse ] --END-- [ RunTime:0.017444s ]
INFO: [ view_filter ] --START--
INFO: Run Behavior\WriteHtmlCacheBehavior [ RunTime:0.000877s ]
INFO: [ view_filter ] --END-- [ RunTime:0.000938s ]
INFO: [ app_end ] --START--
INFO: Run Behavior\ShowPageTraceBehavior [ RunTime:0.001508s ]
INFO: [ app_end ] --END-- [ RunTime:0.001621s ]

[ 2018-04-10T10:13:25+08:00 ] 127.0.0.1 /Index/cloud.html
INFO: [ app_init ] --START--
INFO: Run Behavior\BuildLiteBehavior [ RunTime:0.000013s ]
INFO: [ app_init ] --END-- [ RunTime:0.000488s ]
INFO: [ app_begin ] --START--
INFO: Run Behavior\ReadHtmlCacheBehavior [ RunTime:0.001139s ]
INFO: [ app_begin ] --END-- [ RunTime:0.001221s ]
INFO: [ view_parse ] --START--
INFO: [ template_filter ] --START--
INFO: Run Behavior\ContentReplaceBehavior [ RunTime:0.000141s ]
INFO: [ template_filter ] --END-- [ RunTime:0.000194s ]
NOTIC: [8] Undefined variable: title D:\myenv\apache\htdocs\pgyidc\Application\Runtime\Cache\Home\0cf361509365907d66e391a361e4b79c.php 第 5 行.
NOTIC: [8] Undefined variable: current D:\myenv\apache\htdocs\pgyidc\Application\Runtime\Cache\Home\0cf361509365907d66e391a361e4b79c.php 第 81 行.
NOTIC: [8] Undefined variable: current D:\myenv\apache\htdocs\pgyidc\Application\Runtime\Cache\Home\0cf361509365907d66e391a361e4b79c.php 第 117 行.
NOTIC: [8] Undefined variable: current D:\myenv\apache\htdocs\pgyidc\Application\Runtime\Cache\Home\0cf361509365907d66e391a361e4b79c.php 第 252 行.
INFO: Run Behavior\ParseTemplateBehavior [ RunTime:0.015415s ]
INFO: [ view_parse ] --END-- [ RunTime:0.015468s ]
INFO: [ view_filter ] --START--
INFO: Run Behavior\WriteHtmlCacheBehavior [ RunTime:0.001038s ]
INFO: [ view_filter ] --END-- [ RunTime:0.001098s ]
INFO: [ app_end ] --START--
INFO: Run Behavior\ShowPageTraceBehavior [ RunTime:0.001750s ]
INFO: [ app_end ] --END-- [ RunTime:0.001859s ]

[ 2018-04-10T10:13:34+08:00 ] 127.0.0.1 /Index/cloud.html
INFO: [ app_init ] --START--
INFO: Run Behavior\BuildLiteBehavior [ RunTime:0.000026s ]
INFO: [ app_init ] --END-- [ RunTime:0.000496s ]
INFO: [ app_begin ] --START--
INFO: Run Behavior\ReadHtmlCacheBehavior [ RunTime:0.000978s ]
INFO: [ app_begin ] --END-- [ RunTime:0.001048s ]
INFO: [ view_parse ] --START--
INFO: [ template_filter ] --START--
INFO: Run Behavior\ContentReplaceBehavior [ RunTime:0.000167s ]
INFO: [ template_filter ] --END-- [ RunTime:0.000252s ]
NOTIC: [8] Undefined variable: title D:\myenv\apache\htdocs\pgyidc\Application\Runtime\Cache\Home\0cf361509365907d66e391a361e4b79c.php 第 5 行.
NOTIC: [8] Undefined variable: current D:\myenv\apache\htdocs\pgyidc\Application\Runtime\Cache\Home\0cf361509365907d66e391a361e4b79c.php 第 81 行.
NOTIC: [8] Undefined variable: current D:\myenv\apache\htdocs\pgyidc\Application\Runtime\Cache\Home\0cf361509365907d66e391a361e4b79c.php 第 117 行.
NOTIC: [8] Undefined variable: current D:\myenv\apache\htdocs\pgyidc\Application\Runtime\Cache\Home\0cf361509365907d66e391a361e4b79c.php 第 252 行.
INFO: Run Behavior\ParseTemplateBehavior [ RunTime:0.013013s ]
INFO: [ view_parse ] --END-- [ RunTime:0.013053s ]
INFO: [ view_filter ] --START--
INFO: Run Behavior\WriteHtmlCacheBehavior [ RunTime:0.000589s ]
INFO: [ view_filter ] --END-- [ RunTime:0.000632s ]
INFO: [ app_end ] --START--
INFO: Run Behavior\ShowPageTraceBehavior [ RunTime:0.000955s ]
INFO: [ app_end ] --END-- [ RunTime:0.001057s ]

[ 2018-04-10T10:13:36+08:00 ] 127.0.0.1 /Index/cloudbuy.html
INFO: [ app_init ] --START--
INFO: Run Behavior\BuildLiteBehavior [ RunTime:0.000015s ]
INFO: [ app_init ] --END-- [ RunTime:0.000534s ]
INFO: [ app_begin ] --START--
INFO: Run Behavior\ReadHtmlCacheBehavior [ RunTime:0.000631s ]
INFO: [ app_begin ] --END-- [ RunTime:0.000682s ]
INFO: [ view_parse ] --START--
INFO: [ template_filter ] --START--
INFO: Run Behavior\ContentReplaceBehavior [ RunTime:0.000142s ]
INFO: [ template_filter ] --END-- [ RunTime:0.000209s ]
NOTIC: [8] Undefined variable: title D:\myenv\apache\htdocs\pgyidc\Application\Runtime\Cache\Home\1c44d0dd6e867a3c86931fd4c5d77be1.php 第 5 行.
NOTIC: [8] Undefined variable: current D:\myenv\apache\htdocs\pgyidc\Application\Runtime\Cache\Home\1c44d0dd6e867a3c86931fd4c5d77be1.php 第 81 行.
NOTIC: [8] Undefined variable: current D:\myenv\apache\htdocs\pgyidc\Application\Runtime\Cache\Home\1c44d0dd6e867a3c86931fd4c5d77be1.php 第 117 行.
NOTIC: [8] Undefined variable: current D:\myenv\apache\htdocs\pgyidc\Application\Runtime\Cache\Home\1c44d0dd6e867a3c86931fd4c5d77be1.php 第 252 行.
NOTIC: [8] Undefined variable: id D:\myenv\apache\htdocs\pgyidc\Application\Runtime\Cache\Home\1c44d0dd6e867a3c86931fd4c5d77be1.php 第 421 行.
NOTIC: [8] Undefined variable: cid D:\myenv\apache\htdocs\pgyidc\Application\Runtime\Cache\Home\1c44d0dd6e867a3c86931fd4c5d77be1.php 第 422 行.
NOTIC: [8] Undefined variable: cloudtypelist D:\myenv\apache\htdocs\pgyidc\Application\Runtime\Cache\Home\1c44d0dd6e867a3c86931fd4c5d77be1.php 第 433 行.
NOTIC: [8] Undefined variable: configtypelist D:\myenv\apache\htdocs\pgyidc\Application\Runtime\Cache\Home\1c44d0dd6e867a3c86931fd4c5d77be1.php 第 449 行.
NOTIC: [8] Undefined variable: bdssdiparr D:\myenv\apache\htdocs\pgyidc\Application\Runtime\Cache\Home\1c44d0dd6e867a3c86931fd4c5d77be1.php 第 465 行.
NOTIC: [8] Undefined variable: bdssdiparr D:\myenv\apache\htdocs\pgyidc\Application\Runtime\Cache\Home\1c44d0dd6e867a3c86931fd4c5d77be1.php 第 471 行.
NOTIC: [8] Undefined variable: bdssdiparr D:\myenv\apache\htdocs\pgyidc\Application\Runtime\Cache\Home\1c44d0dd6e867a3c86931fd4c5d77be1.php 第 488 行.
NOTIC: [8] Undefined variable: bdssdiparr D:\myenv\apache\htdocs\pgyidc\Application\Runtime\Cache\Home\1c44d0dd6e867a3c86931fd4c5d77be1.php 第 588 行.
INFO: Run Behavior\ParseTemplateBehavior [ RunTime:0.017871s ]
INFO: [ view_parse ] --END-- [ RunTime:0.017912s ]
INFO: [ view_filter ] --START--
INFO: Run Behavior\WriteHtmlCacheBehavior [ RunTime:0.000434s ]
INFO: [ view_filter ] --END-- [ RunTime:0.000497s ]
INFO: [ app_end ] --START--
INFO: Run Behavior\ShowPageTraceBehavior [ RunTime:0.000950s ]
INFO: [ app_end ] --END-- [ RunTime:0.001034s ]

[ 2018-04-10T10:14:42+08:00 ] 127.0.0.1 /Index/index.html
INFO: [ app_init ] --START--
INFO: Run Behavior\BuildLiteBehavior [ RunTime:0.000026s ]
INFO: [ app_init ] --END-- [ RunTime:0.000584s ]
INFO: [ app_begin ] --START--
INFO: Run Behavior\ReadHtmlCacheBehavior [ RunTime:0.000659s ]
INFO: [ app_begin ] --END-- [ RunTime:0.000727s ]
INFO: [ view_parse ] --START--
INFO: [ template_filter ] --START--
INFO: Run Behavior\ContentReplaceBehavior [ RunTime:0.000203s ]
INFO: [ template_filter ] --END-- [ RunTime:0.000249s ]
NOTIC: [8] Undefined variable: title D:\myenv\apache\htdocs\pgyidc\Application\Runtime\Cache\Home\2a94b8bda04ff446dcedd42276fc99ee.php 第 5 行.
NOTIC: [8] Undefined variable: current D:\myenv\apache\htdocs\pgyidc\Application\Runtime\Cache\Home\2a94b8bda04ff446dcedd42276fc99ee.php 第 81 行.
NOTIC: [8] Undefined variable: current D:\myenv\apache\htdocs\pgyidc\Application\Runtime\Cache\Home\2a94b8bda04ff446dcedd42276fc99ee.php 第 117 行.
NOTIC: [8] Undefined variable: current D:\myenv\apache\htdocs\pgyidc\Application\Runtime\Cache\Home\2a94b8bda04ff446dcedd42276fc99ee.php 第 252 行.
INFO: Run Behavior\ParseTemplateBehavior [ RunTime:0.014318s ]
INFO: [ view_parse ] --END-- [ RunTime:0.014362s ]
INFO: [ view_filter ] --START--
INFO: Run Behavior\WriteHtmlCacheBehavior [ RunTime:0.000517s ]
INFO: [ view_filter ] --END-- [ RunTime:0.000553s ]
INFO: [ app_end ] --START--
INFO: Run Behavior\ShowPageTraceBehavior [ RunTime:0.000843s ]
INFO: [ app_end ] --END-- [ RunTime:0.000939s ]

[ 2018-04-10T11:06:22+08:00 ] 127.0.0.1 /Index/cloud.html
INFO: [ app_init ] --START--
INFO: Run Behavior\BuildLiteBehavior [ RunTime:0.000011s ]
INFO: [ app_init ] --END-- [ RunTime:0.000624s ]
INFO: [ app_begin ] --START--
INFO: Run Behavior\ReadHtmlCacheBehavior [ RunTime:0.000982s ]
INFO: [ app_begin ] --END-- [ RunTime:0.001052s ]
INFO: [ view_parse ] --START--
INFO: [ template_filter ] --START--
INFO: Run Behavior\ContentReplaceBehavior [ RunTime:0.000173s ]
INFO: [ template_filter ] --END-- [ RunTime:0.000219s ]
NOTIC: [8] Undefined variable: title D:\myenv\apache\htdocs\pgyidc\Application\Runtime\Cache\Home\0cf361509365907d66e391a361e4b79c.php 第 5 行.
NOTIC: [8] Undefined variable: current D:\myenv\apache\htdocs\pgyidc\Application\Runtime\Cache\Home\0cf361509365907d66e391a361e4b79c.php 第 81 行.
NOTIC: [8] Undefined variable: current D:\myenv\apache\htdocs\pgyidc\Application\Runtime\Cache\Home\0cf361509365907d66e391a361e4b79c.php 第 117 行.
NOTIC: [8] Undefined variable: current D:\myenv\apache\htdocs\pgyidc\Application\Runtime\Cache\Home\0cf361509365907d66e391a361e4b79c.php 第 252 行.
INFO: Run Behavior\ParseTemplateBehavior [ RunTime:0.014846s ]
INFO: [ view_parse ] --END-- [ RunTime:0.014898s ]
INFO: [ view_filter ] --START--
INFO: Run Behavior\WriteHtmlCacheBehavior [ RunTime:0.001048s ]
INFO: [ view_filter ] --END-- [ RunTime:0.001109s ]
INFO: [ app_end ] --START--
INFO: Run Behavior\ShowPageTraceBehavior [ RunTime:0.001229s ]
INFO: [ app_end ] --END-- [ RunTime:0.001310s ]

[ 2018-04-10T11:06:35+08:00 ] 127.0.0.1 /Index/vhost.html
INFO: [ app_init ] --START--
INFO: Run Behavior\BuildLiteBehavior [ RunTime:0.000012s ]
INFO: [ app_init ] --END-- [ RunTime:0.000555s ]
INFO: [ app_begin ] --START--
INFO: Run Behavior\ReadHtmlCacheBehavior [ RunTime:0.001018s ]
INFO: [ app_begin ] --END-- [ RunTime:0.001074s ]
INFO: [ view_parse ] --START--
INFO: [ template_filter ] --START--
INFO: Run Behavior\ContentReplaceBehavior [ RunTime:0.000109s ]
INFO: [ template_filter ] --END-- [ RunTime:0.000156s ]
NOTIC: [8] Undefined variable: title D:\myenv\apache\htdocs\pgyidc\Application\Runtime\Cache\Home\9d5feae771b36b874922490db42532c1.php 第 5 行.
NOTIC: [8] Undefined variable: current D:\myenv\apache\htdocs\pgyidc\Application\Runtime\Cache\Home\9d5feae771b36b874922490db42532c1.php 第 81 行.
NOTIC: [8] Undefined variable: current D:\myenv\apache\htdocs\pgyidc\Application\Runtime\Cache\Home\9d5feae771b36b874922490db42532c1.php 第 117 行.
NOTIC: [8] Undefined variable: current D:\myenv\apache\htdocs\pgyidc\Application\Runtime\Cache\Home\9d5feae771b36b874922490db42532c1.php 第 252 行.
INFO: Run Behavior\ParseTemplateBehavior [ RunTime:0.013261s ]
INFO: [ view_parse ] --END-- [ RunTime:0.013307s ]
INFO: [ view_filter ] --START--
INFO: Run Behavior\WriteHtmlCacheBehavior [ RunTime:0.000835s ]
INFO: [ view_filter ] --END-- [ RunTime:0.000883s ]
INFO: [ app_end ] --START--
INFO: Run Behavior\ShowPageTraceBehavior [ RunTime:0.001286s ]
INFO: [ app_end ] --END-- [ RunTime:0.001342s ]

[ 2018-04-10T11:06:45+08:00 ] 127.0.0.1 /Index/cloud.html
INFO: [ app_init ] --START--
INFO: Run Behavior\BuildLiteBehavior [ RunTime:0.000011s ]
INFO: [ app_init ] --END-- [ RunTime:0.000568s ]
INFO: [ app_begin ] --START--
INFO: Run Behavior\ReadHtmlCacheBehavior [ RunTime:0.001160s ]
INFO: [ app_begin ] --END-- [ RunTime:0.001246s ]
INFO: [ view_parse ] --START--
INFO: [ template_filter ] --START--
INFO: Run Behavior\ContentReplaceBehavior [ RunTime:0.000259s ]
INFO: [ template_filter ] --END-- [ RunTime:0.000338s ]
NOTIC: [8] Undefined variable: title D:\myenv\apache\htdocs\pgyidc\Application\Runtime\Cache\Home\0cf361509365907d66e391a361e4b79c.php 第 5 行.
NOTIC: [8] Undefined variable: current D:\myenv\apache\htdocs\pgyidc\Application\Runtime\Cache\Home\0cf361509365907d66e391a361e4b79c.php 第 81 行.
NOTIC: [8] Undefined variable: current D:\myenv\apache\htdocs\pgyidc\Application\Runtime\Cache\Home\0cf361509365907d66e391a361e4b79c.php 第 117 行.
NOTIC: [8] Undefined variable: current D:\myenv\apache\htdocs\pgyidc\Application\Runtime\Cache\Home\0cf361509365907d66e391a361e4b79c.php 第 252 行.
INFO: Run Behavior\ParseTemplateBehavior [ RunTime:0.015480s ]
INFO: [ view_parse ] --END-- [ RunTime:0.015552s ]
INFO: [ view_filter ] --START--
INFO: Run Behavior\WriteHtmlCacheBehavior [ RunTime:0.000771s ]
INFO: [ view_filter ] --END-- [ RunTime:0.000814s ]
INFO: [ app_end ] --START--
INFO: Run Behavior\ShowPageTraceBehavior [ RunTime:0.001416s ]
INFO: [ app_end ] --END-- [ RunTime:0.001510s ]

[ 2018-04-10T11:06:47+08:00 ] 127.0.0.1 /Index/cloudbuy.html
INFO: [ app_init ] --START--
INFO: Run Behavior\BuildLiteBehavior [ RunTime:0.000030s ]
INFO: [ app_init ] --END-- [ RunTime:0.000698s ]
INFO: [ app_begin ] --START--
INFO: Run Behavior\ReadHtmlCacheBehavior [ RunTime:0.000997s ]
INFO: [ app_begin ] --END-- [ RunTime:0.001053s ]
INFO: [ view_parse ] --START--
INFO: [ template_filter ] --START--
INFO: Run Behavior\ContentReplaceBehavior [ RunTime:0.000143s ]
INFO: [ template_filter ] --END-- [ RunTime:0.000189s ]
NOTIC: [8] Undefined variable: title D:\myenv\apache\htdocs\pgyidc\Application\Runtime\Cache\Home\1c44d0dd6e867a3c86931fd4c5d77be1.php 第 5 行.
NOTIC: [8] Undefined variable: current D:\myenv\apache\htdocs\pgyidc\Application\Runtime\Cache\Home\1c44d0dd6e867a3c86931fd4c5d77be1.php 第 81 行.
NOTIC: [8] Undefined variable: current D:\myenv\apache\htdocs\pgyidc\Application\Runtime\Cache\Home\1c44d0dd6e867a3c86931fd4c5d77be1.php 第 117 行.
NOTIC: [8] Undefined variable: current D:\myenv\apache\htdocs\pgyidc\Application\Runtime\Cache\Home\1c44d0dd6e867a3c86931fd4c5d77be1.php 第 252 行.
NOTIC: [8] Undefined variable: id D:\myenv\apache\htdocs\pgyidc\Application\Runtime\Cache\Home\1c44d0dd6e867a3c86931fd4c5d77be1.php 第 421 行.
NOTIC: [8] Undefined variable: cid D:\myenv\apache\htdocs\pgyidc\Application\Runtime\Cache\Home\1c44d0dd6e867a3c86931fd4c5d77be1.php 第 422 行.
NOTIC: [8] Undefined variable: cloudtypelist D:\myenv\apache\htdocs\pgyidc\Application\Runtime\Cache\Home\1c44d0dd6e867a3c86931fd4c5d77be1.php 第 433 行.
NOTIC: [8] Undefined variable: configtypelist D:\myenv\apache\htdocs\pgyidc\Application\Runtime\Cache\Home\1c44d0dd6e867a3c86931fd4c5d77be1.php 第 449 行.
NOTIC: [8] Undefined variable: bdssdiparr D:\myenv\apache\htdocs\pgyidc\Application\Runtime\Cache\Home\1c44d0dd6e867a3c86931fd4c5d77be1.php 第 465 行.
NOTIC: [8] Undefined variable: bdssdiparr D:\myenv\apache\htdocs\pgyidc\Application\Runtime\Cache\Home\1c44d0dd6e867a3c86931fd4c5d77be1.php 第 471 行.
NOTIC: [8] Undefined variable: bdssdiparr D:\myenv\apache\htdocs\pgyidc\Application\Runtime\Cache\Home\1c44d0dd6e867a3c86931fd4c5d77be1.php 第 488 行.
NOTIC: [8] Undefined variable: bdssdiparr D:\myenv\apache\htdocs\pgyidc\Application\Runtime\Cache\Home\1c44d0dd6e867a3c86931fd4c5d77be1.php 第 588 行.
INFO: Run Behavior\ParseTemplateBehavior [ RunTime:0.019186s ]
INFO: [ view_parse ] --END-- [ RunTime:0.019240s ]
INFO: [ view_filter ] --START--
INFO: Run Behavior\WriteHtmlCacheBehavior [ RunTime:0.000729s ]
INFO: [ view_filter ] --END-- [ RunTime:0.000771s ]
INFO: [ app_end ] --START--
INFO: Run Behavior\ShowPageTraceBehavior [ RunTime:0.001190s ]
INFO: [ app_end ] --END-- [ RunTime:0.001290s ]

[ 2018-04-10T11:09:43+08:00 ] 127.0.0.1 /Home/Index/cloudbuyreq/
INFO: [ app_init ] --START--
INFO: Run Behavior\BuildLiteBehavior [ RunTime:0.000014s ]
INFO: [ app_init ] --END-- [ RunTime:0.000439s ]
INFO: [ app_begin ] --START--
INFO: Run Behavior\ReadHtmlCacheBehavior [ RunTime:0.000762s ]
INFO: [ app_begin ] --END-- [ RunTime:0.000808s ]
ERR: 非法操作:cloudbuyreq

[ 2018-04-10T11:10:47+08:00 ] 127.0.0.1 /Index/cloudbuy.html
INFO: [ app_init ] --START--
INFO: Run Behavior\BuildLiteBehavior [ RunTime:0.000016s ]
INFO: [ app_init ] --END-- [ RunTime:0.000650s ]
INFO: [ app_begin ] --START--
INFO: Run Behavior\ReadHtmlCacheBehavior [ RunTime:0.000844s ]
INFO: [ app_begin ] --END-- [ RunTime:0.000915s ]
INFO: [ view_parse ] --START--
INFO: [ template_filter ] --START--
INFO: Run Behavior\ContentReplaceBehavior [ RunTime:0.000186s ]
INFO: [ template_filter ] --END-- [ RunTime:0.000238s ]
NOTIC: [8] Undefined variable: title D:\myenv\apache\htdocs\pgyidc\Application\Runtime\Cache\Home\1c44d0dd6e867a3c86931fd4c5d77be1.php 第 5 行.
NOTIC: [8] Undefined variable: current D:\myenv\apache\htdocs\pgyidc\Application\Runtime\Cache\Home\1c44d0dd6e867a3c86931fd4c5d77be1.php 第 81 行.
NOTIC: [8] Undefined variable: current D:\myenv\apache\htdocs\pgyidc\Application\Runtime\Cache\Home\1c44d0dd6e867a3c86931fd4c5d77be1.php 第 117 行.
NOTIC: [8] Undefined variable: current D:\myenv\apache\htdocs\pgyidc\Application\Runtime\Cache\Home\1c44d0dd6e867a3c86931fd4c5d77be1.php 第 252 行.
NOTIC: [8] Undefined variable: id D:\myenv\apache\htdocs\pgyidc\Application\Runtime\Cache\Home\1c44d0dd6e867a3c86931fd4c5d77be1.php 第 421 行.
NOTIC: [8] Undefined variable: cid D:\myenv\apache\htdocs\pgyidc\Application\Runtime\Cache\Home\1c44d0dd6e867a3c86931fd4c5d77be1.php 第 422 行.
NOTIC: [8] Undefined variable: cloudtypelist D:\myenv\apache\htdocs\pgyidc\Application\Runtime\Cache\Home\1c44d0dd6e867a3c86931fd4c5d77be1.php 第 433 行.
NOTIC: [8] Undefined variable: configtypelist D:\myenv\apache\htdocs\pgyidc\Application\Runtime\Cache\Home\1c44d0dd6e867a3c86931fd4c5d77be1.php 第 449 行.
NOTIC: [8] Undefined variable: bdssdiparr D:\myenv\apache\htdocs\pgyidc\Application\Runtime\Cache\Home\1c44d0dd6e867a3c86931fd4c5d77be1.php 第 465 行.
NOTIC: [8] Undefined variable: bdssdiparr D:\myenv\apache\htdocs\pgyidc\Application\Runtime\Cache\Home\1c44d0dd6e867a3c86931fd4c5d77be1.php 第 471 行.
NOTIC: [8] Undefined variable: bdssdiparr D:\myenv\apache\htdocs\pgyidc\Application\Runtime\Cache\Home\1c44d0dd6e867a3c86931fd4c5d77be1.php 第 488 行.
NOTIC: [8] Undefined variable: bdssdiparr D:\myenv\apache\htdocs\pgyidc\Application\Runtime\Cache\Home\1c44d0dd6e867a3c86931fd4c5d77be1.php 第 588 行.
INFO: Run Behavior\ParseTemplateBehavior [ RunTime:0.018955s ]
INFO: [ view_parse ] --END-- [ RunTime:0.018999s ]
INFO: [ view_filter ] --START--
INFO: Run Behavior\WriteHtmlCacheBehavior [ RunTime:0.000787s ]
INFO: [ view_filter ] --END-- [ RunTime:0.000840s ]
INFO: [ app_end ] --START--
INFO: Run Behavior\ShowPageTraceBehavior [ RunTime:0.001423s ]
INFO: [ app_end ] --END-- [ RunTime:0.001518s ]

[ 2018-04-10T11:10:48+08:00 ] 127.0.0.1 /Index/cloudbuy.html
INFO: [ app_init ] --START--
INFO: Run Behavior\BuildLiteBehavior [ RunTime:0.000013s ]
INFO: [ app_init ] --END-- [ RunTime:0.000555s ]
INFO: [ app_begin ] --START--
INFO: Run Behavior\ReadHtmlCacheBehavior [ RunTime:0.000808s ]
INFO: [ app_begin ] --END-- [ RunTime:0.000859s ]
INFO: [ view_parse ] --START--
INFO: [ template_filter ] --START--
INFO: Run Behavior\ContentReplaceBehavior [ RunTime:0.000142s ]
INFO: [ template_filter ] --END-- [ RunTime:0.000202s ]
NOTIC: [8] Undefined variable: title D:\myenv\apache\htdocs\pgyidc\Application\Runtime\Cache\Home\1c44d0dd6e867a3c86931fd4c5d77be1.php 第 5 行.
NOTIC: [8] Undefined variable: current D:\myenv\apache\htdocs\pgyidc\Application\Runtime\Cache\Home\1c44d0dd6e867a3c86931fd4c5d77be1.php 第 81 行.
NOTIC: [8] Undefined variable: current D:\myenv\apache\htdocs\pgyidc\Application\Runtime\Cache\Home\1c44d0dd6e867a3c86931fd4c5d77be1.php 第 117 行.
NOTIC: [8] Undefined variable: current D:\myenv\apache\htdocs\pgyidc\Application\Runtime\Cache\Home\1c44d0dd6e867a3c86931fd4c5d77be1.php 第 252 行.
NOTIC: [8] Undefined variable: id D:\myenv\apache\htdocs\pgyidc\Application\Runtime\Cache\Home\1c44d0dd6e867a3c86931fd4c5d77be1.php 第 421 行.
NOTIC: [8] Undefined variable: cid D:\myenv\apache\htdocs\pgyidc\Application\Runtime\Cache\Home\1c44d0dd6e867a3c86931fd4c5d77be1.php 第 422 行.
NOTIC: [8] Undefined variable: cloudtypelist D:\myenv\apache\htdocs\pgyidc\Application\Runtime\Cache\Home\1c44d0dd6e867a3c86931fd4c5d77be1.php 第 433 行.
NOTIC: [8] Undefined variable: configtypelist D:\myenv\apache\htdocs\pgyidc\Application\Runtime\Cache\Home\1c44d0dd6e867a3c86931fd4c5d77be1.php 第 449 行.
NOTIC: [8] Undefined variable: bdssdiparr D:\myenv\apache\htdocs\pgyidc\Application\Runtime\Cache\Home\1c44d0dd6e867a3c86931fd4c5d77be1.php 第 465 行.
NOTIC: [8] Undefined variable: bdssdiparr D:\myenv\apache\htdocs\pgyidc\Application\Runtime\Cache\Home\1c44d0dd6e867a3c86931fd4c5d77be1.php 第 471 行.
NOTIC: [8] Undefined variable: bdssdiparr D:\myenv\apache\htdocs\pgyidc\Application\Runtime\Cache\Home\1c44d0dd6e867a3c86931fd4c5d77be1.php 第 488 行.
NOTIC: [8] Undefined variable: bdssdiparr D:\myenv\apache\htdocs\pgyidc\Application\Runtime\Cache\Home\1c44d0dd6e867a3c86931fd4c5d77be1.php 第 588 行.
INFO: Run Behavior\ParseTemplateBehavior [ RunTime:0.023893s ]
INFO: [ view_parse ] --END-- [ RunTime:0.023932s ]
INFO: [ view_filter ] --START--
INFO: Run Behavior\WriteHtmlCacheBehavior [ RunTime:0.000523s ]
INFO: [ view_filter ] --END-- [ RunTime:0.000556s ]
INFO: [ app_end ] --START--
INFO: Run Behavior\ShowPageTraceBehavior [ RunTime:0.001137s ]
INFO: [ app_end ] --END-- [ RunTime:0.001232s ]

[ 2018-04-10T11:10:55+08:00 ] 127.0.0.1 /Index/cloudbuy.html
INFO: [ app_init ] --START--
INFO: Run Behavior\BuildLiteBehavior [ RunTime:0.000013s ]
INFO: [ app_init ] --END-- [ RunTime:0.000584s ]
INFO: [ app_begin ] --START--
INFO: Run Behavior\ReadHtmlCacheBehavior [ RunTime:0.001031s ]
INFO: [ app_begin ] --END-- [ RunTime:0.001103s ]
INFO: [ view_parse ] --START--
INFO: [ template_filter ] --START--
INFO: Run Behavior\ContentReplaceBehavior [ RunTime:0.000143s ]
INFO: [ template_filter ] --END-- [ RunTime:0.000195s ]
NOTIC: [8] Undefined variable: title D:\myenv\apache\htdocs\pgyidc\Application\Runtime\Cache\Home\1c44d0dd6e867a3c86931fd4c5d77be1.php 第 5 行.
NOTIC: [8] Undefined variable: current D:\myenv\apache\htdocs\pgyidc\Application\Runtime\Cache\Home\1c44d0dd6e867a3c86931fd4c5d77be1.php 第 81 行.
NOTIC: [8] Undefined variable: current D:\myenv\apache\htdocs\pgyidc\Application\Runtime\Cache\Home\1c44d0dd6e867a3c86931fd4c5d77be1.php 第 117 行.
NOTIC: [8] Undefined variable: current D:\myenv\apache\htdocs\pgyidc\Application\Runtime\Cache\Home\1c44d0dd6e867a3c86931fd4c5d77be1.php 第 252 行.
NOTIC: [8] Undefined variable: id D:\myenv\apache\htdocs\pgyidc\Application\Runtime\Cache\Home\1c44d0dd6e867a3c86931fd4c5d77be1.php 第 421 行.
NOTIC: [8] Undefined variable: cid D:\myenv\apache\htdocs\pgyidc\Application\Runtime\Cache\Home\1c44d0dd6e867a3c86931fd4c5d77be1.php 第 422 行.
NOTIC: [8] Undefined variable: cloudtypelist D:\myenv\apache\htdocs\pgyidc\Application\Runtime\Cache\Home\1c44d0dd6e867a3c86931fd4c5d77be1.php 第 433 行.
NOTIC: [8] Undefined variable: configtypelist D:\myenv\apache\htdocs\pgyidc\Application\Runtime\Cache\Home\1c44d0dd6e867a3c86931fd4c5d77be1.php 第 449 行.
NOTIC: [8] Undefined variable: bdssdiparr D:\myenv\apache\htdocs\pgyidc\Application\Runtime\Cache\Home\1c44d0dd6e867a3c86931fd4c5d77be1.php 第 465 行.
NOTIC: [8] Undefined variable: bdssdiparr D:\myenv\apache\htdocs\pgyidc\Application\Runtime\Cache\Home\1c44d0dd6e867a3c86931fd4c5d77be1.php 第 471 行.
NOTIC: [8] Undefined variable: bdssdiparr D:\myenv\apache\htdocs\pgyidc\Application\Runtime\Cache\Home\1c44d0dd6e867a3c86931fd4c5d77be1.php 第 488 行.
NOTIC: [8] Undefined variable: bdssdiparr D:\myenv\apache\htdocs\pgyidc\Application\Runtime\Cache\Home\1c44d0dd6e867a3c86931fd4c5d77be1.php 第 588 行.
INFO: Run Behavior\ParseTemplateBehavior [ RunTime:0.018817s ]
INFO: [ view_parse ] --END-- [ RunTime:0.018887s ]
INFO: [ view_filter ] --START--
INFO: Run Behavior\WriteHtmlCacheBehavior [ RunTime:0.000799s ]
INFO: [ view_filter ] --END-- [ RunTime:0.000854s ]
INFO: [ app_end ] --START--
INFO: Run Behavior\ShowPageTraceBehavior [ RunTime:0.001236s ]
INFO: [ app_end ] --END-- [ RunTime:0.001341s ]

[ 2018-04-10T11:10:56+08:00 ] 127.0.0.1 /Index/cloudbuy.html
INFO: [ app_init ] --START--
INFO: Run Behavior\BuildLiteBehavior [ RunTime:0.000016s ]
INFO: [ app_init ] --END-- [ RunTime:0.000635s ]
INFO: [ app_begin ] --START--
INFO: Run Behavior\ReadHtmlCacheBehavior [ RunTime:0.000846s ]
INFO: [ app_begin ] --END-- [ RunTime:0.000889s ]
INFO: [ view_parse ] --START--
INFO: [ template_filter ] --START--
INFO: Run Behavior\ContentReplaceBehavior [ RunTime:0.000143s ]
INFO: [ template_filter ] --END-- [ RunTime:0.000192s ]
NOTIC: [8] Undefined variable: title D:\myenv\apache\htdocs\pgyidc\Application\Runtime\Cache\Home\1c44d0dd6e867a3c86931fd4c5d77be1.php 第 5 行.
NOTIC: [8] Undefined variable: current D:\myenv\apache\htdocs\pgyidc\Application\Runtime\Cache\Home\1c44d0dd6e867a3c86931fd4c5d77be1.php 第 81 行.
NOTIC: [8] Undefined variable: current D:\myenv\apache\htdocs\pgyidc\Application\Runtime\Cache\Home\1c44d0dd6e867a3c86931fd4c5d77be1.php 第 117 行.
NOTIC: [8] Undefined variable: current D:\myenv\apache\htdocs\pgyidc\Application\Runtime\Cache\Home\1c44d0dd6e867a3c86931fd4c5d77be1.php 第 252 行.
NOTIC: [8] Undefined variable: id D:\myenv\apache\htdocs\pgyidc\Application\Runtime\Cache\Home\1c44d0dd6e867a3c86931fd4c5d77be1.php 第 421 行.
NOTIC: [8] Undefined variable: cid D:\myenv\apache\htdocs\pgyidc\Application\Runtime\Cache\Home\1c44d0dd6e867a3c86931fd4c5d77be1.php 第 422 行.
NOTIC: [8] Undefined variable: cloudtypelist D:\myenv\apache\htdocs\pgyidc\Application\Runtime\Cache\Home\1c44d0dd6e867a3c86931fd4c5d77be1.php 第 433 行.
NOTIC: [8] Undefined variable: configtypelist D:\myenv\apache\htdocs\pgyidc\Application\Runtime\Cache\Home\1c44d0dd6e867a3c86931fd4c5d77be1.php 第 449 行.
NOTIC: [8] Undefined variable: bdssdiparr D:\myenv\apache\htdocs\pgyidc\Application\Runtime\Cache\Home\1c44d0dd6e867a3c86931fd4c5d77be1.php 第 465 行.
NOTIC: [8] Undefined variable: bdssdiparr D:\myenv\apache\htdocs\pgyidc\Application\Runtime\Cache\Home\1c44d0dd6e867a3c86931fd4c5d77be1.php 第 471 行.
NOTIC: [8] Undefined variable: bdssdiparr D:\myenv\apache\htdocs\pgyidc\Application\Runtime\Cache\Home\1c44d0dd6e867a3c86931fd4c5d77be1.php 第 488 行.
NOTIC: [8] Undefined variable: bdssdiparr D:\myenv\apache\htdocs\pgyidc\Application\Runtime\Cache\Home\1c44d0dd6e867a3c86931fd4c5d77be1.php 第 588 行.
INFO: Run Behavior\ParseTemplateBehavior [ RunTime:0.019284s ]
INFO: [ view_parse ] --END-- [ RunTime:0.019326s ]
INFO: [ view_filter ] --START--
INFO: Run Behavior\WriteHtmlCacheBehavior [ RunTime:0.000546s ]
INFO: [ view_filter ] --END-- [ RunTime:0.000582s ]
INFO: [ app_end ] --START--
INFO: Run Behavior\ShowPageTraceBehavior [ RunTime:0.001649s ]
INFO: [ app_end ] --END-- [ RunTime:0.001740s ]

[ 2018-04-10T11:10:58+08:00 ] 127.0.0.1 /Index/cloudbuy.html
INFO: [ app_init ] --START--
INFO: Run Behavior\BuildLiteBehavior [ RunTime:0.000012s ]
INFO: [ app_init ] --END-- [ RunTime:0.000508s ]
INFO: [ app_begin ] --START--
INFO: Run Behavior\ReadHtmlCacheBehavior [ RunTime:0.000745s ]
INFO: [ app_begin ] --END-- [ RunTime:0.000788s ]
INFO: [ view_parse ] --START--
INFO: [ template_filter ] --START--
INFO: Run Behavior\ContentReplaceBehavior [ RunTime:0.000139s ]
INFO: [ template_filter ] --END-- [ RunTime:0.000191s ]
NOTIC: [8] Undefined variable: title D:\myenv\apache\htdocs\pgyidc\Application\Runtime\Cache\Home\1c44d0dd6e867a3c86931fd4c5d77be1.php 第 5 行.
NOTIC: [8] Undefined variable: current D:\myenv\apache\htdocs\pgyidc\Application\Runtime\Cache\Home\1c44d0dd6e867a3c86931fd4c5d77be1.php 第 81 行.
NOTIC: [8] Undefined variable: current D:\myenv\apache\htdocs\pgyidc\Application\Runtime\Cache\Home\1c44d0dd6e867a3c86931fd4c5d77be1.php 第 117 行.
NOTIC: [8] Undefined variable: current D:\myenv\apache\htdocs\pgyidc\Application\Runtime\Cache\Home\1c44d0dd6e867a3c86931fd4c5d77be1.php 第 252 行.
NOTIC: [8] Undefined variable: id D:\myenv\apache\htdocs\pgyidc\Application\Runtime\Cache\Home\1c44d0dd6e867a3c86931fd4c5d77be1.php 第 421 行.
NOTIC: [8] Undefined variable: cid D:\myenv\apache\htdocs\pgyidc\Application\Runtime\Cache\Home\1c44d0dd6e867a3c86931fd4c5d77be1.php 第 422 行.
NOTIC: [8] Undefined variable: cloudtypelist D:\myenv\apache\htdocs\pgyidc\Application\Runtime\Cache\Home\1c44d0dd6e867a3c86931fd4c5d77be1.php 第 433 行.
NOTIC: [8] Undefined variable: configtypelist D:\myenv\apache\htdocs\pgyidc\Application\Runtime\Cache\Home\1c44d0dd6e867a3c86931fd4c5d77be1.php 第 449 行.
NOTIC: [8] Undefined variable: bdssdiparr D:\myenv\apache\htdocs\pgyidc\Application\Runtime\Cache\Home\1c44d0dd6e867a3c86931fd4c5d77be1.php 第 465 行.
NOTIC: [8] Undefined variable: bdssdiparr D:\myenv\apache\htdocs\pgyidc\Application\Runtime\Cache\Home\1c44d0dd6e867a3c86931fd4c5d77be1.php 第 471 行.
NOTIC: [8] Undefined variable: bdssdiparr D:\myenv\apache\htdocs\pgyidc\Application\Runtime\Cache\Home\1c44d0dd6e867a3c86931fd4c5d77be1.php 第 488 行.
NOTIC: [8] Undefined variable: bdssdiparr D:\myenv\apache\htdocs\pgyidc\Application\Runtime\Cache\Home\1c44d0dd6e867a3c86931fd4c5d77be1.php 第 588 行.
INFO: Run Behavior\ParseTemplateBehavior [ RunTime:0.017393s ]
INFO: [ view_parse ] --END-- [ RunTime:0.017454s ]
INFO: [ view_filter ] --START--
INFO: Run Behavior\WriteHtmlCacheBehavior [ RunTime:0.000611s ]
INFO: [ view_filter ] --END-- [ RunTime:0.000649s ]
INFO: [ app_end ] --START--
INFO: Run Behavior\ShowPageTraceBehavior [ RunTime:0.001331s ]
INFO: [ app_end ] --END-- [ RunTime:0.001426s ]

[ 2018-04-10T11:12:06+08:00 ] 127.0.0.1 /Index/cloudbuy.html
INFO: [ app_init ] --START--
INFO: Run Behavior\BuildLiteBehavior [ RunTime:0.000010s ]
INFO: [ app_init ] --END-- [ RunTime:0.000547s ]
INFO: [ app_begin ] --START--
INFO: Run Behavior\ReadHtmlCacheBehavior [ RunTime:0.000930s ]
INFO: [ app_begin ] --END-- [ RunTime:0.000986s ]
SQL: SHOW COLUMNS FROM `configlist` [ RunTime:0.0100s ]
SQL: SHOW COLUMNS FROM `configinfo` [ RunTime:0.0082s ]
SQL: SHOW COLUMNS FROM `coreprice` [ RunTime:0.0078s ]
SQL: SHOW COLUMNS FROM `price` [ RunTime:0.0079s ]
SQL: SELECT * FROM `configlist`  [ RunTime:0.0020s ]
SQL: SELECT * FROM `configinfo` WHERE ( NavData=1 AND DataName=0 )  [ RunTime:0.0019s ]
SQL: SELECT `Title` FROM `configinfo` WHERE ( FatherID=1 AND DataName=1 ) LIMIT 1   [ RunTime:0.0013s ]
SQL: SELECT `Title` FROM `configinfo` WHERE ( FatherID=1 AND DataName=2 ) LIMIT 1   [ RunTime:0.0013s ]
SQL: SELECT `Title` FROM `configinfo` WHERE ( FatherID=1 AND DataName=3 ) LIMIT 1   [ RunTime:0.0013s ]
SQL: SELECT `ID`,`Kernel` FROM `coreprice` WHERE ( CID=1 ) GROUP BY Kernel  [ RunTime:0.0020s ]
SQL: SELECT `ID`,`Gigabyte` FROM `coreprice` WHERE ( CID=1 ) GROUP BY Gigabyte  [ RunTime:0.0015s ]
INFO: [ view_parse ] --START--
INFO: [ template_filter ] --START--
INFO: Run Behavior\ContentReplaceBehavior [ RunTime:0.000189s ]
INFO: [ template_filter ] --END-- [ RunTime:0.000246s ]
INFO: Run Behavior\ParseTemplateBehavior [ RunTime:0.018067s ]
INFO: [ view_parse ] --END-- [ RunTime:0.018134s ]
INFO: [ view_filter ] --START--
INFO: Run Behavior\WriteHtmlCacheBehavior [ RunTime:0.000578s ]
INFO: [ view_filter ] --END-- [ RunTime:0.000614s ]
INFO: [ app_end ] --START--
INFO: Run Behavior\ShowPageTraceBehavior [ RunTime:0.000803s ]
INFO: [ app_end ] --END-- [ RunTime:0.000873s ]

[ 2018-04-10T11:12:08+08:00 ] 127.0.0.1 /Index/cloudbuy.html
INFO: [ app_init ] --START--
INFO: Run Behavior\BuildLiteBehavior [ RunTime:0.000015s ]
INFO: [ app_init ] --END-- [ RunTime:0.000498s ]
INFO: [ app_begin ] --START--
INFO: Run Behavior\ReadHtmlCacheBehavior [ RunTime:0.000678s ]
INFO: [ app_begin ] --END-- [ RunTime:0.000720s ]
SQL: SHOW COLUMNS FROM `configlist` [ RunTime:0.0089s ]
SQL: SHOW COLUMNS FROM `configinfo` [ RunTime:0.0066s ]
SQL: SHOW COLUMNS FROM `coreprice` [ RunTime:0.0061s ]
SQL: SHOW COLUMNS FROM `price` [ RunTime:0.0060s ]
SQL: SELECT * FROM `configlist`  [ RunTime:0.0016s ]
SQL: SELECT * FROM `configinfo` WHERE ( NavData=1 AND DataName=0 )  [ RunTime:0.0010s ]
SQL: SELECT `Title` FROM `configinfo` WHERE ( FatherID=1 AND DataName=1 ) LIMIT 1   [ RunTime:0.0009s ]
SQL: SELECT `Title` FROM `configinfo` WHERE ( FatherID=1 AND DataName=2 ) LIMIT 1   [ RunTime:0.0008s ]
SQL: SELECT `Title` FROM `configinfo` WHERE ( FatherID=1 AND DataName=3 ) LIMIT 1   [ RunTime:0.0008s ]
SQL: SELECT `ID`,`Kernel` FROM `coreprice` WHERE ( CID=1 ) GROUP BY Kernel  [ RunTime:0.0012s ]
SQL: SELECT `ID`,`Gigabyte` FROM `coreprice` WHERE ( CID=1 ) GROUP BY Gigabyte  [ RunTime:0.0013s ]
INFO: [ view_parse ] --START--
INFO: [ template_filter ] --START--
INFO: Run Behavior\ContentReplaceBehavior [ RunTime:0.000229s ]
INFO: [ template_filter ] --END-- [ RunTime:0.000278s ]
INFO: Run Behavior\ParseTemplateBehavior [ RunTime:0.017724s ]
INFO: [ view_parse ] --END-- [ RunTime:0.017779s ]
INFO: [ view_filter ] --START--
INFO: Run Behavior\WriteHtmlCacheBehavior [ RunTime:0.000558s ]
INFO: [ view_filter ] --END-- [ RunTime:0.000602s ]
INFO: [ app_end ] --START--
INFO: Run Behavior\ShowPageTraceBehavior [ RunTime:0.001117s ]
INFO: [ app_end ] --END-- [ RunTime:0.001205s ]

[ 2018-04-10T11:12:10+08:00 ] 127.0.0.1 /Home/Index/cloudbuyreq/
INFO: [ app_init ] --START--
INFO: Run Behavior\BuildLiteBehavior [ RunTime:0.000015s ]
INFO: [ app_init ] --END-- [ RunTime:0.000599s ]
INFO: [ app_begin ] --START--
INFO: Run Behavior\ReadHtmlCacheBehavior [ RunTime:0.000633s ]
INFO: [ app_begin ] --END-- [ RunTime:0.000695s ]
SQL: SHOW COLUMNS FROM `coreprice` [ RunTime:0.0089s ]
SQL: SHOW COLUMNS FROM `price` [ RunTime:0.0069s ]
SQL: SELECT `Prix` FROM `price` WHERE ( CID=1 AND DataName=3 ) LIMIT 1   [ RunTime:0.0013s ]
SQL: SELECT `Prix` FROM `price` WHERE ( CID=1 AND DataName=4 ) LIMIT 1   [ RunTime:0.0008s ]
SQL: SELECT `Prix` FROM `price` WHERE ( CID=1 AND DataName=0 ) LIMIT 1   [ RunTime:0.0008s ]
SQL: SELECT `Prix` FROM `price` WHERE ( CID=1 AND DataName=1 ) LIMIT 1   [ RunTime:0.0011s ]
SQL: SELECT `Prix` FROM `price` WHERE ( CID=1 AND DataName=6 ) LIMIT 1   [ RunTime:0.0010s ]
SQL: SELECT `Prix` FROM `price` WHERE ( CID=1 AND DataName=5 ) LIMIT 1   [ RunTime:0.0009s ]
SQL: SELECT `Prix` FROM `price` WHERE ( CID=1 AND DataName=2 ) LIMIT 1   [ RunTime:0.0008s ]
SQL: SELECT `Prix` FROM `coreprice` WHERE ( CID=1 AND Kernel=2 AND Gigabyte=1 ) LIMIT 1   [ RunTime:0.0011s ]

[ 2018-04-10T11:12:12+08:00 ] 127.0.0.1 /Index/cloudbuy.html
INFO: [ app_init ] --START--
INFO: Run Behavior\BuildLiteBehavior [ RunTime:0.000014s ]
INFO: [ app_init ] --END-- [ RunTime:0.000535s ]
INFO: [ app_begin ] --START--
INFO: Run Behavior\ReadHtmlCacheBehavior [ RunTime:0.000729s ]
INFO: [ app_begin ] --END-- [ RunTime:0.000790s ]
SQL: SHOW COLUMNS FROM `configlist` [ RunTime:0.0076s ]
SQL: SHOW COLUMNS FROM `configinfo` [ RunTime:0.0063s ]
SQL: SHOW COLUMNS FROM `coreprice` [ RunTime:0.0059s ]
SQL: SHOW COLUMNS FROM `price` [ RunTime:0.0062s ]
SQL: SELECT * FROM `configlist`  [ RunTime:0.0014s ]
SQL: SELECT * FROM `configinfo` WHERE ( NavData=1 AND DataName=0 )  [ RunTime:0.0008s ]
SQL: SELECT `Title` FROM `configinfo` WHERE ( FatherID=1 AND DataName=1 ) LIMIT 1   [ RunTime:0.0007s ]
SQL: SELECT `Title` FROM `configinfo` WHERE ( FatherID=1 AND DataName=2 ) LIMIT 1   [ RunTime:0.0007s ]
SQL: SELECT `Title` FROM `configinfo` WHERE ( FatherID=1 AND DataName=3 ) LIMIT 1   [ RunTime:0.0007s ]
SQL: SELECT `ID`,`Kernel` FROM `coreprice` WHERE ( CID=1 ) GROUP BY Kernel  [ RunTime:0.0011s ]
SQL: SELECT `ID`,`Gigabyte` FROM `coreprice` WHERE ( CID=1 ) GROUP BY Gigabyte  [ RunTime:0.0010s ]
INFO: [ view_parse ] --START--
INFO: [ template_filter ] --START--
INFO: Run Behavior\ContentReplaceBehavior [ RunTime:0.000144s ]
INFO: [ template_filter ] --END-- [ RunTime:0.000209s ]
INFO: Run Behavior\ParseTemplateBehavior [ RunTime:0.015878s ]
INFO: [ view_parse ] --END-- [ RunTime:0.015957s ]
INFO: [ view_filter ] --START--
INFO: Run Behavior\WriteHtmlCacheBehavior [ RunTime:0.000449s ]
INFO: [ view_filter ] --END-- [ RunTime:0.000489s ]
INFO: [ app_end ] --START--
INFO: Run Behavior\ShowPageTraceBehavior [ RunTime:0.000869s ]
INFO: [ app_end ] --END-- [ RunTime:0.001113s ]

[ 2018-04-10T11:12:13+08:00 ] 127.0.0.1 /Home/Index/cloudbuyreq/
INFO: [ app_init ] --START--
INFO: Run Behavior\BuildLiteBehavior [ RunTime:0.000015s ]
INFO: [ app_init ] --END-- [ RunTime:0.000474s ]
INFO: [ app_begin ] --START--
INFO: Run Behavior\ReadHtmlCacheBehavior [ RunTime:0.000617s ]
INFO: [ app_begin ] --END-- [ RunTime:0.000669s ]
SQL: SHOW COLUMNS FROM `coreprice` [ RunTime:0.0098s ]
SQL: SHOW COLUMNS FROM `price` [ RunTime:0.0081s ]
SQL: SELECT `Prix` FROM `price` WHERE ( CID=1 AND DataName=4 ) LIMIT 1   [ RunTime:0.0012s ]
SQL: SELECT `Prix` FROM `price` WHERE ( CID=1 AND DataName=5 ) LIMIT 1   [ RunTime:0.0014s ]

[ 2018-04-10T11:12:20+08:00 ] 127.0.0.1 /Home/Index/cloudbuyreq/
INFO: [ app_init ] --START--
INFO: Run Behavior\BuildLiteBehavior [ RunTime:0.000015s ]
INFO: [ app_init ] --END-- [ RunTime:0.000690s ]
INFO: [ app_begin ] --START--
INFO: Run Behavior\ReadHtmlCacheBehavior [ RunTime:0.000706s ]
INFO: [ app_begin ] --END-- [ RunTime:0.000771s ]
SQL: SHOW COLUMNS FROM `coreprice` [ RunTime:0.0105s ]
SQL: SHOW COLUMNS FROM `price` [ RunTime:0.0064s ]
SQL: SELECT `Prix` FROM `price` WHERE ( CID=1 AND DataName=4 ) LIMIT 1   [ RunTime:0.0009s ]
SQL: SELECT `Prix` FROM `price` WHERE ( CID=1 AND DataName=5 ) LIMIT 1   [ RunTime:0.0009s ]

[ 2018-04-10T11:12:27+08:00 ] 127.0.0.1 /Home/Index/cloudbuyreq/
INFO: [ app_init ] --START--
INFO: Run Behavior\BuildLiteBehavior [ RunTime:0.000010s ]
INFO: [ app_init ] --END-- [ RunTime:0.000463s ]
INFO: [ app_begin ] --START--
INFO: Run Behavior\ReadHtmlCacheBehavior [ RunTime:0.000685s ]
INFO: [ app_begin ] --END-- [ RunTime:0.000732s ]
SQL: SHOW COLUMNS FROM `coreprice` [ RunTime:0.0079s ]
SQL: SHOW COLUMNS FROM `price` [ RunTime:0.0062s ]
SQL: SELECT `Prix` FROM `price` WHERE ( CID=1 AND DataName=4 ) LIMIT 1   [ RunTime:0.0006s ]
SQL: SELECT `Prix` FROM `price` WHERE ( CID=1 AND DataName=5 ) LIMIT 1   [ RunTime:0.0005s ]

[ 2018-04-10T11:22:35+08:00 ] 127.0.0.1 /Index/cloudbuy.html
INFO: [ app_init ] --START--
INFO: Run Behavior\BuildLiteBehavior [ RunTime:0.000014s ]
INFO: [ app_init ] --END-- [ RunTime:0.000526s ]
INFO: [ app_begin ] --START--
INFO: Run Behavior\ReadHtmlCacheBehavior [ RunTime:0.001013s ]
INFO: [ app_begin ] --END-- [ RunTime:0.001072s ]
SQL: SHOW COLUMNS FROM `configlist` [ RunTime:0.0080s ]
SQL: SHOW COLUMNS FROM `configinfo` [ RunTime:0.0064s ]
SQL: SHOW COLUMNS FROM `coreprice` [ RunTime:0.0062s ]
SQL: SHOW COLUMNS FROM `price` [ RunTime:0.0061s ]
SQL: SELECT * FROM `configlist`  [ RunTime:0.0009s ]
SQL: SELECT * FROM `configinfo` WHERE ( NavData=1 AND DataName=0 )  [ RunTime:0.0006s ]
SQL: SELECT `Title` FROM `configinfo` WHERE ( FatherID=1 AND DataName=1 ) LIMIT 1   [ RunTime:0.0006s ]
SQL: SELECT `Title` FROM `configinfo` WHERE ( FatherID=1 AND DataName=2 ) LIMIT 1   [ RunTime:0.0006s ]
SQL: SELECT `Title` FROM `configinfo` WHERE ( FatherID=1 AND DataName=3 ) LIMIT 1   [ RunTime:0.0006s ]
SQL: SELECT `ID`,`Kernel` FROM `coreprice` WHERE ( CID=1 ) GROUP BY Kernel  [ RunTime:0.0011s ]
SQL: SELECT `ID`,`Gigabyte` FROM `coreprice` WHERE ( CID=1 ) GROUP BY Gigabyte  [ RunTime:0.0012s ]
INFO: [ view_parse ] --START--
INFO: [ template_filter ] --START--
INFO: Run Behavior\ContentReplaceBehavior [ RunTime:0.000161s ]
INFO: [ template_filter ] --END-- [ RunTime:0.000214s ]
INFO: Run Behavior\ParseTemplateBehavior [ RunTime:0.017851s ]
INFO: [ view_parse ] --END-- [ RunTime:0.017941s ]
INFO: [ view_filter ] --START--
INFO: Run Behavior\WriteHtmlCacheBehavior [ RunTime:0.000596s ]
INFO: [ view_filter ] --END-- [ RunTime:0.000632s ]
INFO: [ app_end ] --START--
INFO: Run Behavior\ShowPageTraceBehavior [ RunTime:0.000913s ]
INFO: [ app_end ] --END-- [ RunTime:0.000976s ]

[ 2018-04-10T11:22:36+08:00 ] 127.0.0.1 /Home/Index/cloudbuyreq/
INFO: [ app_init ] --START--
INFO: Run Behavior\BuildLiteBehavior [ RunTime:0.000016s ]
INFO: [ app_init ] --END-- [ RunTime:0.000559s ]
INFO: [ app_begin ] --START--
INFO: Run Behavior\ReadHtmlCacheBehavior [ RunTime:0.000813s ]
INFO: [ app_begin ] --END-- [ RunTime:0.000888s ]
SQL: SHOW COLUMNS FROM `coreprice` [ RunTime:0.0079s ]
SQL: SHOW COLUMNS FROM `price` [ RunTime:0.0066s ]
SQL: SELECT `Prix` FROM `price` WHERE ( CID=1 AND DataName=3 ) LIMIT 1   [ RunTime:0.0008s ]
SQL: SELECT `Prix` FROM `price` WHERE ( CID=1 AND DataName=4 ) LIMIT 1   [ RunTime:0.0007s ]
SQL: SELECT `Prix` FROM `price` WHERE ( CID=1 AND DataName=0 ) LIMIT 1   [ RunTime:0.0007s ]
SQL: SELECT `Prix` FROM `price` WHERE ( CID=1 AND DataName=1 ) LIMIT 1   [ RunTime:0.0007s ]
SQL: SELECT `Prix` FROM `price` WHERE ( CID=1 AND DataName=6 ) LIMIT 1   [ RunTime:0.0007s ]
SQL: SELECT `Prix` FROM `price` WHERE ( CID=1 AND DataName=5 ) LIMIT 1   [ RunTime:0.0007s ]
SQL: SELECT `Prix` FROM `price` WHERE ( CID=1 AND DataName=2 ) LIMIT 1   [ RunTime:0.0008s ]
SQL: SELECT `Prix` FROM `coreprice` WHERE ( CID=1 AND Kernel=2 AND Gigabyte=1 ) LIMIT 1   [ RunTime:0.0009s ]

[ 2018-04-10T11:22:38+08:00 ] 127.0.0.1 /Home/Index/cloudbuy/id/2
INFO: [ app_init ] --START--
INFO: Run Behavior\BuildLiteBehavior [ RunTime:0.000011s ]
INFO: [ app_init ] --END-- [ RunTime:0.000557s ]
INFO: [ app_begin ] --START--
INFO: Run Behavior\ReadHtmlCacheBehavior [ RunTime:0.000766s ]
INFO: [ app_begin ] --END-- [ RunTime:0.000826s ]
SQL: SHOW COLUMNS FROM `configlist` [ RunTime:0.0081s ]
SQL: SHOW COLUMNS FROM `configinfo` [ RunTime:0.0076s ]
SQL: SHOW COLUMNS FROM `coreprice` [ RunTime:0.0059s ]
SQL: SHOW COLUMNS FROM `price` [ RunTime:0.0070s ]
SQL: SELECT `CID` FROM `configinfo` WHERE ( NavData=2 AND DataName=0 ) LIMIT 1   [ RunTime:0.0011s ]
SQL: SELECT * FROM `configlist`  [ RunTime:0.0009s ]
SQL: SELECT * FROM `configinfo` WHERE ( NavData=2 AND DataName=0 )  [ RunTime:0.0008s ]
SQL: SELECT `Title` FROM `configinfo` WHERE ( FatherID=3 AND DataName=1 ) LIMIT 1   [ RunTime:0.0009s ]
SQL: SELECT `Title` FROM `configinfo` WHERE ( FatherID=3 AND DataName=2 ) LIMIT 1   [ RunTime:0.0009s ]
SQL: SELECT `Title` FROM `configinfo` WHERE ( FatherID=3 AND DataName=3 ) LIMIT 1   [ RunTime:0.0008s ]
SQL: SELECT `ID`,`Kernel` FROM `coreprice` WHERE ( CID=3 ) GROUP BY Kernel  [ RunTime:0.0013s ]
SQL: SELECT `ID`,`Gigabyte` FROM `coreprice` WHERE ( CID=3 ) GROUP BY Gigabyte  [ RunTime:0.0011s ]
NOTIC: [8] Undefined offset: 1 D:\myenv\apache\htdocs\pgyidc\Application\Home\Controller\IndexController.class.php 第 65 行.
NOTIC: [8] Undefined offset: 1 D:\myenv\apache\htdocs\pgyidc\Application\Home\Controller\IndexController.class.php 第 66 行.
NOTIC: [8] Undefined offset: 1 D:\myenv\apache\htdocs\pgyidc\Application\Home\Controller\IndexController.class.php 第 67 行.
INFO: [ view_parse ] --START--
INFO: [ template_filter ] --START--
INFO: Run Behavior\ContentReplaceBehavior [ RunTime:0.000145s ]
INFO: [ template_filter ] --END-- [ RunTime:0.000209s ]
INFO: Run Behavior\ParseTemplateBehavior [ RunTime:0.018575s ]
INFO: [ view_parse ] --END-- [ RunTime:0.018649s ]
INFO: [ view_filter ] --START--
INFO: Run Behavior\WriteHtmlCacheBehavior [ RunTime:0.000545s ]
INFO: [ view_filter ] --END-- [ RunTime:0.000584s ]
INFO: [ app_end ] --START--
INFO: Run Behavior\ShowPageTraceBehavior [ RunTime:0.001212s ]
INFO: [ app_end ] --END-- [ RunTime:0.001304s ]

[ 2018-04-10T11:22:39+08:00 ] 127.0.0.1 /Home/Index/cloudbuyreq/
INFO: [ app_init ] --START--
INFO: Run Behavior\BuildLiteBehavior [ RunTime:0.000020s ]
INFO: [ app_init ] --END-- [ RunTime:0.000675s ]
INFO: [ app_begin ] --START--
INFO: Run Behavior\ReadHtmlCacheBehavior [ RunTime:0.000835s ]
INFO: [ app_begin ] --END-- [ RunTime:0.000901s ]
SQL: SHOW COLUMNS FROM `coreprice` [ RunTime:0.0089s ]
SQL: SHOW COLUMNS FROM `price` [ RunTime:0.0073s ]
SQL: SELECT `Prix` FROM `price` WHERE ( CID=3 AND DataName=3 ) LIMIT 1   [ RunTime:0.0010s ]
SQL: SELECT `Prix` FROM `price` WHERE ( CID=3 AND DataName=4 ) LIMIT 1   [ RunTime:0.0009s ]
SQL: SELECT `Prix` FROM `price` WHERE ( CID=3 AND DataName=0 ) LIMIT 1   [ RunTime:0.0010s ]
SQL: SELECT `Prix` FROM `price` WHERE ( CID=3 AND DataName=1 ) LIMIT 1   [ RunTime:0.0007s ]
SQL: SELECT `Prix` FROM `price` WHERE ( CID=3 AND DataName=6 ) LIMIT 1   [ RunTime:0.0008s ]
SQL: SELECT `Prix` FROM `price` WHERE ( CID=3 AND DataName=5 ) LIMIT 1   [ RunTime:0.0007s ]
SQL: SELECT `Prix` FROM `price` WHERE ( CID=3 AND DataName=2 ) LIMIT 1   [ RunTime:0.0008s ]
SQL: SELECT `Prix` FROM `coreprice` WHERE ( CID=3 AND Kernel=0 AND Gigabyte=0 ) LIMIT 1   [ RunTime:0.0008s ]

[ 2018-04-10T11:22:40+08:00 ] 127.0.0.1 /Home/Index/cloudbuy/id/3
INFO: [ app_init ] --START--
INFO: Run Behavior\BuildLiteBehavior [ RunTime:0.000012s ]
INFO: [ app_init ] --END-- [ RunTime:0.000663s ]
INFO: [ app_begin ] --START--
INFO: Run Behavior\ReadHtmlCacheBehavior [ RunTime:0.000905s ]
INFO: [ app_begin ] --END-- [ RunTime:0.000964s ]
SQL: SHOW COLUMNS FROM `configlist` [ RunTime:0.0087s ]
SQL: SHOW COLUMNS FROM `configinfo` [ RunTime:0.0065s ]
SQL: SHOW COLUMNS FROM `coreprice` [ RunTime:0.0056s ]
SQL: SHOW COLUMNS FROM `price` [ RunTime:0.0056s ]
SQL: SELECT `CID` FROM `configinfo` WHERE ( NavData=3 AND DataName=0 ) LIMIT 1   [ RunTime:0.0008s ]
SQL: SELECT * FROM `configlist`  [ RunTime:0.0005s ]
SQL: SELECT * FROM `configinfo` WHERE ( NavData=3 AND DataName=0 )  [ RunTime:0.0006s ]
SQL: SELECT `Title` FROM `configinfo` WHERE ( FatherID=5 AND DataName=1 ) LIMIT 1   [ RunTime:0.0006s ]
SQL: SELECT `Title` FROM `configinfo` WHERE ( FatherID=5 AND DataName=2 ) LIMIT 1   [ RunTime:0.0006s ]
SQL: SELECT `Title` FROM `configinfo` WHERE ( FatherID=5 AND DataName=3 ) LIMIT 1   [ RunTime:0.0007s ]
SQL: SELECT `ID`,`Kernel` FROM `coreprice` WHERE ( CID=5 ) GROUP BY Kernel  [ RunTime:0.0010s ]
SQL: SELECT `ID`,`Gigabyte` FROM `coreprice` WHERE ( CID=5 ) GROUP BY Gigabyte  [ RunTime:0.0009s ]
NOTIC: [8] Undefined offset: 1 D:\myenv\apache\htdocs\pgyidc\Application\Home\Controller\IndexController.class.php 第 65 行.
NOTIC: [8] Undefined offset: 1 D:\myenv\apache\htdocs\pgyidc\Application\Home\Controller\IndexController.class.php 第 66 行.
NOTIC: [8] Undefined offset: 1 D:\myenv\apache\htdocs\pgyidc\Application\Home\Controller\IndexController.class.php 第 67 行.
INFO: [ view_parse ] --START--
INFO: [ template_filter ] --START--
INFO: Run Behavior\ContentReplaceBehavior [ RunTime:0.000142s ]
INFO: [ template_filter ] --END-- [ RunTime:0.000187s ]
INFO: Run Behavior\ParseTemplateBehavior [ RunTime:0.017229s ]
INFO: [ view_parse ] --END-- [ RunTime:0.017291s ]
INFO: [ view_filter ] --START--
INFO: Run Behavior\WriteHtmlCacheBehavior [ RunTime:0.000695s ]
INFO: [ view_filter ] --END-- [ RunTime:0.000729s ]
INFO: [ app_end ] --START--
INFO: Run Behavior\ShowPageTraceBehavior [ RunTime:0.001346s ]
INFO: [ app_end ] --END-- [ RunTime:0.001431s ]

[ 2018-04-10T11:22:41+08:00 ] 127.0.0.1 /Home/Index/cloudbuyreq/
INFO: [ app_init ] --START--
INFO: Run Behavior\BuildLiteBehavior [ RunTime:0.000012s ]
INFO: [ app_init ] --END-- [ RunTime:0.000495s ]
INFO: [ app_begin ] --START--
INFO: Run Behavior\ReadHtmlCacheBehavior [ RunTime:0.000875s ]
INFO: [ app_begin ] --END-- [ RunTime:0.000956s ]
SQL: SHOW COLUMNS FROM `coreprice` [ RunTime:0.0088s ]
SQL: SHOW COLUMNS FROM `price` [ RunTime:0.0066s ]
SQL: SELECT `Prix` FROM `price` WHERE ( CID=5 AND DataName=3 ) LIMIT 1   [ RunTime:0.0010s ]
SQL: SELECT `Prix` FROM `price` WHERE ( CID=5 AND DataName=4 ) LIMIT 1   [ RunTime:0.0009s ]
SQL: SELECT `Prix` FROM `price` WHERE ( CID=5 AND DataName=0 ) LIMIT 1   [ RunTime:0.0009s ]
SQL: SELECT `Prix` FROM `price` WHERE ( CID=5 AND DataName=1 ) LIMIT 1   [ RunTime:0.0010s ]
SQL: SELECT `Prix` FROM `price` WHERE ( CID=5 AND DataName=6 ) LIMIT 1   [ RunTime:0.0010s ]
SQL: SELECT `Prix` FROM `price` WHERE ( CID=5 AND DataName=5 ) LIMIT 1   [ RunTime:0.0008s ]
SQL: SELECT `Prix` FROM `price` WHERE ( CID=5 AND DataName=2 ) LIMIT 1   [ RunTime:0.0011s ]
SQL: SELECT `Prix` FROM `coreprice` WHERE ( CID=5 AND Kernel=0 AND Gigabyte=0 ) LIMIT 1   [ RunTime:0.0011s ]

[ 2018-04-10T11:22:42+08:00 ] 127.0.0.1 /Home/Index/cloudbuy/id/1
INFO: [ app_init ] --START--
INFO: Run Behavior\BuildLiteBehavior [ RunTime:0.000016s ]
INFO: [ app_init ] --END-- [ RunTime:0.000501s ]
INFO: [ app_begin ] --START--
INFO: Run Behavior\ReadHtmlCacheBehavior [ RunTime:0.000706s ]
INFO: [ app_begin ] --END-- [ RunTime:0.000766s ]
SQL: SHOW COLUMNS FROM `configlist` [ RunTime:0.0068s ]
SQL: SHOW COLUMNS FROM `configinfo` [ RunTime:0.0067s ]
SQL: SHOW COLUMNS FROM `coreprice` [ RunTime:0.0058s ]
SQL: SHOW COLUMNS FROM `price` [ RunTime:0.0062s ]
SQL: SELECT `CID` FROM `configinfo` WHERE ( NavData=1 AND DataName=0 ) LIMIT 1   [ RunTime:0.0013s ]
SQL: SELECT * FROM `configlist`  [ RunTime:0.0012s ]
SQL: SELECT * FROM `configinfo` WHERE ( NavData=1 AND DataName=0 )  [ RunTime:0.0010s ]
SQL: SELECT `Title` FROM `configinfo` WHERE ( FatherID=1 AND DataName=1 ) LIMIT 1   [ RunTime:0.0009s ]
SQL: SELECT `Title` FROM `configinfo` WHERE ( FatherID=1 AND DataName=2 ) LIMIT 1   [ RunTime:0.0008s ]
SQL: SELECT `Title` FROM `configinfo` WHERE ( FatherID=1 AND DataName=3 ) LIMIT 1   [ RunTime:0.0011s ]
SQL: SELECT `ID`,`Kernel` FROM `coreprice` WHERE ( CID=1 ) GROUP BY Kernel  [ RunTime:0.0017s ]
SQL: SELECT `ID`,`Gigabyte` FROM `coreprice` WHERE ( CID=1 ) GROUP BY Gigabyte  [ RunTime:0.0015s ]
INFO: [ view_parse ] --START--
INFO: [ template_filter ] --START--
INFO: Run Behavior\ContentReplaceBehavior [ RunTime:0.000170s ]
INFO: [ template_filter ] --END-- [ RunTime:0.000229s ]
INFO: Run Behavior\ParseTemplateBehavior [ RunTime:0.017313s ]
INFO: [ view_parse ] --END-- [ RunTime:0.017371s ]
INFO: [ view_filter ] --START--
INFO: Run Behavior\WriteHtmlCacheBehavior [ RunTime:0.000554s ]
INFO: [ view_filter ] --END-- [ RunTime:0.000594s ]
INFO: [ app_end ] --START--
INFO: Run Behavior\ShowPageTraceBehavior [ RunTime:0.001144s ]
INFO: [ app_end ] --END-- [ RunTime:0.001236s ]

[ 2018-04-10T11:22:44+08:00 ] 127.0.0.1 /Home/Index/cloudbuyreq/
INFO: [ app_init ] --START--
INFO: Run Behavior\BuildLiteBehavior [ RunTime:0.000015s ]
INFO: [ app_init ] --END-- [ RunTime:0.000654s ]
INFO: [ app_begin ] --START--
INFO: Run Behavior\ReadHtmlCacheBehavior [ RunTime:0.000716s ]
INFO: [ app_begin ] --END-- [ RunTime:0.000767s ]
SQL: SHOW COLUMNS FROM `coreprice` [ RunTime:0.0068s ]
SQL: SHOW COLUMNS FROM `price` [ RunTime:0.0059s ]
SQL: SELECT `Prix` FROM `price` WHERE ( CID=1 AND DataName=4 ) LIMIT 1   [ RunTime:0.0010s ]
SQL: SELECT `Prix` FROM `price` WHERE ( CID=1 AND DataName=5 ) LIMIT 1   [ RunTime:0.0010s ]

