[ 2018-04-08T09:45:55+08:00 ] 127.0.0.1 /Application/Admin/View/Public/fonts/fontawesome-webfont.woff2?v=4.6.3
INFO: [ app_init ] --START--
INFO: Run Behavior\BuildLiteBehavior [ RunTime:0.000011s ]
INFO: [ app_init ] --END-- [ RunTime:0.000471s ]
INFO: [ app_begin ] --START--
INFO: Run Behavior\ReadHtmlCacheBehavior [ RunTime:0.000689s ]
INFO: [ app_begin ] --END-- [ RunTime:0.000746s ]
ERR: 模板不存在:./Application/Home/View/Public/404.html

[ 2018-04-08T09:45:55+08:00 ] 127.0.0.1 /Application/Admin/View/Public/fonts/fontawesome-webfont.woff?v=4.6.3
INFO: [ app_init ] --START--
INFO: Run Behavior\BuildLiteBehavior [ RunTime:0.000029s ]
INFO: [ app_init ] --END-- [ RunTime:0.000452s ]
INFO: [ app_begin ] --START--
INFO: Run Behavior\ReadHtmlCacheBehavior [ RunTime:0.000653s ]
INFO: [ app_begin ] --END-- [ RunTime:0.000742s ]
ERR: 模板不存在:./Application/Home/View/Public/404.html

[ 2018-04-08T09:45:55+08:00 ] 127.0.0.1 /Application/Admin/View/Public/fonts/fontawesome-webfont.ttf?v=4.6.3
INFO: [ app_init ] --START--
INFO: Run Behavior\BuildLiteBehavior [ RunTime:0.000020s ]
INFO: [ app_init ] --END-- [ RunTime:0.000445s ]
INFO: [ app_begin ] --START--
INFO: Run Behavior\ReadHtmlCacheBehavior [ RunTime:0.000522s ]
INFO: [ app_begin ] --END-- [ RunTime:0.000568s ]
ERR: 模板不存在:./Application/Home/View/Public/404.html

[ 2018-04-08T09:45:56+08:00 ] 127.0.0.1 /Application/Admin/View/Public/fonts/fontawesome-webfont.woff2?v=4.6.3
INFO: [ app_init ] --START--
INFO: Run Behavior\BuildLiteBehavior [ RunTime:0.000011s ]
INFO: [ app_init ] --END-- [ RunTime:0.000361s ]
INFO: [ app_begin ] --START--
INFO: Run Behavior\ReadHtmlCacheBehavior [ RunTime:0.000663s ]
INFO: [ app_begin ] --END-- [ RunTime:0.000708s ]
ERR: 模板不存在:./Application/Home/View/Public/404.html

[ 2018-04-08T09:45:56+08:00 ] 127.0.0.1 /Application/Admin/View/Public/fonts/fontawesome-webfont.woff?v=4.6.3
INFO: [ app_init ] --START--
INFO: Run Behavior\BuildLiteBehavior [ RunTime:0.000011s ]
INFO: [ app_init ] --END-- [ RunTime:0.000361s ]
INFO: [ app_begin ] --START--
INFO: Run Behavior\ReadHtmlCacheBehavior [ RunTime:0.000485s ]
INFO: [ app_begin ] --END-- [ RunTime:0.000527s ]
ERR: 模板不存在:./Application/Home/View/Public/404.html

[ 2018-04-08T09:45:56+08:00 ] 127.0.0.1 /Application/Admin/View/Public/fonts/fontawesome-webfont.ttf?v=4.6.3
INFO: [ app_init ] --START--
INFO: Run Behavior\BuildLiteBehavior [ RunTime:0.000013s ]
INFO: [ app_init ] --END-- [ RunTime:0.000423s ]
INFO: [ app_begin ] --START--
INFO: Run Behavior\ReadHtmlCacheBehavior [ RunTime:0.000839s ]
INFO: [ app_begin ] --END-- [ RunTime:0.000916s ]
ERR: 模板不存在:./Application/Home/View/Public/404.html

[ 2018-04-08T09:46:15+08:00 ] 127.0.0.1 /Application/Admin/View/Public/fonts/fontawesome-webfont.woff2?v=4.6.3
INFO: [ app_init ] --START--
INFO: Run Behavior\BuildLiteBehavior [ RunTime:0.000016s ]
INFO: [ app_init ] --END-- [ RunTime:0.000544s ]
INFO: [ app_begin ] --START--
INFO: Run Behavior\ReadHtmlCacheBehavior [ RunTime:0.000545s ]
INFO: [ app_begin ] --END-- [ RunTime:0.000599s ]
ERR: 模板不存在:./Application/Home/View/Public/404.html

[ 2018-04-08T09:46:15+08:00 ] 127.0.0.1 /Application/Admin/View/Public/fonts/fontawesome-webfont.woff?v=4.6.3
INFO: [ app_init ] --START--
INFO: Run Behavior\BuildLiteBehavior [ RunTime:0.000010s ]
INFO: [ app_init ] --END-- [ RunTime:0.000437s ]
INFO: [ app_begin ] --START--
INFO: Run Behavior\ReadHtmlCacheBehavior [ RunTime:0.000646s ]
INFO: [ app_begin ] --END-- [ RunTime:0.000691s ]
ERR: 模板不存在:./Application/Home/View/Public/404.html

[ 2018-04-08T09:46:15+08:00 ] 127.0.0.1 /Application/Admin/View/Public/fonts/fontawesome-webfont.ttf?v=4.6.3
INFO: [ app_init ] --START--
INFO: Run Behavior\BuildLiteBehavior [ RunTime:0.000018s ]
INFO: [ app_init ] --END-- [ RunTime:0.000701s ]
INFO: [ app_begin ] --START--
INFO: Run Behavior\ReadHtmlCacheBehavior [ RunTime:0.000693s ]
INFO: [ app_begin ] --END-- [ RunTime:0.000767s ]
ERR: 模板不存在:./Application/Home/View/Public/404.html

[ 2018-04-08T09:46:17+08:00 ] 127.0.0.1 /Application/Admin/View/Public/fonts/fontawesome-webfont.woff2?v=4.6.3
INFO: [ app_init ] --START--
INFO: Run Behavior\BuildLiteBehavior [ RunTime:0.000010s ]
INFO: [ app_init ] --END-- [ RunTime:0.000460s ]
INFO: [ app_begin ] --START--
INFO: Run Behavior\ReadHtmlCacheBehavior [ RunTime:0.000635s ]
INFO: [ app_begin ] --END-- [ RunTime:0.000683s ]
ERR: 模板不存在:./Application/Home/View/Public/404.html

[ 2018-04-08T09:46:17+08:00 ] 127.0.0.1 /Application/Admin/View/Public/fonts/fontawesome-webfont.woff?v=4.6.3
INFO: [ app_init ] --START--
INFO: Run Behavior\BuildLiteBehavior [ RunTime:0.000011s ]
INFO: [ app_init ] --END-- [ RunTime:0.000509s ]
INFO: [ app_begin ] --START--
INFO: Run Behavior\ReadHtmlCacheBehavior [ RunTime:0.000506s ]
INFO: [ app_begin ] --END-- [ RunTime:0.000553s ]
ERR: 模板不存在:./Application/Home/View/Public/404.html

[ 2018-04-08T09:46:17+08:00 ] 127.0.0.1 /Application/Admin/View/Public/fonts/fontawesome-webfont.ttf?v=4.6.3
INFO: [ app_init ] --START--
INFO: Run Behavior\BuildLiteBehavior [ RunTime:0.000020s ]
INFO: [ app_init ] --END-- [ RunTime:0.000774s ]
INFO: [ app_begin ] --START--
INFO: Run Behavior\ReadHtmlCacheBehavior [ RunTime:0.000933s ]
INFO: [ app_begin ] --END-- [ RunTime:0.001031s ]
ERR: 模板不存在:./Application/Home/View/Public/404.html

[ 2018-04-08T09:46:18+08:00 ] 127.0.0.1 /Application/Admin/View/Public/fonts/fontawesome-webfont.woff2?v=4.6.3
INFO: [ app_init ] --START--
INFO: Run Behavior\BuildLiteBehavior [ RunTime:0.000013s ]
INFO: [ app_init ] --END-- [ RunTime:0.001011s ]
INFO: [ app_begin ] --START--
INFO: Run Behavior\ReadHtmlCacheBehavior [ RunTime:0.000528s ]
INFO: [ app_begin ] --END-- [ RunTime:0.000598s ]
ERR: 模板不存在:./Application/Home/View/Public/404.html

[ 2018-04-08T09:46:18+08:00 ] 127.0.0.1 /Application/Admin/View/Public/fonts/fontawesome-webfont.woff?v=4.6.3
INFO: [ app_init ] --START--
INFO: Run Behavior\BuildLiteBehavior [ RunTime:0.000010s ]
INFO: [ app_init ] --END-- [ RunTime:0.000360s ]
INFO: [ app_begin ] --START--
INFO: Run Behavior\ReadHtmlCacheBehavior [ RunTime:0.000576s ]
INFO: [ app_begin ] --END-- [ RunTime:0.000619s ]
ERR: 模板不存在:./Application/Home/View/Public/404.html

[ 2018-04-08T09:46:18+08:00 ] 127.0.0.1 /Application/Admin/View/Public/fonts/fontawesome-webfont.ttf?v=4.6.3
INFO: [ app_init ] --START--
INFO: Run Behavior\BuildLiteBehavior [ RunTime:0.000013s ]
INFO: [ app_init ] --END-- [ RunTime:0.000486s ]
INFO: [ app_begin ] --START--
INFO: Run Behavior\ReadHtmlCacheBehavior [ RunTime:0.000557s ]
INFO: [ app_begin ] --END-- [ RunTime:0.000604s ]
ERR: 模板不存在:./Application/Home/View/Public/404.html

[ 2018-04-08T09:46:19+08:00 ] 127.0.0.1 /Application/Admin/View/Public/fonts/fontawesome-webfont.woff2?v=4.6.3
INFO: [ app_init ] --START--
INFO: Run Behavior\BuildLiteBehavior [ RunTime:0.000016s ]
INFO: [ app_init ] --END-- [ RunTime:0.000488s ]
INFO: [ app_begin ] --START--
INFO: Run Behavior\ReadHtmlCacheBehavior [ RunTime:0.000661s ]
INFO: [ app_begin ] --END-- [ RunTime:0.000731s ]
ERR: 模板不存在:./Application/Home/View/Public/404.html

[ 2018-04-08T09:46:19+08:00 ] 127.0.0.1 /Application/Admin/View/Public/fonts/fontawesome-webfont.woff?v=4.6.3
INFO: [ app_init ] --START--
INFO: Run Behavior\BuildLiteBehavior [ RunTime:0.000016s ]
INFO: [ app_init ] --END-- [ RunTime:0.000525s ]
INFO: [ app_begin ] --START--
INFO: Run Behavior\ReadHtmlCacheBehavior [ RunTime:0.000647s ]
INFO: [ app_begin ] --END-- [ RunTime:0.000713s ]
ERR: 模板不存在:./Application/Home/View/Public/404.html

[ 2018-04-08T09:46:19+08:00 ] 127.0.0.1 /Application/Admin/View/Public/fonts/fontawesome-webfont.ttf?v=4.6.3
INFO: [ app_init ] --START--
INFO: Run Behavior\BuildLiteBehavior [ RunTime:0.000012s ]
INFO: [ app_init ] --END-- [ RunTime:0.000439s ]
INFO: [ app_begin ] --START--
INFO: Run Behavior\ReadHtmlCacheBehavior [ RunTime:0.001164s ]
INFO: [ app_begin ] --END-- [ RunTime:0.001247s ]
ERR: 模板不存在:./Application/Home/View/Public/404.html

[ 2018-04-08T09:46:34+08:00 ] 127.0.0.1 /Application/Admin/View/Public/fonts/fontawesome-webfont.woff2?v=4.6.3
INFO: [ app_init ] --START--
INFO: Run Behavior\BuildLiteBehavior [ RunTime:0.000011s ]
INFO: [ app_init ] --END-- [ RunTime:0.000430s ]
INFO: [ app_begin ] --START--
INFO: Run Behavior\ReadHtmlCacheBehavior [ RunTime:0.000665s ]
INFO: [ app_begin ] --END-- [ RunTime:0.000714s ]
ERR: 模板不存在:./Application/Home/View/Public/404.html

[ 2018-04-08T09:46:34+08:00 ] 127.0.0.1 /Application/Admin/View/Public/fonts/fontawesome-webfont.woff?v=4.6.3
INFO: [ app_init ] --START--
INFO: Run Behavior\BuildLiteBehavior [ RunTime:0.000021s ]
INFO: [ app_init ] --END-- [ RunTime:0.000736s ]
INFO: [ app_begin ] --START--
INFO: Run Behavior\ReadHtmlCacheBehavior [ RunTime:0.000610s ]
INFO: [ app_begin ] --END-- [ RunTime:0.000660s ]
ERR: 模板不存在:./Application/Home/View/Public/404.html

[ 2018-04-08T09:46:34+08:00 ] 127.0.0.1 /Application/Admin/View/Public/fonts/fontawesome-webfont.ttf?v=4.6.3
INFO: [ app_init ] --START--
INFO: Run Behavior\BuildLiteBehavior [ RunTime:0.000016s ]
INFO: [ app_init ] --END-- [ RunTime:0.000570s ]
INFO: [ app_begin ] --START--
INFO: Run Behavior\ReadHtmlCacheBehavior [ RunTime:0.000758s ]
INFO: [ app_begin ] --END-- [ RunTime:0.000838s ]
ERR: 模板不存在:./Application/Home/View/Public/404.html

[ 2018-04-08T09:46:35+08:00 ] 127.0.0.1 /Application/Admin/View/Public/fonts/fontawesome-webfont.woff2?v=4.6.3
INFO: [ app_init ] --START--
INFO: Run Behavior\BuildLiteBehavior [ RunTime:0.000016s ]
INFO: [ app_init ] --END-- [ RunTime:0.000423s ]
INFO: [ app_begin ] --START--
INFO: Run Behavior\ReadHtmlCacheBehavior [ RunTime:0.000750s ]
INFO: [ app_begin ] --END-- [ RunTime:0.000810s ]
ERR: 模板不存在:./Application/Home/View/Public/404.html

[ 2018-04-08T09:46:35+08:00 ] 127.0.0.1 /Application/Admin/View/Public/fonts/fontawesome-webfont.woff?v=4.6.3
INFO: [ app_init ] --START--
INFO: Run Behavior\BuildLiteBehavior [ RunTime:0.000024s ]
INFO: [ app_init ] --END-- [ RunTime:0.000682s ]
INFO: [ app_begin ] --START--
INFO: Run Behavior\ReadHtmlCacheBehavior [ RunTime:0.000704s ]
INFO: [ app_begin ] --END-- [ RunTime:0.000773s ]
ERR: 模板不存在:./Application/Home/View/Public/404.html

[ 2018-04-08T09:46:35+08:00 ] 127.0.0.1 /Application/Admin/View/Public/fonts/fontawesome-webfont.ttf?v=4.6.3
INFO: [ app_init ] --START--
INFO: Run Behavior\BuildLiteBehavior [ RunTime:0.000013s ]
INFO: [ app_init ] --END-- [ RunTime:0.000794s ]
INFO: [ app_begin ] --START--
INFO: Run Behavior\ReadHtmlCacheBehavior [ RunTime:0.000518s ]
INFO: [ app_begin ] --END-- [ RunTime:0.000568s ]
ERR: 模板不存在:./Application/Home/View/Public/404.html

[ 2018-04-08T09:48:25+08:00 ] 127.0.0.1 /Application/Admin/View/Public/fonts/fontawesome-webfont.woff2?v=4.6.3
INFO: [ app_init ] --START--
INFO: Run Behavior\BuildLiteBehavior [ RunTime:0.000015s ]
INFO: [ app_init ] --END-- [ RunTime:0.000394s ]
INFO: [ app_begin ] --START--
INFO: Run Behavior\ReadHtmlCacheBehavior [ RunTime:0.000862s ]
INFO: [ app_begin ] --END-- [ RunTime:0.000932s ]
ERR: 模板不存在:./Application/Home/View/Public/404.html

[ 2018-04-08T09:48:25+08:00 ] 127.0.0.1 /Application/Admin/View/Public/fonts/fontawesome-webfont.woff?v=4.6.3
INFO: [ app_init ] --START--
INFO: Run Behavior\BuildLiteBehavior [ RunTime:0.000011s ]
INFO: [ app_init ] --END-- [ RunTime:0.000403s ]
INFO: [ app_begin ] --START--
INFO: Run Behavior\ReadHtmlCacheBehavior [ RunTime:0.000494s ]
INFO: [ app_begin ] --END-- [ RunTime:0.000535s ]
ERR: 模板不存在:./Application/Home/View/Public/404.html

[ 2018-04-08T09:48:25+08:00 ] 127.0.0.1 /Application/Admin/View/Public/fonts/fontawesome-webfont.ttf?v=4.6.3
INFO: [ app_init ] --START--
INFO: Run Behavior\BuildLiteBehavior [ RunTime:0.000012s ]
INFO: [ app_init ] --END-- [ RunTime:0.000638s ]
INFO: [ app_begin ] --START--
INFO: Run Behavior\ReadHtmlCacheBehavior [ RunTime:0.000610s ]
INFO: [ app_begin ] --END-- [ RunTime:0.000686s ]
ERR: 模板不存在:./Application/Home/View/Public/404.html

[ 2018-04-08T09:51:07+08:00 ] 127.0.0.1 /Application/Admin/View/Public/fonts/fontawesome-webfont.woff2?v=4.6.3
INFO: [ app_init ] --START--
INFO: Run Behavior\BuildLiteBehavior [ RunTime:0.000012s ]
INFO: [ app_init ] --END-- [ RunTime:0.000476s ]
INFO: [ app_begin ] --START--
INFO: Run Behavior\ReadHtmlCacheBehavior [ RunTime:0.000765s ]
INFO: [ app_begin ] --END-- [ RunTime:0.000818s ]
ERR: 模板不存在:./Application/Home/View/Public/404.html

[ 2018-04-08T09:51:07+08:00 ] 127.0.0.1 /Application/Admin/View/Public/fonts/fontawesome-webfont.woff?v=4.6.3
INFO: [ app_init ] --START--
INFO: Run Behavior\BuildLiteBehavior [ RunTime:0.000026s ]
INFO: [ app_init ] --END-- [ RunTime:0.000469s ]
INFO: [ app_begin ] --START--
INFO: Run Behavior\ReadHtmlCacheBehavior [ RunTime:0.000512s ]
INFO: [ app_begin ] --END-- [ RunTime:0.000555s ]
ERR: 模板不存在:./Application/Home/View/Public/404.html

[ 2018-04-08T09:51:07+08:00 ] 127.0.0.1 /Application/Admin/View/Public/fonts/fontawesome-webfont.ttf?v=4.6.3
INFO: [ app_init ] --START--
INFO: Run Behavior\BuildLiteBehavior [ RunTime:0.000012s ]
INFO: [ app_init ] --END-- [ RunTime:0.000375s ]
INFO: [ app_begin ] --START--
INFO: Run Behavior\ReadHtmlCacheBehavior [ RunTime:0.000495s ]
INFO: [ app_begin ] --END-- [ RunTime:0.000536s ]
ERR: 模板不存在:./Application/Home/View/Public/404.html

[ 2018-04-08T09:51:12+08:00 ] 127.0.0.1 /Application/Admin/View/Public/fonts/fontawesome-webfont.woff2?v=4.6.3
INFO: [ app_init ] --START--
INFO: Run Behavior\BuildLiteBehavior [ RunTime:0.000011s ]
INFO: [ app_init ] --END-- [ RunTime:0.000397s ]
INFO: [ app_begin ] --START--
INFO: Run Behavior\ReadHtmlCacheBehavior [ RunTime:0.000503s ]
INFO: [ app_begin ] --END-- [ RunTime:0.000545s ]
ERR: 模板不存在:./Application/Home/View/Public/404.html

[ 2018-04-08T09:51:12+08:00 ] 127.0.0.1 /Application/Admin/View/Public/fonts/fontawesome-webfont.woff?v=4.6.3
INFO: [ app_init ] --START--
INFO: Run Behavior\BuildLiteBehavior [ RunTime:0.000016s ]
INFO: [ app_init ] --END-- [ RunTime:0.000560s ]
INFO: [ app_begin ] --START--
INFO: Run Behavior\ReadHtmlCacheBehavior [ RunTime:0.000714s ]
INFO: [ app_begin ] --END-- [ RunTime:0.000788s ]
ERR: 模板不存在:./Application/Home/View/Public/404.html

[ 2018-04-08T09:51:12+08:00 ] 127.0.0.1 /Application/Admin/View/Public/fonts/fontawesome-webfont.ttf?v=4.6.3
INFO: [ app_init ] --START--
INFO: Run Behavior\BuildLiteBehavior [ RunTime:0.000024s ]
INFO: [ app_init ] --END-- [ RunTime:0.000763s ]
INFO: [ app_begin ] --START--
INFO: Run Behavior\ReadHtmlCacheBehavior [ RunTime:0.000654s ]
INFO: [ app_begin ] --END-- [ RunTime:0.000715s ]
ERR: 模板不存在:./Application/Home/View/Public/404.html

[ 2018-04-08T09:51:27+08:00 ] 127.0.0.1 /Application/Admin/View/Public/fonts/fontawesome-webfont.woff2?v=4.6.3
INFO: [ app_init ] --START--
INFO: Run Behavior\BuildLiteBehavior [ RunTime:0.000011s ]
INFO: [ app_init ] --END-- [ RunTime:0.000380s ]
INFO: [ app_begin ] --START--
INFO: Run Behavior\ReadHtmlCacheBehavior [ RunTime:0.001048s ]
INFO: [ app_begin ] --END-- [ RunTime:0.001129s ]
ERR: 模板不存在:./Application/Home/View/Public/404.html

[ 2018-04-08T09:51:27+08:00 ] 127.0.0.1 /Application/Admin/View/Public/fonts/fontawesome-webfont.woff?v=4.6.3
INFO: [ app_init ] --START--
INFO: Run Behavior\BuildLiteBehavior [ RunTime:0.000015s ]
INFO: [ app_init ] --END-- [ RunTime:0.000530s ]
INFO: [ app_begin ] --START--
INFO: Run Behavior\ReadHtmlCacheBehavior [ RunTime:0.000771s ]
INFO: [ app_begin ] --END-- [ RunTime:0.000839s ]
ERR: 模板不存在:./Application/Home/View/Public/404.html

[ 2018-04-08T09:51:27+08:00 ] 127.0.0.1 /Application/Admin/View/Public/fonts/fontawesome-webfont.ttf?v=4.6.3
INFO: [ app_init ] --START--
INFO: Run Behavior\BuildLiteBehavior [ RunTime:0.000012s ]
INFO: [ app_init ] --END-- [ RunTime:0.000456s ]
INFO: [ app_begin ] --START--
INFO: Run Behavior\ReadHtmlCacheBehavior [ RunTime:0.000498s ]
INFO: [ app_begin ] --END-- [ RunTime:0.000540s ]
ERR: 模板不存在:./Application/Home/View/Public/404.html

[ 2018-04-08T09:53:16+08:00 ] 127.0.0.1 /Application/Admin/View/Public/fonts/fontawesome-webfont.woff2?v=4.6.3
INFO: [ app_init ] --START--
INFO: Run Behavior\BuildLiteBehavior [ RunTime:0.000030s ]
INFO: [ app_init ] --END-- [ RunTime:0.000628s ]
INFO: [ app_begin ] --START--
INFO: Run Behavior\ReadHtmlCacheBehavior [ RunTime:0.000686s ]
INFO: [ app_begin ] --END-- [ RunTime:0.000743s ]
ERR: 模板不存在:./Application/Home/View/Public/404.html

[ 2018-04-08T09:53:16+08:00 ] 127.0.0.1 /Application/Admin/View/Public/fonts/fontawesome-webfont.woff?v=4.6.3
INFO: [ app_init ] --START--
INFO: Run Behavior\BuildLiteBehavior [ RunTime:0.000015s ]
INFO: [ app_init ] --END-- [ RunTime:0.000526s ]
INFO: [ app_begin ] --START--
INFO: Run Behavior\ReadHtmlCacheBehavior [ RunTime:0.000559s ]
INFO: [ app_begin ] --END-- [ RunTime:0.000613s ]
ERR: 模板不存在:./Application/Home/View/Public/404.html

[ 2018-04-08T09:53:16+08:00 ] 127.0.0.1 /Application/Admin/View/Public/fonts/fontawesome-webfont.ttf?v=4.6.3
INFO: [ app_init ] --START--
INFO: Run Behavior\BuildLiteBehavior [ RunTime:0.000012s ]
INFO: [ app_init ] --END-- [ RunTime:0.000479s ]
INFO: [ app_begin ] --START--
INFO: Run Behavior\ReadHtmlCacheBehavior [ RunTime:0.000695s ]
INFO: [ app_begin ] --END-- [ RunTime:0.000855s ]
ERR: 模板不存在:./Application/Home/View/Public/404.html

[ 2018-04-08T10:01:38+08:00 ] 127.0.0.1 /Application/Admin/View/Public/fonts/fontawesome-webfont.woff2?v=4.6.3
INFO: [ app_init ] --START--
INFO: Run Behavior\BuildLiteBehavior [ RunTime:0.000011s ]
INFO: [ app_init ] --END-- [ RunTime:0.000499s ]
INFO: [ app_begin ] --START--
INFO: Run Behavior\ReadHtmlCacheBehavior [ RunTime:0.000724s ]
INFO: [ app_begin ] --END-- [ RunTime:0.000800s ]
ERR: 模板不存在:./Application/Home/View/Public/404.html

[ 2018-04-08T10:01:38+08:00 ] 127.0.0.1 /Application/Admin/View/Public/fonts/fontawesome-webfont.woff?v=4.6.3
INFO: [ app_init ] --START--
INFO: Run Behavior\BuildLiteBehavior [ RunTime:0.000011s ]
INFO: [ app_init ] --END-- [ RunTime:0.000443s ]
INFO: [ app_begin ] --START--
INFO: Run Behavior\ReadHtmlCacheBehavior [ RunTime:0.000557s ]
INFO: [ app_begin ] --END-- [ RunTime:0.000603s ]
ERR: 模板不存在:./Application/Home/View/Public/404.html

[ 2018-04-08T10:01:38+08:00 ] 127.0.0.1 /Application/Admin/View/Public/fonts/fontawesome-webfont.ttf?v=4.6.3
INFO: [ app_init ] --START--
INFO: Run Behavior\BuildLiteBehavior [ RunTime:0.000011s ]
INFO: [ app_init ] --END-- [ RunTime:0.000427s ]
INFO: [ app_begin ] --START--
INFO: Run Behavior\ReadHtmlCacheBehavior [ RunTime:0.001826s ]
INFO: [ app_begin ] --END-- [ RunTime:0.002003s ]
ERR: 模板不存在:./Application/Home/View/Public/404.html

[ 2018-04-08T10:08:00+08:00 ] 127.0.0.1 /Application/Admin/View/Public/fonts/fontawesome-webfont.woff2?v=4.6.3
INFO: [ app_init ] --START--
INFO: Run Behavior\BuildLiteBehavior [ RunTime:0.000014s ]
INFO: [ app_init ] --END-- [ RunTime:0.000564s ]
INFO: [ app_begin ] --START--
INFO: Run Behavior\ReadHtmlCacheBehavior [ RunTime:0.001164s ]
INFO: [ app_begin ] --END-- [ RunTime:0.001253s ]
ERR: 模板不存在:./Application/Home/View/Public/404.html

[ 2018-04-08T10:08:00+08:00 ] 127.0.0.1 /Application/Admin/View/Public/fonts/fontawesome-webfont.woff?v=4.6.3
INFO: [ app_init ] --START--
INFO: Run Behavior\BuildLiteBehavior [ RunTime:0.000015s ]
INFO: [ app_init ] --END-- [ RunTime:0.000540s ]
INFO: [ app_begin ] --START--
INFO: Run Behavior\ReadHtmlCacheBehavior [ RunTime:0.000537s ]
INFO: [ app_begin ] --END-- [ RunTime:0.000591s ]
ERR: 模板不存在:./Application/Home/View/Public/404.html

[ 2018-04-08T10:08:00+08:00 ] 127.0.0.1 /Application/Admin/View/Public/fonts/fontawesome-webfont.ttf?v=4.6.3
INFO: [ app_init ] --START--
INFO: Run Behavior\BuildLiteBehavior [ RunTime:0.000013s ]
INFO: [ app_init ] --END-- [ RunTime:0.000548s ]
INFO: [ app_begin ] --START--
INFO: Run Behavior\ReadHtmlCacheBehavior [ RunTime:0.000508s ]
INFO: [ app_begin ] --END-- [ RunTime:0.000555s ]
ERR: 模板不存在:./Application/Home/View/Public/404.html

[ 2018-04-08T10:09:56+08:00 ] 127.0.0.1 /Application/Admin/View/Public/fonts/fontawesome-webfont.woff2?v=4.6.3
INFO: [ app_init ] --START--
INFO: Run Behavior\BuildLiteBehavior [ RunTime:0.000011s ]
INFO: [ app_init ] --END-- [ RunTime:0.000456s ]
INFO: [ app_begin ] --START--
INFO: Run Behavior\ReadHtmlCacheBehavior [ RunTime:0.000779s ]
INFO: [ app_begin ] --END-- [ RunTime:0.000846s ]
ERR: 模板不存在:./Application/Home/View/Public/404.html

[ 2018-04-08T10:09:56+08:00 ] 127.0.0.1 /Application/Admin/View/Public/fonts/fontawesome-webfont.woff?v=4.6.3
INFO: [ app_init ] --START--
INFO: Run Behavior\BuildLiteBehavior [ RunTime:0.000031s ]
INFO: [ app_init ] --END-- [ RunTime:0.000651s ]
INFO: [ app_begin ] --START--
INFO: Run Behavior\ReadHtmlCacheBehavior [ RunTime:0.001513s ]
INFO: [ app_begin ] --END-- [ RunTime:0.001658s ]
ERR: 模板不存在:./Application/Home/View/Public/404.html

[ 2018-04-08T10:09:56+08:00 ] 127.0.0.1 /Application/Admin/View/Public/fonts/fontawesome-webfont.ttf?v=4.6.3
INFO: [ app_init ] --START--
INFO: Run Behavior\BuildLiteBehavior [ RunTime:0.000037s ]
INFO: [ app_init ] --END-- [ RunTime:0.001183s ]
INFO: [ app_begin ] --START--
INFO: Run Behavior\ReadHtmlCacheBehavior [ RunTime:0.000950s ]
INFO: [ app_begin ] --END-- [ RunTime:0.001078s ]
ERR: 模板不存在:./Application/Home/View/Public/404.html

[ 2018-04-08T10:12:23+08:00 ] 127.0.0.1 /Application/Admin/View/Public/fonts/fontawesome-webfont.woff2?v=4.6.3
INFO: [ app_init ] --START--
INFO: Run Behavior\BuildLiteBehavior [ RunTime:0.000019s ]
INFO: [ app_init ] --END-- [ RunTime:0.000493s ]
INFO: [ app_begin ] --START--
INFO: Run Behavior\ReadHtmlCacheBehavior [ RunTime:0.000765s ]
INFO: [ app_begin ] --END-- [ RunTime:0.000837s ]
ERR: 模板不存在:./Application/Home/View/Public/404.html

[ 2018-04-08T10:12:23+08:00 ] 127.0.0.1 /Application/Admin/View/Public/fonts/fontawesome-webfont.woff?v=4.6.3
INFO: [ app_init ] --START--
INFO: Run Behavior\BuildLiteBehavior [ RunTime:0.000030s ]
INFO: [ app_init ] --END-- [ RunTime:0.000429s ]
INFO: [ app_begin ] --START--
INFO: Run Behavior\ReadHtmlCacheBehavior [ RunTime:0.000530s ]
INFO: [ app_begin ] --END-- [ RunTime:0.000584s ]
ERR: 模板不存在:./Application/Home/View/Public/404.html

[ 2018-04-08T10:12:23+08:00 ] 127.0.0.1 /Application/Admin/View/Public/fonts/fontawesome-webfont.ttf?v=4.6.3
INFO: [ app_init ] --START--
INFO: Run Behavior\BuildLiteBehavior [ RunTime:0.000012s ]
INFO: [ app_init ] --END-- [ RunTime:0.000491s ]
INFO: [ app_begin ] --START--
INFO: Run Behavior\ReadHtmlCacheBehavior [ RunTime:0.000792s ]
INFO: [ app_begin ] --END-- [ RunTime:0.000869s ]
ERR: 模板不存在:./Application/Home/View/Public/404.html

[ 2018-04-08T10:14:10+08:00 ] 127.0.0.1 /Application/Admin/View/Public/fonts/fontawesome-webfont.woff2?v=4.6.3
INFO: [ app_init ] --START--
INFO: Run Behavior\BuildLiteBehavior [ RunTime:0.000015s ]
INFO: [ app_init ] --END-- [ RunTime:0.000587s ]
INFO: [ app_begin ] --START--
INFO: Run Behavior\ReadHtmlCacheBehavior [ RunTime:0.000714s ]
INFO: [ app_begin ] --END-- [ RunTime:0.000780s ]
ERR: 模板不存在:./Application/Home/View/Public/404.html

[ 2018-04-08T10:14:10+08:00 ] 127.0.0.1 /Application/Admin/View/Public/fonts/fontawesome-webfont.woff?v=4.6.3
INFO: [ app_init ] --START--
INFO: Run Behavior\BuildLiteBehavior [ RunTime:0.000016s ]
INFO: [ app_init ] --END-- [ RunTime:0.000544s ]
INFO: [ app_begin ] --START--
INFO: Run Behavior\ReadHtmlCacheBehavior [ RunTime:0.000775s ]
INFO: [ app_begin ] --END-- [ RunTime:0.000849s ]
ERR: 模板不存在:./Application/Home/View/Public/404.html

[ 2018-04-08T10:14:10+08:00 ] 127.0.0.1 /Application/Admin/View/Public/fonts/fontawesome-webfont.ttf?v=4.6.3
INFO: [ app_init ] --START--
INFO: Run Behavior\BuildLiteBehavior [ RunTime:0.000016s ]
INFO: [ app_init ] --END-- [ RunTime:0.001144s ]
INFO: [ app_begin ] --START--
INFO: Run Behavior\ReadHtmlCacheBehavior [ RunTime:0.000801s ]
INFO: [ app_begin ] --END-- [ RunTime:0.000884s ]
ERR: 模板不存在:./Application/Home/View/Public/404.html

[ 2018-04-08T10:16:23+08:00 ] 127.0.0.1 /Application/Admin/View/Public/fonts/fontawesome-webfont.woff2?v=4.6.3
INFO: [ app_init ] --START--
INFO: Run Behavior\BuildLiteBehavior [ RunTime:0.000011s ]
INFO: [ app_init ] --END-- [ RunTime:0.000415s ]
INFO: [ app_begin ] --START--
INFO: Run Behavior\ReadHtmlCacheBehavior [ RunTime:0.000628s ]
INFO: [ app_begin ] --END-- [ RunTime:0.000684s ]
ERR: 模板不存在:./Application/Home/View/Public/404.html

[ 2018-04-08T10:16:23+08:00 ] 127.0.0.1 /Application/Admin/View/Public/fonts/fontawesome-webfont.woff?v=4.6.3
INFO: [ app_init ] --START--
INFO: Run Behavior\BuildLiteBehavior [ RunTime:0.000017s ]
INFO: [ app_init ] --END-- [ RunTime:0.000568s ]
INFO: [ app_begin ] --START--
INFO: Run Behavior\ReadHtmlCacheBehavior [ RunTime:0.000555s ]
INFO: [ app_begin ] --END-- [ RunTime:0.000612s ]
ERR: 模板不存在:./Application/Home/View/Public/404.html

[ 2018-04-08T10:16:23+08:00 ] 127.0.0.1 /Application/Admin/View/Public/fonts/fontawesome-webfont.ttf?v=4.6.3
INFO: [ app_init ] --START--
INFO: Run Behavior\BuildLiteBehavior [ RunTime:0.000015s ]
INFO: [ app_init ] --END-- [ RunTime:0.000499s ]
INFO: [ app_begin ] --START--
INFO: Run Behavior\ReadHtmlCacheBehavior [ RunTime:0.001026s ]
INFO: [ app_begin ] --END-- [ RunTime:0.001099s ]
ERR: 模板不存在:./Application/Home/View/Public/404.html

[ 2018-04-08T10:17:01+08:00 ] 127.0.0.1 /Application/Admin/View/Public/fonts/fontawesome-webfont.woff2?v=4.6.3
INFO: [ app_init ] --START--
INFO: Run Behavior\BuildLiteBehavior [ RunTime:0.000031s ]
INFO: [ app_init ] --END-- [ RunTime:0.000582s ]
INFO: [ app_begin ] --START--
INFO: Run Behavior\ReadHtmlCacheBehavior [ RunTime:0.000656s ]
INFO: [ app_begin ] --END-- [ RunTime:0.000718s ]
ERR: 模板不存在:./Application/Home/View/Public/404.html

[ 2018-04-08T10:17:01+08:00 ] 127.0.0.1 /Application/Admin/View/Public/fonts/fontawesome-webfont.woff?v=4.6.3
INFO: [ app_init ] --START--
INFO: Run Behavior\BuildLiteBehavior [ RunTime:0.000012s ]
INFO: [ app_init ] --END-- [ RunTime:0.000450s ]
INFO: [ app_begin ] --START--
INFO: Run Behavior\ReadHtmlCacheBehavior [ RunTime:0.001161s ]
INFO: [ app_begin ] --END-- [ RunTime:0.001359s ]
ERR: 模板不存在:./Application/Home/View/Public/404.html

[ 2018-04-08T10:17:01+08:00 ] 127.0.0.1 /Application/Admin/View/Public/fonts/fontawesome-webfont.ttf?v=4.6.3
INFO: [ app_init ] --START--
INFO: Run Behavior\BuildLiteBehavior [ RunTime:0.000023s ]
INFO: [ app_init ] --END-- [ RunTime:0.000859s ]
INFO: [ app_begin ] --START--
INFO: Run Behavior\ReadHtmlCacheBehavior [ RunTime:0.001123s ]
INFO: [ app_begin ] --END-- [ RunTime:0.001233s ]
ERR: 模板不存在:./Application/Home/View/Public/404.html

[ 2018-04-08T10:17:48+08:00 ] 127.0.0.1 /Application/Admin/View/Public/fonts/fontawesome-webfont.woff2?v=4.6.3
INFO: [ app_init ] --START--
INFO: Run Behavior\BuildLiteBehavior [ RunTime:0.000015s ]
INFO: [ app_init ] --END-- [ RunTime:0.000420s ]
INFO: [ app_begin ] --START--
INFO: Run Behavior\ReadHtmlCacheBehavior [ RunTime:0.001263s ]
INFO: [ app_begin ] --END-- [ RunTime:0.001411s ]
ERR: 模板不存在:./Application/Home/View/Public/404.html

[ 2018-04-08T10:17:48+08:00 ] 127.0.0.1 /Application/Admin/View/Public/fonts/fontawesome-webfont.woff?v=4.6.3
INFO: [ app_init ] --START--
INFO: Run Behavior\BuildLiteBehavior [ RunTime:0.000015s ]
INFO: [ app_init ] --END-- [ RunTime:0.000504s ]
INFO: [ app_begin ] --START--
INFO: Run Behavior\ReadHtmlCacheBehavior [ RunTime:0.000991s ]
INFO: [ app_begin ] --END-- [ RunTime:0.001106s ]
ERR: 模板不存在:./Application/Home/View/Public/404.html

[ 2018-04-08T10:17:48+08:00 ] 127.0.0.1 /Application/Admin/View/Public/fonts/fontawesome-webfont.ttf?v=4.6.3
INFO: [ app_init ] --START--
INFO: Run Behavior\BuildLiteBehavior [ RunTime:0.000018s ]
INFO: [ app_init ] --END-- [ RunTime:0.000557s ]
INFO: [ app_begin ] --START--
INFO: Run Behavior\ReadHtmlCacheBehavior [ RunTime:0.001065s ]
INFO: [ app_begin ] --END-- [ RunTime:0.001195s ]
ERR: 模板不存在:./Application/Home/View/Public/404.html

[ 2018-04-08T10:18:03+08:00 ] 127.0.0.1 /Application/Admin/View/Public/fonts/fontawesome-webfont.woff2?v=4.6.3
INFO: [ app_init ] --START--
INFO: Run Behavior\BuildLiteBehavior [ RunTime:0.000012s ]
INFO: [ app_init ] --END-- [ RunTime:0.000420s ]
INFO: [ app_begin ] --START--
INFO: Run Behavior\ReadHtmlCacheBehavior [ RunTime:0.000849s ]
INFO: [ app_begin ] --END-- [ RunTime:0.000958s ]
ERR: 模板不存在:./Application/Home/View/Public/404.html

[ 2018-04-08T10:18:04+08:00 ] 127.0.0.1 /Application/Admin/View/Public/fonts/fontawesome-webfont.woff?v=4.6.3
INFO: [ app_init ] --START--
INFO: Run Behavior\BuildLiteBehavior [ RunTime:0.000016s ]
INFO: [ app_init ] --END-- [ RunTime:0.000609s ]
INFO: [ app_begin ] --START--
INFO: Run Behavior\ReadHtmlCacheBehavior [ RunTime:0.000795s ]
INFO: [ app_begin ] --END-- [ RunTime:0.000862s ]
ERR: 模板不存在:./Application/Home/View/Public/404.html

[ 2018-04-08T10:18:04+08:00 ] 127.0.0.1 /Application/Admin/View/Public/fonts/fontawesome-webfont.ttf?v=4.6.3
INFO: [ app_init ] --START--
INFO: Run Behavior\BuildLiteBehavior [ RunTime:0.000016s ]
INFO: [ app_init ] --END-- [ RunTime:0.000672s ]
INFO: [ app_begin ] --START--
INFO: Run Behavior\ReadHtmlCacheBehavior [ RunTime:0.000744s ]
INFO: [ app_begin ] --END-- [ RunTime:0.000830s ]
ERR: 模板不存在:./Application/Home/View/Public/404.html

[ 2018-04-08T10:18:38+08:00 ] 127.0.0.1 /Application/Admin/View/Public/fonts/fontawesome-webfont.woff2?v=4.6.3
INFO: [ app_init ] --START--
INFO: Run Behavior\BuildLiteBehavior [ RunTime:0.000015s ]
INFO: [ app_init ] --END-- [ RunTime:0.000410s ]
INFO: [ app_begin ] --START--
INFO: Run Behavior\ReadHtmlCacheBehavior [ RunTime:0.000632s ]
INFO: [ app_begin ] --END-- [ RunTime:0.000677s ]
ERR: 模板不存在:./Application/Home/View/Public/404.html

[ 2018-04-08T10:18:38+08:00 ] 127.0.0.1 /Application/Admin/View/Public/fonts/fontawesome-webfont.woff?v=4.6.3
INFO: [ app_init ] --START--
INFO: Run Behavior\BuildLiteBehavior [ RunTime:0.000014s ]
INFO: [ app_init ] --END-- [ RunTime:0.000585s ]
INFO: [ app_begin ] --START--
INFO: Run Behavior\ReadHtmlCacheBehavior [ RunTime:0.000992s ]
INFO: [ app_begin ] --END-- [ RunTime:0.001189s ]
ERR: 模板不存在:./Application/Home/View/Public/404.html

[ 2018-04-08T10:18:38+08:00 ] 127.0.0.1 /Application/Admin/View/Public/fonts/fontawesome-webfont.ttf?v=4.6.3
INFO: [ app_init ] --START--
INFO: Run Behavior\BuildLiteBehavior [ RunTime:0.000018s ]
INFO: [ app_init ] --END-- [ RunTime:0.000651s ]
INFO: [ app_begin ] --START--
INFO: Run Behavior\ReadHtmlCacheBehavior [ RunTime:0.000638s ]
INFO: [ app_begin ] --END-- [ RunTime:0.000711s ]
ERR: 模板不存在:./Application/Home/View/Public/404.html

[ 2018-04-08T10:19:12+08:00 ] 127.0.0.1 /Application/Admin/View/Public/fonts/fontawesome-webfont.woff2?v=4.6.3
INFO: [ app_init ] --START--
INFO: Run Behavior\BuildLiteBehavior [ RunTime:0.000011s ]
INFO: [ app_init ] --END-- [ RunTime:0.000419s ]
INFO: [ app_begin ] --START--
INFO: Run Behavior\ReadHtmlCacheBehavior [ RunTime:0.000612s ]
INFO: [ app_begin ] --END-- [ RunTime:0.000658s ]
ERR: 模板不存在:./Application/Home/View/Public/404.html

[ 2018-04-08T10:19:12+08:00 ] 127.0.0.1 /Application/Admin/View/Public/fonts/fontawesome-webfont.woff?v=4.6.3
INFO: [ app_init ] --START--
INFO: Run Behavior\BuildLiteBehavior [ RunTime:0.000010s ]
INFO: [ app_init ] --END-- [ RunTime:0.000378s ]
INFO: [ app_begin ] --START--
INFO: Run Behavior\ReadHtmlCacheBehavior [ RunTime:0.000535s ]
INFO: [ app_begin ] --END-- [ RunTime:0.000585s ]
ERR: 模板不存在:./Application/Home/View/Public/404.html

[ 2018-04-08T10:19:12+08:00 ] 127.0.0.1 /Application/Admin/View/Public/fonts/fontawesome-webfont.ttf?v=4.6.3
INFO: [ app_init ] --START--
INFO: Run Behavior\BuildLiteBehavior [ RunTime:0.000075s ]
INFO: [ app_init ] --END-- [ RunTime:0.001520s ]
INFO: [ app_begin ] --START--
INFO: Run Behavior\ReadHtmlCacheBehavior [ RunTime:0.000622s ]
INFO: [ app_begin ] --END-- [ RunTime:0.000684s ]
ERR: 模板不存在:./Application/Home/View/Public/404.html

[ 2018-04-08T10:19:30+08:00 ] 127.0.0.1 /Application/Admin/View/Public/fonts/fontawesome-webfont.woff2?v=4.6.3
INFO: [ app_init ] --START--
INFO: Run Behavior\BuildLiteBehavior [ RunTime:0.000019s ]
INFO: [ app_init ] --END-- [ RunTime:0.000599s ]
INFO: [ app_begin ] --START--
INFO: Run Behavior\ReadHtmlCacheBehavior [ RunTime:0.001056s ]
INFO: [ app_begin ] --END-- [ RunTime:0.001146s ]
ERR: 模板不存在:./Application/Home/View/Public/404.html

[ 2018-04-08T10:19:30+08:00 ] 127.0.0.1 /Application/Admin/View/Public/fonts/fontawesome-webfont.woff?v=4.6.3
INFO: [ app_init ] --START--
INFO: Run Behavior\BuildLiteBehavior [ RunTime:0.000016s ]
INFO: [ app_init ] --END-- [ RunTime:0.000573s ]
INFO: [ app_begin ] --START--
INFO: Run Behavior\ReadHtmlCacheBehavior [ RunTime:0.001286s ]
INFO: [ app_begin ] --END-- [ RunTime:0.001409s ]
ERR: 模板不存在:./Application/Home/View/Public/404.html

[ 2018-04-08T10:19:30+08:00 ] 127.0.0.1 /Application/Admin/View/Public/fonts/fontawesome-webfont.ttf?v=4.6.3
INFO: [ app_init ] --START--
INFO: Run Behavior\BuildLiteBehavior [ RunTime:0.000012s ]
INFO: [ app_init ] --END-- [ RunTime:0.000533s ]
INFO: [ app_begin ] --START--
INFO: Run Behavior\ReadHtmlCacheBehavior [ RunTime:0.000996s ]
INFO: [ app_begin ] --END-- [ RunTime:0.001091s ]
ERR: 模板不存在:./Application/Home/View/Public/404.html

[ 2018-04-08T10:19:57+08:00 ] 127.0.0.1 /Application/Admin/View/Public/fonts/fontawesome-webfont.woff2?v=4.6.3
INFO: [ app_init ] --START--
INFO: Run Behavior\BuildLiteBehavior [ RunTime:0.000013s ]
INFO: [ app_init ] --END-- [ RunTime:0.000506s ]
INFO: [ app_begin ] --START--
INFO: Run Behavior\ReadHtmlCacheBehavior [ RunTime:0.000550s ]
INFO: [ app_begin ] --END-- [ RunTime:0.000600s ]
ERR: 模板不存在:./Application/Home/View/Public/404.html

[ 2018-04-08T10:19:57+08:00 ] 127.0.0.1 /Application/Admin/View/Public/fonts/fontawesome-webfont.woff?v=4.6.3
INFO: [ app_init ] --START--
INFO: Run Behavior\BuildLiteBehavior [ RunTime:0.000011s ]
INFO: [ app_init ] --END-- [ RunTime:0.000377s ]
INFO: [ app_begin ] --START--
INFO: Run Behavior\ReadHtmlCacheBehavior [ RunTime:0.001388s ]
INFO: [ app_begin ] --END-- [ RunTime:0.001503s ]
ERR: 模板不存在:./Application/Home/View/Public/404.html

[ 2018-04-08T10:19:57+08:00 ] 127.0.0.1 /Application/Admin/View/Public/fonts/fontawesome-webfont.ttf?v=4.6.3
INFO: [ app_init ] --START--
INFO: Run Behavior\BuildLiteBehavior [ RunTime:0.000017s ]
INFO: [ app_init ] --END-- [ RunTime:0.000529s ]
INFO: [ app_begin ] --START--
INFO: Run Behavior\ReadHtmlCacheBehavior [ RunTime:0.000551s ]
INFO: [ app_begin ] --END-- [ RunTime:0.000616s ]
ERR: 模板不存在:./Application/Home/View/Public/404.html

[ 2018-04-08T10:19:59+08:00 ] 127.0.0.1 /Application/Admin/View/Public/fonts/fontawesome-webfont.woff2?v=4.6.3
INFO: [ app_init ] --START--
INFO: Run Behavior\BuildLiteBehavior [ RunTime:0.000010s ]
INFO: [ app_init ] --END-- [ RunTime:0.000366s ]
INFO: [ app_begin ] --START--
INFO: Run Behavior\ReadHtmlCacheBehavior [ RunTime:0.000654s ]
INFO: [ app_begin ] --END-- [ RunTime:0.000710s ]
ERR: 模板不存在:./Application/Home/View/Public/404.html

[ 2018-04-08T10:19:59+08:00 ] 127.0.0.1 /Application/Admin/View/Public/fonts/fontawesome-webfont.woff?v=4.6.3
INFO: [ app_init ] --START--
INFO: Run Behavior\BuildLiteBehavior [ RunTime:0.000020s ]
INFO: [ app_init ] --END-- [ RunTime:0.000576s ]
INFO: [ app_begin ] --START--
INFO: Run Behavior\ReadHtmlCacheBehavior [ RunTime:0.000532s ]
INFO: [ app_begin ] --END-- [ RunTime:0.000588s ]
ERR: 模板不存在:./Application/Home/View/Public/404.html

[ 2018-04-08T10:19:59+08:00 ] 127.0.0.1 /Application/Admin/View/Public/fonts/fontawesome-webfont.ttf?v=4.6.3
INFO: [ app_init ] --START--
INFO: Run Behavior\BuildLiteBehavior [ RunTime:0.000017s ]
INFO: [ app_init ] --END-- [ RunTime:0.000590s ]
INFO: [ app_begin ] --START--
INFO: Run Behavior\ReadHtmlCacheBehavior [ RunTime:0.000728s ]
INFO: [ app_begin ] --END-- [ RunTime:0.000797s ]
ERR: 模板不存在:./Application/Home/View/Public/404.html

[ 2018-04-08T10:21:13+08:00 ] 127.0.0.1 /Application/Admin/View/Public/fonts/fontawesome-webfont.woff2?v=4.6.3
INFO: [ app_init ] --START--
INFO: Run Behavior\BuildLiteBehavior [ RunTime:0.000018s ]
INFO: [ app_init ] --END-- [ RunTime:0.000659s ]
INFO: [ app_begin ] --START--
INFO: Run Behavior\ReadHtmlCacheBehavior [ RunTime:0.000657s ]
INFO: [ app_begin ] --END-- [ RunTime:0.000707s ]
ERR: 模板不存在:./Application/Home/View/Public/404.html

[ 2018-04-08T10:21:13+08:00 ] 127.0.0.1 /Application/Admin/View/Public/fonts/fontawesome-webfont.woff?v=4.6.3
INFO: [ app_init ] --START--
INFO: Run Behavior\BuildLiteBehavior [ RunTime:0.000011s ]
INFO: [ app_init ] --END-- [ RunTime:0.000390s ]
INFO: [ app_begin ] --START--
INFO: Run Behavior\ReadHtmlCacheBehavior [ RunTime:0.000487s ]
INFO: [ app_begin ] --END-- [ RunTime:0.000529s ]
ERR: 模板不存在:./Application/Home/View/Public/404.html

[ 2018-04-08T10:21:13+08:00 ] 127.0.0.1 /Application/Admin/View/Public/fonts/fontawesome-webfont.ttf?v=4.6.3
INFO: [ app_init ] --START--
INFO: Run Behavior\BuildLiteBehavior [ RunTime:0.000016s ]
INFO: [ app_init ] --END-- [ RunTime:0.000551s ]
INFO: [ app_begin ] --START--
INFO: Run Behavior\ReadHtmlCacheBehavior [ RunTime:0.000910s ]
INFO: [ app_begin ] --END-- [ RunTime:0.000994s ]
ERR: 模板不存在:./Application/Home/View/Public/404.html

[ 2018-04-08T10:21:18+08:00 ] 127.0.0.1 /Application/Admin/View/Public/fonts/fontawesome-webfont.woff2?v=4.6.3
INFO: [ app_init ] --START--
INFO: Run Behavior\BuildLiteBehavior [ RunTime:0.000018s ]
INFO: [ app_init ] --END-- [ RunTime:0.000699s ]
INFO: [ app_begin ] --START--
INFO: Run Behavior\ReadHtmlCacheBehavior [ RunTime:0.001097s ]
INFO: [ app_begin ] --END-- [ RunTime:0.001221s ]
ERR: 模板不存在:./Application/Home/View/Public/404.html

[ 2018-04-08T10:21:18+08:00 ] 127.0.0.1 /Application/Admin/View/Public/fonts/fontawesome-webfont.woff?v=4.6.3
INFO: [ app_init ] --START--
INFO: Run Behavior\BuildLiteBehavior [ RunTime:0.000026s ]
INFO: [ app_init ] --END-- [ RunTime:0.000727s ]
INFO: [ app_begin ] --START--
INFO: Run Behavior\ReadHtmlCacheBehavior [ RunTime:0.000575s ]
INFO: [ app_begin ] --END-- [ RunTime:0.000630s ]
ERR: 模板不存在:./Application/Home/View/Public/404.html

[ 2018-04-08T10:21:18+08:00 ] 127.0.0.1 /Application/Admin/View/Public/fonts/fontawesome-webfont.ttf?v=4.6.3
INFO: [ app_init ] --START--
INFO: Run Behavior\BuildLiteBehavior [ RunTime:0.000024s ]
INFO: [ app_init ] --END-- [ RunTime:0.000863s ]
INFO: [ app_begin ] --START--
INFO: Run Behavior\ReadHtmlCacheBehavior [ RunTime:0.000923s ]
INFO: [ app_begin ] --END-- [ RunTime:0.000995s ]
ERR: 模板不存在:./Application/Home/View/Public/404.html

[ 2018-04-08T10:21:30+08:00 ] 127.0.0.1 /Application/Admin/View/Public/fonts/fontawesome-webfont.woff2?v=4.6.3
INFO: [ app_init ] --START--
INFO: Run Behavior\BuildLiteBehavior [ RunTime:0.000016s ]
INFO: [ app_init ] --END-- [ RunTime:0.000540s ]
INFO: [ app_begin ] --START--
INFO: Run Behavior\ReadHtmlCacheBehavior [ RunTime:0.000666s ]
INFO: [ app_begin ] --END-- [ RunTime:0.000719s ]
ERR: 模板不存在:./Application/Home/View/Public/404.html

[ 2018-04-08T10:21:30+08:00 ] 127.0.0.1 /Application/Admin/View/Public/fonts/fontawesome-webfont.woff?v=4.6.3
INFO: [ app_init ] --START--
INFO: Run Behavior\BuildLiteBehavior [ RunTime:0.000011s ]
INFO: [ app_init ] --END-- [ RunTime:0.000477s ]
INFO: [ app_begin ] --START--
INFO: Run Behavior\ReadHtmlCacheBehavior [ RunTime:0.000551s ]
INFO: [ app_begin ] --END-- [ RunTime:0.000613s ]
ERR: 模板不存在:./Application/Home/View/Public/404.html

[ 2018-04-08T10:21:30+08:00 ] 127.0.0.1 /Application/Admin/View/Public/fonts/fontawesome-webfont.ttf?v=4.6.3
INFO: [ app_init ] --START--
INFO: Run Behavior\BuildLiteBehavior [ RunTime:0.000016s ]
INFO: [ app_init ] --END-- [ RunTime:0.000547s ]
INFO: [ app_begin ] --START--
INFO: Run Behavior\ReadHtmlCacheBehavior [ RunTime:0.000580s ]
INFO: [ app_begin ] --END-- [ RunTime:0.000634s ]
ERR: 模板不存在:./Application/Home/View/Public/404.html

[ 2018-04-08T10:22:17+08:00 ] 127.0.0.1 /Application/Admin/View/Public/fonts/fontawesome-webfont.woff2?v=4.6.3
INFO: [ app_init ] --START--
INFO: Run Behavior\BuildLiteBehavior [ RunTime:0.000020s ]
INFO: [ app_init ] --END-- [ RunTime:0.000520s ]
INFO: [ app_begin ] --START--
INFO: Run Behavior\ReadHtmlCacheBehavior [ RunTime:0.001025s ]
INFO: [ app_begin ] --END-- [ RunTime:0.001119s ]
ERR: 模板不存在:./Application/Home/View/Public/404.html

[ 2018-04-08T10:22:18+08:00 ] 127.0.0.1 /Application/Admin/View/Public/fonts/fontawesome-webfont.woff?v=4.6.3
INFO: [ app_init ] --START--
INFO: Run Behavior\BuildLiteBehavior [ RunTime:0.000020s ]
INFO: [ app_init ] --END-- [ RunTime:0.000446s ]
INFO: [ app_begin ] --START--
INFO: Run Behavior\ReadHtmlCacheBehavior [ RunTime:0.000723s ]
INFO: [ app_begin ] --END-- [ RunTime:0.000789s ]
ERR: 模板不存在:./Application/Home/View/Public/404.html

[ 2018-04-08T10:22:18+08:00 ] 127.0.0.1 /Application/Admin/View/Public/fonts/fontawesome-webfont.ttf?v=4.6.3
INFO: [ app_init ] --START--
INFO: Run Behavior\BuildLiteBehavior [ RunTime:0.000019s ]
INFO: [ app_init ] --END-- [ RunTime:0.000802s ]
INFO: [ app_begin ] --START--
INFO: Run Behavior\ReadHtmlCacheBehavior [ RunTime:0.000762s ]
INFO: [ app_begin ] --END-- [ RunTime:0.000829s ]
ERR: 模板不存在:./Application/Home/View/Public/404.html

[ 2018-04-08T10:22:28+08:00 ] 127.0.0.1 /Application/Admin/View/Public/fonts/fontawesome-webfont.woff2?v=4.6.3
INFO: [ app_init ] --START--
INFO: Run Behavior\BuildLiteBehavior [ RunTime:0.000042s ]
INFO: [ app_init ] --END-- [ RunTime:0.000628s ]
INFO: [ app_begin ] --START--
INFO: Run Behavior\ReadHtmlCacheBehavior [ RunTime:0.000913s ]
INFO: [ app_begin ] --END-- [ RunTime:0.000997s ]
ERR: 模板不存在:./Application/Home/View/Public/404.html

[ 2018-04-08T10:22:28+08:00 ] 127.0.0.1 /Application/Admin/View/Public/fonts/fontawesome-webfont.woff?v=4.6.3
INFO: [ app_init ] --START--
INFO: Run Behavior\BuildLiteBehavior [ RunTime:0.000042s ]
INFO: [ app_init ] --END-- [ RunTime:0.000726s ]
INFO: [ app_begin ] --START--
INFO: Run Behavior\ReadHtmlCacheBehavior [ RunTime:0.000748s ]
INFO: [ app_begin ] --END-- [ RunTime:0.000824s ]
ERR: 模板不存在:./Application/Home/View/Public/404.html

[ 2018-04-08T10:22:28+08:00 ] 127.0.0.1 /Application/Admin/View/Public/fonts/fontawesome-webfont.ttf?v=4.6.3
INFO: [ app_init ] --START--
INFO: Run Behavior\BuildLiteBehavior [ RunTime:0.000015s ]
INFO: [ app_init ] --END-- [ RunTime:0.000538s ]
INFO: [ app_begin ] --START--
INFO: Run Behavior\ReadHtmlCacheBehavior [ RunTime:0.001072s ]
INFO: [ app_begin ] --END-- [ RunTime:0.001263s ]
ERR: 模板不存在:./Application/Home/View/Public/404.html

[ 2018-04-08T10:22:37+08:00 ] 127.0.0.1 /Application/Admin/View/Public/fonts/fontawesome-webfont.woff2?v=4.6.3
INFO: [ app_init ] --START--
INFO: Run Behavior\BuildLiteBehavior [ RunTime:0.000011s ]
INFO: [ app_init ] --END-- [ RunTime:0.000401s ]
INFO: [ app_begin ] --START--
INFO: Run Behavior\ReadHtmlCacheBehavior [ RunTime:0.000808s ]
INFO: [ app_begin ] --END-- [ RunTime:0.000870s ]
ERR: 模板不存在:./Application/Home/View/Public/404.html

[ 2018-04-08T10:22:37+08:00 ] 127.0.0.1 /Application/Admin/View/Public/fonts/fontawesome-webfont.woff?v=4.6.3
INFO: [ app_init ] --START--
INFO: Run Behavior\BuildLiteBehavior [ RunTime:0.000010s ]
INFO: [ app_init ] --END-- [ RunTime:0.000364s ]
INFO: [ app_begin ] --START--
INFO: Run Behavior\ReadHtmlCacheBehavior [ RunTime:0.000695s ]
INFO: [ app_begin ] --END-- [ RunTime:0.000763s ]
ERR: 模板不存在:./Application/Home/View/Public/404.html

[ 2018-04-08T10:22:37+08:00 ] 127.0.0.1 /Application/Admin/View/Public/fonts/fontawesome-webfont.ttf?v=4.6.3
INFO: [ app_init ] --START--
INFO: Run Behavior\BuildLiteBehavior [ RunTime:0.000021s ]
INFO: [ app_init ] --END-- [ RunTime:0.000752s ]
INFO: [ app_begin ] --START--
INFO: Run Behavior\ReadHtmlCacheBehavior [ RunTime:0.000946s ]
INFO: [ app_begin ] --END-- [ RunTime:0.001048s ]
ERR: 模板不存在:./Application/Home/View/Public/404.html

[ 2018-04-08T10:24:09+08:00 ] 127.0.0.1 /Application/Admin/View/Public/fonts/fontawesome-webfont.woff2?v=4.6.3
INFO: [ app_init ] --START--
INFO: Run Behavior\BuildLiteBehavior [ RunTime:0.000019s ]
INFO: [ app_init ] --END-- [ RunTime:0.000969s ]
INFO: [ app_begin ] --START--
INFO: Run Behavior\ReadHtmlCacheBehavior [ RunTime:0.000694s ]
INFO: [ app_begin ] --END-- [ RunTime:0.000761s ]
ERR: 模板不存在:./Application/Home/View/Public/404.html

[ 2018-04-08T10:24:09+08:00 ] 127.0.0.1 /Application/Admin/View/Public/fonts/fontawesome-webfont.woff?v=4.6.3
INFO: [ app_init ] --START--
INFO: Run Behavior\BuildLiteBehavior [ RunTime:0.000014s ]
INFO: [ app_init ] --END-- [ RunTime:0.000675s ]
INFO: [ app_begin ] --START--
INFO: Run Behavior\ReadHtmlCacheBehavior [ RunTime:0.000536s ]
INFO: [ app_begin ] --END-- [ RunTime:0.000588s ]
ERR: 模板不存在:./Application/Home/View/Public/404.html

[ 2018-04-08T10:24:09+08:00 ] 127.0.0.1 /Application/Admin/View/Public/fonts/fontawesome-webfont.ttf?v=4.6.3
INFO: [ app_init ] --START--
INFO: Run Behavior\BuildLiteBehavior [ RunTime:0.000027s ]
INFO: [ app_init ] --END-- [ RunTime:0.000562s ]
INFO: [ app_begin ] --START--
INFO: Run Behavior\ReadHtmlCacheBehavior [ RunTime:0.000551s ]
INFO: [ app_begin ] --END-- [ RunTime:0.000601s ]
ERR: 模板不存在:./Application/Home/View/Public/404.html

[ 2018-04-08T10:25:01+08:00 ] 127.0.0.1 /Application/Admin/View/Public/fonts/fontawesome-webfont.woff2?v=4.6.3
INFO: [ app_init ] --START--
INFO: Run Behavior\BuildLiteBehavior [ RunTime:0.000014s ]
INFO: [ app_init ] --END-- [ RunTime:0.000527s ]
INFO: [ app_begin ] --START--
INFO: Run Behavior\ReadHtmlCacheBehavior [ RunTime:0.000888s ]
INFO: [ app_begin ] --END-- [ RunTime:0.000968s ]
ERR: 模板不存在:./Application/Home/View/Public/404.html

[ 2018-04-08T10:25:01+08:00 ] 127.0.0.1 /Application/Admin/View/Public/fonts/fontawesome-webfont.woff?v=4.6.3
INFO: [ app_init ] --START--
INFO: Run Behavior\BuildLiteBehavior [ RunTime:0.000026s ]
INFO: [ app_init ] --END-- [ RunTime:0.000580s ]
INFO: [ app_begin ] --START--
INFO: Run Behavior\ReadHtmlCacheBehavior [ RunTime:0.001266s ]
INFO: [ app_begin ] --END-- [ RunTime:0.001370s ]
ERR: 模板不存在:./Application/Home/View/Public/404.html

[ 2018-04-08T10:25:01+08:00 ] 127.0.0.1 /Application/Admin/View/Public/fonts/fontawesome-webfont.ttf?v=4.6.3
INFO: [ app_init ] --START--
INFO: Run Behavior\BuildLiteBehavior [ RunTime:0.000015s ]
INFO: [ app_init ] --END-- [ RunTime:0.000650s ]
INFO: [ app_begin ] --START--
INFO: Run Behavior\ReadHtmlCacheBehavior [ RunTime:0.000848s ]
INFO: [ app_begin ] --END-- [ RunTime:0.000942s ]
ERR: 模板不存在:./Application/Home/View/Public/404.html

