[ 2018-05-25T09:12:53+08:00 ] 127.0.0.1 /
INFO: [ app_init ] --START--
INFO: Run Behavior\BuildLiteBehavior [ RunTime:0.000015s ]
INFO: [ app_init ] --END-- [ RunTime:0.000880s ]
INFO: [ app_begin ] --START--
INFO: Run Behavior\ReadHtmlCacheBehavior [ RunTime:0.001082s ]
INFO: [ app_begin ] --END-- [ RunTime:0.001175s ]
INFO: [ view_parse ] --START--
INFO: [ template_filter ] --START--
INFO: Run Behavior\ContentReplaceBehavior [ RunTime:0.000274s ]
INFO: [ template_filter ] --END-- [ RunTime:0.000352s ]
NOTIC: [8] Undefined index: loginuser D:\myenv\apache\htdocs\pgyidc\Application\Runtime\Cache\Home\2a94b8bda04ff446dcedd42276fc99ee.php 第 531 行.
INFO: Run Behavior\ParseTemplateBehavior [ RunTime:0.072570s ]
INFO: [ view_parse ] --END-- [ RunTime:0.072639s ]
INFO: [ view_filter ] --START--
INFO: Run Behavior\WriteHtmlCacheBehavior [ RunTime:0.010016s ]
INFO: [ view_filter ] --END-- [ RunTime:0.010074s ]
INFO: [ app_end ] --START--
INFO: Run Behavior\ShowPageTraceBehavior [ RunTime:0.044380s ]
INFO: [ app_end ] --END-- [ RunTime:0.044461s ]

[ 2018-05-25T09:16:56+08:00 ] 127.0.0.1 /Index/cloud.html
INFO: [ app_init ] --START--
INFO: Run Behavior\BuildLiteBehavior [ RunTime:0.000014s ]
INFO: [ app_init ] --END-- [ RunTime:0.000505s ]
INFO: [ app_begin ] --START--
INFO: Run Behavior\ReadHtmlCacheBehavior [ RunTime:0.000983s ]
INFO: [ app_begin ] --END-- [ RunTime:0.001043s ]
INFO: [ view_parse ] --START--
INFO: [ template_filter ] --START--
INFO: Run Behavior\ContentReplaceBehavior [ RunTime:0.000212s ]
INFO: [ template_filter ] --END-- [ RunTime:0.000269s ]
NOTIC: [8] Undefined variable: current D:\myenv\apache\htdocs\pgyidc\Application\Runtime\Cache\Home\0cf361509365907d66e391a361e4b79c.php 第 42 行.
NOTIC: [8] Undefined variable: current D:\myenv\apache\htdocs\pgyidc\Application\Runtime\Cache\Home\0cf361509365907d66e391a361e4b79c.php 第 131 行.
NOTIC: [8] Undefined variable: current D:\myenv\apache\htdocs\pgyidc\Application\Runtime\Cache\Home\0cf361509365907d66e391a361e4b79c.php 第 165 行.
NOTIC: [8] Undefined variable: current D:\myenv\apache\htdocs\pgyidc\Application\Runtime\Cache\Home\0cf361509365907d66e391a361e4b79c.php 第 337 行.
NOTIC: [8] Undefined variable: current D:\myenv\apache\htdocs\pgyidc\Application\Runtime\Cache\Home\0cf361509365907d66e391a361e4b79c.php 第 388 行.
NOTIC: [8] Undefined variable: current D:\myenv\apache\htdocs\pgyidc\Application\Runtime\Cache\Home\0cf361509365907d66e391a361e4b79c.php 第 424 行.
NOTIC: [8] Undefined index: loginuser D:\myenv\apache\htdocs\pgyidc\Application\Runtime\Cache\Home\0cf361509365907d66e391a361e4b79c.php 第 531 行.
NOTIC: [8] Undefined variable: current D:\myenv\apache\htdocs\pgyidc\Application\Runtime\Cache\Home\0cf361509365907d66e391a361e4b79c.php 第 977 行.
INFO: Run Behavior\ParseTemplateBehavior [ RunTime:0.022878s ]
INFO: [ view_parse ] --END-- [ RunTime:0.022937s ]
INFO: [ view_filter ] --START--
INFO: Run Behavior\WriteHtmlCacheBehavior [ RunTime:0.000821s ]
INFO: [ view_filter ] --END-- [ RunTime:0.000868s ]
INFO: [ app_end ] --START--
INFO: Run Behavior\ShowPageTraceBehavior [ RunTime:0.001033s ]
INFO: [ app_end ] --END-- [ RunTime:0.001098s ]

[ 2018-05-25T09:16:59+08:00 ] 127.0.0.1 /Index/cloudbuy.html
INFO: [ app_init ] --START--
INFO: Run Behavior\BuildLiteBehavior [ RunTime:0.000012s ]
INFO: [ app_init ] --END-- [ RunTime:0.000491s ]
INFO: [ app_begin ] --START--
INFO: Run Behavior\ReadHtmlCacheBehavior [ RunTime:0.000933s ]
INFO: [ app_begin ] --END-- [ RunTime:0.000998s ]
SQL: SHOW COLUMNS FROM `configlist` [ RunTime:0.0487s ]
SQL: SHOW COLUMNS FROM `configinfo` [ RunTime:0.0333s ]
SQL: SHOW COLUMNS FROM `coreprice` [ RunTime:0.0270s ]
SQL: SHOW COLUMNS FROM `price` [ RunTime:0.0404s ]
SQL: SHOW COLUMNS FROM `os` [ RunTime:0.0347s ]
SQL: SHOW COLUMNS FROM `paylog` [ RunTime:0.0393s ]
SQL: SELECT SUM(money) as my FROM `paylog` WHERE ( userid=0 and datatype=0 )  [ RunTime:0.0026s ]
SQL: SELECT SUM(money) as my FROM `paylog` WHERE ( userid=0 and datatype=1 )  [ RunTime:0.0014s ]
SQL: SELECT * FROM `configlist` WHERE ( Property=0 )  [ RunTime:0.0015s ]
SQL: SELECT * FROM `configinfo` WHERE ( NavData=1 AND DataName=0 )  [ RunTime:0.0015s ]
SQL: SELECT `Title` FROM `configinfo` WHERE ( FatherID=1 AND DataName=1 ) LIMIT 1   [ RunTime:0.0013s ]
SQL: SELECT `Title` FROM `configinfo` WHERE ( FatherID=1 AND DataName=2 ) LIMIT 1   [ RunTime:0.0012s ]
SQL: SELECT `Title` FROM `configinfo` WHERE ( FatherID=1 AND DataName=3 ) LIMIT 1   [ RunTime:0.0012s ]
SQL: SELECT `ID`,`Kernel` FROM `coreprice` WHERE ( CID=1 ) GROUP BY Kernel  [ RunTime:0.0019s ]
SQL: SELECT `ID`,`Gigabyte` FROM `coreprice` WHERE ( CID=1 ) GROUP BY Gigabyte  [ RunTime:0.0020s ]
SQL: SELECT * FROM `os` WHERE ( ostype=0 )  [ RunTime:0.0014s ]
SQL: SELECT * FROM `os` WHERE ( ostype=1 )  [ RunTime:0.0013s ]
INFO: [ view_parse ] --START--
INFO: [ template_filter ] --START--
INFO: Run Behavior\ContentReplaceBehavior [ RunTime:0.000558s ]
INFO: [ template_filter ] --END-- [ RunTime:0.000713s ]
NOTIC: [8] Undefined index: loginuser D:\myenv\apache\htdocs\pgyidc\Application\Runtime\Cache\Home\1c44d0dd6e867a3c86931fd4c5d77be1.php 第 531 行.
NOTIC: [8] Undefined index: loginuser D:\myenv\apache\htdocs\pgyidc\Application\Runtime\Cache\Home\1c44d0dd6e867a3c86931fd4c5d77be1.php 第 565 行.
INFO: Run Behavior\ParseTemplateBehavior [ RunTime:0.062940s ]
INFO: [ view_parse ] --END-- [ RunTime:0.063024s ]
INFO: [ view_filter ] --START--
INFO: Run Behavior\WriteHtmlCacheBehavior [ RunTime:0.000827s ]
INFO: [ view_filter ] --END-- [ RunTime:0.000886s ]
INFO: [ app_end ] --START--
INFO: Run Behavior\ShowPageTraceBehavior [ RunTime:0.001082s ]
INFO: [ app_end ] --END-- [ RunTime:0.001161s ]

[ 2018-05-25T09:17:00+08:00 ] 127.0.0.1 /Home/Index/cloudbuyreq/
INFO: [ app_init ] --START--
INFO: Run Behavior\BuildLiteBehavior [ RunTime:0.000014s ]
INFO: [ app_init ] --END-- [ RunTime:0.000481s ]
INFO: [ app_begin ] --START--
INFO: Run Behavior\ReadHtmlCacheBehavior [ RunTime:0.001114s ]
INFO: [ app_begin ] --END-- [ RunTime:0.001192s ]
SQL: SHOW COLUMNS FROM `coreprice` [ RunTime:0.0150s ]
SQL: SHOW COLUMNS FROM `price` [ RunTime:0.0145s ]
SQL: SELECT `Prix` FROM `price` WHERE ( CID=1 AND DataName=3 ) LIMIT 1   [ RunTime:0.0006s ]
SQL: SELECT `Prix` FROM `price` WHERE ( CID=1 AND DataName=4 ) LIMIT 1   [ RunTime:0.0005s ]
SQL: SELECT `Prix` FROM `price` WHERE ( CID=1 AND DataName=0 ) LIMIT 1   [ RunTime:0.0005s ]
SQL: SELECT `Prix` FROM `price` WHERE ( CID=1 AND DataName=5 ) LIMIT 1   [ RunTime:0.0007s ]
SQL: SELECT `Prix` FROM `price` WHERE ( CID=1 AND DataName=2 ) LIMIT 1   [ RunTime:0.0010s ]
SQL: SELECT `Prix` FROM `coreprice` WHERE ( CID=1 AND Kernel=2 AND Gigabyte=1 ) LIMIT 1   [ RunTime:0.0011s ]

[ 2018-05-25T09:17:03+08:00 ] 127.0.0.1 /Home/Index/cloudbuy/cid/2
INFO: [ app_init ] --START--
INFO: Run Behavior\BuildLiteBehavior [ RunTime:0.000013s ]
INFO: [ app_init ] --END-- [ RunTime:0.000480s ]
INFO: [ app_begin ] --START--
INFO: Run Behavior\ReadHtmlCacheBehavior [ RunTime:0.000947s ]
INFO: [ app_begin ] --END-- [ RunTime:0.001003s ]
SQL: SHOW COLUMNS FROM `configlist` [ RunTime:0.0135s ]
SQL: SHOW COLUMNS FROM `configinfo` [ RunTime:0.0135s ]
SQL: SHOW COLUMNS FROM `coreprice` [ RunTime:0.0075s ]
SQL: SHOW COLUMNS FROM `price` [ RunTime:0.0066s ]
SQL: SHOW COLUMNS FROM `os` [ RunTime:0.0066s ]
SQL: SHOW COLUMNS FROM `paylog` [ RunTime:0.0068s ]
SQL: SELECT SUM(money) as my FROM `paylog` WHERE ( userid=0 and datatype=0 )  [ RunTime:0.0011s ]
SQL: SELECT SUM(money) as my FROM `paylog` WHERE ( userid=0 and datatype=1 )  [ RunTime:0.0006s ]
SQL: SELECT `NavData` FROM `configinfo` WHERE ( CID=2 AND DataName=0 ) LIMIT 1   [ RunTime:0.0006s ]
SQL: SELECT * FROM `configlist` WHERE ( Property=0 )  [ RunTime:0.0006s ]
SQL: SELECT * FROM `configinfo` WHERE ( NavData=1 AND DataName=0 )  [ RunTime:0.0006s ]
SQL: SELECT `Title` FROM `configinfo` WHERE ( FatherID=2 AND DataName=1 ) LIMIT 1   [ RunTime:0.0007s ]
SQL: SELECT `Title` FROM `configinfo` WHERE ( FatherID=2 AND DataName=2 ) LIMIT 1   [ RunTime:0.0006s ]
SQL: SELECT `Title` FROM `configinfo` WHERE ( FatherID=2 AND DataName=3 ) LIMIT 1   [ RunTime:0.0006s ]
SQL: SELECT `ID`,`Kernel` FROM `coreprice` WHERE ( CID=2 ) GROUP BY Kernel  [ RunTime:0.0009s ]
SQL: SELECT `ID`,`Gigabyte` FROM `coreprice` WHERE ( CID=2 ) GROUP BY Gigabyte  [ RunTime:0.0009s ]
SQL: SELECT * FROM `os` WHERE ( ostype=0 )  [ RunTime:0.0006s ]
SQL: SELECT * FROM `os` WHERE ( ostype=1 )  [ RunTime:0.0006s ]
INFO: [ view_parse ] --START--
INFO: [ template_filter ] --START--
INFO: Run Behavior\ContentReplaceBehavior [ RunTime:0.000224s ]
INFO: [ template_filter ] --END-- [ RunTime:0.000282s ]
NOTIC: [8] Undefined index: loginuser D:\myenv\apache\htdocs\pgyidc\Application\Runtime\Cache\Home\1c44d0dd6e867a3c86931fd4c5d77be1.php 第 531 行.
NOTIC: [8] Undefined index: loginuser D:\myenv\apache\htdocs\pgyidc\Application\Runtime\Cache\Home\1c44d0dd6e867a3c86931fd4c5d77be1.php 第 565 行.
INFO: Run Behavior\ParseTemplateBehavior [ RunTime:0.024065s ]
INFO: [ view_parse ] --END-- [ RunTime:0.024121s ]
INFO: [ view_filter ] --START--
INFO: Run Behavior\WriteHtmlCacheBehavior [ RunTime:0.000816s ]
INFO: [ view_filter ] --END-- [ RunTime:0.000864s ]
INFO: [ app_end ] --START--
INFO: Run Behavior\ShowPageTraceBehavior [ RunTime:0.001092s ]
INFO: [ app_end ] --END-- [ RunTime:0.001173s ]

[ 2018-05-25T09:17:05+08:00 ] 127.0.0.1 /Home/Index/cloudbuyreq/
INFO: [ app_init ] --START--
INFO: Run Behavior\BuildLiteBehavior [ RunTime:0.000016s ]
INFO: [ app_init ] --END-- [ RunTime:0.000555s ]
INFO: [ app_begin ] --START--
INFO: Run Behavior\ReadHtmlCacheBehavior [ RunTime:0.000917s ]
INFO: [ app_begin ] --END-- [ RunTime:0.000992s ]
SQL: SHOW COLUMNS FROM `coreprice` [ RunTime:0.0130s ]
SQL: SHOW COLUMNS FROM `price` [ RunTime:0.0138s ]
SQL: SELECT `Prix` FROM `price` WHERE ( CID=2 AND DataName=3 ) LIMIT 1   [ RunTime:0.0012s ]
SQL: SELECT `Prix` FROM `price` WHERE ( CID=2 AND DataName=4 ) LIMIT 1   [ RunTime:0.0011s ]
SQL: SELECT `Prix` FROM `price` WHERE ( CID=2 AND DataName=0 ) LIMIT 1   [ RunTime:0.0009s ]
SQL: SELECT `Prix` FROM `price` WHERE ( CID=2 AND DataName=5 ) LIMIT 1   [ RunTime:0.0009s ]
SQL: SELECT `Prix` FROM `price` WHERE ( CID=2 AND DataName=2 ) LIMIT 1   [ RunTime:0.0010s ]
SQL: SELECT `Prix` FROM `coreprice` WHERE ( CID=2 AND Kernel=2 AND Gigabyte=1 ) LIMIT 1   [ RunTime:0.0010s ]

[ 2018-05-25T09:17:05+08:00 ] 127.0.0.1 /favicon.ico
INFO: [ app_init ] --START--
INFO: Run Behavior\BuildLiteBehavior [ RunTime:0.000025s ]
INFO: [ app_init ] --END-- [ RunTime:0.001003s ]

[ 2018-05-25T09:17:10+08:00 ] 127.0.0.1 /Application/Admin/View/Public/images/icon_control.png
INFO: [ app_init ] --START--
INFO: Run Behavior\BuildLiteBehavior [ RunTime:0.000013s ]
INFO: [ app_init ] --END-- [ RunTime:0.000452s ]

[ 2018-05-25T09:41:21+08:00 ] 127.0.0.1 /Home/Index/index.html
INFO: [ app_init ] --START--
INFO: Run Behavior\BuildLiteBehavior [ RunTime:0.000011s ]
INFO: [ app_init ] --END-- [ RunTime:0.000442s ]
INFO: [ app_begin ] --START--
INFO: Run Behavior\ReadHtmlCacheBehavior [ RunTime:0.000589s ]
INFO: [ app_begin ] --END-- [ RunTime:0.000642s ]
INFO: [ view_parse ] --START--
INFO: [ template_filter ] --START--
INFO: Run Behavior\ContentReplaceBehavior [ RunTime:0.000270s ]
INFO: [ template_filter ] --END-- [ RunTime:0.000318s ]
INFO: Run Behavior\ParseTemplateBehavior [ RunTime:0.019352s ]
INFO: [ view_parse ] --END-- [ RunTime:0.019407s ]
INFO: [ view_filter ] --START--
INFO: Run Behavior\WriteHtmlCacheBehavior [ RunTime:0.000553s ]
INFO: [ view_filter ] --END-- [ RunTime:0.000597s ]
INFO: [ app_end ] --START--
INFO: Run Behavior\ShowPageTraceBehavior [ RunTime:0.000972s ]
INFO: [ app_end ] --END-- [ RunTime:0.001034s ]

[ 2018-05-25T09:42:59+08:00 ] 127.0.0.1 /Application/Admin/View/Public/images/icon_control.png
INFO: [ app_init ] --START--
INFO: Run Behavior\BuildLiteBehavior [ RunTime:0.000014s ]
INFO: [ app_init ] --END-- [ RunTime:0.000492s ]

