[ 2018-05-05T04:37:25+08:00 ] 203.208.60.147 /robots.txt
INFO: [ app_init ] --START--
INFO: Run Behavior\BuildLiteBehavior [ RunTime:0.000012s ]
INFO: [ app_init ] --END-- [ RunTime:0.000287s ]
INFO: [ app_begin ] --START--
INFO: Run Behavior\ReadHtmlCacheBehavior [ RunTime:0.000363s ]
INFO: [ app_begin ] --END-- [ RunTime:0.000408s ]
INFO: [ view_parse ] --START--
INFO: [ template_filter ] --START--
INFO: Run Behavior\ContentReplaceBehavior [ RunTime:0.000049s ]
INFO: [ template_filter ] --END-- [ RunTime:0.000092s ]
INFO: Run Behavior\ParseTemplateBehavior [ RunTime:0.004491s ]
INFO: [ view_parse ] --END-- [ RunTime:0.004535s ]
INFO: [ view_filter ] --START--
INFO: Run Behavior\WriteHtmlCacheBehavior [ RunTime:0.000109s ]
INFO: [ view_filter ] --END-- [ RunTime:0.000154s ]
INFO: [ app_end ] --START--
INFO: Run Behavior\ShowPageTraceBehavior [ RunTime:0.000389s ]
INFO: [ app_end ] --END-- [ RunTime:0.000428s ]

[ 2018-05-05T04:37:25+08:00 ] 203.208.60.147 /Home/Index/cloudbuy/id/
INFO: [ app_init ] --START--
INFO: Run Behavior\BuildLiteBehavior [ RunTime:0.000011s ]
INFO: [ app_init ] --END-- [ RunTime:0.000268s ]
INFO: [ app_begin ] --START--
INFO: Run Behavior\ReadHtmlCacheBehavior [ RunTime:0.000376s ]
INFO: [ app_begin ] --END-- [ RunTime:0.000419s ]
SQL: SHOW COLUMNS FROM `configlist` [ RunTime:0.0010s ]
SQL: SHOW COLUMNS FROM `configinfo` [ RunTime:0.0007s ]
SQL: SHOW COLUMNS FROM `coreprice` [ RunTime:0.0007s ]
SQL: SHOW COLUMNS FROM `price` [ RunTime:0.0007s ]
SQL: SHOW COLUMNS FROM `os` [ RunTime:0.0007s ]
SQL: SHOW COLUMNS FROM `paylog` [ RunTime:0.0007s ]
SQL: SELECT SUM(money) as my FROM `paylog` WHERE ( userid=0 and datatype=0 )  [ RunTime:0.0004s ]
SQL: SELECT SUM(money) as my FROM `paylog` WHERE ( userid=0 and datatype=1 )  [ RunTime:0.0003s ]
SQL: SELECT * FROM `configlist` WHERE ( Property=0 )  [ RunTime:0.0003s ]
SQL: SELECT * FROM `configinfo` WHERE ( NavData=1 AND DataName=0 )  [ RunTime:0.0003s ]
SQL: SELECT `Title` FROM `configinfo` WHERE ( FatherID=1 AND DataName=1 ) LIMIT 1   [ RunTime:0.0003s ]
SQL: SELECT `Title` FROM `configinfo` WHERE ( FatherID=1 AND DataName=2 ) LIMIT 1   [ RunTime:0.0002s ]
SQL: SELECT `Title` FROM `configinfo` WHERE ( FatherID=1 AND DataName=3 ) LIMIT 1   [ RunTime:0.0002s ]
SQL: SELECT `ID`,`Kernel` FROM `coreprice` WHERE ( CID=1 ) GROUP BY Kernel  [ RunTime:0.0004s ]
SQL: SELECT `ID`,`Gigabyte` FROM `coreprice` WHERE ( CID=1 ) GROUP BY Gigabyte  [ RunTime:0.0003s ]
SQL: SELECT * FROM `os` WHERE ( ostype=0 )  [ RunTime:0.0003s ]
SQL: SELECT * FROM `os` WHERE ( ostype=1 )  [ RunTime:0.0003s ]
INFO: [ view_parse ] --START--
INFO: [ template_filter ] --START--
INFO: Run Behavior\ContentReplaceBehavior [ RunTime:0.000173s ]
INFO: [ template_filter ] --END-- [ RunTime:0.000219s ]
NOTIC: [8] Undefined index: loginuser /usr/share/nginx/html/pgyidc/Application/Runtime/Cache/Home/1c44d0dd6e867a3c86931fd4c5d77be1.php 第 536 行.
NOTIC: [8] Undefined index: loginuser /usr/share/nginx/html/pgyidc/Application/Runtime/Cache/Home/1c44d0dd6e867a3c86931fd4c5d77be1.php 第 570 行.
INFO: Run Behavior\ParseTemplateBehavior [ RunTime:0.028970s ]
INFO: [ view_parse ] --END-- [ RunTime:0.029017s ]
INFO: [ view_filter ] --START--
INFO: Run Behavior\WriteHtmlCacheBehavior [ RunTime:0.000114s ]
INFO: [ view_filter ] --END-- [ RunTime:0.000160s ]
INFO: [ app_end ] --START--
INFO: Run Behavior\ShowPageTraceBehavior [ RunTime:0.000361s ]
INFO: [ app_end ] --END-- [ RunTime:0.000405s ]

[ 2018-05-05T04:37:41+08:00 ] 203.208.60.147 /Home/Index/cloudbuyreq/
INFO: [ app_init ] --START--
INFO: Run Behavior\BuildLiteBehavior [ RunTime:0.000011s ]
INFO: [ app_init ] --END-- [ RunTime:0.000270s ]
INFO: [ app_begin ] --START--
INFO: Run Behavior\ReadHtmlCacheBehavior [ RunTime:0.000362s ]
INFO: [ app_begin ] --END-- [ RunTime:0.000403s ]
SQL: SHOW COLUMNS FROM `coreprice` [ RunTime:0.0008s ]
SQL: SHOW COLUMNS FROM `price` [ RunTime:0.0007s ]
SQL: SELECT `Prix` FROM `price` WHERE ( CID=1 AND DataName=3 ) LIMIT 1   [ RunTime:0.0005s ]
SQL: SELECT `Prix` FROM `price` WHERE ( CID=1 AND DataName=4 ) LIMIT 1   [ RunTime:0.0003s ]
SQL: SELECT `Prix` FROM `price` WHERE ( CID=1 AND DataName=0 ) LIMIT 1   [ RunTime:0.0003s ]
SQL: SELECT `Prix` FROM `price` WHERE ( CID=1 AND DataName=1 ) LIMIT 1   [ RunTime:0.0003s ]
SQL: SELECT `Prix` FROM `price` WHERE ( CID=1 AND DataName=6 ) LIMIT 1   [ RunTime:0.0003s ]
SQL: SELECT `Prix` FROM `price` WHERE ( CID=1 AND DataName=5 ) LIMIT 1   [ RunTime:0.0003s ]
SQL: SELECT `Prix` FROM `price` WHERE ( CID=1 AND DataName=2 ) LIMIT 1   [ RunTime:0.0003s ]
SQL: SELECT `Prix` FROM `coreprice` WHERE ( CID=1 AND Kernel=2 AND Gigabyte=1 ) LIMIT 1   [ RunTime:0.0003s ]

[ 2018-05-05T04:38:30+08:00 ] 203.208.60.148 /Index/news.html
INFO: [ app_init ] --START--
INFO: Run Behavior\BuildLiteBehavior [ RunTime:0.000012s ]
INFO: [ app_init ] --END-- [ RunTime:0.000284s ]
INFO: [ app_begin ] --START--
INFO: Run Behavior\ReadHtmlCacheBehavior [ RunTime:0.000354s ]
INFO: [ app_begin ] --END-- [ RunTime:0.000398s ]
INFO: [ view_parse ] --START--
INFO: [ template_filter ] --START--
INFO: Run Behavior\ContentReplaceBehavior [ RunTime:0.000143s ]
INFO: [ template_filter ] --END-- [ RunTime:0.000188s ]
NOTIC: [8] Undefined index: loginuser /usr/share/nginx/html/pgyidc/Application/Runtime/Cache/Home/cecb45903f8aa0e33f62e7ce7ef7b49f.php 第 536 行.
INFO: Run Behavior\ParseTemplateBehavior [ RunTime:0.015211s ]
INFO: [ view_parse ] --END-- [ RunTime:0.015253s ]
INFO: [ view_filter ] --START--
INFO: Run Behavior\WriteHtmlCacheBehavior [ RunTime:0.000115s ]
INFO: [ view_filter ] --END-- [ RunTime:0.000153s ]
INFO: [ app_end ] --START--
INFO: Run Behavior\ShowPageTraceBehavior [ RunTime:0.000368s ]
INFO: [ app_end ] --END-- [ RunTime:0.000413s ]

[ 2018-05-05T04:40:12+08:00 ] 203.208.60.145 /Home/Index/isbuyreq/
INFO: [ app_init ] --START--
INFO: Run Behavior\BuildLiteBehavior [ RunTime:0.000015s ]
INFO: [ app_init ] --END-- [ RunTime:0.000370s ]
INFO: [ app_begin ] --START--
INFO: Run Behavior\ReadHtmlCacheBehavior [ RunTime:0.000365s ]
INFO: [ app_begin ] --END-- [ RunTime:0.000420s ]
INFO: [ app_end ] --START--
INFO: Run Behavior\ShowPageTraceBehavior [ RunTime:0.000372s ]
INFO: [ app_end ] --END-- [ RunTime:0.000420s ]

[ 2018-05-05T04:40:53+08:00 ] 203.208.60.145 /Index/newscontain.html
INFO: [ app_init ] --START--
INFO: Run Behavior\BuildLiteBehavior [ RunTime:0.000011s ]
INFO: [ app_init ] --END-- [ RunTime:0.000283s ]
INFO: [ app_begin ] --START--
INFO: Run Behavior\ReadHtmlCacheBehavior [ RunTime:0.000375s ]
INFO: [ app_begin ] --END-- [ RunTime:0.000420s ]
INFO: [ view_parse ] --START--
INFO: [ template_filter ] --START--
INFO: Run Behavior\ContentReplaceBehavior [ RunTime:0.000130s ]
INFO: [ template_filter ] --END-- [ RunTime:0.000174s ]
NOTIC: [8] Undefined index: loginuser /usr/share/nginx/html/pgyidc/Application/Runtime/Cache/Home/7bfcf3e5029337cbea157000b36b29f8.php 第 536 行.
INFO: Run Behavior\ParseTemplateBehavior [ RunTime:0.015021s ]
INFO: [ view_parse ] --END-- [ RunTime:0.015062s ]
INFO: [ view_filter ] --START--
INFO: Run Behavior\WriteHtmlCacheBehavior [ RunTime:0.000112s ]
INFO: [ view_filter ] --END-- [ RunTime:0.000150s ]
INFO: [ app_end ] --START--
INFO: Run Behavior\ShowPageTraceBehavior [ RunTime:0.000368s ]
INFO: [ app_end ] --END-- [ RunTime:0.000412s ]

[ 2018-05-05T15:51:27+08:00 ] 118.193.207.162 /upload/bank-icons/bank-gh.jpg
INFO: [ app_init ] --START--
INFO: Run Behavior\BuildLiteBehavior [ RunTime:0.000013s ]
INFO: [ app_init ] --END-- [ RunTime:0.000301s ]

[ 2018-05-05T15:51:27+08:00 ] 118.193.207.162 /upload/bank-icons/bank_16.png
INFO: [ app_init ] --START--
INFO: Run Behavior\BuildLiteBehavior [ RunTime:0.000011s ]
INFO: [ app_init ] --END-- [ RunTime:0.000283s ]

[ 2018-05-05T19:20:24+08:00 ] 80.82.78.50 /cache/global/img/gs.gif
INFO: [ app_init ] --START--
INFO: Run Behavior\BuildLiteBehavior [ RunTime:0.000012s ]
INFO: [ app_init ] --END-- [ RunTime:0.000270s ]

[ 2018-05-05T22:11:46+08:00 ] 80.82.70.187 /cache/global/img/gs.gif
INFO: [ app_init ] --START--
INFO: Run Behavior\BuildLiteBehavior [ RunTime:0.000011s ]
INFO: [ app_init ] --END-- [ RunTime:0.000280s ]

