[ 2018-09-11T08:55:55+08:00 ] 127.0.0.1 /
INFO: [ app_init ] --START--
INFO: Run Behavior\BuildLiteBehavior [ RunTime:0.000029s ]
INFO: [ app_init ] --END-- [ RunTime:0.032590s ]
INFO: [ app_begin ] --START--
INFO: Run Behavior\ReadHtmlCacheBehavior [ RunTime:0.079391s ]
INFO: [ app_begin ] --END-- [ RunTime:0.079539s ]
SQL: SHOW COLUMNS FROM `products` [ RunTime:0.0390s ]
SQL: SELECT * FROM `products` WHERE ( isnav=1 AND status='库存' )  [ RunTime:0.0041s ]
SQL: SELECT * FROM `products` WHERE `status` = '库存' AND `type` LIKE '%8大名酒%' LIMIT 4   [ RunTime:0.0027s ]
SQL: SELECT * FROM `products` WHERE `status` = '库存' AND `type` LIKE '%17大名酒%' LIMIT 4   [ RunTime:0.0023s ]
SQL: SELECT * FROM `products` WHERE `status` = '库存' AND `type` LIKE '%53优名酒%' LIMIT 4   [ RunTime:0.0022s ]
SQL: SELECT * FROM `products` WHERE `status` = '库存' AND `type` LIKE '%其它%' LIMIT 4   [ RunTime:0.0022s ]
INFO: [ view_parse ] --START--
INFO: [ template_filter ] --START--
INFO: Run Behavior\ContentReplaceBehavior [ RunTime:0.000180s ]
INFO: [ template_filter ] --END-- [ RunTime:0.000292s ]
NOTIC: [8] Undefined index: loginuser D:\myenv\apache\htdocs\pgymall\Application\Runtime\Cache\Home\2a94b8bda04ff446dcedd42276fc99ee.php 第 68 行.
NOTIC: [8] Undefined offset: 0 D:\myenv\apache\htdocs\pgymall\Application\Runtime\Cache\Home\2a94b8bda04ff446dcedd42276fc99ee.php 第 170 行.
NOTIC: [8] Undefined offset: 0 D:\myenv\apache\htdocs\pgymall\Application\Runtime\Cache\Home\2a94b8bda04ff446dcedd42276fc99ee.php 第 226 行.
INFO: Run Behavior\ParseTemplateBehavior [ RunTime:0.044954s ]
INFO: [ view_parse ] --END-- [ RunTime:0.045077s ]
INFO: [ view_filter ] --START--
INFO: Run Behavior\WriteHtmlCacheBehavior [ RunTime:0.001481s ]
INFO: [ view_filter ] --END-- [ RunTime:0.001577s ]
INFO: [ app_end ] --START--
INFO: Run Behavior\ShowPageTraceBehavior [ RunTime:0.002339s ]
INFO: [ app_end ] --END-- [ RunTime:0.002497s ]

[ 2018-09-11T08:55:55+08:00 ] 127.0.0.1 /Public/assets/image/banner2.jpg
INFO: [ app_init ] --START--
INFO: Run Behavior\BuildLiteBehavior [ RunTime:0.000015s ]
INFO: [ app_init ] --END-- [ RunTime:0.000448s ]

[ 2018-09-11T09:28:59+08:00 ] 127.0.0.1 /favicon.ico
INFO: [ app_init ] --START--
INFO: Run Behavior\BuildLiteBehavior [ RunTime:0.000014s ]
INFO: [ app_init ] --END-- [ RunTime:0.000443s ]

[ 2018-09-11T14:57:27+08:00 ] 127.0.0.1 /
INFO: [ app_init ] --START--
INFO: Run Behavior\BuildLiteBehavior [ RunTime:0.000023s ]
INFO: [ app_init ] --END-- [ RunTime:0.000708s ]
INFO: [ app_begin ] --START--
INFO: Run Behavior\ReadHtmlCacheBehavior [ RunTime:0.000793s ]
INFO: [ app_begin ] --END-- [ RunTime:0.000850s ]
SQL: SHOW COLUMNS FROM `products` [ RunTime:0.0154s ]
SQL: SELECT * FROM `products` WHERE ( isnav=1 AND status='库存' )  [ RunTime:0.0035s ]
SQL: SELECT * FROM `products` WHERE `status` = '库存' AND `type` LIKE '%8大名酒%' LIMIT 4   [ RunTime:0.0021s ]
SQL: SELECT * FROM `products` WHERE `status` = '库存' AND `type` LIKE '%17大名酒%' LIMIT 4   [ RunTime:0.0021s ]
SQL: SELECT * FROM `products` WHERE `status` = '库存' AND `type` LIKE '%53优名酒%' LIMIT 4   [ RunTime:0.0019s ]
SQL: SELECT * FROM `products` WHERE `status` = '库存' AND `type` LIKE '%其它%' LIMIT 4   [ RunTime:0.0017s ]
INFO: [ view_parse ] --START--
INFO: [ template_filter ] --START--
INFO: Run Behavior\ContentReplaceBehavior [ RunTime:0.000181s ]
INFO: [ template_filter ] --END-- [ RunTime:0.000296s ]
NOTIC: [8] Undefined offset: 0 D:\myenv\apache\htdocs\pgymall\Application\Runtime\Cache\Home\2a94b8bda04ff446dcedd42276fc99ee.php 第 170 行.
NOTIC: [8] Undefined offset: 0 D:\myenv\apache\htdocs\pgymall\Application\Runtime\Cache\Home\2a94b8bda04ff446dcedd42276fc99ee.php 第 226 行.
INFO: Run Behavior\ParseTemplateBehavior [ RunTime:0.039175s ]
INFO: [ view_parse ] --END-- [ RunTime:0.039293s ]
INFO: [ view_filter ] --START--
INFO: Run Behavior\WriteHtmlCacheBehavior [ RunTime:0.001263s ]
INFO: [ view_filter ] --END-- [ RunTime:0.001364s ]
INFO: [ app_end ] --START--
INFO: Run Behavior\ShowPageTraceBehavior [ RunTime:0.000866s ]
INFO: [ app_end ] --END-- [ RunTime:0.000927s ]

[ 2018-09-11T14:57:27+08:00 ] 127.0.0.1 /Public/assets/image/banner2.jpg
INFO: [ app_init ] --START--
INFO: Run Behavior\BuildLiteBehavior [ RunTime:0.000014s ]
INFO: [ app_init ] --END-- [ RunTime:0.000466s ]

