[ 2018-09-07T08:57:07+08:00 ] 127.0.0.1 /
INFO: [ app_init ] --START--
INFO: Run Behavior\BuildLiteBehavior [ RunTime:0.000026s ]
INFO: [ app_init ] --END-- [ RunTime:0.001078s ]
INFO: [ app_begin ] --START--
INFO: Run Behavior\ReadHtmlCacheBehavior [ RunTime:0.001724s ]
INFO: [ app_begin ] --END-- [ RunTime:0.001875s ]
SQL: SHOW COLUMNS FROM `products` [ RunTime:0.2460s ]
SQL: SELECT * FROM `products` WHERE ( isnav=1 )  [ RunTime:0.0035s ]
SQL: SELECT * FROM `products` WHERE `type` LIKE '%8大名酒%' LIMIT 4   [ RunTime:0.0020s ]
SQL: SELECT * FROM `products` WHERE `type` LIKE '%17大名酒%' LIMIT 4   [ RunTime:0.0019s ]
SQL: SELECT * FROM `products` WHERE `type` LIKE '%53优名酒%' LIMIT 4   [ RunTime:0.0019s ]
SQL: SELECT * FROM `products` WHERE `type` LIKE '%其它%' LIMIT 4   [ RunTime:0.0019s ]
INFO: [ view_parse ] --START--
INFO: [ template_filter ] --START--
INFO: Run Behavior\ContentReplaceBehavior [ RunTime:0.000110s ]
INFO: [ template_filter ] --END-- [ RunTime:0.000180s ]
NOTIC: [8] Undefined index: loginuser D:\myenv\apache\htdocs\pgymall\Application\Runtime\Cache\Home\2a94b8bda04ff446dcedd42276fc99ee.php 第 68 行.
NOTIC: [8] Undefined offset: 0 D:\myenv\apache\htdocs\pgymall\Application\Runtime\Cache\Home\2a94b8bda04ff446dcedd42276fc99ee.php 第 226 行.
INFO: Run Behavior\ParseTemplateBehavior [ RunTime:0.079615s ]
INFO: [ view_parse ] --END-- [ RunTime:0.079715s ]
INFO: [ view_filter ] --START--
INFO: Run Behavior\WriteHtmlCacheBehavior [ RunTime:0.022590s ]
INFO: [ view_filter ] --END-- [ RunTime:0.022654s ]
INFO: [ app_end ] --START--
INFO: Run Behavior\ShowPageTraceBehavior [ RunTime:0.001334s ]
INFO: [ app_end ] --END-- [ RunTime:0.001404s ]

[ 2018-09-07T08:57:07+08:00 ] 127.0.0.1 /Public/assets/image/banner2.jpg
INFO: [ app_init ] --START--
INFO: Run Behavior\BuildLiteBehavior [ RunTime:0.000011s ]
INFO: [ app_init ] --END-- [ RunTime:0.000451s ]

[ 2018-09-07T08:57:25+08:00 ] 127.0.0.1 /favicon.ico
INFO: [ app_init ] --START--
INFO: Run Behavior\BuildLiteBehavior [ RunTime:0.000031s ]
INFO: [ app_init ] --END-- [ RunTime:0.000830s ]

[ 2018-09-07T09:10:08+08:00 ] 127.0.0.1 /
INFO: [ app_init ] --START--
INFO: Run Behavior\BuildLiteBehavior [ RunTime:0.000015s ]
INFO: [ app_init ] --END-- [ RunTime:0.000512s ]
INFO: [ app_begin ] --START--
INFO: Run Behavior\ReadHtmlCacheBehavior [ RunTime:0.000800s ]
INFO: [ app_begin ] --END-- [ RunTime:0.000857s ]
SQL: SHOW COLUMNS FROM `products` [ RunTime:0.0075s ]
SQL: SELECT * FROM `products` WHERE ( isnav=1 )  [ RunTime:0.0010s ]
SQL: SELECT * FROM `products` WHERE `type` LIKE '%8大名酒%' LIMIT 4   [ RunTime:0.0008s ]
SQL: SELECT * FROM `products` WHERE `type` LIKE '%17大名酒%' LIMIT 4   [ RunTime:0.0008s ]
SQL: SELECT * FROM `products` WHERE `type` LIKE '%53优名酒%' LIMIT 4   [ RunTime:0.0008s ]
SQL: SELECT * FROM `products` WHERE `type` LIKE '%其它%' LIMIT 4   [ RunTime:0.0007s ]
INFO: [ view_parse ] --START--
INFO: [ template_filter ] --START--
INFO: Run Behavior\ContentReplaceBehavior [ RunTime:0.000084s ]
INFO: [ template_filter ] --END-- [ RunTime:0.000142s ]
NOTIC: [8] Undefined index: loginuser D:\myenv\apache\htdocs\pgymall\Application\Runtime\Cache\Home\2a94b8bda04ff446dcedd42276fc99ee.php 第 68 行.
NOTIC: [8] Undefined offset: 0 D:\myenv\apache\htdocs\pgymall\Application\Runtime\Cache\Home\2a94b8bda04ff446dcedd42276fc99ee.php 第 226 行.
INFO: Run Behavior\ParseTemplateBehavior [ RunTime:0.017916s ]
INFO: [ view_parse ] --END-- [ RunTime:0.017977s ]
INFO: [ view_filter ] --START--
INFO: Run Behavior\WriteHtmlCacheBehavior [ RunTime:0.000508s ]
INFO: [ view_filter ] --END-- [ RunTime:0.000548s ]
INFO: [ app_end ] --START--
INFO: Run Behavior\ShowPageTraceBehavior [ RunTime:0.000893s ]
INFO: [ app_end ] --END-- [ RunTime:0.000945s ]

[ 2018-09-07T09:10:08+08:00 ] 127.0.0.1 /Public/assets/image/banner2.jpg
INFO: [ app_init ] --START--
INFO: Run Behavior\BuildLiteBehavior [ RunTime:0.000013s ]
INFO: [ app_init ] --END-- [ RunTime:0.000421s ]

[ 2018-09-07T09:14:01+08:00 ] 127.0.0.1 /Public/assets/images/calendar-next-hover.png
INFO: [ app_init ] --START--
INFO: Run Behavior\BuildLiteBehavior [ RunTime:0.000031s ]
INFO: [ app_init ] --END-- [ RunTime:0.001002s ]

[ 2018-09-07T09:14:07+08:00 ] 127.0.0.1 /Public/assets/images/calendar-prev-hover.png
INFO: [ app_init ] --START--
INFO: Run Behavior\BuildLiteBehavior [ RunTime:0.000025s ]
INFO: [ app_init ] --END-- [ RunTime:0.000999s ]

[ 2018-09-07T10:14:09+08:00 ] 127.0.0.1 /
INFO: [ app_init ] --START--
INFO: Run Behavior\BuildLiteBehavior [ RunTime:0.000014s ]
INFO: [ app_init ] --END-- [ RunTime:0.000508s ]
INFO: [ app_begin ] --START--
INFO: Run Behavior\ReadHtmlCacheBehavior [ RunTime:0.000832s ]
INFO: [ app_begin ] --END-- [ RunTime:0.000886s ]
SQL: SHOW COLUMNS FROM `products` [ RunTime:0.0143s ]
SQL: SELECT * FROM `products` WHERE ( isnav=1 )  [ RunTime:0.0029s ]
SQL: SELECT * FROM `products` WHERE `type` LIKE '%8大名酒%' LIMIT 4   [ RunTime:0.0018s ]
SQL: SELECT * FROM `products` WHERE `type` LIKE '%17大名酒%' LIMIT 4   [ RunTime:0.0018s ]
SQL: SELECT * FROM `products` WHERE `type` LIKE '%53优名酒%' LIMIT 4   [ RunTime:0.0017s ]
SQL: SELECT * FROM `products` WHERE `type` LIKE '%其它%' LIMIT 4   [ RunTime:0.0017s ]
INFO: [ view_parse ] --START--
INFO: [ template_filter ] --START--
INFO: Run Behavior\ContentReplaceBehavior [ RunTime:0.000191s ]
INFO: [ template_filter ] --END-- [ RunTime:0.000307s ]
NOTIC: [8] Undefined index: loginuser D:\myenv\apache\htdocs\pgymall\Application\Runtime\Cache\Home\2a94b8bda04ff446dcedd42276fc99ee.php 第 68 行.
NOTIC: [8] Undefined offset: 0 D:\myenv\apache\htdocs\pgymall\Application\Runtime\Cache\Home\2a94b8bda04ff446dcedd42276fc99ee.php 第 226 行.
INFO: Run Behavior\ParseTemplateBehavior [ RunTime:0.037217s ]
INFO: [ view_parse ] --END-- [ RunTime:0.037304s ]
INFO: [ view_filter ] --START--
INFO: Run Behavior\WriteHtmlCacheBehavior [ RunTime:0.000523s ]
INFO: [ view_filter ] --END-- [ RunTime:0.000566s ]
INFO: [ app_end ] --START--
INFO: Run Behavior\ShowPageTraceBehavior [ RunTime:0.000871s ]
INFO: [ app_end ] --END-- [ RunTime:0.000932s ]

[ 2018-09-07T10:14:09+08:00 ] 127.0.0.1 /Public/assets/image/banner2.jpg
INFO: [ app_init ] --START--
INFO: Run Behavior\BuildLiteBehavior [ RunTime:0.000014s ]
INFO: [ app_init ] --END-- [ RunTime:0.000497s ]

[ 2018-09-07T10:14:12+08:00 ] 127.0.0.1 /favicon.ico
INFO: [ app_init ] --START--
INFO: Run Behavior\BuildLiteBehavior [ RunTime:0.000092s ]
INFO: [ app_init ] --END-- [ RunTime:0.000688s ]

[ 2018-09-07T15:08:08+08:00 ] 127.0.0.1 /Public/assets/images/menu-active.png
INFO: [ app_init ] --START--
INFO: Run Behavior\BuildLiteBehavior [ RunTime:0.000014s ]
INFO: [ app_init ] --END-- [ RunTime:0.000497s ]

[ 2018-09-07T15:10:30+08:00 ] 127.0.0.1 /Public/assets/images/menu-active.png
INFO: [ app_init ] --START--
INFO: Run Behavior\BuildLiteBehavior [ RunTime:0.000013s ]
INFO: [ app_init ] --END-- [ RunTime:0.000504s ]

[ 2018-09-07T15:11:49+08:00 ] 127.0.0.1 /Public/assets/images/menu-active.png
INFO: [ app_init ] --START--
INFO: Run Behavior\BuildLiteBehavior [ RunTime:0.000021s ]
INFO: [ app_init ] --END-- [ RunTime:0.000616s ]

[ 2018-09-07T15:13:56+08:00 ] 127.0.0.1 /Public/assets/images/menu-active.png
INFO: [ app_init ] --START--
INFO: Run Behavior\BuildLiteBehavior [ RunTime:0.000016s ]
INFO: [ app_init ] --END-- [ RunTime:0.000543s ]

[ 2018-09-07T15:28:54+08:00 ] 127.0.0.1 /Public/assets/images/menu-active.png
INFO: [ app_init ] --START--
INFO: Run Behavior\BuildLiteBehavior [ RunTime:0.000020s ]
INFO: [ app_init ] --END-- [ RunTime:0.000532s ]

[ 2018-09-07T15:29:29+08:00 ] 127.0.0.1 /Public/assets/images/menu-active.png
INFO: [ app_init ] --START--
INFO: Run Behavior\BuildLiteBehavior [ RunTime:0.000012s ]
INFO: [ app_init ] --END-- [ RunTime:0.000479s ]

[ 2018-09-07T15:30:31+08:00 ] 127.0.0.1 /Public/assets/images/menu-active.png
INFO: [ app_init ] --START--
INFO: Run Behavior\BuildLiteBehavior [ RunTime:0.000013s ]
INFO: [ app_init ] --END-- [ RunTime:0.000450s ]

[ 2018-09-07T15:40:53+08:00 ] 127.0.0.1 /Public/assets/images/menu-active.png
INFO: [ app_init ] --START--
INFO: Run Behavior\BuildLiteBehavior [ RunTime:0.000014s ]
INFO: [ app_init ] --END-- [ RunTime:0.000598s ]

[ 2018-09-07T15:54:23+08:00 ] 127.0.0.1 /Public/assets/images/menu-active.png
INFO: [ app_init ] --START--
INFO: Run Behavior\BuildLiteBehavior [ RunTime:0.000013s ]
INFO: [ app_init ] --END-- [ RunTime:0.000554s ]

[ 2018-09-07T16:15:43+08:00 ] 127.0.0.1 /Public/assets/images/calendar-next-hover.png
INFO: [ app_init ] --START--
INFO: Run Behavior\BuildLiteBehavior [ RunTime:0.000019s ]
INFO: [ app_init ] --END-- [ RunTime:0.000629s ]

[ 2018-09-07T16:39:39+08:00 ] 127.0.0.1 /Public/assets/images/menu-active.png
INFO: [ app_init ] --START--
INFO: Run Behavior\BuildLiteBehavior [ RunTime:0.000020s ]
INFO: [ app_init ] --END-- [ RunTime:0.000751s ]

[ 2018-09-07T16:40:04+08:00 ] 127.0.0.1 /Public/assets/images/menu-active.png
INFO: [ app_init ] --START--
INFO: Run Behavior\BuildLiteBehavior [ RunTime:0.000011s ]
INFO: [ app_init ] --END-- [ RunTime:0.000476s ]

