[ 2018-09-10T08:39:47+08:00 ] 127.0.0.1 /
INFO: [ app_init ] --START--
INFO: Run Behavior\BuildLiteBehavior [ RunTime:0.000014s ]
INFO: [ app_init ] --END-- [ RunTime:0.000944s ]
INFO: [ app_begin ] --START--
INFO: Run Behavior\ReadHtmlCacheBehavior [ RunTime:0.000999s ]
INFO: [ app_begin ] --END-- [ RunTime:0.001071s ]
SQL: SHOW COLUMNS FROM `products` [ RunTime:0.0385s ]
SQL: SELECT * FROM `products` WHERE ( isnav=1 )  [ RunTime:0.0026s ]
SQL: SELECT * FROM `products` WHERE `type` LIKE '%8大名酒%' LIMIT 4   [ RunTime:0.0022s ]
SQL: SELECT * FROM `products` WHERE `type` LIKE '%17大名酒%' LIMIT 4   [ RunTime:0.0022s ]
SQL: SELECT * FROM `products` WHERE `type` LIKE '%53优名酒%' LIMIT 4   [ RunTime:0.0022s ]
SQL: SELECT * FROM `products` WHERE `type` LIKE '%其它%' LIMIT 4   [ RunTime:0.0022s ]
INFO: [ view_parse ] --START--
INFO: [ template_filter ] --START--
INFO: Run Behavior\ContentReplaceBehavior [ RunTime:0.000111s ]
INFO: [ template_filter ] --END-- [ RunTime:0.000179s ]
NOTIC: [8] Undefined index: loginuser D:\myenv\apache\htdocs\pgymall\Application\Runtime\Cache\Home\2a94b8bda04ff446dcedd42276fc99ee.php 第 68 行.
NOTIC: [8] Undefined offset: 0 D:\myenv\apache\htdocs\pgymall\Application\Runtime\Cache\Home\2a94b8bda04ff446dcedd42276fc99ee.php 第 226 行.
INFO: Run Behavior\ParseTemplateBehavior [ RunTime:0.071599s ]
INFO: [ view_parse ] --END-- [ RunTime:0.071694s ]
INFO: [ view_filter ] --START--
INFO: Run Behavior\WriteHtmlCacheBehavior [ RunTime:0.015635s ]
INFO: [ view_filter ] --END-- [ RunTime:0.015710s ]
INFO: [ app_end ] --START--
INFO: Run Behavior\ShowPageTraceBehavior [ RunTime:0.019987s ]
INFO: [ app_end ] --END-- [ RunTime:0.020070s ]

[ 2018-09-10T08:39:47+08:00 ] 127.0.0.1 /Public/assets/image/banner2.jpg
INFO: [ app_init ] --START--
INFO: Run Behavior\BuildLiteBehavior [ RunTime:0.000013s ]
INFO: [ app_init ] --END-- [ RunTime:0.000511s ]

[ 2018-09-10T08:39:51+08:00 ] 127.0.0.1 /favicon.ico
INFO: [ app_init ] --START--
INFO: Run Behavior\BuildLiteBehavior [ RunTime:0.000014s ]
INFO: [ app_init ] --END-- [ RunTime:0.000446s ]

[ 2018-09-10T09:40:35+08:00 ] 127.0.0.1 /Public/assets/images/menu-active.png
INFO: [ app_init ] --START--
INFO: Run Behavior\BuildLiteBehavior [ RunTime:0.000013s ]
INFO: [ app_init ] --END-- [ RunTime:0.000458s ]

[ 2018-09-10T09:43:47+08:00 ] 127.0.0.1 /Public/assets/images/calendar-next-hover.png
INFO: [ app_init ] --START--
INFO: Run Behavior\BuildLiteBehavior [ RunTime:0.000024s ]
INFO: [ app_init ] --END-- [ RunTime:0.001042s ]

[ 2018-09-10T09:43:50+08:00 ] 127.0.0.1 /Public/assets/images/calendar-prev-hover.png
INFO: [ app_init ] --START--
INFO: Run Behavior\BuildLiteBehavior [ RunTime:0.000025s ]
INFO: [ app_init ] --END-- [ RunTime:0.000935s ]

[ 2018-09-10T11:20:59+08:00 ] 127.0.0.1 /Public/assets/images/menu-active.png
INFO: [ app_init ] --START--
INFO: Run Behavior\BuildLiteBehavior [ RunTime:0.000013s ]
INFO: [ app_init ] --END-- [ RunTime:0.000601s ]

[ 2018-09-10T15:32:19+08:00 ] 127.0.0.1 /
INFO: [ app_init ] --START--
INFO: Run Behavior\BuildLiteBehavior [ RunTime:0.000026s ]
INFO: [ app_init ] --END-- [ RunTime:0.000940s ]
INFO: [ app_begin ] --START--
INFO: Run Behavior\ReadHtmlCacheBehavior [ RunTime:0.001373s ]
INFO: [ app_begin ] --END-- [ RunTime:0.001489s ]
SQL: SHOW COLUMNS FROM `products` [ RunTime:0.0165s ]
SQL: SELECT * FROM `products` WHERE ( isnav=1 )  [ RunTime:0.0034s ]
SQL: SELECT * FROM `products` WHERE `status` = '库存' AND `type` LIKE '%8大名酒%' LIMIT 4   [ RunTime:0.0019s ]
SQL: SELECT * FROM `products` WHERE `status` = '库存' AND `type` LIKE '%17大名酒%' LIMIT 4   [ RunTime:0.0018s ]
SQL: SELECT * FROM `products` WHERE `status` = '库存' AND `type` LIKE '%53优名酒%' LIMIT 4   [ RunTime:0.0018s ]
SQL: SELECT * FROM `products` WHERE `status` = '库存' AND `type` LIKE '%其它%' LIMIT 4   [ RunTime:0.0017s ]
INFO: [ view_parse ] --START--
INFO: [ template_filter ] --START--
INFO: Run Behavior\ContentReplaceBehavior [ RunTime:0.000188s ]
INFO: [ template_filter ] --END-- [ RunTime:0.000307s ]
NOTIC: [8] Undefined offset: 0 D:\myenv\apache\htdocs\pgymall\Application\Runtime\Cache\Home\2a94b8bda04ff446dcedd42276fc99ee.php 第 170 行.
NOTIC: [8] Undefined offset: 0 D:\myenv\apache\htdocs\pgymall\Application\Runtime\Cache\Home\2a94b8bda04ff446dcedd42276fc99ee.php 第 226 行.
INFO: Run Behavior\ParseTemplateBehavior [ RunTime:0.037561s ]
INFO: [ view_parse ] --END-- [ RunTime:0.037677s ]
INFO: [ view_filter ] --START--
INFO: Run Behavior\WriteHtmlCacheBehavior [ RunTime:0.001021s ]
INFO: [ view_filter ] --END-- [ RunTime:0.001120s ]
INFO: [ app_end ] --START--
INFO: Run Behavior\ShowPageTraceBehavior [ RunTime:0.001876s ]
INFO: [ app_end ] --END-- [ RunTime:0.002019s ]

[ 2018-09-10T15:32:19+08:00 ] 127.0.0.1 /Public/assets/image/banner2.jpg
INFO: [ app_init ] --START--
INFO: Run Behavior\BuildLiteBehavior [ RunTime:0.000016s ]
INFO: [ app_init ] --END-- [ RunTime:0.000464s ]

[ 2018-09-10T15:32:52+08:00 ] 127.0.0.1 /Index/prolist.html?type=8%E5%A4%A7%E5%90%8D%E9%85%92
INFO: [ app_init ] --START--
INFO: Run Behavior\BuildLiteBehavior [ RunTime:0.000014s ]
INFO: [ app_init ] --END-- [ RunTime:0.000471s ]
INFO: [ app_begin ] --START--
INFO: Run Behavior\ReadHtmlCacheBehavior [ RunTime:0.000681s ]
INFO: [ app_begin ] --END-- [ RunTime:0.000737s ]
SQL: SHOW COLUMNS FROM `products` [ RunTime:0.1651s ]
SQL: SELECT COUNT(*) AS tp_count FROM `products` WHERE (  `name` LIKE '%%' OR `tel` LIKE '%%' OR `vender` LIKE '%%' OR `time` LIKE '%%' OR `buyperson` LIKE '%%' ) AND `status` = '库存' AND `type` LIKE '%8大名酒%' LIMIT 1   [ RunTime:0.0025s ]
SQL: SELECT * FROM `products` WHERE (  `name` LIKE '%%' OR `tel` LIKE '%%' OR `vender` LIKE '%%' OR `time` LIKE '%%' OR `buyperson` LIKE '%%' ) AND `status` = '库存' AND `type` LIKE '%8大名酒%' LIMIT 0,10   [ RunTime:0.0031s ]
INFO: [ view_parse ] --START--
INFO: [ template_filter ] --START--
INFO: Run Behavior\ContentReplaceBehavior [ RunTime:0.000127s ]
INFO: [ template_filter ] --END-- [ RunTime:0.000243s ]
INFO: Run Behavior\ParseTemplateBehavior [ RunTime:0.072157s ]
INFO: [ view_parse ] --END-- [ RunTime:0.072283s ]
INFO: [ view_filter ] --START--
INFO: Run Behavior\WriteHtmlCacheBehavior [ RunTime:0.001054s ]
INFO: [ view_filter ] --END-- [ RunTime:0.001154s ]
INFO: [ app_end ] --START--
INFO: Run Behavior\ShowPageTraceBehavior [ RunTime:0.001629s ]
INFO: [ app_end ] --END-- [ RunTime:0.001752s ]

[ 2018-09-10T15:33:51+08:00 ] 127.0.0.1 /Index/index.html
INFO: [ app_init ] --START--
INFO: Run Behavior\BuildLiteBehavior [ RunTime:0.000013s ]
INFO: [ app_init ] --END-- [ RunTime:0.000464s ]
INFO: [ app_begin ] --START--
INFO: Run Behavior\ReadHtmlCacheBehavior [ RunTime:0.000633s ]
INFO: [ app_begin ] --END-- [ RunTime:0.000687s ]
SQL: SHOW COLUMNS FROM `products` [ RunTime:0.0172s ]
SQL: SELECT * FROM `products` WHERE ( isnav=1 AND status='库存' )  [ RunTime:0.0037s ]
SQL: SELECT * FROM `products` WHERE `status` = '库存' AND `type` LIKE '%8大名酒%' LIMIT 4   [ RunTime:0.0021s ]
SQL: SELECT * FROM `products` WHERE `status` = '库存' AND `type` LIKE '%17大名酒%' LIMIT 4   [ RunTime:0.0018s ]
SQL: SELECT * FROM `products` WHERE `status` = '库存' AND `type` LIKE '%53优名酒%' LIMIT 4   [ RunTime:0.0016s ]
SQL: SELECT * FROM `products` WHERE `status` = '库存' AND `type` LIKE '%其它%' LIMIT 4   [ RunTime:0.0016s ]
INFO: [ view_parse ] --START--
INFO: [ template_filter ] --START--
INFO: Run Behavior\ContentReplaceBehavior [ RunTime:0.000085s ]
INFO: [ template_filter ] --END-- [ RunTime:0.000137s ]
NOTIC: [8] Undefined offset: 0 D:\myenv\apache\htdocs\pgymall\Application\Runtime\Cache\Home\2a94b8bda04ff446dcedd42276fc99ee.php 第 170 行.
NOTIC: [8] Undefined offset: 0 D:\myenv\apache\htdocs\pgymall\Application\Runtime\Cache\Home\2a94b8bda04ff446dcedd42276fc99ee.php 第 226 行.
INFO: Run Behavior\ParseTemplateBehavior [ RunTime:0.021034s ]
INFO: [ view_parse ] --END-- [ RunTime:0.021100s ]
INFO: [ view_filter ] --START--
INFO: Run Behavior\WriteHtmlCacheBehavior [ RunTime:0.000474s ]
INFO: [ view_filter ] --END-- [ RunTime:0.000519s ]
INFO: [ app_end ] --START--
INFO: Run Behavior\ShowPageTraceBehavior [ RunTime:0.000918s ]
INFO: [ app_end ] --END-- [ RunTime:0.000987s ]

[ 2018-09-10T15:33:51+08:00 ] 127.0.0.1 /Public/assets/image/banner2.jpg
INFO: [ app_init ] --START--
INFO: Run Behavior\BuildLiteBehavior [ RunTime:0.000014s ]
INFO: [ app_init ] --END-- [ RunTime:0.000424s ]

[ 2018-09-10T15:34:20+08:00 ] 127.0.0.1 /Index/index.html
INFO: [ app_init ] --START--
INFO: Run Behavior\BuildLiteBehavior [ RunTime:0.000014s ]
INFO: [ app_init ] --END-- [ RunTime:0.000504s ]
INFO: [ app_begin ] --START--
INFO: Run Behavior\ReadHtmlCacheBehavior [ RunTime:0.000701s ]
INFO: [ app_begin ] --END-- [ RunTime:0.000755s ]
SQL: SHOW COLUMNS FROM `products` [ RunTime:0.0457s ]
SQL: SELECT * FROM `products` WHERE ( isnav=1 AND status='库存' )  [ RunTime:0.0027s ]
SQL: SELECT * FROM `products` WHERE `status` = '库存' AND `type` LIKE '%8大名酒%' LIMIT 4   [ RunTime:0.0024s ]
SQL: SELECT * FROM `products` WHERE `status` = '库存' AND `type` LIKE '%17大名酒%' LIMIT 4   [ RunTime:0.0023s ]
SQL: SELECT * FROM `products` WHERE `status` = '库存' AND `type` LIKE '%53优名酒%' LIMIT 4   [ RunTime:0.0032s ]
SQL: SELECT * FROM `products` WHERE `status` = '库存' AND `type` LIKE '%其它%' LIMIT 4   [ RunTime:0.0028s ]
INFO: [ view_parse ] --START--
INFO: [ template_filter ] --START--
INFO: Run Behavior\ContentReplaceBehavior [ RunTime:0.000094s ]
INFO: [ template_filter ] --END-- [ RunTime:0.000157s ]
NOTIC: [8] Undefined offset: 0 D:\myenv\apache\htdocs\pgymall\Application\Runtime\Cache\Home\2a94b8bda04ff446dcedd42276fc99ee.php 第 170 行.
NOTIC: [8] Undefined offset: 0 D:\myenv\apache\htdocs\pgymall\Application\Runtime\Cache\Home\2a94b8bda04ff446dcedd42276fc99ee.php 第 226 行.
INFO: Run Behavior\ParseTemplateBehavior [ RunTime:0.029976s ]
INFO: [ view_parse ] --END-- [ RunTime:0.030065s ]
INFO: [ view_filter ] --START--
INFO: Run Behavior\WriteHtmlCacheBehavior [ RunTime:0.000533s ]
INFO: [ view_filter ] --END-- [ RunTime:0.000579s ]
INFO: [ app_end ] --START--
INFO: Run Behavior\ShowPageTraceBehavior [ RunTime:0.000814s ]
INFO: [ app_end ] --END-- [ RunTime:0.000883s ]

[ 2018-09-10T15:34:20+08:00 ] 127.0.0.1 /Public/assets/image/banner2.jpg
INFO: [ app_init ] --START--
INFO: Run Behavior\BuildLiteBehavior [ RunTime:0.000014s ]
INFO: [ app_init ] --END-- [ RunTime:0.000431s ]

[ 2018-09-10T15:34:30+08:00 ] 127.0.0.1 /Index/detail.html?id=2
INFO: [ app_init ] --START--
INFO: Run Behavior\BuildLiteBehavior [ RunTime:0.000013s ]
INFO: [ app_init ] --END-- [ RunTime:0.000483s ]
INFO: [ app_begin ] --START--
INFO: Run Behavior\ReadHtmlCacheBehavior [ RunTime:0.000724s ]
INFO: [ app_begin ] --END-- [ RunTime:0.000774s ]
SQL: SHOW COLUMNS FROM `products` [ RunTime:0.0163s ]
SQL: SELECT * FROM `products` WHERE ( id=2 ) LIMIT 1   [ RunTime:0.0028s ]
INFO: [ view_parse ] --START--
INFO: [ template_filter ] --START--
INFO: Run Behavior\ContentReplaceBehavior [ RunTime:0.000140s ]
INFO: [ template_filter ] --END-- [ RunTime:0.000277s ]
INFO: Run Behavior\ParseTemplateBehavior [ RunTime:0.031813s ]
INFO: [ view_parse ] --END-- [ RunTime:0.031936s ]
INFO: [ view_filter ] --START--
INFO: Run Behavior\WriteHtmlCacheBehavior [ RunTime:0.001210s ]
INFO: [ view_filter ] --END-- [ RunTime:0.001308s ]
INFO: [ app_end ] --START--
INFO: Run Behavior\ShowPageTraceBehavior [ RunTime:0.001485s ]
INFO: [ app_end ] --END-- [ RunTime:0.001560s ]

[ 2018-09-10T15:34:39+08:00 ] 127.0.0.1 /Index/detail.html?id=8
INFO: [ app_init ] --START--
INFO: Run Behavior\BuildLiteBehavior [ RunTime:0.000024s ]
INFO: [ app_init ] --END-- [ RunTime:0.000670s ]
INFO: [ app_begin ] --START--
INFO: Run Behavior\ReadHtmlCacheBehavior [ RunTime:0.000712s ]
INFO: [ app_begin ] --END-- [ RunTime:0.000779s ]
SQL: SHOW COLUMNS FROM `products` [ RunTime:0.0114s ]
SQL: SELECT * FROM `products` WHERE ( id=8 ) LIMIT 1   [ RunTime:0.0013s ]
INFO: [ view_parse ] --START--
INFO: [ template_filter ] --START--
INFO: Run Behavior\ContentReplaceBehavior [ RunTime:0.000057s ]
INFO: [ template_filter ] --END-- [ RunTime:0.000178s ]
INFO: Run Behavior\ParseTemplateBehavior [ RunTime:0.008374s ]
INFO: [ view_parse ] --END-- [ RunTime:0.008428s ]
INFO: [ view_filter ] --START--
INFO: Run Behavior\WriteHtmlCacheBehavior [ RunTime:0.000507s ]
INFO: [ view_filter ] --END-- [ RunTime:0.000549s ]
INFO: [ app_end ] --START--
INFO: Run Behavior\ShowPageTraceBehavior [ RunTime:0.000692s ]
INFO: [ app_end ] --END-- [ RunTime:0.000734s ]

[ 2018-09-10T15:34:44+08:00 ] 127.0.0.1 /Index/detail.html?id=2
INFO: [ app_init ] --START--
INFO: Run Behavior\BuildLiteBehavior [ RunTime:0.000013s ]
INFO: [ app_init ] --END-- [ RunTime:0.000495s ]
INFO: [ app_begin ] --START--
INFO: Run Behavior\ReadHtmlCacheBehavior [ RunTime:0.000933s ]
INFO: [ app_begin ] --END-- [ RunTime:0.001093s ]
SQL: SHOW COLUMNS FROM `products` [ RunTime:0.0165s ]
SQL: SELECT * FROM `products` WHERE ( id=2 ) LIMIT 1   [ RunTime:0.0039s ]
INFO: [ view_parse ] --START--
INFO: [ template_filter ] --START--
INFO: Run Behavior\ContentReplaceBehavior [ RunTime:0.000070s ]
INFO: [ template_filter ] --END-- [ RunTime:0.000145s ]
INFO: Run Behavior\ParseTemplateBehavior [ RunTime:0.014468s ]
INFO: [ view_parse ] --END-- [ RunTime:0.014566s ]
INFO: [ view_filter ] --START--
INFO: Run Behavior\WriteHtmlCacheBehavior [ RunTime:0.000603s ]
INFO: [ view_filter ] --END-- [ RunTime:0.000660s ]
INFO: [ app_end ] --START--
INFO: Run Behavior\ShowPageTraceBehavior [ RunTime:0.000896s ]
INFO: [ app_end ] --END-- [ RunTime:0.000954s ]

[ 2018-09-10T15:35:14+08:00 ] 127.0.0.1 /Index/index.html
INFO: [ app_init ] --START--
INFO: Run Behavior\BuildLiteBehavior [ RunTime:0.000014s ]
INFO: [ app_init ] --END-- [ RunTime:0.000436s ]
INFO: [ app_begin ] --START--
INFO: Run Behavior\ReadHtmlCacheBehavior [ RunTime:0.000654s ]
INFO: [ app_begin ] --END-- [ RunTime:0.000718s ]
SQL: SHOW COLUMNS FROM `products` [ RunTime:0.0158s ]
SQL: SELECT * FROM `products` WHERE ( isnav=1 AND status='库存' )  [ RunTime:0.0031s ]
SQL: SELECT * FROM `products` WHERE `status` = '库存' AND `type` LIKE '%8大名酒%' LIMIT 4   [ RunTime:0.0016s ]
SQL: SELECT * FROM `products` WHERE `status` = '库存' AND `type` LIKE '%17大名酒%' LIMIT 4   [ RunTime:0.0016s ]
SQL: SELECT * FROM `products` WHERE `status` = '库存' AND `type` LIKE '%53优名酒%' LIMIT 4   [ RunTime:0.0014s ]
SQL: SELECT * FROM `products` WHERE `status` = '库存' AND `type` LIKE '%其它%' LIMIT 4   [ RunTime:0.0015s ]
INFO: [ view_parse ] --START--
INFO: [ template_filter ] --START--
INFO: Run Behavior\ContentReplaceBehavior [ RunTime:0.000110s ]
INFO: [ template_filter ] --END-- [ RunTime:0.000185s ]
NOTIC: [8] Undefined offset: 0 D:\myenv\apache\htdocs\pgymall\Application\Runtime\Cache\Home\2a94b8bda04ff446dcedd42276fc99ee.php 第 170 行.
NOTIC: [8] Undefined offset: 0 D:\myenv\apache\htdocs\pgymall\Application\Runtime\Cache\Home\2a94b8bda04ff446dcedd42276fc99ee.php 第 226 行.
INFO: Run Behavior\ParseTemplateBehavior [ RunTime:0.027493s ]
INFO: [ view_parse ] --END-- [ RunTime:0.027581s ]
INFO: [ view_filter ] --START--
INFO: Run Behavior\WriteHtmlCacheBehavior [ RunTime:0.000597s ]
INFO: [ view_filter ] --END-- [ RunTime:0.000653s ]
INFO: [ app_end ] --START--
INFO: Run Behavior\ShowPageTraceBehavior [ RunTime:0.000820s ]
INFO: [ app_end ] --END-- [ RunTime:0.000884s ]

[ 2018-09-10T15:35:14+08:00 ] 127.0.0.1 /Public/assets/image/banner2.jpg
INFO: [ app_init ] --START--
INFO: Run Behavior\BuildLiteBehavior [ RunTime:0.000018s ]
INFO: [ app_init ] --END-- [ RunTime:0.000579s ]

[ 2018-09-10T15:35:17+08:00 ] 127.0.0.1 /Index/detail.html?id=2
INFO: [ app_init ] --START--
INFO: Run Behavior\BuildLiteBehavior [ RunTime:0.000013s ]
INFO: [ app_init ] --END-- [ RunTime:0.000430s ]
INFO: [ app_begin ] --START--
INFO: Run Behavior\ReadHtmlCacheBehavior [ RunTime:0.000751s ]
INFO: [ app_begin ] --END-- [ RunTime:0.000802s ]
SQL: SHOW COLUMNS FROM `products` [ RunTime:0.0166s ]
SQL: SELECT * FROM `products` WHERE ( id=2 ) LIMIT 1   [ RunTime:0.0032s ]
INFO: [ view_parse ] --START--
INFO: [ template_filter ] --START--
INFO: Run Behavior\ContentReplaceBehavior [ RunTime:0.000049s ]
INFO: [ template_filter ] --END-- [ RunTime:0.000100s ]
INFO: Run Behavior\ParseTemplateBehavior [ RunTime:0.011509s ]
INFO: [ view_parse ] --END-- [ RunTime:0.011592s ]
INFO: [ view_filter ] --START--
INFO: Run Behavior\WriteHtmlCacheBehavior [ RunTime:0.000421s ]
INFO: [ view_filter ] --END-- [ RunTime:0.000462s ]
INFO: [ app_end ] --START--
INFO: Run Behavior\ShowPageTraceBehavior [ RunTime:0.000697s ]
INFO: [ app_end ] --END-- [ RunTime:0.000739s ]

[ 2018-09-10T15:36:17+08:00 ] 127.0.0.1 /Index/index.html
INFO: [ app_init ] --START--
INFO: Run Behavior\BuildLiteBehavior [ RunTime:0.000014s ]
INFO: [ app_init ] --END-- [ RunTime:0.000505s ]
INFO: [ app_begin ] --START--
INFO: Run Behavior\ReadHtmlCacheBehavior [ RunTime:0.000806s ]
INFO: [ app_begin ] --END-- [ RunTime:0.000863s ]
SQL: SHOW COLUMNS FROM `products` [ RunTime:0.0170s ]
SQL: SELECT * FROM `products` WHERE ( isnav=1 AND status='库存' )  [ RunTime:0.0030s ]
SQL: SELECT * FROM `products` WHERE `status` = '库存' AND `type` LIKE '%8大名酒%' LIMIT 4   [ RunTime:0.0024s ]
SQL: SELECT * FROM `products` WHERE `status` = '库存' AND `type` LIKE '%17大名酒%' LIMIT 4   [ RunTime:0.0024s ]
SQL: SELECT * FROM `products` WHERE `status` = '库存' AND `type` LIKE '%53优名酒%' LIMIT 4   [ RunTime:0.0023s ]
SQL: SELECT * FROM `products` WHERE `status` = '库存' AND `type` LIKE '%其它%' LIMIT 4   [ RunTime:0.0014s ]
INFO: [ view_parse ] --START--
INFO: [ template_filter ] --START--
INFO: Run Behavior\ContentReplaceBehavior [ RunTime:0.000109s ]
INFO: [ template_filter ] --END-- [ RunTime:0.000173s ]
NOTIC: [8] Undefined offset: 0 D:\myenv\apache\htdocs\pgymall\Application\Runtime\Cache\Home\2a94b8bda04ff446dcedd42276fc99ee.php 第 170 行.
NOTIC: [8] Undefined offset: 0 D:\myenv\apache\htdocs\pgymall\Application\Runtime\Cache\Home\2a94b8bda04ff446dcedd42276fc99ee.php 第 226 行.
INFO: Run Behavior\ParseTemplateBehavior [ RunTime:0.022719s ]
INFO: [ view_parse ] --END-- [ RunTime:0.022792s ]
INFO: [ view_filter ] --START--
INFO: Run Behavior\WriteHtmlCacheBehavior [ RunTime:0.000746s ]
INFO: [ view_filter ] --END-- [ RunTime:0.000807s ]
INFO: [ app_end ] --START--
INFO: Run Behavior\ShowPageTraceBehavior [ RunTime:0.001024s ]
INFO: [ app_end ] --END-- [ RunTime:0.001092s ]

[ 2018-09-10T15:36:17+08:00 ] 127.0.0.1 /Public/assets/image/banner2.jpg
INFO: [ app_init ] --START--
INFO: Run Behavior\BuildLiteBehavior [ RunTime:0.000013s ]
INFO: [ app_init ] --END-- [ RunTime:0.000447s ]

[ 2018-09-10T15:36:21+08:00 ] 127.0.0.1 /Index/detail.html?id=2
INFO: [ app_init ] --START--
INFO: Run Behavior\BuildLiteBehavior [ RunTime:0.000017s ]
INFO: [ app_init ] --END-- [ RunTime:0.000563s ]
INFO: [ app_begin ] --START--
INFO: Run Behavior\ReadHtmlCacheBehavior [ RunTime:0.000729s ]
INFO: [ app_begin ] --END-- [ RunTime:0.000799s ]
SQL: SHOW COLUMNS FROM `products` [ RunTime:0.0081s ]
SQL: SELECT * FROM `products` WHERE ( id=2 ) LIMIT 1   [ RunTime:0.0014s ]
INFO: [ view_parse ] --START--
INFO: [ template_filter ] --START--
INFO: Run Behavior\ContentReplaceBehavior [ RunTime:0.000052s ]
INFO: [ template_filter ] --END-- [ RunTime:0.000110s ]
INFO: Run Behavior\ParseTemplateBehavior [ RunTime:0.008160s ]
INFO: [ view_parse ] --END-- [ RunTime:0.008215s ]
INFO: [ view_filter ] --START--
INFO: Run Behavior\WriteHtmlCacheBehavior [ RunTime:0.000429s ]
INFO: [ view_filter ] --END-- [ RunTime:0.000471s ]
INFO: [ app_end ] --START--
INFO: Run Behavior\ShowPageTraceBehavior [ RunTime:0.000667s ]
INFO: [ app_end ] --END-- [ RunTime:0.000710s ]

[ 2018-09-10T16:11:34+08:00 ] 127.0.0.1 /Index/index.html
INFO: [ app_init ] --START--
INFO: Run Behavior\BuildLiteBehavior [ RunTime:0.000014s ]
INFO: [ app_init ] --END-- [ RunTime:0.000474s ]
INFO: [ app_begin ] --START--
INFO: Run Behavior\ReadHtmlCacheBehavior [ RunTime:0.000684s ]
INFO: [ app_begin ] --END-- [ RunTime:0.000738s ]
SQL: SHOW COLUMNS FROM `products` [ RunTime:0.0354s ]
SQL: SELECT * FROM `products` WHERE ( isnav=1 AND status='库存' )  [ RunTime:0.0034s ]
SQL: SELECT * FROM `products` WHERE `status` = '库存' AND `type` LIKE '%8大名酒%' LIMIT 4   [ RunTime:0.0023s ]
SQL: SELECT * FROM `products` WHERE `status` = '库存' AND `type` LIKE '%17大名酒%' LIMIT 4   [ RunTime:0.0023s ]
SQL: SELECT * FROM `products` WHERE `status` = '库存' AND `type` LIKE '%53优名酒%' LIMIT 4   [ RunTime:0.0022s ]
SQL: SELECT * FROM `products` WHERE `status` = '库存' AND `type` LIKE '%其它%' LIMIT 4   [ RunTime:0.0021s ]
INFO: [ view_parse ] --START--
INFO: [ template_filter ] --START--
INFO: Run Behavior\ContentReplaceBehavior [ RunTime:0.000093s ]
INFO: [ template_filter ] --END-- [ RunTime:0.000151s ]
NOTIC: [8] Undefined offset: 0 D:\myenv\apache\htdocs\pgymall\Application\Runtime\Cache\Home\2a94b8bda04ff446dcedd42276fc99ee.php 第 170 行.
NOTIC: [8] Undefined offset: 0 D:\myenv\apache\htdocs\pgymall\Application\Runtime\Cache\Home\2a94b8bda04ff446dcedd42276fc99ee.php 第 226 行.
INFO: Run Behavior\ParseTemplateBehavior [ RunTime:0.026942s ]
INFO: [ view_parse ] --END-- [ RunTime:0.027037s ]
INFO: [ view_filter ] --START--
INFO: Run Behavior\WriteHtmlCacheBehavior [ RunTime:0.000637s ]
INFO: [ view_filter ] --END-- [ RunTime:0.000691s ]
INFO: [ app_end ] --START--
INFO: Run Behavior\ShowPageTraceBehavior [ RunTime:0.000777s ]
INFO: [ app_end ] --END-- [ RunTime:0.000837s ]

[ 2018-09-10T16:11:34+08:00 ] 127.0.0.1 /Public/assets/image/banner2.jpg
INFO: [ app_init ] --START--
INFO: Run Behavior\BuildLiteBehavior [ RunTime:0.000015s ]
INFO: [ app_init ] --END-- [ RunTime:0.000476s ]

[ 2018-09-10T16:11:44+08:00 ] 127.0.0.1 /Index/detail.html?id=8
INFO: [ app_init ] --START--
INFO: Run Behavior\BuildLiteBehavior [ RunTime:0.000014s ]
INFO: [ app_init ] --END-- [ RunTime:0.000474s ]
INFO: [ app_begin ] --START--
INFO: Run Behavior\ReadHtmlCacheBehavior [ RunTime:0.000684s ]
INFO: [ app_begin ] --END-- [ RunTime:0.000744s ]
SQL: SHOW COLUMNS FROM `products` [ RunTime:0.0163s ]
SQL: SELECT * FROM `products` WHERE ( id=8 ) LIMIT 1   [ RunTime:0.0035s ]
INFO: [ view_parse ] --START--
INFO: [ template_filter ] --START--
INFO: Run Behavior\ContentReplaceBehavior [ RunTime:0.000065s ]
INFO: [ template_filter ] --END-- [ RunTime:0.000129s ]
INFO: Run Behavior\ParseTemplateBehavior [ RunTime:0.011589s ]
INFO: [ view_parse ] --END-- [ RunTime:0.011682s ]
INFO: [ view_filter ] --START--
INFO: Run Behavior\WriteHtmlCacheBehavior [ RunTime:0.000550s ]
INFO: [ view_filter ] --END-- [ RunTime:0.000602s ]
INFO: [ app_end ] --START--
INFO: Run Behavior\ShowPageTraceBehavior [ RunTime:0.000789s ]
INFO: [ app_end ] --END-- [ RunTime:0.000841s ]

