[ 2018-10-24T08:41:14+08:00 ] 127.0.0.1 /
INFO: [ app_init ] --START--
INFO: Run Behavior\BuildLiteBehavior [ RunTime:0.000026s ]
INFO: [ app_init ] --END-- [ RunTime:0.000835s ]
INFO: [ app_begin ] --START--
INFO: Run Behavior\ReadHtmlCacheBehavior [ RunTime:0.001540s ]
INFO: [ app_begin ] --END-- [ RunTime:0.001657s ]
SQL: SHOW COLUMNS FROM `products` [ RunTime:0.0515s ]
SQL: SELECT * FROM `products` WHERE ( isnav=1 AND status='库存' )  [ RunTime:0.0170s ]
SQL: SELECT * FROM `products` WHERE `status` = '库存' AND `type` LIKE '%8大名酒%' LIMIT 4   [ RunTime:0.0007s ]
SQL: SELECT * FROM `products` WHERE `status` = '库存' AND `type` LIKE '%17大名酒%' LIMIT 4   [ RunTime:0.0006s ]
SQL: SELECT * FROM `products` WHERE `status` = '库存' AND `type` LIKE '%53优名酒%' LIMIT 4   [ RunTime:0.0006s ]
SQL: SELECT * FROM `products` WHERE `status` = '库存' AND `type` LIKE '%其它%' LIMIT 4   [ RunTime:0.0006s ]
INFO: [ view_parse ] --START--
INFO: [ template_filter ] --START--
INFO: Run Behavior\ContentReplaceBehavior [ RunTime:0.000085s ]
INFO: [ template_filter ] --END-- [ RunTime:0.000154s ]
NOTIC: [8] Undefined index: loginuser D:\myenv\apache\htdocs\pgymall\Application\Runtime\Cache\Home\2a94b8bda04ff446dcedd42276fc99ee.php 第 68 行.
NOTIC: [8] Undefined offset: 0 D:\myenv\apache\htdocs\pgymall\Application\Runtime\Cache\Home\2a94b8bda04ff446dcedd42276fc99ee.php 第 170 行.
NOTIC: [8] Undefined offset: 0 D:\myenv\apache\htdocs\pgymall\Application\Runtime\Cache\Home\2a94b8bda04ff446dcedd42276fc99ee.php 第 226 行.
INFO: Run Behavior\ParseTemplateBehavior [ RunTime:0.085719s ]
INFO: [ view_parse ] --END-- [ RunTime:0.085793s ]
INFO: [ view_filter ] --START--
INFO: Run Behavior\WriteHtmlCacheBehavior [ RunTime:0.007475s ]
INFO: [ view_filter ] --END-- [ RunTime:0.007521s ]
INFO: [ app_end ] --START--
INFO: Run Behavior\ShowPageTraceBehavior [ RunTime:0.034740s ]
INFO: [ app_end ] --END-- [ RunTime:0.034848s ]

[ 2018-10-24T08:41:14+08:00 ] 127.0.0.1 /Public/assets/image/banner2.jpg
INFO: [ app_init ] --START--
INFO: Run Behavior\BuildLiteBehavior [ RunTime:0.000022s ]
INFO: [ app_init ] --END-- [ RunTime:0.000756s ]

