[ 2018-11-15T09:10:02+08:00 ] 127.0.0.1 /
INFO: [ app_init ] --START--
INFO: Run Behavior\BuildLiteBehavior [ RunTime:0.000017s ]
INFO: [ app_init ] --END-- [ RunTime:0.000785s ]
INFO: [ app_begin ] --START--
INFO: Run Behavior\ReadHtmlCacheBehavior [ RunTime:0.001190s ]
INFO: [ app_begin ] --END-- [ RunTime:0.001259s ]
SQL: SHOW COLUMNS FROM `products` [ RunTime:0.0439s ]
SQL: SELECT * FROM `products` WHERE ( isnav=1 AND status='库存' )  [ RunTime:0.0103s ]
SQL: SELECT * FROM `products` WHERE `status` = '库存' AND `type` LIKE '%8大名酒%' LIMIT 4   [ RunTime:0.0020s ]
SQL: SELECT * FROM `products` WHERE `status` = '库存' AND `type` LIKE '%17大名酒%' LIMIT 4   [ RunTime:0.0017s ]
SQL: SELECT * FROM `products` WHERE `status` = '库存' AND `type` LIKE '%53优名酒%' LIMIT 4   [ RunTime:0.0017s ]
SQL: SELECT * FROM `products` WHERE `status` = '库存' AND `type` LIKE '%其它%' LIMIT 4   [ RunTime:0.0016s ]
INFO: [ view_parse ] --START--
INFO: [ template_filter ] --START--
INFO: Run Behavior\ContentReplaceBehavior [ RunTime:0.000178s ]
INFO: [ template_filter ] --END-- [ RunTime:0.000288s ]
NOTIC: [8] Undefined index: loginuser D:\myenv\apache\htdocs\pgymall\Application\Runtime\Cache\Home\2a94b8bda04ff446dcedd42276fc99ee.php 第 68 行.
NOTIC: [8] Undefined offset: 0 D:\myenv\apache\htdocs\pgymall\Application\Runtime\Cache\Home\2a94b8bda04ff446dcedd42276fc99ee.php 第 170 行.
NOTIC: [8] Undefined offset: 0 D:\myenv\apache\htdocs\pgymall\Application\Runtime\Cache\Home\2a94b8bda04ff446dcedd42276fc99ee.php 第 226 行.
INFO: Run Behavior\ParseTemplateBehavior [ RunTime:0.074879s ]
INFO: [ view_parse ] --END-- [ RunTime:0.074978s ]
INFO: [ view_filter ] --START--
INFO: Run Behavior\WriteHtmlCacheBehavior [ RunTime:0.001249s ]
INFO: [ view_filter ] --END-- [ RunTime:0.001296s ]
INFO: [ app_end ] --START--
INFO: Run Behavior\ShowPageTraceBehavior [ RunTime:0.001428s ]
INFO: [ app_end ] --END-- [ RunTime:0.001480s ]

[ 2018-11-15T09:10:03+08:00 ] 127.0.0.1 /Public/assets/image/banner2.jpg
INFO: [ app_init ] --START--
INFO: Run Behavior\BuildLiteBehavior [ RunTime:0.000015s ]
INFO: [ app_init ] --END-- [ RunTime:0.000504s ]

[ 2018-11-15T09:10:45+08:00 ] 127.0.0.1 /Index/prolist.html?type=8%E5%A4%A7%E5%90%8D%E9%85%92
INFO: [ app_init ] --START--
INFO: Run Behavior\BuildLiteBehavior [ RunTime:0.000013s ]
INFO: [ app_init ] --END-- [ RunTime:0.000519s ]
INFO: [ app_begin ] --START--
INFO: Run Behavior\ReadHtmlCacheBehavior [ RunTime:0.000841s ]
INFO: [ app_begin ] --END-- [ RunTime:0.000895s ]
SQL: SHOW COLUMNS FROM `products` [ RunTime:0.0188s ]
SQL: SELECT COUNT(*) AS tp_count FROM `products` WHERE (  `name` LIKE '%%' OR `tel` LIKE '%%' OR `vender` LIKE '%%' OR `time` LIKE '%%' OR `buyperson` LIKE '%%' ) AND `status` = '库存' AND `type` LIKE '%8大名酒%' LIMIT 1   [ RunTime:0.0019s ]
SQL: SELECT * FROM `products` WHERE (  `name` LIKE '%%' OR `tel` LIKE '%%' OR `vender` LIKE '%%' OR `time` LIKE '%%' OR `buyperson` LIKE '%%' ) AND `status` = '库存' AND `type` LIKE '%8大名酒%' LIMIT 0,10   [ RunTime:0.0027s ]
INFO: [ view_parse ] --START--
INFO: [ template_filter ] --START--
INFO: Run Behavior\ContentReplaceBehavior [ RunTime:0.000125s ]
INFO: [ template_filter ] --END-- [ RunTime:0.000250s ]
NOTIC: [8] Undefined index: loginuser D:\myenv\apache\htdocs\pgymall\Application\Runtime\Cache\Home\50f822ae40e276b9cbb510a183f19499.php 第 68 行.
INFO: Run Behavior\ParseTemplateBehavior [ RunTime:0.041893s ]
INFO: [ view_parse ] --END-- [ RunTime:0.042026s ]
INFO: [ view_filter ] --START--
INFO: Run Behavior\WriteHtmlCacheBehavior [ RunTime:0.001412s ]
INFO: [ view_filter ] --END-- [ RunTime:0.001511s ]
INFO: [ app_end ] --START--
INFO: Run Behavior\ShowPageTraceBehavior [ RunTime:0.002144s ]
INFO: [ app_end ] --END-- [ RunTime:0.002299s ]

[ 2018-11-15T09:10:48+08:00 ] 127.0.0.1 /Index/prolist.html?type=17%E5%A4%A7%E5%90%8D%E9%85%92
INFO: [ app_init ] --START--
INFO: Run Behavior\BuildLiteBehavior [ RunTime:0.000013s ]
INFO: [ app_init ] --END-- [ RunTime:0.000482s ]
INFO: [ app_begin ] --START--
INFO: Run Behavior\ReadHtmlCacheBehavior [ RunTime:0.000789s ]
INFO: [ app_begin ] --END-- [ RunTime:0.000842s ]
SQL: SHOW COLUMNS FROM `products` [ RunTime:0.0141s ]
SQL: SELECT COUNT(*) AS tp_count FROM `products` WHERE (  `name` LIKE '%%' OR `tel` LIKE '%%' OR `vender` LIKE '%%' OR `time` LIKE '%%' OR `buyperson` LIKE '%%' ) AND `status` = '库存' AND `type` LIKE '%17大名酒%' LIMIT 1   [ RunTime:0.0021s ]
SQL: SELECT * FROM `products` WHERE (  `name` LIKE '%%' OR `tel` LIKE '%%' OR `vender` LIKE '%%' OR `time` LIKE '%%' OR `buyperson` LIKE '%%' ) AND `status` = '库存' AND `type` LIKE '%17大名酒%' LIMIT 0,10   [ RunTime:0.0016s ]
INFO: [ view_parse ] --START--
INFO: [ template_filter ] --START--
INFO: Run Behavior\ContentReplaceBehavior [ RunTime:0.000077s ]
INFO: [ template_filter ] --END-- [ RunTime:0.000143s ]
NOTIC: [8] Undefined index: loginuser D:\myenv\apache\htdocs\pgymall\Application\Runtime\Cache\Home\50f822ae40e276b9cbb510a183f19499.php 第 68 行.
NOTIC: [8] Undefined offset: 0 D:\myenv\apache\htdocs\pgymall\Application\Runtime\Cache\Home\50f822ae40e276b9cbb510a183f19499.php 第 153 行.
INFO: Run Behavior\ParseTemplateBehavior [ RunTime:0.014024s ]
INFO: [ view_parse ] --END-- [ RunTime:0.014099s ]
INFO: [ view_filter ] --START--
INFO: Run Behavior\WriteHtmlCacheBehavior [ RunTime:0.000845s ]
INFO: [ view_filter ] --END-- [ RunTime:0.000905s ]
INFO: [ app_end ] --START--
INFO: Run Behavior\ShowPageTraceBehavior [ RunTime:0.001077s ]
INFO: [ app_end ] --END-- [ RunTime:0.001136s ]

[ 2018-11-15T09:10:50+08:00 ] 127.0.0.1 /Index/prolist.html?type=53%E4%BC%98%E5%90%8D%E9%85%92
INFO: [ app_init ] --START--
INFO: Run Behavior\BuildLiteBehavior [ RunTime:0.000014s ]
INFO: [ app_init ] --END-- [ RunTime:0.000504s ]
INFO: [ app_begin ] --START--
INFO: Run Behavior\ReadHtmlCacheBehavior [ RunTime:0.000815s ]
INFO: [ app_begin ] --END-- [ RunTime:0.000874s ]
SQL: SHOW COLUMNS FROM `products` [ RunTime:0.0143s ]
SQL: SELECT COUNT(*) AS tp_count FROM `products` WHERE (  `name` LIKE '%%' OR `tel` LIKE '%%' OR `vender` LIKE '%%' OR `time` LIKE '%%' OR `buyperson` LIKE '%%' ) AND `status` = '库存' AND `type` LIKE '%53优名酒%' LIMIT 1   [ RunTime:0.0019s ]
SQL: SELECT * FROM `products` WHERE (  `name` LIKE '%%' OR `tel` LIKE '%%' OR `vender` LIKE '%%' OR `time` LIKE '%%' OR `buyperson` LIKE '%%' ) AND `status` = '库存' AND `type` LIKE '%53优名酒%' LIMIT 0,10   [ RunTime:0.0024s ]
INFO: [ view_parse ] --START--
INFO: [ template_filter ] --START--
INFO: Run Behavior\ContentReplaceBehavior [ RunTime:0.000072s ]
INFO: [ template_filter ] --END-- [ RunTime:0.000139s ]
NOTIC: [8] Undefined index: loginuser D:\myenv\apache\htdocs\pgymall\Application\Runtime\Cache\Home\50f822ae40e276b9cbb510a183f19499.php 第 68 行.
INFO: Run Behavior\ParseTemplateBehavior [ RunTime:0.013822s ]
INFO: [ view_parse ] --END-- [ RunTime:0.013912s ]
INFO: [ view_filter ] --START--
INFO: Run Behavior\WriteHtmlCacheBehavior [ RunTime:0.000814s ]
INFO: [ view_filter ] --END-- [ RunTime:0.000870s ]
INFO: [ app_end ] --START--
INFO: Run Behavior\ShowPageTraceBehavior [ RunTime:0.001054s ]
INFO: [ app_end ] --END-- [ RunTime:0.001133s ]

[ 2018-11-15T09:11:45+08:00 ] 127.0.0.1 /Index/index.html
INFO: [ app_init ] --START--
INFO: Run Behavior\BuildLiteBehavior [ RunTime:0.000013s ]
INFO: [ app_init ] --END-- [ RunTime:0.000499s ]
INFO: [ app_begin ] --START--
INFO: Run Behavior\ReadHtmlCacheBehavior [ RunTime:0.000797s ]
INFO: [ app_begin ] --END-- [ RunTime:0.000852s ]
SQL: SHOW COLUMNS FROM `products` [ RunTime:0.0146s ]
SQL: SELECT * FROM `products` WHERE ( isnav=1 AND status='库存' )  [ RunTime:0.0033s ]
SQL: SELECT * FROM `products` WHERE `status` = '库存' AND `type` LIKE '%8大名酒%' LIMIT 4   [ RunTime:0.0018s ]
SQL: SELECT * FROM `products` WHERE `status` = '库存' AND `type` LIKE '%17大名酒%' LIMIT 4   [ RunTime:0.0017s ]
SQL: SELECT * FROM `products` WHERE `status` = '库存' AND `type` LIKE '%53优名酒%' LIMIT 4   [ RunTime:0.0017s ]
SQL: SELECT * FROM `products` WHERE `status` = '库存' AND `type` LIKE '%其它%' LIMIT 4   [ RunTime:0.0017s ]
INFO: [ view_parse ] --START--
INFO: [ template_filter ] --START--
INFO: Run Behavior\ContentReplaceBehavior [ RunTime:0.000185s ]
INFO: [ template_filter ] --END-- [ RunTime:0.000298s ]
NOTIC: [8] Undefined index: loginuser D:\myenv\apache\htdocs\pgymall\Application\Runtime\Cache\Home\2a94b8bda04ff446dcedd42276fc99ee.php 第 68 行.
NOTIC: [8] Undefined offset: 0 D:\myenv\apache\htdocs\pgymall\Application\Runtime\Cache\Home\2a94b8bda04ff446dcedd42276fc99ee.php 第 170 行.
NOTIC: [8] Undefined offset: 0 D:\myenv\apache\htdocs\pgymall\Application\Runtime\Cache\Home\2a94b8bda04ff446dcedd42276fc99ee.php 第 226 行.
INFO: Run Behavior\ParseTemplateBehavior [ RunTime:0.039003s ]
INFO: [ view_parse ] --END-- [ RunTime:0.039118s ]
INFO: [ view_filter ] --START--
INFO: Run Behavior\WriteHtmlCacheBehavior [ RunTime:0.001372s ]
INFO: [ view_filter ] --END-- [ RunTime:0.001483s ]
INFO: [ app_end ] --START--
INFO: Run Behavior\ShowPageTraceBehavior [ RunTime:0.001889s ]
INFO: [ app_end ] --END-- [ RunTime:0.001999s ]

[ 2018-11-15T09:11:46+08:00 ] 127.0.0.1 /Index/index.html
INFO: [ app_init ] --START--
INFO: Run Behavior\BuildLiteBehavior [ RunTime:0.000011s ]
INFO: [ app_init ] --END-- [ RunTime:0.000520s ]
INFO: [ app_begin ] --START--
INFO: Run Behavior\ReadHtmlCacheBehavior [ RunTime:0.000807s ]
INFO: [ app_begin ] --END-- [ RunTime:0.000860s ]
SQL: SHOW COLUMNS FROM `products` [ RunTime:0.0157s ]
SQL: SELECT * FROM `products` WHERE ( isnav=1 AND status='库存' )  [ RunTime:0.0035s ]
SQL: SELECT * FROM `products` WHERE `status` = '库存' AND `type` LIKE '%8大名酒%' LIMIT 4   [ RunTime:0.0030s ]
SQL: SELECT * FROM `products` WHERE `status` = '库存' AND `type` LIKE '%17大名酒%' LIMIT 4   [ RunTime:0.0027s ]
SQL: SELECT * FROM `products` WHERE `status` = '库存' AND `type` LIKE '%53优名酒%' LIMIT 4   [ RunTime:0.0026s ]
SQL: SELECT * FROM `products` WHERE `status` = '库存' AND `type` LIKE '%其它%' LIMIT 4   [ RunTime:0.0023s ]
INFO: [ view_parse ] --START--
INFO: [ template_filter ] --START--
INFO: Run Behavior\ContentReplaceBehavior [ RunTime:0.000094s ]
INFO: [ template_filter ] --END-- [ RunTime:0.000153s ]
NOTIC: [8] Undefined index: loginuser D:\myenv\apache\htdocs\pgymall\Application\Runtime\Cache\Home\2a94b8bda04ff446dcedd42276fc99ee.php 第 68 行.
NOTIC: [8] Undefined offset: 0 D:\myenv\apache\htdocs\pgymall\Application\Runtime\Cache\Home\2a94b8bda04ff446dcedd42276fc99ee.php 第 170 行.
NOTIC: [8] Undefined offset: 0 D:\myenv\apache\htdocs\pgymall\Application\Runtime\Cache\Home\2a94b8bda04ff446dcedd42276fc99ee.php 第 226 行.
INFO: Run Behavior\ParseTemplateBehavior [ RunTime:0.027153s ]
INFO: [ view_parse ] --END-- [ RunTime:0.027239s ]
INFO: [ view_filter ] --START--
INFO: Run Behavior\WriteHtmlCacheBehavior [ RunTime:0.000820s ]
INFO: [ view_filter ] --END-- [ RunTime:0.000868s ]
INFO: [ app_end ] --START--
INFO: Run Behavior\ShowPageTraceBehavior [ RunTime:0.000966s ]
INFO: [ app_end ] --END-- [ RunTime:0.001023s ]

[ 2018-11-15T09:11:46+08:00 ] 127.0.0.1 /Public/assets/image/banner2.jpg
INFO: [ app_init ] --START--
INFO: Run Behavior\BuildLiteBehavior [ RunTime:0.000014s ]
INFO: [ app_init ] --END-- [ RunTime:0.000482s ]

[ 2018-11-15T14:22:03+08:00 ] 127.0.0.1 /
INFO: [ app_init ] --START--
INFO: Run Behavior\BuildLiteBehavior [ RunTime:0.000014s ]
INFO: [ app_init ] --END-- [ RunTime:0.000472s ]
INFO: [ app_begin ] --START--
INFO: Run Behavior\ReadHtmlCacheBehavior [ RunTime:0.000727s ]
INFO: [ app_begin ] --END-- [ RunTime:0.000782s ]
SQL: SHOW COLUMNS FROM `products` [ RunTime:0.0158s ]
SQL: SELECT * FROM `products` WHERE ( isnav=1 AND status='库存' )  [ RunTime:0.0030s ]
SQL: SELECT * FROM `products` WHERE `status` = '库存' AND `type` LIKE '%8大名酒%' LIMIT 4   [ RunTime:0.0023s ]
SQL: SELECT * FROM `products` WHERE `status` = '库存' AND `type` LIKE '%17大名酒%' LIMIT 4   [ RunTime:0.0021s ]
SQL: SELECT * FROM `products` WHERE `status` = '库存' AND `type` LIKE '%53优名酒%' LIMIT 4   [ RunTime:0.0020s ]
SQL: SELECT * FROM `products` WHERE `status` = '库存' AND `type` LIKE '%其它%' LIMIT 4   [ RunTime:0.0021s ]
INFO: [ view_parse ] --START--
INFO: [ template_filter ] --START--
INFO: Run Behavior\ContentReplaceBehavior [ RunTime:0.000180s ]
INFO: [ template_filter ] --END-- [ RunTime:0.000289s ]
NOTIC: [8] Undefined index: loginuser D:\myenv\apache\htdocs\pgymall\Application\Runtime\Cache\Home\2a94b8bda04ff446dcedd42276fc99ee.php 第 68 行.
NOTIC: [8] Undefined offset: 0 D:\myenv\apache\htdocs\pgymall\Application\Runtime\Cache\Home\2a94b8bda04ff446dcedd42276fc99ee.php 第 170 行.
NOTIC: [8] Undefined offset: 0 D:\myenv\apache\htdocs\pgymall\Application\Runtime\Cache\Home\2a94b8bda04ff446dcedd42276fc99ee.php 第 226 行.
INFO: Run Behavior\ParseTemplateBehavior [ RunTime:0.037153s ]
INFO: [ view_parse ] --END-- [ RunTime:0.037307s ]
INFO: [ view_filter ] --START--
INFO: Run Behavior\WriteHtmlCacheBehavior [ RunTime:0.001203s ]
INFO: [ view_filter ] --END-- [ RunTime:0.001298s ]
INFO: [ app_end ] --START--
INFO: Run Behavior\ShowPageTraceBehavior [ RunTime:0.001677s ]
INFO: [ app_end ] --END-- [ RunTime:0.001781s ]

[ 2018-11-15T14:22:03+08:00 ] 127.0.0.1 /Public/assets/image/banner2.jpg
INFO: [ app_init ] --START--
INFO: Run Behavior\BuildLiteBehavior [ RunTime:0.000014s ]
INFO: [ app_init ] --END-- [ RunTime:0.000446s ]

[ 2018-11-15T14:23:50+08:00 ] 127.0.0.1 /Index/detail.html?id=2
INFO: [ app_init ] --START--
INFO: Run Behavior\BuildLiteBehavior [ RunTime:0.000015s ]
INFO: [ app_init ] --END-- [ RunTime:0.000590s ]
INFO: [ app_begin ] --START--
INFO: Run Behavior\ReadHtmlCacheBehavior [ RunTime:0.001007s ]
INFO: [ app_begin ] --END-- [ RunTime:0.001078s ]
SQL: SHOW COLUMNS FROM `products` [ RunTime:0.0144s ]
SQL: SELECT * FROM `products` WHERE ( id=2 ) LIMIT 1   [ RunTime:0.0026s ]
INFO: [ view_parse ] --START--
INFO: [ template_filter ] --START--
INFO: Run Behavior\ContentReplaceBehavior [ RunTime:0.000109s ]
INFO: [ template_filter ] --END-- [ RunTime:0.000223s ]
NOTIC: [8] Undefined index: loginuser D:\myenv\apache\htdocs\pgymall\Application\Runtime\Cache\Home\1223f42a89e823bf89547594651162de.php 第 68 行.
INFO: Run Behavior\ParseTemplateBehavior [ RunTime:0.040738s ]
INFO: [ view_parse ] --END-- [ RunTime:0.040835s ]
INFO: [ view_filter ] --START--
INFO: Run Behavior\WriteHtmlCacheBehavior [ RunTime:0.000953s ]
INFO: [ view_filter ] --END-- [ RunTime:0.001012s ]
INFO: [ app_end ] --START--
INFO: Run Behavior\ShowPageTraceBehavior [ RunTime:0.001237s ]
INFO: [ app_end ] --END-- [ RunTime:0.001296s ]

[ 2018-11-15T14:24:37+08:00 ] 127.0.0.1 /Index/detail.html?id=2
INFO: [ app_init ] --START--
INFO: Run Behavior\BuildLiteBehavior [ RunTime:0.000014s ]
INFO: [ app_init ] --END-- [ RunTime:0.000594s ]
INFO: [ app_begin ] --START--
INFO: Run Behavior\ReadHtmlCacheBehavior [ RunTime:0.000874s ]
INFO: [ app_begin ] --END-- [ RunTime:0.000932s ]
SQL: SHOW COLUMNS FROM `products` [ RunTime:0.0140s ]
SQL: SELECT * FROM `products` WHERE ( id=2 ) LIMIT 1   [ RunTime:0.0025s ]
INFO: [ view_parse ] --START--
INFO: [ template_filter ] --START--
INFO: Run Behavior\ContentReplaceBehavior [ RunTime:0.000107s ]
INFO: [ template_filter ] --END-- [ RunTime:0.000214s ]
NOTIC: [8] Undefined index: loginuser D:\myenv\apache\htdocs\pgymall\Application\Runtime\Cache\Home\1223f42a89e823bf89547594651162de.php 第 68 行.
INFO: Run Behavior\ParseTemplateBehavior [ RunTime:0.020409s ]
INFO: [ view_parse ] --END-- [ RunTime:0.020526s ]
INFO: [ view_filter ] --START--
INFO: Run Behavior\WriteHtmlCacheBehavior [ RunTime:0.001633s ]
INFO: [ view_filter ] --END-- [ RunTime:0.001745s ]
INFO: [ app_end ] --START--
INFO: Run Behavior\ShowPageTraceBehavior [ RunTime:0.001970s ]
INFO: [ app_end ] --END-- [ RunTime:0.002067s ]

[ 2018-11-15T14:24:48+08:00 ] 127.0.0.1 /Index/prolist.html?type=8%E5%A4%A7%E5%90%8D%E9%85%92
INFO: [ app_init ] --START--
INFO: Run Behavior\BuildLiteBehavior [ RunTime:0.000013s ]
INFO: [ app_init ] --END-- [ RunTime:0.000489s ]
INFO: [ app_begin ] --START--
INFO: Run Behavior\ReadHtmlCacheBehavior [ RunTime:0.000914s ]
INFO: [ app_begin ] --END-- [ RunTime:0.000967s ]
SQL: SHOW COLUMNS FROM `products` [ RunTime:0.0073s ]
SQL: SELECT COUNT(*) AS tp_count FROM `products` WHERE (  `name` LIKE '%%' OR `tel` LIKE '%%' OR `vender` LIKE '%%' OR `time` LIKE '%%' OR `buyperson` LIKE '%%' ) AND `status` = '库存' AND `type` LIKE '%8大名酒%' LIMIT 1   [ RunTime:0.0010s ]
SQL: SELECT * FROM `products` WHERE (  `name` LIKE '%%' OR `tel` LIKE '%%' OR `vender` LIKE '%%' OR `time` LIKE '%%' OR `buyperson` LIKE '%%' ) AND `status` = '库存' AND `type` LIKE '%8大名酒%' LIMIT 0,10   [ RunTime:0.0011s ]
INFO: [ view_parse ] --START--
INFO: [ template_filter ] --START--
INFO: Run Behavior\ContentReplaceBehavior [ RunTime:0.000082s ]
INFO: [ template_filter ] --END-- [ RunTime:0.000142s ]
NOTIC: [8] Undefined index: loginuser D:\myenv\apache\htdocs\pgymall\Application\Runtime\Cache\Home\50f822ae40e276b9cbb510a183f19499.php 第 68 行.
INFO: Run Behavior\ParseTemplateBehavior [ RunTime:0.011594s ]
INFO: [ view_parse ] --END-- [ RunTime:0.011650s ]
INFO: [ view_filter ] --START--
INFO: Run Behavior\WriteHtmlCacheBehavior [ RunTime:0.000678s ]
INFO: [ view_filter ] --END-- [ RunTime:0.000720s ]
INFO: [ app_end ] --START--
INFO: Run Behavior\ShowPageTraceBehavior [ RunTime:0.001011s ]
INFO: [ app_end ] --END-- [ RunTime:0.001072s ]

[ 2018-11-15T14:24:52+08:00 ] 127.0.0.1 /Index/index.html
INFO: [ app_init ] --START--
INFO: Run Behavior\BuildLiteBehavior [ RunTime:0.000013s ]
INFO: [ app_init ] --END-- [ RunTime:0.000525s ]
INFO: [ app_begin ] --START--
INFO: Run Behavior\ReadHtmlCacheBehavior [ RunTime:0.000860s ]
INFO: [ app_begin ] --END-- [ RunTime:0.000914s ]
SQL: SHOW COLUMNS FROM `products` [ RunTime:0.0071s ]
SQL: SELECT * FROM `products` WHERE ( isnav=1 AND status='库存' )  [ RunTime:0.0014s ]
SQL: SELECT * FROM `products` WHERE `status` = '库存' AND `type` LIKE '%8大名酒%' LIMIT 4   [ RunTime:0.0011s ]
SQL: SELECT * FROM `products` WHERE `status` = '库存' AND `type` LIKE '%17大名酒%' LIMIT 4   [ RunTime:0.0012s ]
SQL: SELECT * FROM `products` WHERE `status` = '库存' AND `type` LIKE '%53优名酒%' LIMIT 4   [ RunTime:0.0012s ]
SQL: SELECT * FROM `products` WHERE `status` = '库存' AND `type` LIKE '%其它%' LIMIT 4   [ RunTime:0.0010s ]
INFO: [ view_parse ] --START--
INFO: [ template_filter ] --START--
INFO: Run Behavior\ContentReplaceBehavior [ RunTime:0.000085s ]
INFO: [ template_filter ] --END-- [ RunTime:0.000147s ]
NOTIC: [8] Undefined index: loginuser D:\myenv\apache\htdocs\pgymall\Application\Runtime\Cache\Home\2a94b8bda04ff446dcedd42276fc99ee.php 第 68 行.
NOTIC: [8] Undefined offset: 0 D:\myenv\apache\htdocs\pgymall\Application\Runtime\Cache\Home\2a94b8bda04ff446dcedd42276fc99ee.php 第 170 行.
NOTIC: [8] Undefined offset: 0 D:\myenv\apache\htdocs\pgymall\Application\Runtime\Cache\Home\2a94b8bda04ff446dcedd42276fc99ee.php 第 226 行.
INFO: Run Behavior\ParseTemplateBehavior [ RunTime:0.018683s ]
INFO: [ view_parse ] --END-- [ RunTime:0.018749s ]
INFO: [ view_filter ] --START--
INFO: Run Behavior\WriteHtmlCacheBehavior [ RunTime:0.000752s ]
INFO: [ view_filter ] --END-- [ RunTime:0.000802s ]
INFO: [ app_end ] --START--
INFO: Run Behavior\ShowPageTraceBehavior [ RunTime:0.000963s ]
INFO: [ app_end ] --END-- [ RunTime:0.001014s ]

[ 2018-11-15T14:24:52+08:00 ] 127.0.0.1 /Public/assets/image/banner2.jpg
INFO: [ app_init ] --START--
INFO: Run Behavior\BuildLiteBehavior [ RunTime:0.000028s ]
INFO: [ app_init ] --END-- [ RunTime:0.000630s ]

[ 2018-11-15T14:36:26+08:00 ] 127.0.0.1 /favicon.ico
INFO: [ app_init ] --START--
INFO: Run Behavior\BuildLiteBehavior [ RunTime:0.000013s ]
INFO: [ app_init ] --END-- [ RunTime:0.000512s ]

