[ 2018-03-28T09:11:11+08:00 ] 127.0.0.1 /Admin/officweb/cloudlist.html
INFO: [ app_init ] --START--
INFO: Run Behavior\BuildLiteBehavior [ RunTime:0.000010s ]
INFO: [ app_init ] --END-- [ RunTime:0.000523s ]
INFO: [ app_begin ] --START--
INFO: Run Behavior\ReadHtmlCacheBehavior [ RunTime:0.000709s ]
INFO: [ app_begin ] --END-- [ RunTime:0.000755s ]
SQL: SHOW COLUMNS FROM `configinfo` [ RunTime:0.0183s ]
SQL: SELECT `CID`,`Title` FROM `configinfo` WHERE `DataType` = 0 AND `NavData` = 0 AND `DataName` = 0 ORDER BY CID ASC  [ RunTime:0.0030s ]
NOTIC: [8] Undefined variable: datatype D:\myenv\apache\htdocs\pgyidc\Application\Admin\Controller\OfficwebController.class.php 第 196 行.
INFO: [ view_parse ] --START--
INFO: [ template_filter ] --START--
INFO: Run Behavior\ContentReplaceBehavior [ RunTime:0.000153s ]
INFO: [ template_filter ] --END-- [ RunTime:0.000233s ]
NOTIC: [8] Undefined index: quotid D:\myenv\apache\htdocs\pgyidc\Application\Runtime\Cache\Admin\d835a3852ff4fa9b0924afb033133a4c.php 第 312 行.
NOTIC: [8] Undefined index: quotid D:\myenv\apache\htdocs\pgyidc\Application\Runtime\Cache\Admin\d835a3852ff4fa9b0924afb033133a4c.php 第 312 行.
INFO: Run Behavior\ParseTemplateBehavior [ RunTime:0.021395s ]
INFO: [ view_parse ] --END-- [ RunTime:0.021496s ]
INFO: [ view_filter ] --START--
INFO: Run Behavior\WriteHtmlCacheBehavior [ RunTime:0.000910s ]
INFO: [ view_filter ] --END-- [ RunTime:0.000984s ]
INFO: [ app_end ] --START--
INFO: Run Behavior\ShowPageTraceBehavior [ RunTime:0.001532s ]
INFO: [ app_end ] --END-- [ RunTime:0.001626s ]

[ 2018-03-28T09:11:11+08:00 ] 127.0.0.1 /Admin/officweb/img/leftimg.png
INFO: [ app_init ] --START--
INFO: Run Behavior\BuildLiteBehavior [ RunTime:0.000010s ]
INFO: [ app_init ] --END-- [ RunTime:0.000555s ]

[ 2018-03-28T09:11:14+08:00 ] 127.0.0.1 /Admin/officweb/cloudlist.html
INFO: [ app_init ] --START--
INFO: Run Behavior\BuildLiteBehavior [ RunTime:0.000011s ]
INFO: [ app_init ] --END-- [ RunTime:0.000451s ]
INFO: [ app_begin ] --START--
INFO: Run Behavior\ReadHtmlCacheBehavior [ RunTime:0.000795s ]
INFO: [ app_begin ] --END-- [ RunTime:0.000835s ]
SQL: SHOW COLUMNS FROM `configinfo` [ RunTime:0.0078s ]
SQL: SELECT `CID`,`Title` FROM `configinfo` WHERE `DataType` = 0 AND `NavData` = 0 AND `DataName` = 0 ORDER BY CID ASC  [ RunTime:0.0009s ]
NOTIC: [8] Undefined variable: datatype D:\myenv\apache\htdocs\pgyidc\Application\Admin\Controller\OfficwebController.class.php 第 196 行.
INFO: [ view_parse ] --START--
INFO: [ template_filter ] --START--
INFO: Run Behavior\ContentReplaceBehavior [ RunTime:0.000075s ]
INFO: [ template_filter ] --END-- [ RunTime:0.000116s ]
NOTIC: [8] Undefined index: quotid D:\myenv\apache\htdocs\pgyidc\Application\Runtime\Cache\Admin\d835a3852ff4fa9b0924afb033133a4c.php 第 312 行.
NOTIC: [8] Undefined index: quotid D:\myenv\apache\htdocs\pgyidc\Application\Runtime\Cache\Admin\d835a3852ff4fa9b0924afb033133a4c.php 第 312 行.
INFO: Run Behavior\ParseTemplateBehavior [ RunTime:0.012144s ]
INFO: [ view_parse ] --END-- [ RunTime:0.012186s ]
INFO: [ view_filter ] --START--
INFO: Run Behavior\WriteHtmlCacheBehavior [ RunTime:0.000510s ]
INFO: [ view_filter ] --END-- [ RunTime:0.000544s ]
INFO: [ app_end ] --START--
INFO: Run Behavior\ShowPageTraceBehavior [ RunTime:0.000796s ]
INFO: [ app_end ] --END-- [ RunTime:0.000835s ]

[ 2018-03-28T09:11:15+08:00 ] 127.0.0.1 /Admin/officweb/cloudlist.html
INFO: [ app_init ] --START--
INFO: Run Behavior\BuildLiteBehavior [ RunTime:0.000009s ]
INFO: [ app_init ] --END-- [ RunTime:0.000539s ]
INFO: [ app_begin ] --START--
INFO: Run Behavior\ReadHtmlCacheBehavior [ RunTime:0.000761s ]
INFO: [ app_begin ] --END-- [ RunTime:0.000806s ]
SQL: SHOW COLUMNS FROM `configinfo` [ RunTime:0.0150s ]
SQL: SELECT `CID`,`Title` FROM `configinfo` WHERE `DataType` = 0 AND `NavData` = 0 AND `DataName` = 0 ORDER BY CID ASC  [ RunTime:0.0022s ]
NOTIC: [8] Undefined variable: datatype D:\myenv\apache\htdocs\pgyidc\Application\Admin\Controller\OfficwebController.class.php 第 196 行.
INFO: [ view_parse ] --START--
INFO: [ template_filter ] --START--
INFO: Run Behavior\ContentReplaceBehavior [ RunTime:0.000135s ]
INFO: [ template_filter ] --END-- [ RunTime:0.000215s ]
NOTIC: [8] Undefined index: quotid D:\myenv\apache\htdocs\pgyidc\Application\Runtime\Cache\Admin\d835a3852ff4fa9b0924afb033133a4c.php 第 312 行.
NOTIC: [8] Undefined index: quotid D:\myenv\apache\htdocs\pgyidc\Application\Runtime\Cache\Admin\d835a3852ff4fa9b0924afb033133a4c.php 第 312 行.
INFO: Run Behavior\ParseTemplateBehavior [ RunTime:0.023669s ]
INFO: [ view_parse ] --END-- [ RunTime:0.023768s ]
INFO: [ view_filter ] --START--
INFO: Run Behavior\WriteHtmlCacheBehavior [ RunTime:0.000844s ]
INFO: [ view_filter ] --END-- [ RunTime:0.000910s ]
INFO: [ app_end ] --START--
INFO: Run Behavior\ShowPageTraceBehavior [ RunTime:0.001393s ]
INFO: [ app_end ] --END-- [ RunTime:0.001495s ]

[ 2018-03-28T09:11:15+08:00 ] 127.0.0.1 /Admin/officweb/img/leftimg.png
INFO: [ app_init ] --START--
INFO: Run Behavior\BuildLiteBehavior [ RunTime:0.000013s ]
INFO: [ app_init ] --END-- [ RunTime:0.000399s ]

[ 2018-03-28T09:11:17+08:00 ] 127.0.0.1 /Admin/Officweb/cloudlist/fid/1.html
INFO: [ app_init ] --START--
INFO: Run Behavior\BuildLiteBehavior [ RunTime:0.000010s ]
INFO: [ app_init ] --END-- [ RunTime:0.000464s ]
INFO: [ app_begin ] --START--
INFO: Run Behavior\ReadHtmlCacheBehavior [ RunTime:0.000531s ]
INFO: [ app_begin ] --END-- [ RunTime:0.000572s ]
SQL: SHOW COLUMNS FROM `configinfo` [ RunTime:0.0064s ]
SQL: SELECT `CID`,`Title` FROM `configinfo` WHERE `DataType` = 0 AND `NavData` = 1 AND `DataName` = 0 ORDER BY CID ASC  [ RunTime:0.0008s ]
NOTIC: [8] Undefined variable: datatype D:\myenv\apache\htdocs\pgyidc\Application\Admin\Controller\OfficwebController.class.php 第 196 行.
INFO: [ view_parse ] --START--
INFO: [ template_filter ] --START--
INFO: Run Behavior\ContentReplaceBehavior [ RunTime:0.000072s ]
INFO: [ template_filter ] --END-- [ RunTime:0.000110s ]
NOTIC: [8] Undefined index: quotid D:\myenv\apache\htdocs\pgyidc\Application\Runtime\Cache\Admin\d835a3852ff4fa9b0924afb033133a4c.php 第 312 行.
NOTIC: [8] Undefined index: quotid D:\myenv\apache\htdocs\pgyidc\Application\Runtime\Cache\Admin\d835a3852ff4fa9b0924afb033133a4c.php 第 312 行.
INFO: Run Behavior\ParseTemplateBehavior [ RunTime:0.009137s ]
INFO: [ view_parse ] --END-- [ RunTime:0.009174s ]
INFO: [ view_filter ] --START--
INFO: Run Behavior\WriteHtmlCacheBehavior [ RunTime:0.000383s ]
INFO: [ view_filter ] --END-- [ RunTime:0.000416s ]
INFO: [ app_end ] --START--
INFO: Run Behavior\ShowPageTraceBehavior [ RunTime:0.000777s ]
INFO: [ app_end ] --END-- [ RunTime:0.000859s ]

[ 2018-03-28T09:11:17+08:00 ] 127.0.0.1 /Admin/Officweb/cloudlist/fid/img/leftimg.png
INFO: [ app_init ] --START--
INFO: Run Behavior\BuildLiteBehavior [ RunTime:0.000010s ]
INFO: [ app_init ] --END-- [ RunTime:0.000419s ]

[ 2018-03-28T09:11:19+08:00 ] 127.0.0.1 /Admin/Officweb/cloudlist/fid/2.html
INFO: [ app_init ] --START--
INFO: Run Behavior\BuildLiteBehavior [ RunTime:0.000009s ]
INFO: [ app_init ] --END-- [ RunTime:0.000403s ]
INFO: [ app_begin ] --START--
INFO: Run Behavior\ReadHtmlCacheBehavior [ RunTime:0.000570s ]
INFO: [ app_begin ] --END-- [ RunTime:0.000611s ]
SQL: SHOW COLUMNS FROM `configinfo` [ RunTime:0.0076s ]
SQL: SELECT `CID`,`Title` FROM `configinfo` WHERE `DataType` = 0 AND `NavData` = 2 AND `DataName` = 0 ORDER BY CID ASC  [ RunTime:0.0010s ]
NOTIC: [8] Undefined variable: datatype D:\myenv\apache\htdocs\pgyidc\Application\Admin\Controller\OfficwebController.class.php 第 196 行.
INFO: [ view_parse ] --START--
INFO: [ template_filter ] --START--
INFO: Run Behavior\ContentReplaceBehavior [ RunTime:0.000077s ]
INFO: [ template_filter ] --END-- [ RunTime:0.000124s ]
NOTIC: [8] Undefined index: quotid D:\myenv\apache\htdocs\pgyidc\Application\Runtime\Cache\Admin\d835a3852ff4fa9b0924afb033133a4c.php 第 312 行.
NOTIC: [8] Undefined index: quotid D:\myenv\apache\htdocs\pgyidc\Application\Runtime\Cache\Admin\d835a3852ff4fa9b0924afb033133a4c.php 第 312 行.
INFO: Run Behavior\ParseTemplateBehavior [ RunTime:0.011001s ]
INFO: [ view_parse ] --END-- [ RunTime:0.011039s ]
INFO: [ view_filter ] --START--
INFO: Run Behavior\WriteHtmlCacheBehavior [ RunTime:0.000363s ]
INFO: [ view_filter ] --END-- [ RunTime:0.000394s ]
INFO: [ app_end ] --START--
INFO: Run Behavior\ShowPageTraceBehavior [ RunTime:0.000753s ]
INFO: [ app_end ] --END-- [ RunTime:0.000839s ]

[ 2018-03-28T09:11:19+08:00 ] 127.0.0.1 /Admin/Officweb/cloudlist/fid/img/leftimg.png
INFO: [ app_init ] --START--
INFO: Run Behavior\BuildLiteBehavior [ RunTime:0.000012s ]
INFO: [ app_init ] --END-- [ RunTime:0.000446s ]

[ 2018-03-28T09:11:20+08:00 ] 127.0.0.1 /Admin/Officweb/cloudlist/fid/0.html
INFO: [ app_init ] --START--
INFO: Run Behavior\BuildLiteBehavior [ RunTime:0.000009s ]
INFO: [ app_init ] --END-- [ RunTime:0.000437s ]
INFO: [ app_begin ] --START--
INFO: Run Behavior\ReadHtmlCacheBehavior [ RunTime:0.000514s ]
INFO: [ app_begin ] --END-- [ RunTime:0.000554s ]
SQL: SHOW COLUMNS FROM `configinfo` [ RunTime:0.0079s ]
SQL: SELECT `CID`,`Title` FROM `configinfo` WHERE `DataType` = 0 AND `NavData` = 0 AND `DataName` = 0 ORDER BY CID ASC  [ RunTime:0.0023s ]
NOTIC: [8] Undefined variable: datatype D:\myenv\apache\htdocs\pgyidc\Application\Admin\Controller\OfficwebController.class.php 第 196 行.
INFO: [ view_parse ] --START--
INFO: [ template_filter ] --START--
INFO: Run Behavior\ContentReplaceBehavior [ RunTime:0.000075s ]
INFO: [ template_filter ] --END-- [ RunTime:0.000117s ]
NOTIC: [8] Undefined index: quotid D:\myenv\apache\htdocs\pgyidc\Application\Runtime\Cache\Admin\d835a3852ff4fa9b0924afb033133a4c.php 第 312 行.
NOTIC: [8] Undefined index: quotid D:\myenv\apache\htdocs\pgyidc\Application\Runtime\Cache\Admin\d835a3852ff4fa9b0924afb033133a4c.php 第 312 行.
INFO: Run Behavior\ParseTemplateBehavior [ RunTime:0.010078s ]
INFO: [ view_parse ] --END-- [ RunTime:0.010117s ]
INFO: [ view_filter ] --START--
INFO: Run Behavior\WriteHtmlCacheBehavior [ RunTime:0.000392s ]
INFO: [ view_filter ] --END-- [ RunTime:0.000425s ]
INFO: [ app_end ] --START--
INFO: Run Behavior\ShowPageTraceBehavior [ RunTime:0.000912s ]
INFO: [ app_end ] --END-- [ RunTime:0.001059s ]

[ 2018-03-28T09:11:20+08:00 ] 127.0.0.1 /Admin/Officweb/cloudlist/fid/img/leftimg.png
INFO: [ app_init ] --START--
INFO: Run Behavior\BuildLiteBehavior [ RunTime:0.000017s ]
INFO: [ app_init ] --END-- [ RunTime:0.000510s ]

[ 2018-03-28T09:12:21+08:00 ] 127.0.0.1 /Admin/Officweb/cloudlist/fid/1.html
INFO: [ app_init ] --START--
INFO: Run Behavior\BuildLiteBehavior [ RunTime:0.000009s ]
INFO: [ app_init ] --END-- [ RunTime:0.000455s ]
INFO: [ app_begin ] --START--
INFO: Run Behavior\ReadHtmlCacheBehavior [ RunTime:0.000544s ]
INFO: [ app_begin ] --END-- [ RunTime:0.000584s ]
SQL: SHOW COLUMNS FROM `configinfo` [ RunTime:0.0074s ]
SQL: SELECT `CID`,`Title` FROM `configinfo` WHERE `DataType` = 0 AND `NavData` = 1 AND `DataName` = 0 ORDER BY CID ASC  [ RunTime:0.0014s ]
NOTIC: [8] Undefined variable: datatype D:\myenv\apache\htdocs\pgyidc\Application\Admin\Controller\OfficwebController.class.php 第 196 行.
INFO: [ view_parse ] --START--
INFO: [ template_filter ] --START--
INFO: Run Behavior\ContentReplaceBehavior [ RunTime:0.000073s ]
INFO: [ template_filter ] --END-- [ RunTime:0.000115s ]
NOTIC: [8] Undefined index: quotid D:\myenv\apache\htdocs\pgyidc\Application\Runtime\Cache\Admin\d835a3852ff4fa9b0924afb033133a4c.php 第 312 行.
NOTIC: [8] Undefined index: quotid D:\myenv\apache\htdocs\pgyidc\Application\Runtime\Cache\Admin\d835a3852ff4fa9b0924afb033133a4c.php 第 312 行.
INFO: Run Behavior\ParseTemplateBehavior [ RunTime:0.009671s ]
INFO: [ view_parse ] --END-- [ RunTime:0.009709s ]
INFO: [ view_filter ] --START--
INFO: Run Behavior\WriteHtmlCacheBehavior [ RunTime:0.000386s ]
INFO: [ view_filter ] --END-- [ RunTime:0.000419s ]
INFO: [ app_end ] --START--
INFO: Run Behavior\ShowPageTraceBehavior [ RunTime:0.000739s ]
INFO: [ app_end ] --END-- [ RunTime:0.000811s ]

[ 2018-03-28T09:12:21+08:00 ] 127.0.0.1 /Admin/Officweb/cloudlist/fid/img/leftimg.png
INFO: [ app_init ] --START--
INFO: Run Behavior\BuildLiteBehavior [ RunTime:0.000013s ]
INFO: [ app_init ] --END-- [ RunTime:0.000449s ]

[ 2018-03-28T09:12:23+08:00 ] 127.0.0.1 /Admin/Officweb/cloudlist/fid/2.html
INFO: [ app_init ] --START--
INFO: Run Behavior\BuildLiteBehavior [ RunTime:0.000011s ]
INFO: [ app_init ] --END-- [ RunTime:0.000463s ]
INFO: [ app_begin ] --START--
INFO: Run Behavior\ReadHtmlCacheBehavior [ RunTime:0.000545s ]
INFO: [ app_begin ] --END-- [ RunTime:0.000586s ]
SQL: SHOW COLUMNS FROM `configinfo` [ RunTime:0.0126s ]
SQL: SELECT `CID`,`Title` FROM `configinfo` WHERE `DataType` = 0 AND `NavData` = 2 AND `DataName` = 0 ORDER BY CID ASC  [ RunTime:0.0024s ]
NOTIC: [8] Undefined variable: datatype D:\myenv\apache\htdocs\pgyidc\Application\Admin\Controller\OfficwebController.class.php 第 196 行.
INFO: [ view_parse ] --START--
INFO: [ template_filter ] --START--
INFO: Run Behavior\ContentReplaceBehavior [ RunTime:0.000142s ]
INFO: [ template_filter ] --END-- [ RunTime:0.000220s ]
NOTIC: [8] Undefined index: quotid D:\myenv\apache\htdocs\pgyidc\Application\Runtime\Cache\Admin\d835a3852ff4fa9b0924afb033133a4c.php 第 312 行.
NOTIC: [8] Undefined index: quotid D:\myenv\apache\htdocs\pgyidc\Application\Runtime\Cache\Admin\d835a3852ff4fa9b0924afb033133a4c.php 第 312 行.
INFO: Run Behavior\ParseTemplateBehavior [ RunTime:0.017705s ]
INFO: [ view_parse ] --END-- [ RunTime:0.017779s ]
INFO: [ view_filter ] --START--
INFO: Run Behavior\WriteHtmlCacheBehavior [ RunTime:0.000724s ]
INFO: [ view_filter ] --END-- [ RunTime:0.000796s ]
INFO: [ app_end ] --START--
INFO: Run Behavior\ShowPageTraceBehavior [ RunTime:0.001225s ]
INFO: [ app_end ] --END-- [ RunTime:0.001318s ]

[ 2018-03-28T09:12:23+08:00 ] 127.0.0.1 /Admin/Officweb/cloudlist/fid/img/leftimg.png
INFO: [ app_init ] --START--
INFO: Run Behavior\BuildLiteBehavior [ RunTime:0.000017s ]
INFO: [ app_init ] --END-- [ RunTime:0.000480s ]

[ 2018-03-28T09:12:26+08:00 ] 127.0.0.1 /Admin/Officweb/cloudlist/fid/0.html
INFO: [ app_init ] --START--
INFO: Run Behavior\BuildLiteBehavior [ RunTime:0.000011s ]
INFO: [ app_init ] --END-- [ RunTime:0.000449s ]
INFO: [ app_begin ] --START--
INFO: Run Behavior\ReadHtmlCacheBehavior [ RunTime:0.000589s ]
INFO: [ app_begin ] --END-- [ RunTime:0.000635s ]
SQL: SHOW COLUMNS FROM `configinfo` [ RunTime:0.0275s ]
SQL: SELECT `CID`,`Title` FROM `configinfo` WHERE `DataType` = 0 AND `NavData` = 0 AND `DataName` = 0 ORDER BY CID ASC  [ RunTime:0.0030s ]
NOTIC: [8] Undefined variable: datatype D:\myenv\apache\htdocs\pgyidc\Application\Admin\Controller\OfficwebController.class.php 第 196 行.
INFO: [ view_parse ] --START--
INFO: [ template_filter ] --START--
INFO: Run Behavior\ContentReplaceBehavior [ RunTime:0.000151s ]
INFO: [ template_filter ] --END-- [ RunTime:0.000239s ]
NOTIC: [8] Undefined index: quotid D:\myenv\apache\htdocs\pgyidc\Application\Runtime\Cache\Admin\d835a3852ff4fa9b0924afb033133a4c.php 第 312 行.
NOTIC: [8] Undefined index: quotid D:\myenv\apache\htdocs\pgyidc\Application\Runtime\Cache\Admin\d835a3852ff4fa9b0924afb033133a4c.php 第 312 行.
INFO: Run Behavior\ParseTemplateBehavior [ RunTime:0.018706s ]
INFO: [ view_parse ] --END-- [ RunTime:0.018784s ]
INFO: [ view_filter ] --START--
INFO: Run Behavior\WriteHtmlCacheBehavior [ RunTime:0.000741s ]
INFO: [ view_filter ] --END-- [ RunTime:0.000817s ]
INFO: [ app_end ] --START--
INFO: Run Behavior\ShowPageTraceBehavior [ RunTime:0.001260s ]
INFO: [ app_end ] --END-- [ RunTime:0.001350s ]

[ 2018-03-28T09:12:26+08:00 ] 127.0.0.1 /Admin/Officweb/cloudlist/fid/img/leftimg.png
INFO: [ app_init ] --START--
INFO: Run Behavior\BuildLiteBehavior [ RunTime:0.000013s ]
INFO: [ app_init ] --END-- [ RunTime:0.000542s ]

[ 2018-03-28T09:12:28+08:00 ] 127.0.0.1 /Admin/Officweb/cloudinfo/cid/1/fid/0.html
INFO: [ app_init ] --START--
INFO: Run Behavior\BuildLiteBehavior [ RunTime:0.000015s ]
INFO: [ app_init ] --END-- [ RunTime:0.000466s ]
INFO: [ app_begin ] --START--
INFO: Run Behavior\ReadHtmlCacheBehavior [ RunTime:0.000551s ]
INFO: [ app_begin ] --END-- [ RunTime:0.000596s ]
SQL: SHOW COLUMNS FROM `configinfo` [ RunTime:0.0265s ]
SQL: SELECT * FROM `configinfo` WHERE ( CID =1 ) LIMIT 1   [ RunTime:0.0065s ]
INFO: [ view_parse ] --START--
INFO: [ template_filter ] --START--
INFO: Run Behavior\ContentReplaceBehavior [ RunTime:0.000290s ]
INFO: [ template_filter ] --END-- [ RunTime:0.000417s ]
NOTIC: [8] Undefined variable: datatype D:\myenv\apache\htdocs\pgyidc\Application\Runtime\Cache\Admin\4aab5680290bcdbbf84e009b97c33b21.php 第 570 行.
INFO: Run Behavior\ParseTemplateBehavior [ RunTime:0.032228s ]
INFO: [ view_parse ] --END-- [ RunTime:0.032380s ]
INFO: [ view_filter ] --START--
INFO: Run Behavior\WriteHtmlCacheBehavior [ RunTime:0.001079s ]
INFO: [ view_filter ] --END-- [ RunTime:0.001186s ]
INFO: [ app_end ] --START--
INFO: Run Behavior\ShowPageTraceBehavior [ RunTime:0.001906s ]
INFO: [ app_end ] --END-- [ RunTime:0.002050s ]

[ 2018-03-28T09:12:28+08:00 ] 127.0.0.1 /Admin/Officweb/cloudinfo/cid/1/fid/img/leftimg.png
INFO: [ app_init ] --START--
INFO: Run Behavior\BuildLiteBehavior [ RunTime:0.000011s ]
INFO: [ app_init ] --END-- [ RunTime:0.000615s ]

[ 2018-03-28T09:21:38+08:00 ] 127.0.0.1 /Admin/Officweb/cloudinfo/cid/1/fid/0.html
INFO: [ app_init ] --START--
INFO: Run Behavior\BuildLiteBehavior [ RunTime:0.000012s ]
INFO: [ app_init ] --END-- [ RunTime:0.000482s ]
INFO: [ app_begin ] --START--
INFO: Run Behavior\ReadHtmlCacheBehavior [ RunTime:0.000707s ]
INFO: [ app_begin ] --END-- [ RunTime:0.000751s ]
SQL: SHOW COLUMNS FROM `configinfo` [ RunTime:0.0275s ]
SQL: SELECT * FROM `configinfo` WHERE ( CID =1 ) LIMIT 1   [ RunTime:0.0053s ]

[ 2018-03-28T09:21:59+08:00 ] 127.0.0.1 /Admin/Officweb/cloudinfo/cid/1/fid/0.html
INFO: [ app_init ] --START--
INFO: Run Behavior\BuildLiteBehavior [ RunTime:0.000012s ]
INFO: [ app_init ] --END-- [ RunTime:0.000444s ]
INFO: [ app_begin ] --START--
INFO: Run Behavior\ReadHtmlCacheBehavior [ RunTime:0.000565s ]
INFO: [ app_begin ] --END-- [ RunTime:0.000609s ]
SQL: SHOW COLUMNS FROM `configinfo` [ RunTime:0.0250s ]
SQL: SELECT `Title` FROM `configinfo` WHERE ( CID =1 ) LIMIT 1   [ RunTime:0.0045s ]

[ 2018-03-28T09:23:03+08:00 ] 127.0.0.1 /Admin/Officweb/cloudinfo/cid/1/fid/0.html
INFO: [ app_init ] --START--
INFO: Run Behavior\BuildLiteBehavior [ RunTime:0.000011s ]
INFO: [ app_init ] --END-- [ RunTime:0.000431s ]
INFO: [ app_begin ] --START--
INFO: Run Behavior\ReadHtmlCacheBehavior [ RunTime:0.000575s ]
INFO: [ app_begin ] --END-- [ RunTime:0.000618s ]
SQL: SHOW COLUMNS FROM `configinfo` [ RunTime:0.0259s ]
SQL: SELECT `Title` FROM `configinfo` WHERE ( CID =1 ) LIMIT 1   [ RunTime:0.0032s ]
SQL: SELECT `Title` FROM `configinfo` WHERE ( FatherID =1 ) LIMIT 1   [ RunTime:0.0013s ]

[ 2018-03-28T09:23:12+08:00 ] 127.0.0.1 /Admin/Officweb/cloudinfo/cid/1/fid/0.html
INFO: [ app_init ] --START--
INFO: Run Behavior\BuildLiteBehavior [ RunTime:0.000038s ]
INFO: [ app_init ] --END-- [ RunTime:0.000481s ]
INFO: [ app_begin ] --START--
INFO: Run Behavior\ReadHtmlCacheBehavior [ RunTime:0.000524s ]
INFO: [ app_begin ] --END-- [ RunTime:0.000563s ]
SQL: SHOW COLUMNS FROM `configinfo` [ RunTime:0.0128s ]
SQL: SELECT `Title` FROM `configinfo` WHERE ( CID =1 ) LIMIT 1   [ RunTime:0.0028s ]
SQL: SELECT `Title` FROM `configinfo` WHERE ( FatherID =1 )  [ RunTime:0.0014s ]

[ 2018-03-28T09:26:47+08:00 ] 127.0.0.1 /Admin/Officweb/cloudinfo/cid/1/fid/0.html
INFO: [ app_init ] --START--
INFO: Run Behavior\BuildLiteBehavior [ RunTime:0.000013s ]
INFO: [ app_init ] --END-- [ RunTime:0.000507s ]
INFO: [ app_begin ] --START--
INFO: Run Behavior\ReadHtmlCacheBehavior [ RunTime:0.000712s ]
INFO: [ app_begin ] --END-- [ RunTime:0.000758s ]
SQL: SHOW COLUMNS FROM `configinfo` [ RunTime:0.0257s ]
SQL: SELECT `Title` FROM `configinfo` WHERE ( CID =1 ) LIMIT 1   [ RunTime:0.0039s ]
SQL: SELECT `Title`,`DataName` FROM `configinfo` WHERE ( FatherID =1 )  [ RunTime:0.0025s ]

[ 2018-03-28T09:27:08+08:00 ] 127.0.0.1 /Admin/Officweb/cloudinfo/cid/1/fid/0.html
INFO: [ app_init ] --START--
INFO: Run Behavior\BuildLiteBehavior [ RunTime:0.000010s ]
INFO: [ app_init ] --END-- [ RunTime:0.000467s ]
INFO: [ app_begin ] --START--
INFO: Run Behavior\ReadHtmlCacheBehavior [ RunTime:0.000567s ]
INFO: [ app_begin ] --END-- [ RunTime:0.000611s ]
SQL: SHOW COLUMNS FROM `configinfo` [ RunTime:0.0080s ]
SQL: SELECT `Title` FROM `configinfo` WHERE ( CID =1 ) LIMIT 1   [ RunTime:0.0016s ]
SQL: SELECT `DataName`,`Title` FROM `configinfo` WHERE ( FatherID =1 )  [ RunTime:0.0006s ]

[ 2018-03-28T09:28:26+08:00 ] 127.0.0.1 /Admin/Officweb/cloudinfo/cid/1/fid/0.html
INFO: [ app_init ] --START--
INFO: Run Behavior\BuildLiteBehavior [ RunTime:0.000012s ]
INFO: [ app_init ] --END-- [ RunTime:0.000496s ]
INFO: [ app_begin ] --START--
INFO: Run Behavior\ReadHtmlCacheBehavior [ RunTime:0.000537s ]
INFO: [ app_begin ] --END-- [ RunTime:0.000582s ]
SQL: SHOW COLUMNS FROM `configinfo` [ RunTime:0.0074s ]
SQL: SELECT `Title` FROM `configinfo` WHERE ( CID =1 ) LIMIT 1   [ RunTime:0.0007s ]
SQL: SELECT `DataName`,`Title` FROM `configinfo` WHERE ( FatherID =1 )  [ RunTime:0.0006s ]

[ 2018-03-28T09:31:47+08:00 ] 127.0.0.1 /Admin/Officweb/cloudinfo/cid/1/fid/0.html
INFO: [ app_init ] --START--
INFO: Run Behavior\BuildLiteBehavior [ RunTime:0.000010s ]
INFO: [ app_init ] --END-- [ RunTime:0.000421s ]
INFO: [ app_begin ] --START--
INFO: Run Behavior\ReadHtmlCacheBehavior [ RunTime:0.000682s ]
INFO: [ app_begin ] --END-- [ RunTime:0.000725s ]
SQL: SHOW COLUMNS FROM `configinfo` [ RunTime:0.0251s ]
SQL: SELECT `Title` FROM `configinfo` WHERE ( CID =1 ) LIMIT 1   [ RunTime:0.0030s ]
SQL: SELECT `DataName`,`Title` FROM `configinfo` WHERE ( FatherID =1 )  [ RunTime:0.0011s ]

[ 2018-03-28T09:32:10+08:00 ] 127.0.0.1 /Admin/Officweb/cloudinfo/cid/1/fid/0.html
INFO: [ app_init ] --START--
INFO: Run Behavior\BuildLiteBehavior [ RunTime:0.000011s ]
INFO: [ app_init ] --END-- [ RunTime:0.000437s ]
INFO: [ app_begin ] --START--
INFO: Run Behavior\ReadHtmlCacheBehavior [ RunTime:0.000531s ]
INFO: [ app_begin ] --END-- [ RunTime:0.000574s ]
SQL: SHOW COLUMNS FROM `configinfo` [ RunTime:0.0069s ]
SQL: SELECT `Title` FROM `configinfo` WHERE ( CID =1 ) LIMIT 1   [ RunTime:0.0012s ]
SQL: SELECT `DataName`,`Title` FROM `configinfo` WHERE ( FatherID =1 )  [ RunTime:0.0007s ]

[ 2018-03-28T09:32:28+08:00 ] 127.0.0.1 /Admin/Officweb/cloudinfo/cid/1/fid/0.html
INFO: [ app_init ] --START--
INFO: Run Behavior\BuildLiteBehavior [ RunTime:0.000011s ]
INFO: [ app_init ] --END-- [ RunTime:0.000425s ]
INFO: [ app_begin ] --START--
INFO: Run Behavior\ReadHtmlCacheBehavior [ RunTime:0.000593s ]
INFO: [ app_begin ] --END-- [ RunTime:0.000637s ]
SQL: SHOW COLUMNS FROM `configinfo` [ RunTime:0.0248s ]
SQL: SELECT `Title` FROM `configinfo` WHERE ( CID =1 ) LIMIT 1   [ RunTime:0.0028s ]
SQL: SELECT `DataName`,`Title` FROM `configinfo` WHERE ( FatherID =1 )  [ RunTime:0.0009s ]

[ 2018-03-28T09:34:09+08:00 ] 127.0.0.1 /Admin/Officweb/cloudinfo/cid/1/fid/0.html
INFO: [ app_init ] --START--
INFO: Run Behavior\BuildLiteBehavior [ RunTime:0.000012s ]
INFO: [ app_init ] --END-- [ RunTime:0.000479s ]
INFO: [ app_begin ] --START--
INFO: Run Behavior\ReadHtmlCacheBehavior [ RunTime:0.000706s ]
INFO: [ app_begin ] --END-- [ RunTime:0.000749s ]
SQL: SHOW COLUMNS FROM `configinfo` [ RunTime:0.0247s ]
SQL: SELECT `Title` FROM `configinfo` WHERE ( CID =1 ) LIMIT 1   [ RunTime:0.0047s ]
SQL: SELECT `DataName`,`Title` FROM `configinfo` WHERE ( FatherID =1 )  [ RunTime:0.0016s ]

[ 2018-03-28T09:34:30+08:00 ] 127.0.0.1 /Admin/Officweb/cloudinfo/cid/1/fid/0.html
INFO: [ app_init ] --START--
INFO: Run Behavior\BuildLiteBehavior [ RunTime:0.000012s ]
INFO: [ app_init ] --END-- [ RunTime:0.000493s ]
INFO: [ app_begin ] --START--
INFO: Run Behavior\ReadHtmlCacheBehavior [ RunTime:0.000670s ]
INFO: [ app_begin ] --END-- [ RunTime:0.000712s ]
SQL: SHOW COLUMNS FROM `configinfo` [ RunTime:0.0098s ]
SQL: SELECT `Title` FROM `configinfo` WHERE ( CID =1 ) LIMIT 1   [ RunTime:0.0018s ]
SQL: SELECT `DataName`,`Title` FROM `configinfo` WHERE ( FatherID =1 )  [ RunTime:0.0013s ]

[ 2018-03-28T09:39:16+08:00 ] 127.0.0.1 /Admin/Officweb/cloudinfo/cid/1/fid/0.html
INFO: [ app_init ] --START--
INFO: Run Behavior\BuildLiteBehavior [ RunTime:0.000011s ]
INFO: [ app_init ] --END-- [ RunTime:0.000481s ]
INFO: [ app_begin ] --START--
INFO: Run Behavior\ReadHtmlCacheBehavior [ RunTime:0.000718s ]
INFO: [ app_begin ] --END-- [ RunTime:0.000762s ]
SQL: SHOW COLUMNS FROM `configinfo` [ RunTime:0.0251s ]
SQL: SELECT `Title` FROM `configinfo` WHERE ( CID =1 ) LIMIT 1   [ RunTime:0.0068s ]
SQL: SELECT `DataName`,`Title` FROM `configinfo` WHERE ( FatherID =1 )  [ RunTime:0.0030s ]
NOTIC: [8] Undefined index: title D:\myenv\apache\htdocs\pgyidc\Application\Admin\Controller\OfficwebController.class.php 第 222 行.
NOTIC: [8] Undefined index: title D:\myenv\apache\htdocs\pgyidc\Application\Admin\Controller\OfficwebController.class.php 第 223 行.
NOTIC: [8] Undefined index: title D:\myenv\apache\htdocs\pgyidc\Application\Admin\Controller\OfficwebController.class.php 第 227 行.
NOTIC: [8] Undefined index: title D:\myenv\apache\htdocs\pgyidc\Application\Admin\Controller\OfficwebController.class.php 第 228 行.

[ 2018-03-28T09:39:43+08:00 ] 127.0.0.1 /Admin/Officweb/cloudinfo/cid/1/fid/0.html
INFO: [ app_init ] --START--
INFO: Run Behavior\BuildLiteBehavior [ RunTime:0.000011s ]
INFO: [ app_init ] --END-- [ RunTime:0.000617s ]
INFO: [ app_begin ] --START--
INFO: Run Behavior\ReadHtmlCacheBehavior [ RunTime:0.000874s ]
INFO: [ app_begin ] --END-- [ RunTime:0.000942s ]
SQL: SHOW COLUMNS FROM `configinfo` [ RunTime:0.0073s ]
SQL: SELECT `Title` FROM `configinfo` WHERE ( CID =1 ) LIMIT 1   [ RunTime:0.0012s ]
SQL: SELECT `DataName`,`Title` FROM `configinfo` WHERE ( FatherID =1 )  [ RunTime:0.0004s ]

[ 2018-03-28T09:40:05+08:00 ] 127.0.0.1 /Admin/Officweb/cloudinfo/cid/1/fid/0.html
INFO: [ app_init ] --START--
INFO: Run Behavior\BuildLiteBehavior [ RunTime:0.000011s ]
INFO: [ app_init ] --END-- [ RunTime:0.000474s ]
INFO: [ app_begin ] --START--
INFO: Run Behavior\ReadHtmlCacheBehavior [ RunTime:0.000714s ]
INFO: [ app_begin ] --END-- [ RunTime:0.000758s ]
SQL: SHOW COLUMNS FROM `configinfo` [ RunTime:0.0253s ]
SQL: SELECT `Title` FROM `configinfo` WHERE ( CID =1 ) LIMIT 1   [ RunTime:0.0048s ]
SQL: SELECT `DataName`,`Title` FROM `configinfo` WHERE ( FatherID =1 )  [ RunTime:0.0022s ]

[ 2018-03-28T09:52:38+08:00 ] 127.0.0.1 /Admin/Officweb/cloudinfo/cid/1/fid/0.html
INFO: [ app_init ] --START--
INFO: Run Behavior\BuildLiteBehavior [ RunTime:0.000011s ]
INFO: [ app_init ] --END-- [ RunTime:0.000501s ]
INFO: [ app_begin ] --START--
INFO: Run Behavior\ReadHtmlCacheBehavior [ RunTime:0.000656s ]
INFO: [ app_begin ] --END-- [ RunTime:0.000700s ]
SQL: SHOW COLUMNS FROM `configinfo` [ RunTime:0.0257s ]
SQL: SELECT `Title` FROM `configinfo` WHERE ( CID =1 ) LIMIT 1   [ RunTime:0.0042s ]
SQL: SELECT `DataName`,`Title` FROM `configinfo` WHERE ( FatherID =1 )  [ RunTime:0.0017s ]

[ 2018-03-28T10:19:10+08:00 ] 127.0.0.1 /Admin/Officweb/cloudinfo/cid/1/fid/0.html
INFO: [ app_init ] --START--
INFO: Run Behavior\BuildLiteBehavior [ RunTime:0.000011s ]
INFO: [ app_init ] --END-- [ RunTime:0.000472s ]
INFO: [ app_begin ] --START--
INFO: Run Behavior\ReadHtmlCacheBehavior [ RunTime:0.000718s ]
INFO: [ app_begin ] --END-- [ RunTime:0.000767s ]
SQL: SHOW COLUMNS FROM `configinfo` [ RunTime:0.0273s ]
SQL: SELECT `Title` FROM `configinfo` WHERE ( CID =1 ) LIMIT 1   [ RunTime:0.0031s ]
SQL: SELECT `DataName`,`Title` FROM `configinfo` WHERE ( FatherID =1 )  [ RunTime:0.0013s ]
SQL: SHOW COLUMNS FROM `price` [ RunTime:0.0113s ]
SQL: SELECT `DataName`,`Prix` FROM `price` WHERE ( CID =1 )  [ RunTime:0.0030s ]

[ 2018-03-28T10:25:49+08:00 ] 127.0.0.1 /Admin/Officweb/cloudinfo/cid/1/fid/0.html
INFO: [ app_init ] --START--
INFO: Run Behavior\BuildLiteBehavior [ RunTime:0.000011s ]
INFO: [ app_init ] --END-- [ RunTime:0.000456s ]
INFO: [ app_begin ] --START--
INFO: Run Behavior\ReadHtmlCacheBehavior [ RunTime:0.000772s ]
INFO: [ app_begin ] --END-- [ RunTime:0.000822s ]
SQL: SHOW COLUMNS FROM `configinfo` [ RunTime:0.0261s ]
SQL: SELECT `Title` FROM `configinfo` WHERE ( CID =1 ) LIMIT 1   [ RunTime:0.0054s ]
SQL: SELECT `DataName`,`Title` FROM `configinfo` WHERE ( FatherID =1 )  [ RunTime:0.0019s ]
SQL: SHOW COLUMNS FROM `coreprice` [ RunTime:0.0159s ]
SQL: SELECT * FROM `coreprice` WHERE ( CID =1 )  [ RunTime:0.0040s ]
SQL: SHOW COLUMNS FROM `price` [ RunTime:0.0103s ]
SQL: SELECT `DataName`,`Prix` FROM `price` WHERE ( CID =1 )  [ RunTime:0.0025s ]

[ 2018-03-28T10:25:51+08:00 ] 127.0.0.1 /Admin/Officweb/cloudinfo/cid/1/fid/0.html
INFO: [ app_init ] --START--
INFO: Run Behavior\BuildLiteBehavior [ RunTime:0.000011s ]
INFO: [ app_init ] --END-- [ RunTime:0.000468s ]
INFO: [ app_begin ] --START--
INFO: Run Behavior\ReadHtmlCacheBehavior [ RunTime:0.000723s ]
INFO: [ app_begin ] --END-- [ RunTime:0.000771s ]
SQL: SHOW COLUMNS FROM `configinfo` [ RunTime:0.0245s ]
SQL: SELECT `Title` FROM `configinfo` WHERE ( CID =1 ) LIMIT 1   [ RunTime:0.0049s ]
SQL: SELECT `DataName`,`Title` FROM `configinfo` WHERE ( FatherID =1 )  [ RunTime:0.0023s ]
SQL: SHOW COLUMNS FROM `coreprice` [ RunTime:0.0236s ]
SQL: SELECT * FROM `coreprice` WHERE ( CID =1 )  [ RunTime:0.0031s ]
SQL: SHOW COLUMNS FROM `price` [ RunTime:0.0132s ]
SQL: SELECT `DataName`,`Prix` FROM `price` WHERE ( CID =1 )  [ RunTime:0.0029s ]

[ 2018-03-28T10:26:24+08:00 ] 127.0.0.1 /Admin/Officweb/cloudinfo/cid/1/fid/0.html
INFO: [ app_init ] --START--
INFO: Run Behavior\BuildLiteBehavior [ RunTime:0.000010s ]
INFO: [ app_init ] --END-- [ RunTime:0.000486s ]
INFO: [ app_begin ] --START--
INFO: Run Behavior\ReadHtmlCacheBehavior [ RunTime:0.000708s ]
INFO: [ app_begin ] --END-- [ RunTime:0.000752s ]
SQL: SHOW COLUMNS FROM `configinfo` [ RunTime:0.0243s ]
SQL: SELECT `Title` FROM `configinfo` WHERE ( CID =1 ) LIMIT 1   [ RunTime:0.0043s ]
SQL: SELECT `DataName`,`Title` FROM `configinfo` WHERE ( FatherID =1 )  [ RunTime:0.0013s ]
SQL: SHOW COLUMNS FROM `coreprice` [ RunTime:0.0144s ]
SQL: SELECT * FROM `coreprice` WHERE ( CID =1 )  [ RunTime:0.0019s ]
SQL: SHOW COLUMNS FROM `price` [ RunTime:0.0097s ]
SQL: SELECT `DataName`,`Prix` FROM `price` WHERE ( CID =1 )  [ RunTime:0.0020s ]

[ 2018-03-28T10:30:09+08:00 ] 127.0.0.1 /Admin/Officweb/cloudinfo/cid/1/fid/0.html
INFO: [ app_init ] --START--
INFO: Run Behavior\BuildLiteBehavior [ RunTime:0.000011s ]
INFO: [ app_init ] --END-- [ RunTime:0.000480s ]
INFO: [ app_begin ] --START--
INFO: Run Behavior\ReadHtmlCacheBehavior [ RunTime:0.000828s ]
INFO: [ app_begin ] --END-- [ RunTime:0.000911s ]
SQL: SHOW COLUMNS FROM `configinfo` [ RunTime:0.0098s ]
SQL: SELECT `Title` FROM `configinfo` WHERE ( CID =1 ) LIMIT 1   [ RunTime:0.0014s ]
SQL: SELECT `DataName`,`Title` FROM `configinfo` WHERE ( FatherID =1 )  [ RunTime:0.0008s ]
SQL: SHOW COLUMNS FROM `coreprice` [ RunTime:0.0086s ]
SQL: SELECT * FROM `coreprice` WHERE ( CID =1 )  [ RunTime:0.0016s ]
SQL: SHOW COLUMNS FROM `price` [ RunTime:0.0089s ]
SQL: SELECT `DataName`,`Prix` FROM `price` WHERE ( CID =1 )  [ RunTime:0.0015s ]

[ 2018-03-28T11:26:13+08:00 ] 127.0.0.1 /Admin/Officweb/cloudinfo/cid/1/fid/0.html
INFO: [ app_init ] --START--
INFO: Run Behavior\BuildLiteBehavior [ RunTime:0.000025s ]
INFO: [ app_init ] --END-- [ RunTime:0.000577s ]
INFO: [ app_begin ] --START--
INFO: Run Behavior\ReadHtmlCacheBehavior [ RunTime:0.000703s ]
INFO: [ app_begin ] --END-- [ RunTime:0.000744s ]
SQL: SHOW COLUMNS FROM `configinfo` [ RunTime:0.0244s ]
SQL: SELECT `Title` FROM `configinfo` WHERE ( CID =1 ) LIMIT 1   [ RunTime:0.0029s ]
SQL: SELECT `DataName`,`Title` FROM `configinfo` WHERE ( FatherID =1 )  [ RunTime:0.0013s ]
SQL: SHOW COLUMNS FROM `coreprice` [ RunTime:0.0134s ]
SQL: SELECT * FROM `coreprice` WHERE ( CID =1 )  [ RunTime:0.0029s ]
SQL: SHOW COLUMNS FROM `price` [ RunTime:0.0101s ]
SQL: SELECT `DataName`,`Prix` FROM `price` WHERE ( CID =1 )  [ RunTime:0.0021s ]
INFO: [ view_parse ] --START--
INFO: [ template_filter ] --START--
INFO: Run Behavior\ContentReplaceBehavior [ RunTime:0.000191s ]
INFO: [ template_filter ] --END-- [ RunTime:0.000261s ]
NOTIC: [8] Undefined index: core24 D:\myenv\apache\htdocs\pgyidc\Application\Runtime\Cache\Admin\4aab5680290bcdbbf84e009b97c33b21.php 第 401 行.
NOTIC: [8] Undefined index: core28 D:\myenv\apache\htdocs\pgyidc\Application\Runtime\Cache\Admin\4aab5680290bcdbbf84e009b97c33b21.php 第 403 行.
NOTIC: [8] Undefined index: line D:\myenv\apache\htdocs\pgyidc\Application\Runtime\Cache\Admin\4aab5680290bcdbbf84e009b97c33b21.php 第 437 行.
NOTIC: [8] Undefined variable: datatype D:\myenv\apache\htdocs\pgyidc\Application\Runtime\Cache\Admin\4aab5680290bcdbbf84e009b97c33b21.php 第 582 行.
INFO: Run Behavior\ParseTemplateBehavior [ RunTime:0.018471s ]
INFO: [ view_parse ] --END-- [ RunTime:0.018535s ]
INFO: [ view_filter ] --START--
INFO: Run Behavior\WriteHtmlCacheBehavior [ RunTime:0.000484s ]
INFO: [ view_filter ] --END-- [ RunTime:0.000516s ]
INFO: [ app_end ] --START--
INFO: Run Behavior\ShowPageTraceBehavior [ RunTime:0.000811s ]
INFO: [ app_end ] --END-- [ RunTime:0.000850s ]

[ 2018-03-28T11:26:13+08:00 ] 127.0.0.1 /Admin/Officweb/cloudinfo/cid/1/fid/img/leftimg.png
INFO: [ app_init ] --START--
INFO: Run Behavior\BuildLiteBehavior [ RunTime:0.000010s ]
INFO: [ app_init ] --END-- [ RunTime:0.000455s ]

[ 2018-03-28T11:26:17+08:00 ] 127.0.0.1 /Admin/Officweb/cloudinfo/cid/1/fid/0.html
INFO: [ app_init ] --START--
INFO: Run Behavior\BuildLiteBehavior [ RunTime:0.000012s ]
INFO: [ app_init ] --END-- [ RunTime:0.000451s ]
INFO: [ app_begin ] --START--
INFO: Run Behavior\ReadHtmlCacheBehavior [ RunTime:0.000588s ]
INFO: [ app_begin ] --END-- [ RunTime:0.000633s ]
SQL: SHOW COLUMNS FROM `configinfo` [ RunTime:0.0257s ]
SQL: SELECT `Title` FROM `configinfo` WHERE ( CID =1 ) LIMIT 1   [ RunTime:0.0058s ]
SQL: SELECT `DataName`,`Title` FROM `configinfo` WHERE ( FatherID =1 )  [ RunTime:0.0019s ]
SQL: SHOW COLUMNS FROM `coreprice` [ RunTime:0.0106s ]
SQL: SELECT * FROM `coreprice` WHERE ( CID =1 )  [ RunTime:0.0023s ]
SQL: SHOW COLUMNS FROM `price` [ RunTime:0.0099s ]
SQL: SELECT `DataName`,`Prix` FROM `price` WHERE ( CID =1 )  [ RunTime:0.0024s ]
INFO: [ view_parse ] --START--
INFO: [ template_filter ] --START--
INFO: Run Behavior\ContentReplaceBehavior [ RunTime:0.000201s ]
INFO: [ template_filter ] --END-- [ RunTime:0.000282s ]
NOTIC: [8] Undefined index: core24 D:\myenv\apache\htdocs\pgyidc\Application\Runtime\Cache\Admin\4aab5680290bcdbbf84e009b97c33b21.php 第 401 行.
NOTIC: [8] Undefined index: core28 D:\myenv\apache\htdocs\pgyidc\Application\Runtime\Cache\Admin\4aab5680290bcdbbf84e009b97c33b21.php 第 403 行.
NOTIC: [8] Undefined index: line D:\myenv\apache\htdocs\pgyidc\Application\Runtime\Cache\Admin\4aab5680290bcdbbf84e009b97c33b21.php 第 437 行.
NOTIC: [8] Undefined variable: datatype D:\myenv\apache\htdocs\pgyidc\Application\Runtime\Cache\Admin\4aab5680290bcdbbf84e009b97c33b21.php 第 582 行.
INFO: Run Behavior\ParseTemplateBehavior [ RunTime:0.019794s ]
INFO: [ view_parse ] --END-- [ RunTime:0.019869s ]
INFO: [ view_filter ] --START--
INFO: Run Behavior\WriteHtmlCacheBehavior [ RunTime:0.000714s ]
INFO: [ view_filter ] --END-- [ RunTime:0.000785s ]
INFO: [ app_end ] --START--
INFO: Run Behavior\ShowPageTraceBehavior [ RunTime:0.001143s ]
INFO: [ app_end ] --END-- [ RunTime:0.001233s ]

[ 2018-03-28T11:26:17+08:00 ] 127.0.0.1 /Admin/Officweb/cloudinfo/cid/1/fid/img/leftimg.png
INFO: [ app_init ] --START--
INFO: Run Behavior\BuildLiteBehavior [ RunTime:0.000026s ]
INFO: [ app_init ] --END-- [ RunTime:0.000473s ]

[ 2018-03-28T11:26:29+08:00 ] 127.0.0.1 /Admin/officweb/cloudlist.html
INFO: [ app_init ] --START--
INFO: Run Behavior\BuildLiteBehavior [ RunTime:0.000010s ]
INFO: [ app_init ] --END-- [ RunTime:0.000417s ]
INFO: [ app_begin ] --START--
INFO: Run Behavior\ReadHtmlCacheBehavior [ RunTime:0.000644s ]
INFO: [ app_begin ] --END-- [ RunTime:0.000702s ]
SQL: SHOW COLUMNS FROM `configinfo` [ RunTime:0.0281s ]
SQL: SELECT `CID`,`Title` FROM `configinfo` WHERE `DataType` = 0 AND `NavData` = 0 AND `DataName` = 0 ORDER BY CID ASC  [ RunTime:0.0022s ]
NOTIC: [8] Undefined variable: datatype D:\myenv\apache\htdocs\pgyidc\Application\Admin\Controller\OfficwebController.class.php 第 196 行.
INFO: [ view_parse ] --START--
INFO: [ template_filter ] --START--
INFO: Run Behavior\ContentReplaceBehavior [ RunTime:0.000117s ]
INFO: [ template_filter ] --END-- [ RunTime:0.000180s ]
NOTIC: [8] Undefined index: quotid D:\myenv\apache\htdocs\pgyidc\Application\Runtime\Cache\Admin\d835a3852ff4fa9b0924afb033133a4c.php 第 312 行.
NOTIC: [8] Undefined index: quotid D:\myenv\apache\htdocs\pgyidc\Application\Runtime\Cache\Admin\d835a3852ff4fa9b0924afb033133a4c.php 第 312 行.
INFO: Run Behavior\ParseTemplateBehavior [ RunTime:0.026413s ]
INFO: [ view_parse ] --END-- [ RunTime:0.026489s ]
INFO: [ view_filter ] --START--
INFO: Run Behavior\WriteHtmlCacheBehavior [ RunTime:0.000656s ]
INFO: [ view_filter ] --END-- [ RunTime:0.000705s ]
INFO: [ app_end ] --START--
INFO: Run Behavior\ShowPageTraceBehavior [ RunTime:0.001044s ]
INFO: [ app_end ] --END-- [ RunTime:0.001110s ]

[ 2018-03-28T11:26:29+08:00 ] 127.0.0.1 /Admin/officweb/img/leftimg.png
INFO: [ app_init ] --START--
INFO: Run Behavior\BuildLiteBehavior [ RunTime:0.000011s ]
INFO: [ app_init ] --END-- [ RunTime:0.000428s ]

[ 2018-03-28T11:26:32+08:00 ] 127.0.0.1 /Admin/Officweb/cloudinfo/cid/1/fid/0.html
INFO: [ app_init ] --START--
INFO: Run Behavior\BuildLiteBehavior [ RunTime:0.000011s ]
INFO: [ app_init ] --END-- [ RunTime:0.000401s ]
INFO: [ app_begin ] --START--
INFO: Run Behavior\ReadHtmlCacheBehavior [ RunTime:0.000565s ]
INFO: [ app_begin ] --END-- [ RunTime:0.000609s ]
SQL: SHOW COLUMNS FROM `configinfo` [ RunTime:0.0276s ]
SQL: SELECT `Title` FROM `configinfo` WHERE ( CID =1 ) LIMIT 1   [ RunTime:0.0062s ]
SQL: SELECT `DataName`,`Title` FROM `configinfo` WHERE ( FatherID =1 )  [ RunTime:0.0039s ]
SQL: SHOW COLUMNS FROM `coreprice` [ RunTime:0.0284s ]
SQL: SELECT * FROM `coreprice` WHERE ( CID =1 )  [ RunTime:0.0064s ]
SQL: SHOW COLUMNS FROM `price` [ RunTime:0.0252s ]
SQL: SELECT `DataName`,`Prix` FROM `price` WHERE ( CID =1 )  [ RunTime:0.0065s ]
INFO: [ view_parse ] --START--
INFO: [ template_filter ] --START--
INFO: Run Behavior\ContentReplaceBehavior [ RunTime:0.000269s ]
INFO: [ template_filter ] --END-- [ RunTime:0.000367s ]
NOTIC: [8] Undefined index: core24 D:\myenv\apache\htdocs\pgyidc\Application\Runtime\Cache\Admin\4aab5680290bcdbbf84e009b97c33b21.php 第 401 行.
NOTIC: [8] Undefined index: core28 D:\myenv\apache\htdocs\pgyidc\Application\Runtime\Cache\Admin\4aab5680290bcdbbf84e009b97c33b21.php 第 403 行.
NOTIC: [8] Undefined index: line D:\myenv\apache\htdocs\pgyidc\Application\Runtime\Cache\Admin\4aab5680290bcdbbf84e009b97c33b21.php 第 437 行.
NOTIC: [8] Undefined variable: datatype D:\myenv\apache\htdocs\pgyidc\Application\Runtime\Cache\Admin\4aab5680290bcdbbf84e009b97c33b21.php 第 582 行.
INFO: Run Behavior\ParseTemplateBehavior [ RunTime:0.026107s ]
INFO: [ view_parse ] --END-- [ RunTime:0.026261s ]
INFO: [ view_filter ] --START--
INFO: Run Behavior\WriteHtmlCacheBehavior [ RunTime:0.000865s ]
INFO: [ view_filter ] --END-- [ RunTime:0.000963s ]
INFO: [ app_end ] --START--
INFO: Run Behavior\ShowPageTraceBehavior [ RunTime:0.001420s ]
INFO: [ app_end ] --END-- [ RunTime:0.001550s ]

[ 2018-03-28T11:26:32+08:00 ] 127.0.0.1 /Admin/Officweb/cloudinfo/cid/1/fid/img/leftimg.png
INFO: [ app_init ] --START--
INFO: Run Behavior\BuildLiteBehavior [ RunTime:0.000024s ]
INFO: [ app_init ] --END-- [ RunTime:0.000628s ]

[ 2018-03-28T11:28:21+08:00 ] 127.0.0.1 /Admin/Officweb/cloudinfo/cid/1/fid/0.html
INFO: [ app_init ] --START--
INFO: Run Behavior\BuildLiteBehavior [ RunTime:0.000009s ]
INFO: [ app_init ] --END-- [ RunTime:0.000410s ]
INFO: [ app_begin ] --START--
INFO: Run Behavior\ReadHtmlCacheBehavior [ RunTime:0.000507s ]
INFO: [ app_begin ] --END-- [ RunTime:0.000549s ]
SQL: SHOW COLUMNS FROM `configinfo` [ RunTime:0.0164s ]
SQL: SELECT `Title` FROM `configinfo` WHERE ( CID =1 ) LIMIT 1   [ RunTime:0.0042s ]
SQL: SELECT `DataName`,`Title` FROM `configinfo` WHERE ( FatherID =1 )  [ RunTime:0.0025s ]
SQL: SHOW COLUMNS FROM `coreprice` [ RunTime:0.0212s ]
SQL: SELECT * FROM `coreprice` WHERE ( CID =1 )  [ RunTime:0.0030s ]
SQL: SHOW COLUMNS FROM `price` [ RunTime:0.0148s ]
SQL: SELECT `DataName`,`Prix` FROM `price` WHERE ( CID =1 )  [ RunTime:0.0026s ]
INFO: [ view_parse ] --START--
INFO: [ template_filter ] --START--
INFO: Run Behavior\ContentReplaceBehavior [ RunTime:0.000313s ]
INFO: [ template_filter ] --END-- [ RunTime:0.000434s ]
NOTIC: [8] Undefined index: loginuser D:\myenv\apache\htdocs\pgyidc\Application\Runtime\Cache\Admin\4aab5680290bcdbbf84e009b97c33b21.php 第 195 行.
NOTIC: [8] Undefined index: core24 D:\myenv\apache\htdocs\pgyidc\Application\Runtime\Cache\Admin\4aab5680290bcdbbf84e009b97c33b21.php 第 401 行.
NOTIC: [8] Undefined index: core28 D:\myenv\apache\htdocs\pgyidc\Application\Runtime\Cache\Admin\4aab5680290bcdbbf84e009b97c33b21.php 第 403 行.
NOTIC: [8] Undefined index: line D:\myenv\apache\htdocs\pgyidc\Application\Runtime\Cache\Admin\4aab5680290bcdbbf84e009b97c33b21.php 第 437 行.
NOTIC: [8] Undefined variable: datatype D:\myenv\apache\htdocs\pgyidc\Application\Runtime\Cache\Admin\4aab5680290bcdbbf84e009b97c33b21.php 第 582 行.
INFO: Run Behavior\ParseTemplateBehavior [ RunTime:0.029190s ]
INFO: [ view_parse ] --END-- [ RunTime:0.029301s ]
INFO: [ view_filter ] --START--
INFO: Run Behavior\WriteHtmlCacheBehavior [ RunTime:0.001077s ]
INFO: [ view_filter ] --END-- [ RunTime:0.001181s ]
INFO: [ app_end ] --START--
INFO: Run Behavior\ShowPageTraceBehavior [ RunTime:0.000820s ]
INFO: [ app_end ] --END-- [ RunTime:0.000892s ]

[ 2018-03-28T11:28:21+08:00 ] 127.0.0.1 /Admin/Officweb/cloudinfo/cid/1/fid/img/leftimg.png
INFO: [ app_init ] --START--
INFO: Run Behavior\BuildLiteBehavior [ RunTime:0.000025s ]
INFO: [ app_init ] --END-- [ RunTime:0.000460s ]

[ 2018-03-28T14:16:29+08:00 ] 127.0.0.1 /Admin/officweb/cloudlist.html
INFO: [ app_init ] --START--
INFO: Run Behavior\BuildLiteBehavior [ RunTime:0.000010s ]
INFO: [ app_init ] --END-- [ RunTime:0.000572s ]
INFO: [ app_begin ] --START--
INFO: Run Behavior\ReadHtmlCacheBehavior [ RunTime:0.000800s ]
INFO: [ app_begin ] --END-- [ RunTime:0.000845s ]
SQL: SHOW COLUMNS FROM `configinfo` [ RunTime:0.0095s ]
SQL: SELECT `CID`,`Title` FROM `configinfo` WHERE `DataType` = 0 AND `NavData` = 0 AND `DataName` = 0 ORDER BY CID ASC  [ RunTime:0.0014s ]
NOTIC: [8] Undefined variable: datatype D:\myenv\apache\htdocs\pgyidc\Application\Admin\Controller\OfficwebController.class.php 第 196 行.
INFO: [ view_parse ] --START--
INFO: [ template_filter ] --START--
INFO: Run Behavior\ContentReplaceBehavior [ RunTime:0.000126s ]
INFO: [ template_filter ] --END-- [ RunTime:0.000178s ]
NOTIC: [8] Undefined index: loginuser D:\myenv\apache\htdocs\pgyidc\Application\Runtime\Cache\Admin\d835a3852ff4fa9b0924afb033133a4c.php 第 195 行.
NOTIC: [8] Undefined index: quotid D:\myenv\apache\htdocs\pgyidc\Application\Runtime\Cache\Admin\d835a3852ff4fa9b0924afb033133a4c.php 第 312 行.
NOTIC: [8] Undefined index: quotid D:\myenv\apache\htdocs\pgyidc\Application\Runtime\Cache\Admin\d835a3852ff4fa9b0924afb033133a4c.php 第 312 行.
INFO: Run Behavior\ParseTemplateBehavior [ RunTime:0.012741s ]
INFO: [ view_parse ] --END-- [ RunTime:0.012789s ]
INFO: [ view_filter ] --START--
INFO: Run Behavior\WriteHtmlCacheBehavior [ RunTime:0.000634s ]
INFO: [ view_filter ] --END-- [ RunTime:0.000675s ]
INFO: [ app_end ] --START--
INFO: Run Behavior\ShowPageTraceBehavior [ RunTime:0.000925s ]
INFO: [ app_end ] --END-- [ RunTime:0.000987s ]

[ 2018-03-28T14:16:29+08:00 ] 127.0.0.1 /Admin/officweb/img/leftimg.png
INFO: [ app_init ] --START--
INFO: Run Behavior\BuildLiteBehavior [ RunTime:0.000010s ]
INFO: [ app_init ] --END-- [ RunTime:0.000433s ]

[ 2018-03-28T14:16:33+08:00 ] 127.0.0.1 /Admin/Officweb/cloudinfo/cid/2/fid/0.html
INFO: [ app_init ] --START--
INFO: Run Behavior\BuildLiteBehavior [ RunTime:0.000011s ]
INFO: [ app_init ] --END-- [ RunTime:0.000446s ]
INFO: [ app_begin ] --START--
INFO: Run Behavior\ReadHtmlCacheBehavior [ RunTime:0.000586s ]
INFO: [ app_begin ] --END-- [ RunTime:0.000632s ]
SQL: SHOW COLUMNS FROM `configinfo` [ RunTime:0.0075s ]
SQL: SELECT `Title` FROM `configinfo` WHERE ( CID =2 ) LIMIT 1   [ RunTime:0.0019s ]
SQL: SELECT `DataName`,`Title` FROM `configinfo` WHERE ( FatherID =2 )  [ RunTime:0.0007s ]
SQL: SHOW COLUMNS FROM `coreprice` [ RunTime:0.0058s ]
SQL: SELECT * FROM `coreprice` WHERE ( CID =2 )  [ RunTime:0.0014s ]
SQL: SHOW COLUMNS FROM `price` [ RunTime:0.0050s ]
SQL: SELECT `DataName`,`Prix` FROM `price` WHERE ( CID =2 )  [ RunTime:0.0021s ]
INFO: [ view_parse ] --START--
INFO: [ template_filter ] --START--
INFO: Run Behavior\ContentReplaceBehavior [ RunTime:0.000099s ]
INFO: [ template_filter ] --END-- [ RunTime:0.000135s ]
NOTIC: [8] Undefined index: loginuser D:\myenv\apache\htdocs\pgyidc\Application\Runtime\Cache\Admin\4aab5680290bcdbbf84e009b97c33b21.php 第 195 行.
NOTIC: [8] Undefined index: bwmin D:\myenv\apache\htdocs\pgyidc\Application\Runtime\Cache\Admin\4aab5680290bcdbbf84e009b97c33b21.php 第 321 行.
NOTIC: [8] Undefined index: bwmax D:\myenv\apache\htdocs\pgyidc\Application\Runtime\Cache\Admin\4aab5680290bcdbbf84e009b97c33b21.php 第 327 行.
NOTIC: [8] Undefined index: core21 D:\myenv\apache\htdocs\pgyidc\Application\Runtime\Cache\Admin\4aab5680290bcdbbf84e009b97c33b21.php 第 397 行.
NOTIC: [8] Undefined index: core22 D:\myenv\apache\htdocs\pgyidc\Application\Runtime\Cache\Admin\4aab5680290bcdbbf84e009b97c33b21.php 第 399 行.
NOTIC: [8] Undefined index: core24 D:\myenv\apache\htdocs\pgyidc\Application\Runtime\Cache\Admin\4aab5680290bcdbbf84e009b97c33b21.php 第 401 行.
NOTIC: [8] Undefined index: core28 D:\myenv\apache\htdocs\pgyidc\Application\Runtime\Cache\Admin\4aab5680290bcdbbf84e009b97c33b21.php 第 403 行.
NOTIC: [8] Undefined index: core41 D:\myenv\apache\htdocs\pgyidc\Application\Runtime\Cache\Admin\4aab5680290bcdbbf84e009b97c33b21.php 第 408 行.
NOTIC: [8] Undefined index: core42 D:\myenv\apache\htdocs\pgyidc\Application\Runtime\Cache\Admin\4aab5680290bcdbbf84e009b97c33b21.php 第 410 行.
NOTIC: [8] Undefined index: core44 D:\myenv\apache\htdocs\pgyidc\Application\Runtime\Cache\Admin\4aab5680290bcdbbf84e009b97c33b21.php 第 412 行.
NOTIC: [8] Undefined index: core48 D:\myenv\apache\htdocs\pgyidc\Application\Runtime\Cache\Admin\4aab5680290bcdbbf84e009b97c33b21.php 第 414 行.
NOTIC: [8] Undefined index: core81 D:\myenv\apache\htdocs\pgyidc\Application\Runtime\Cache\Admin\4aab5680290bcdbbf84e009b97c33b21.php 第 419 行.
NOTIC: [8] Undefined index: core82 D:\myenv\apache\htdocs\pgyidc\Application\Runtime\Cache\Admin\4aab5680290bcdbbf84e009b97c33b21.php 第 421 行.
NOTIC: [8] Undefined index: core84 D:\myenv\apache\htdocs\pgyidc\Application\Runtime\Cache\Admin\4aab5680290bcdbbf84e009b97c33b21.php 第 423 行.
NOTIC: [8] Undefined index: core88 D:\myenv\apache\htdocs\pgyidc\Application\Runtime\Cache\Admin\4aab5680290bcdbbf84e009b97c33b21.php 第 425 行.
NOTIC: [8] Undefined index: line D:\myenv\apache\htdocs\pgyidc\Application\Runtime\Cache\Admin\4aab5680290bcdbbf84e009b97c33b21.php 第 437 行.
NOTIC: [8] Undefined index: port D:\myenv\apache\htdocs\pgyidc\Application\Runtime\Cache\Admin\4aab5680290bcdbbf84e009b97c33b21.php 第 449 行.
NOTIC: [8] Undefined index: snapshot D:\myenv\apache\htdocs\pgyidc\Application\Runtime\Cache\Admin\4aab5680290bcdbbf84e009b97c33b21.php 第 463 行.
NOTIC: [8] Undefined index: discount D:\myenv\apache\htdocs\pgyidc\Application\Runtime\Cache\Admin\4aab5680290bcdbbf84e009b97c33b21.php 第 479 行.
NOTIC: [8] Undefined variable: datatype D:\myenv\apache\htdocs\pgyidc\Application\Runtime\Cache\Admin\4aab5680290bcdbbf84e009b97c33b21.php 第 582 行.
INFO: Run Behavior\ParseTemplateBehavior [ RunTime:0.010203s ]
INFO: [ view_parse ] --END-- [ RunTime:0.010239s ]
INFO: [ view_filter ] --START--
INFO: Run Behavior\WriteHtmlCacheBehavior [ RunTime:0.000373s ]
INFO: [ view_filter ] --END-- [ RunTime:0.000406s ]
INFO: [ app_end ] --START--
INFO: Run Behavior\ShowPageTraceBehavior [ RunTime:0.001005s ]
INFO: [ app_end ] --END-- [ RunTime:0.001100s ]

[ 2018-03-28T14:16:33+08:00 ] 127.0.0.1 /Admin/Officweb/cloudinfo/cid/2/fid/img/leftimg.png
INFO: [ app_init ] --START--
INFO: Run Behavior\BuildLiteBehavior [ RunTime:0.000018s ]
INFO: [ app_init ] --END-- [ RunTime:0.000751s ]

[ 2018-03-28T14:19:36+08:00 ] 127.0.0.1 /Admin/Officweb/cloudinfo/cid/2/fid/0.html
INFO: [ app_init ] --START--
INFO: Run Behavior\BuildLiteBehavior [ RunTime:0.000010s ]
INFO: [ app_init ] --END-- [ RunTime:0.000670s ]
INFO: [ app_begin ] --START--
INFO: Run Behavior\ReadHtmlCacheBehavior [ RunTime:0.000711s ]
INFO: [ app_begin ] --END-- [ RunTime:0.000755s ]
SQL: SHOW COLUMNS FROM `configinfo` [ RunTime:0.0250s ]
SQL: SELECT `Title` FROM `configinfo` WHERE ( CID =2 ) LIMIT 1   [ RunTime:0.0024s ]
SQL: SELECT `DataName`,`Title` FROM `configinfo` WHERE ( FatherID =2 )  [ RunTime:0.0007s ]
SQL: SHOW COLUMNS FROM `coreprice` [ RunTime:0.0109s ]
SQL: SELECT * FROM `coreprice` WHERE ( CID =2 )  [ RunTime:0.0023s ]
SQL: SHOW COLUMNS FROM `price` [ RunTime:0.0107s ]
SQL: SELECT `DataName`,`Prix` FROM `price` WHERE ( CID =2 )  [ RunTime:0.0012s ]
INFO: [ view_parse ] --START--
INFO: [ template_filter ] --START--
INFO: Run Behavior\ContentReplaceBehavior [ RunTime:0.000096s ]
INFO: [ template_filter ] --END-- [ RunTime:0.000133s ]
NOTIC: [8] Undefined index: loginuser D:\myenv\apache\htdocs\pgyidc\Application\Runtime\Cache\Admin\4aab5680290bcdbbf84e009b97c33b21.php 第 195 行.
NOTIC: [8] Undefined index: bwmin D:\myenv\apache\htdocs\pgyidc\Application\Runtime\Cache\Admin\4aab5680290bcdbbf84e009b97c33b21.php 第 321 行.
NOTIC: [8] Undefined index: bwmax D:\myenv\apache\htdocs\pgyidc\Application\Runtime\Cache\Admin\4aab5680290bcdbbf84e009b97c33b21.php 第 327 行.
NOTIC: [8] Undefined index: core21 D:\myenv\apache\htdocs\pgyidc\Application\Runtime\Cache\Admin\4aab5680290bcdbbf84e009b97c33b21.php 第 397 行.
NOTIC: [8] Undefined index: core22 D:\myenv\apache\htdocs\pgyidc\Application\Runtime\Cache\Admin\4aab5680290bcdbbf84e009b97c33b21.php 第 399 行.
NOTIC: [8] Undefined index: core24 D:\myenv\apache\htdocs\pgyidc\Application\Runtime\Cache\Admin\4aab5680290bcdbbf84e009b97c33b21.php 第 401 行.
NOTIC: [8] Undefined index: core28 D:\myenv\apache\htdocs\pgyidc\Application\Runtime\Cache\Admin\4aab5680290bcdbbf84e009b97c33b21.php 第 403 行.
NOTIC: [8] Undefined index: core41 D:\myenv\apache\htdocs\pgyidc\Application\Runtime\Cache\Admin\4aab5680290bcdbbf84e009b97c33b21.php 第 408 行.
NOTIC: [8] Undefined index: core42 D:\myenv\apache\htdocs\pgyidc\Application\Runtime\Cache\Admin\4aab5680290bcdbbf84e009b97c33b21.php 第 410 行.
NOTIC: [8] Undefined index: core44 D:\myenv\apache\htdocs\pgyidc\Application\Runtime\Cache\Admin\4aab5680290bcdbbf84e009b97c33b21.php 第 412 行.
NOTIC: [8] Undefined index: core48 D:\myenv\apache\htdocs\pgyidc\Application\Runtime\Cache\Admin\4aab5680290bcdbbf84e009b97c33b21.php 第 414 行.
NOTIC: [8] Undefined index: core81 D:\myenv\apache\htdocs\pgyidc\Application\Runtime\Cache\Admin\4aab5680290bcdbbf84e009b97c33b21.php 第 419 行.
NOTIC: [8] Undefined index: core82 D:\myenv\apache\htdocs\pgyidc\Application\Runtime\Cache\Admin\4aab5680290bcdbbf84e009b97c33b21.php 第 421 行.
NOTIC: [8] Undefined index: core84 D:\myenv\apache\htdocs\pgyidc\Application\Runtime\Cache\Admin\4aab5680290bcdbbf84e009b97c33b21.php 第 423 行.
NOTIC: [8] Undefined index: core88 D:\myenv\apache\htdocs\pgyidc\Application\Runtime\Cache\Admin\4aab5680290bcdbbf84e009b97c33b21.php 第 425 行.
NOTIC: [8] Undefined index: line D:\myenv\apache\htdocs\pgyidc\Application\Runtime\Cache\Admin\4aab5680290bcdbbf84e009b97c33b21.php 第 437 行.
NOTIC: [8] Undefined index: port D:\myenv\apache\htdocs\pgyidc\Application\Runtime\Cache\Admin\4aab5680290bcdbbf84e009b97c33b21.php 第 449 行.
NOTIC: [8] Undefined index: snapshot D:\myenv\apache\htdocs\pgyidc\Application\Runtime\Cache\Admin\4aab5680290bcdbbf84e009b97c33b21.php 第 463 行.
NOTIC: [8] Undefined index: discount D:\myenv\apache\htdocs\pgyidc\Application\Runtime\Cache\Admin\4aab5680290bcdbbf84e009b97c33b21.php 第 479 行.
NOTIC: [8] Undefined variable: datatype D:\myenv\apache\htdocs\pgyidc\Application\Runtime\Cache\Admin\4aab5680290bcdbbf84e009b97c33b21.php 第 582 行.
INFO: Run Behavior\ParseTemplateBehavior [ RunTime:0.010478s ]
INFO: [ view_parse ] --END-- [ RunTime:0.010515s ]
INFO: [ view_filter ] --START--
INFO: Run Behavior\WriteHtmlCacheBehavior [ RunTime:0.000490s ]
INFO: [ view_filter ] --END-- [ RunTime:0.000528s ]
INFO: [ app_end ] --START--
INFO: Run Behavior\ShowPageTraceBehavior [ RunTime:0.001058s ]
INFO: [ app_end ] --END-- [ RunTime:0.001124s ]

[ 2018-03-28T14:19:36+08:00 ] 127.0.0.1 /Admin/Officweb/cloudinfo/cid/2/fid/img/leftimg.png
INFO: [ app_init ] --START--
INFO: Run Behavior\BuildLiteBehavior [ RunTime:0.000019s ]
INFO: [ app_init ] --END-- [ RunTime:0.000516s ]

[ 2018-03-28T14:19:45+08:00 ] 127.0.0.1 /Admin/Officweb/cloudinfo/cid/2/fid/0.html
INFO: [ app_init ] --START--
INFO: Run Behavior\BuildLiteBehavior [ RunTime:0.000010s ]
INFO: [ app_init ] --END-- [ RunTime:0.000422s ]
INFO: [ app_begin ] --START--
INFO: Run Behavior\ReadHtmlCacheBehavior [ RunTime:0.000688s ]
INFO: [ app_begin ] --END-- [ RunTime:0.000733s ]
SQL: SHOW COLUMNS FROM `configinfo` [ RunTime:0.0263s ]
SQL: SELECT `Title` FROM `configinfo` WHERE ( CID =2 ) LIMIT 1   [ RunTime:0.0052s ]
SQL: SELECT `DataName`,`Title` FROM `configinfo` WHERE ( FatherID =2 )  [ RunTime:0.0021s ]
SQL: SHOW COLUMNS FROM `coreprice` [ RunTime:0.0238s ]
SQL: SELECT * FROM `coreprice` WHERE ( CID =2 )  [ RunTime:0.0030s ]
SQL: SHOW COLUMNS FROM `price` [ RunTime:0.0126s ]
SQL: SELECT `DataName`,`Prix` FROM `price` WHERE ( CID =2 )  [ RunTime:0.0029s ]
INFO: [ view_parse ] --START--
INFO: [ template_filter ] --START--
INFO: Run Behavior\ContentReplaceBehavior [ RunTime:0.000256s ]
INFO: [ template_filter ] --END-- [ RunTime:0.000371s ]
NOTIC: [8] Undefined index: loginuser D:\myenv\apache\htdocs\pgyidc\Application\Runtime\Cache\Admin\4aab5680290bcdbbf84e009b97c33b21.php 第 195 行.
NOTIC: [8] Undefined index: bwmin D:\myenv\apache\htdocs\pgyidc\Application\Runtime\Cache\Admin\4aab5680290bcdbbf84e009b97c33b21.php 第 321 行.
NOTIC: [8] Undefined index: bwmax D:\myenv\apache\htdocs\pgyidc\Application\Runtime\Cache\Admin\4aab5680290bcdbbf84e009b97c33b21.php 第 327 行.
NOTIC: [8] Undefined index: core21 D:\myenv\apache\htdocs\pgyidc\Application\Runtime\Cache\Admin\4aab5680290bcdbbf84e009b97c33b21.php 第 397 行.
NOTIC: [8] Undefined index: core22 D:\myenv\apache\htdocs\pgyidc\Application\Runtime\Cache\Admin\4aab5680290bcdbbf84e009b97c33b21.php 第 399 行.
NOTIC: [8] Undefined index: core24 D:\myenv\apache\htdocs\pgyidc\Application\Runtime\Cache\Admin\4aab5680290bcdbbf84e009b97c33b21.php 第 401 行.
NOTIC: [8] Undefined index: core28 D:\myenv\apache\htdocs\pgyidc\Application\Runtime\Cache\Admin\4aab5680290bcdbbf84e009b97c33b21.php 第 403 行.
NOTIC: [8] Undefined index: core41 D:\myenv\apache\htdocs\pgyidc\Application\Runtime\Cache\Admin\4aab5680290bcdbbf84e009b97c33b21.php 第 408 行.
NOTIC: [8] Undefined index: core42 D:\myenv\apache\htdocs\pgyidc\Application\Runtime\Cache\Admin\4aab5680290bcdbbf84e009b97c33b21.php 第 410 行.
NOTIC: [8] Undefined index: core44 D:\myenv\apache\htdocs\pgyidc\Application\Runtime\Cache\Admin\4aab5680290bcdbbf84e009b97c33b21.php 第 412 行.
NOTIC: [8] Undefined index: core48 D:\myenv\apache\htdocs\pgyidc\Application\Runtime\Cache\Admin\4aab5680290bcdbbf84e009b97c33b21.php 第 414 行.
NOTIC: [8] Undefined index: core81 D:\myenv\apache\htdocs\pgyidc\Application\Runtime\Cache\Admin\4aab5680290bcdbbf84e009b97c33b21.php 第 419 行.
NOTIC: [8] Undefined index: core82 D:\myenv\apache\htdocs\pgyidc\Application\Runtime\Cache\Admin\4aab5680290bcdbbf84e009b97c33b21.php 第 421 行.
NOTIC: [8] Undefined index: core84 D:\myenv\apache\htdocs\pgyidc\Application\Runtime\Cache\Admin\4aab5680290bcdbbf84e009b97c33b21.php 第 423 行.
NOTIC: [8] Undefined index: core88 D:\myenv\apache\htdocs\pgyidc\Application\Runtime\Cache\Admin\4aab5680290bcdbbf84e009b97c33b21.php 第 425 行.
NOTIC: [8] Undefined index: line D:\myenv\apache\htdocs\pgyidc\Application\Runtime\Cache\Admin\4aab5680290bcdbbf84e009b97c33b21.php 第 437 行.
NOTIC: [8] Undefined index: port D:\myenv\apache\htdocs\pgyidc\Application\Runtime\Cache\Admin\4aab5680290bcdbbf84e009b97c33b21.php 第 449 行.
NOTIC: [8] Undefined index: snapshot D:\myenv\apache\htdocs\pgyidc\Application\Runtime\Cache\Admin\4aab5680290bcdbbf84e009b97c33b21.php 第 463 行.
NOTIC: [8] Undefined index: discount D:\myenv\apache\htdocs\pgyidc\Application\Runtime\Cache\Admin\4aab5680290bcdbbf84e009b97c33b21.php 第 479 行.
NOTIC: [8] Undefined variable: datatype D:\myenv\apache\htdocs\pgyidc\Application\Runtime\Cache\Admin\4aab5680290bcdbbf84e009b97c33b21.php 第 582 行.
INFO: Run Behavior\ParseTemplateBehavior [ RunTime:0.026483s ]
INFO: [ view_parse ] --END-- [ RunTime:0.026579s ]
INFO: [ view_filter ] --START--
INFO: Run Behavior\WriteHtmlCacheBehavior [ RunTime:0.000891s ]
INFO: [ view_filter ] --END-- [ RunTime:0.000980s ]
INFO: [ app_end ] --START--
INFO: Run Behavior\ShowPageTraceBehavior [ RunTime:0.001514s ]
INFO: [ app_end ] --END-- [ RunTime:0.001643s ]

[ 2018-03-28T14:19:45+08:00 ] 127.0.0.1 /Admin/Officweb/cloudinfo/cid/2/fid/img/leftimg.png
INFO: [ app_init ] --START--
INFO: Run Behavior\BuildLiteBehavior [ RunTime:0.000015s ]
INFO: [ app_init ] --END-- [ RunTime:0.000475s ]

[ 2018-03-28T14:20:49+08:00 ] 127.0.0.1 /Admin/Officweb/cloudinfo/cid/2/fid/0.html
INFO: [ app_init ] --START--
INFO: Run Behavior\BuildLiteBehavior [ RunTime:0.000011s ]
INFO: [ app_init ] --END-- [ RunTime:0.000412s ]
INFO: [ app_begin ] --START--
INFO: Run Behavior\ReadHtmlCacheBehavior [ RunTime:0.000675s ]
INFO: [ app_begin ] --END-- [ RunTime:0.000720s ]
SQL: SHOW COLUMNS FROM `configinfo` [ RunTime:0.0186s ]
SQL: SELECT `Title` FROM `configinfo` WHERE ( CID =2 ) LIMIT 1   [ RunTime:0.0024s ]
SQL: SELECT `DataName`,`Title` FROM `configinfo` WHERE ( FatherID =2 )  [ RunTime:0.0021s ]
SQL: SHOW COLUMNS FROM `coreprice` [ RunTime:0.0149s ]
SQL: SELECT * FROM `coreprice` WHERE ( CID =2 )  [ RunTime:0.0031s ]
SQL: SHOW COLUMNS FROM `price` [ RunTime:0.0145s ]
SQL: SELECT `DataName`,`Prix` FROM `price` WHERE ( CID =2 )  [ RunTime:0.0014s ]
INFO: [ view_parse ] --START--
INFO: [ template_filter ] --START--
INFO: Run Behavior\ContentReplaceBehavior [ RunTime:0.000142s ]
INFO: [ template_filter ] --END-- [ RunTime:0.000210s ]
NOTIC: [8] Undefined index: loginuser D:\myenv\apache\htdocs\pgyidc\Application\Runtime\Cache\Admin\4aab5680290bcdbbf84e009b97c33b21.php 第 195 行.
NOTIC: [8] Undefined index: bwmin D:\myenv\apache\htdocs\pgyidc\Application\Runtime\Cache\Admin\4aab5680290bcdbbf84e009b97c33b21.php 第 321 行.
NOTIC: [8] Undefined index: bwmax D:\myenv\apache\htdocs\pgyidc\Application\Runtime\Cache\Admin\4aab5680290bcdbbf84e009b97c33b21.php 第 327 行.
NOTIC: [8] Undefined index: core21 D:\myenv\apache\htdocs\pgyidc\Application\Runtime\Cache\Admin\4aab5680290bcdbbf84e009b97c33b21.php 第 397 行.
NOTIC: [8] Undefined index: core22 D:\myenv\apache\htdocs\pgyidc\Application\Runtime\Cache\Admin\4aab5680290bcdbbf84e009b97c33b21.php 第 399 行.
NOTIC: [8] Undefined index: core24 D:\myenv\apache\htdocs\pgyidc\Application\Runtime\Cache\Admin\4aab5680290bcdbbf84e009b97c33b21.php 第 401 行.
NOTIC: [8] Undefined index: core28 D:\myenv\apache\htdocs\pgyidc\Application\Runtime\Cache\Admin\4aab5680290bcdbbf84e009b97c33b21.php 第 403 行.
NOTIC: [8] Undefined index: core41 D:\myenv\apache\htdocs\pgyidc\Application\Runtime\Cache\Admin\4aab5680290bcdbbf84e009b97c33b21.php 第 408 行.
NOTIC: [8] Undefined index: core42 D:\myenv\apache\htdocs\pgyidc\Application\Runtime\Cache\Admin\4aab5680290bcdbbf84e009b97c33b21.php 第 410 行.
NOTIC: [8] Undefined index: core44 D:\myenv\apache\htdocs\pgyidc\Application\Runtime\Cache\Admin\4aab5680290bcdbbf84e009b97c33b21.php 第 412 行.
NOTIC: [8] Undefined index: core48 D:\myenv\apache\htdocs\pgyidc\Application\Runtime\Cache\Admin\4aab5680290bcdbbf84e009b97c33b21.php 第 414 行.
NOTIC: [8] Undefined index: core81 D:\myenv\apache\htdocs\pgyidc\Application\Runtime\Cache\Admin\4aab5680290bcdbbf84e009b97c33b21.php 第 419 行.
NOTIC: [8] Undefined index: core82 D:\myenv\apache\htdocs\pgyidc\Application\Runtime\Cache\Admin\4aab5680290bcdbbf84e009b97c33b21.php 第 421 行.
NOTIC: [8] Undefined index: core84 D:\myenv\apache\htdocs\pgyidc\Application\Runtime\Cache\Admin\4aab5680290bcdbbf84e009b97c33b21.php 第 423 行.
NOTIC: [8] Undefined index: core88 D:\myenv\apache\htdocs\pgyidc\Application\Runtime\Cache\Admin\4aab5680290bcdbbf84e009b97c33b21.php 第 425 行.
NOTIC: [8] Undefined index: line D:\myenv\apache\htdocs\pgyidc\Application\Runtime\Cache\Admin\4aab5680290bcdbbf84e009b97c33b21.php 第 437 行.
NOTIC: [8] Undefined index: port D:\myenv\apache\htdocs\pgyidc\Application\Runtime\Cache\Admin\4aab5680290bcdbbf84e009b97c33b21.php 第 449 行.
NOTIC: [8] Undefined index: snapshot D:\myenv\apache\htdocs\pgyidc\Application\Runtime\Cache\Admin\4aab5680290bcdbbf84e009b97c33b21.php 第 463 行.
NOTIC: [8] Undefined index: discount D:\myenv\apache\htdocs\pgyidc\Application\Runtime\Cache\Admin\4aab5680290bcdbbf84e009b97c33b21.php 第 479 行.
NOTIC: [8] Undefined variable: datatype D:\myenv\apache\htdocs\pgyidc\Application\Runtime\Cache\Admin\4aab5680290bcdbbf84e009b97c33b21.php 第 582 行.
INFO: Run Behavior\ParseTemplateBehavior [ RunTime:0.014915s ]
INFO: [ view_parse ] --END-- [ RunTime:0.014975s ]
INFO: [ view_filter ] --START--
INFO: Run Behavior\WriteHtmlCacheBehavior [ RunTime:0.000642s ]
INFO: [ view_filter ] --END-- [ RunTime:0.000689s ]
INFO: [ app_end ] --START--
INFO: Run Behavior\ShowPageTraceBehavior [ RunTime:0.000877s ]
INFO: [ app_end ] --END-- [ RunTime:0.000937s ]

[ 2018-03-28T14:20:49+08:00 ] 127.0.0.1 /Admin/Officweb/cloudinfo/cid/2/fid/img/leftimg.png
INFO: [ app_init ] --START--
INFO: Run Behavior\BuildLiteBehavior [ RunTime:0.000015s ]
INFO: [ app_init ] --END-- [ RunTime:0.000526s ]

