[ 2018-09-11T09:28:59+08:00 ] 127.0.0.1 /Admin/Login/index.html
INFO: [ app_init ] --START--
INFO: Run Behavior\BuildLiteBehavior [ RunTime:0.000016s ]
INFO: [ app_init ] --END-- [ RunTime:0.000552s ]
INFO: [ app_begin ] --START--
INFO: Run Behavior\ReadHtmlCacheBehavior [ RunTime:0.000981s ]
INFO: [ app_begin ] --END-- [ RunTime:0.001047s ]
INFO: [ view_parse ] --START--
INFO: [ template_filter ] --START--
INFO: Run Behavior\ContentReplaceBehavior [ RunTime:0.000049s ]
INFO: [ template_filter ] --END-- [ RunTime:0.000114s ]
INFO: Run Behavior\ParseTemplateBehavior [ RunTime:0.018756s ]
INFO: [ view_parse ] --END-- [ RunTime:0.018819s ]
INFO: [ view_filter ] --START--
INFO: Run Behavior\WriteHtmlCacheBehavior [ RunTime:0.000498s ]
INFO: [ view_filter ] --END-- [ RunTime:0.000539s ]
INFO: [ app_end ] --START--
INFO: Run Behavior\ShowPageTraceBehavior [ RunTime:0.000737s ]
INFO: [ app_end ] --END-- [ RunTime:0.000783s ]

[ 2018-09-11T09:29:08+08:00 ] 127.0.0.1 /Admin/Login/login
INFO: [ app_init ] --START--
INFO: Run Behavior\BuildLiteBehavior [ RunTime:0.000025s ]
INFO: [ app_init ] --END-- [ RunTime:0.000942s ]
INFO: [ app_begin ] --START--
INFO: Run Behavior\ReadHtmlCacheBehavior [ RunTime:0.000642s ]
INFO: [ app_begin ] --END-- [ RunTime:0.000691s ]
SQL: SHOW COLUMNS FROM `admin_user` [ RunTime:0.0428s ]
SQL: SELECT * FROM `admin_user` WHERE `AdminName` = 'admin' AND `AdminPwd` = 'pgyidc2018'  [ RunTime:0.0027s ]
SQL: SELECT * FROM `admin_user` WHERE `AdminName` = 'admin' AND `AdminPwd` = 'pgyidc2018' LIMIT 1   [ RunTime:0.0020s ]

[ 2018-09-11T09:29:08+08:00 ] 127.0.0.1 /Admin/Index/index
INFO: [ app_init ] --START--
INFO: Run Behavior\BuildLiteBehavior [ RunTime:0.000014s ]
INFO: [ app_init ] --END-- [ RunTime:0.000553s ]
INFO: [ app_begin ] --START--
INFO: Run Behavior\ReadHtmlCacheBehavior [ RunTime:0.000900s ]
INFO: [ app_begin ] --END-- [ RunTime:0.000998s ]
INFO: [ view_parse ] --START--
INFO: [ template_filter ] --START--
INFO: Run Behavior\ContentReplaceBehavior [ RunTime:0.000079s ]
INFO: [ template_filter ] --END-- [ RunTime:0.000150s ]
INFO: Run Behavior\ParseTemplateBehavior [ RunTime:0.017859s ]
INFO: [ view_parse ] --END-- [ RunTime:0.017923s ]
INFO: [ view_filter ] --START--
INFO: Run Behavior\WriteHtmlCacheBehavior [ RunTime:0.000574s ]
INFO: [ view_filter ] --END-- [ RunTime:0.000628s ]
INFO: [ app_end ] --START--
INFO: Run Behavior\ShowPageTraceBehavior [ RunTime:0.000911s ]
INFO: [ app_end ] --END-- [ RunTime:0.000971s ]

[ 2018-09-11T09:29:09+08:00 ] 127.0.0.1 /Admin/Product/list.html
INFO: [ app_init ] --START--
INFO: Run Behavior\BuildLiteBehavior [ RunTime:0.000016s ]
INFO: [ app_init ] --END-- [ RunTime:0.000639s ]
INFO: [ app_begin ] --START--
INFO: Run Behavior\ReadHtmlCacheBehavior [ RunTime:0.000962s ]
INFO: [ app_begin ] --END-- [ RunTime:0.001032s ]
SQL: SHOW COLUMNS FROM `products` [ RunTime:0.0155s ]
SQL: SELECT COUNT(*) AS tp_count FROM `products` WHERE (  `type` LIKE '%%' OR `name` LIKE '%%' OR `tel` LIKE '%%' OR `vender` LIKE '%%' OR `time` LIKE '%%' OR `buyperson` LIKE '%%' OR `smell` LIKE '%%' OR `standard` LIKE '%%' OR `line` LIKE '%%' OR `degree` LIKE '%%' OR `status` LIKE '%%' ) AND `status` = '库存' AND `id` <> 0 LIMIT 1   [ RunTime:0.0023s ]
SQL: SELECT * FROM `products` WHERE (  `type` LIKE '%%' OR `name` LIKE '%%' OR `tel` LIKE '%%' OR `vender` LIKE '%%' OR `time` LIKE '%%' OR `buyperson` LIKE '%%' OR `smell` LIKE '%%' OR `standard` LIKE '%%' OR `line` LIKE '%%' OR `degree` LIKE '%%' OR `status` LIKE '%%' ) AND `status` = '库存' AND `id` <> 0 LIMIT 0,10   [ RunTime:0.0031s ]
SQL: SELECT `price`,`num` FROM `products` WHERE (  `type` LIKE '%%' OR `name` LIKE '%%' OR `tel` LIKE '%%' OR `vender` LIKE '%%' OR `time` LIKE '%%' OR `buyperson` LIKE '%%' OR `smell` LIKE '%%' OR `standard` LIKE '%%' OR `line` LIKE '%%' OR `degree` LIKE '%%' OR `status` LIKE '%%' ) AND `status` = '库存' AND `id` <> 0  [ RunTime:0.0019s ]
SQL: SELECT SUM(num) AS tp_sum FROM `products` WHERE (  `type` LIKE '%%' OR `name` LIKE '%%' OR `tel` LIKE '%%' OR `vender` LIKE '%%' OR `time` LIKE '%%' OR `buyperson` LIKE '%%' OR `smell` LIKE '%%' OR `standard` LIKE '%%' OR `line` LIKE '%%' OR `degree` LIKE '%%' OR `status` LIKE '%%' ) AND `status` = '库存' AND `id` <> 0 LIMIT 1   [ RunTime:0.0019s ]
SQL: SELECT SUM(num) AS tp_sum FROM `products` WHERE (  `type` LIKE '%%' OR `name` LIKE '%%' OR `tel` LIKE '%%' OR `vender` LIKE '%%' OR `time` LIKE '%%' OR `buyperson` LIKE '%%' OR `smell` LIKE '%%' OR `standard` LIKE '%%' OR `line` LIKE '%%' OR `degree` LIKE '%%' OR `status` LIKE '%%' ) AND `status` = '库存' AND `id` <> 0 AND `type` LIKE '%8大名酒%' LIMIT 1   [ RunTime:0.0019s ]
SQL: SELECT SUM(num) AS tp_sum FROM `products` WHERE (  `type` LIKE '%%' OR `name` LIKE '%%' OR `tel` LIKE '%%' OR `vender` LIKE '%%' OR `time` LIKE '%%' OR `buyperson` LIKE '%%' OR `smell` LIKE '%%' OR `standard` LIKE '%%' OR `line` LIKE '%%' OR `degree` LIKE '%%' OR `status` LIKE '%%' ) AND `status` = '库存' AND `id` <> 0 AND `type` LIKE '%17大名酒%' LIMIT 1   [ RunTime:0.0018s ]
SQL: SELECT SUM(num) AS tp_sum FROM `products` WHERE (  `type` LIKE '%%' OR `name` LIKE '%%' OR `tel` LIKE '%%' OR `vender` LIKE '%%' OR `time` LIKE '%%' OR `buyperson` LIKE '%%' OR `smell` LIKE '%%' OR `standard` LIKE '%%' OR `line` LIKE '%%' OR `degree` LIKE '%%' OR `status` LIKE '%%' ) AND `status` = '库存' AND `id` <> 0 AND `type` LIKE '%53优名酒%' LIMIT 1   [ RunTime:0.0016s ]
SQL: SELECT SUM(num) AS tp_sum FROM `products` WHERE (  `type` LIKE '%%' OR `name` LIKE '%%' OR `tel` LIKE '%%' OR `vender` LIKE '%%' OR `time` LIKE '%%' OR `buyperson` LIKE '%%' OR `smell` LIKE '%%' OR `standard` LIKE '%%' OR `line` LIKE '%%' OR `degree` LIKE '%%' OR `status` LIKE '%%' ) AND `status` = '库存' AND `id` <> 0 AND `type` LIKE '%其它%' LIMIT 1   [ RunTime:0.0017s ]
SQL: SHOW COLUMNS FROM `smell_stand` [ RunTime:0.0327s ]
SQL: SELECT `smell` FROM `smell_stand`  [ RunTime:0.0016s ]
INFO: [ view_parse ] --START--
INFO: [ template_filter ] --START--
INFO: Run Behavior\ContentReplaceBehavior [ RunTime:0.000227s ]
INFO: [ template_filter ] --END-- [ RunTime:0.000335s ]
INFO: Run Behavior\ParseTemplateBehavior [ RunTime:0.065941s ]
INFO: [ view_parse ] --END-- [ RunTime:0.066012s ]
INFO: [ view_filter ] --START--
INFO: Run Behavior\WriteHtmlCacheBehavior [ RunTime:0.000640s ]
INFO: [ view_filter ] --END-- [ RunTime:0.000689s ]
INFO: [ app_end ] --START--
INFO: Run Behavior\ShowPageTraceBehavior [ RunTime:0.001151s ]
INFO: [ app_end ] --END-- [ RunTime:0.001254s ]

[ 2018-09-11T09:29:16+08:00 ] 127.0.0.1 /Admin/Product/list.html?keyword=&type=&smell=&standard=&line=&status=%E5%8D%96%E6%8E%89&isnav=
INFO: [ app_init ] --START--
INFO: Run Behavior\BuildLiteBehavior [ RunTime:0.000013s ]
INFO: [ app_init ] --END-- [ RunTime:0.000469s ]
INFO: [ app_begin ] --START--
INFO: Run Behavior\ReadHtmlCacheBehavior [ RunTime:0.000677s ]
INFO: [ app_begin ] --END-- [ RunTime:0.000734s ]
SQL: SHOW COLUMNS FROM `products` [ RunTime:0.0137s ]
SQL: SELECT COUNT(*) AS tp_count FROM `products` WHERE (  `type` LIKE '%%' OR `name` LIKE '%%' OR `tel` LIKE '%%' OR `vender` LIKE '%%' OR `time` LIKE '%%' OR `buyperson` LIKE '%%' OR `smell` LIKE '%%' OR `standard` LIKE '%%' OR `line` LIKE '%%' OR `degree` LIKE '%%' OR `status` LIKE '%%' ) AND `status` LIKE '%卖掉%' AND `id` <> 0 LIMIT 1   [ RunTime:0.0017s ]
SQL: SELECT * FROM `products` WHERE (  `type` LIKE '%%' OR `name` LIKE '%%' OR `tel` LIKE '%%' OR `vender` LIKE '%%' OR `time` LIKE '%%' OR `buyperson` LIKE '%%' OR `smell` LIKE '%%' OR `standard` LIKE '%%' OR `line` LIKE '%%' OR `degree` LIKE '%%' OR `status` LIKE '%%' ) AND `status` LIKE '%卖掉%' AND `id` <> 0 LIMIT 0,10   [ RunTime:0.0020s ]
SQL: SELECT `price`,`num` FROM `products` WHERE (  `type` LIKE '%%' OR `name` LIKE '%%' OR `tel` LIKE '%%' OR `vender` LIKE '%%' OR `time` LIKE '%%' OR `buyperson` LIKE '%%' OR `smell` LIKE '%%' OR `standard` LIKE '%%' OR `line` LIKE '%%' OR `degree` LIKE '%%' OR `status` LIKE '%%' ) AND `status` LIKE '%卖掉%' AND `id` <> 0  [ RunTime:0.0014s ]
SQL: SELECT SUM(num) AS tp_sum FROM `products` WHERE (  `type` LIKE '%%' OR `name` LIKE '%%' OR `tel` LIKE '%%' OR `vender` LIKE '%%' OR `time` LIKE '%%' OR `buyperson` LIKE '%%' OR `smell` LIKE '%%' OR `standard` LIKE '%%' OR `line` LIKE '%%' OR `degree` LIKE '%%' OR `status` LIKE '%%' ) AND `status` LIKE '%卖掉%' AND `id` <> 0 LIMIT 1   [ RunTime:0.0015s ]
SQL: SELECT SUM(num) AS tp_sum FROM `products` WHERE (  `type` LIKE '%%' OR `name` LIKE '%%' OR `tel` LIKE '%%' OR `vender` LIKE '%%' OR `time` LIKE '%%' OR `buyperson` LIKE '%%' OR `smell` LIKE '%%' OR `standard` LIKE '%%' OR `line` LIKE '%%' OR `degree` LIKE '%%' OR `status` LIKE '%%' ) AND `status` LIKE '%卖掉%' AND `id` <> 0 AND `type` LIKE '%8大名酒%' LIMIT 1   [ RunTime:0.0015s ]
SQL: SELECT SUM(num) AS tp_sum FROM `products` WHERE (  `type` LIKE '%%' OR `name` LIKE '%%' OR `tel` LIKE '%%' OR `vender` LIKE '%%' OR `time` LIKE '%%' OR `buyperson` LIKE '%%' OR `smell` LIKE '%%' OR `standard` LIKE '%%' OR `line` LIKE '%%' OR `degree` LIKE '%%' OR `status` LIKE '%%' ) AND `status` LIKE '%卖掉%' AND `id` <> 0 AND `type` LIKE '%17大名酒%' LIMIT 1   [ RunTime:0.0015s ]
SQL: SELECT SUM(num) AS tp_sum FROM `products` WHERE (  `type` LIKE '%%' OR `name` LIKE '%%' OR `tel` LIKE '%%' OR `vender` LIKE '%%' OR `time` LIKE '%%' OR `buyperson` LIKE '%%' OR `smell` LIKE '%%' OR `standard` LIKE '%%' OR `line` LIKE '%%' OR `degree` LIKE '%%' OR `status` LIKE '%%' ) AND `status` LIKE '%卖掉%' AND `id` <> 0 AND `type` LIKE '%53优名酒%' LIMIT 1   [ RunTime:0.0015s ]
SQL: SELECT SUM(num) AS tp_sum FROM `products` WHERE (  `type` LIKE '%%' OR `name` LIKE '%%' OR `tel` LIKE '%%' OR `vender` LIKE '%%' OR `time` LIKE '%%' OR `buyperson` LIKE '%%' OR `smell` LIKE '%%' OR `standard` LIKE '%%' OR `line` LIKE '%%' OR `degree` LIKE '%%' OR `status` LIKE '%%' ) AND `status` LIKE '%卖掉%' AND `id` <> 0 AND `type` LIKE '%其它%' LIMIT 1   [ RunTime:0.0015s ]
SQL: SHOW COLUMNS FROM `smell_stand` [ RunTime:0.0125s ]
SQL: SELECT `smell` FROM `smell_stand`  [ RunTime:0.0024s ]
INFO: [ view_parse ] --START--
INFO: [ template_filter ] --START--
INFO: Run Behavior\ContentReplaceBehavior [ RunTime:0.000244s ]
INFO: [ template_filter ] --END-- [ RunTime:0.000343s ]
INFO: Run Behavior\ParseTemplateBehavior [ RunTime:0.030157s ]
INFO: [ view_parse ] --END-- [ RunTime:0.030287s ]
INFO: [ view_filter ] --START--
INFO: Run Behavior\WriteHtmlCacheBehavior [ RunTime:0.001021s ]
INFO: [ view_filter ] --END-- [ RunTime:0.001119s ]
INFO: [ app_end ] --START--
INFO: Run Behavior\ShowPageTraceBehavior [ RunTime:0.001234s ]
INFO: [ app_end ] --END-- [ RunTime:0.001314s ]

[ 2018-09-11T09:29:27+08:00 ] 127.0.0.1 /Admin/Product/view.html?name=dfsaf&id=15
INFO: [ app_init ] --START--
INFO: Run Behavior\BuildLiteBehavior [ RunTime:0.000017s ]
INFO: [ app_init ] --END-- [ RunTime:0.000626s ]
INFO: [ app_begin ] --START--
INFO: Run Behavior\ReadHtmlCacheBehavior [ RunTime:0.000844s ]
INFO: [ app_begin ] --END-- [ RunTime:0.000930s ]
SQL: SHOW COLUMNS FROM `products` [ RunTime:0.0141s ]
SQL: SELECT * FROM `products` WHERE ( id=15 ) LIMIT 1   [ RunTime:0.0025s ]
INFO: [ view_parse ] --START--
INFO: [ template_filter ] --START--
INFO: Run Behavior\ContentReplaceBehavior [ RunTime:0.000130s ]
INFO: [ template_filter ] --END-- [ RunTime:0.000244s ]
INFO: Run Behavior\ParseTemplateBehavior [ RunTime:0.021432s ]
INFO: [ view_parse ] --END-- [ RunTime:0.021602s ]
INFO: [ view_filter ] --START--
INFO: Run Behavior\WriteHtmlCacheBehavior [ RunTime:0.000884s ]
INFO: [ view_filter ] --END-- [ RunTime:0.000979s ]
INFO: [ app_end ] --START--
INFO: Run Behavior\ShowPageTraceBehavior [ RunTime:0.001431s ]
INFO: [ app_end ] --END-- [ RunTime:0.001524s ]

[ 2018-09-11T09:30:45+08:00 ] 127.0.0.1 /Admin/Product/list.html?keyword=&type=&smell=&standard=&line=&status=&isnav=
INFO: [ app_init ] --START--
INFO: Run Behavior\BuildLiteBehavior [ RunTime:0.000012s ]
INFO: [ app_init ] --END-- [ RunTime:0.000437s ]
INFO: [ app_begin ] --START--
INFO: Run Behavior\ReadHtmlCacheBehavior [ RunTime:0.000647s ]
INFO: [ app_begin ] --END-- [ RunTime:0.000704s ]
SQL: SHOW COLUMNS FROM `products` [ RunTime:0.0134s ]
SQL: SELECT COUNT(*) AS tp_count FROM `products` WHERE (  `type` LIKE '%%' OR `name` LIKE '%%' OR `tel` LIKE '%%' OR `vender` LIKE '%%' OR `time` LIKE '%%' OR `buyperson` LIKE '%%' OR `smell` LIKE '%%' OR `standard` LIKE '%%' OR `line` LIKE '%%' OR `degree` LIKE '%%' OR `status` LIKE '%%' ) AND `status` = '库存' AND `id` <> 0 LIMIT 1   [ RunTime:0.0017s ]
SQL: SELECT * FROM `products` WHERE (  `type` LIKE '%%' OR `name` LIKE '%%' OR `tel` LIKE '%%' OR `vender` LIKE '%%' OR `time` LIKE '%%' OR `buyperson` LIKE '%%' OR `smell` LIKE '%%' OR `standard` LIKE '%%' OR `line` LIKE '%%' OR `degree` LIKE '%%' OR `status` LIKE '%%' ) AND `status` = '库存' AND `id` <> 0 LIMIT 0,10   [ RunTime:0.0023s ]
SQL: SELECT `price`,`num` FROM `products` WHERE (  `type` LIKE '%%' OR `name` LIKE '%%' OR `tel` LIKE '%%' OR `vender` LIKE '%%' OR `time` LIKE '%%' OR `buyperson` LIKE '%%' OR `smell` LIKE '%%' OR `standard` LIKE '%%' OR `line` LIKE '%%' OR `degree` LIKE '%%' OR `status` LIKE '%%' ) AND `status` = '库存' AND `id` <> 0  [ RunTime:0.0015s ]
SQL: SELECT SUM(num) AS tp_sum FROM `products` WHERE (  `type` LIKE '%%' OR `name` LIKE '%%' OR `tel` LIKE '%%' OR `vender` LIKE '%%' OR `time` LIKE '%%' OR `buyperson` LIKE '%%' OR `smell` LIKE '%%' OR `standard` LIKE '%%' OR `line` LIKE '%%' OR `degree` LIKE '%%' OR `status` LIKE '%%' ) AND `status` = '库存' AND `id` <> 0 LIMIT 1   [ RunTime:0.0017s ]
SQL: SELECT SUM(num) AS tp_sum FROM `products` WHERE (  `type` LIKE '%%' OR `name` LIKE '%%' OR `tel` LIKE '%%' OR `vender` LIKE '%%' OR `time` LIKE '%%' OR `buyperson` LIKE '%%' OR `smell` LIKE '%%' OR `standard` LIKE '%%' OR `line` LIKE '%%' OR `degree` LIKE '%%' OR `status` LIKE '%%' ) AND `status` = '库存' AND `id` <> 0 AND `type` LIKE '%8大名酒%' LIMIT 1   [ RunTime:0.0015s ]
SQL: SELECT SUM(num) AS tp_sum FROM `products` WHERE (  `type` LIKE '%%' OR `name` LIKE '%%' OR `tel` LIKE '%%' OR `vender` LIKE '%%' OR `time` LIKE '%%' OR `buyperson` LIKE '%%' OR `smell` LIKE '%%' OR `standard` LIKE '%%' OR `line` LIKE '%%' OR `degree` LIKE '%%' OR `status` LIKE '%%' ) AND `status` = '库存' AND `id` <> 0 AND `type` LIKE '%17大名酒%' LIMIT 1   [ RunTime:0.0009s ]
SQL: SELECT SUM(num) AS tp_sum FROM `products` WHERE (  `type` LIKE '%%' OR `name` LIKE '%%' OR `tel` LIKE '%%' OR `vender` LIKE '%%' OR `time` LIKE '%%' OR `buyperson` LIKE '%%' OR `smell` LIKE '%%' OR `standard` LIKE '%%' OR `line` LIKE '%%' OR `degree` LIKE '%%' OR `status` LIKE '%%' ) AND `status` = '库存' AND `id` <> 0 AND `type` LIKE '%53优名酒%' LIMIT 1   [ RunTime:0.0010s ]
SQL: SELECT SUM(num) AS tp_sum FROM `products` WHERE (  `type` LIKE '%%' OR `name` LIKE '%%' OR `tel` LIKE '%%' OR `vender` LIKE '%%' OR `time` LIKE '%%' OR `buyperson` LIKE '%%' OR `smell` LIKE '%%' OR `standard` LIKE '%%' OR `line` LIKE '%%' OR `degree` LIKE '%%' OR `status` LIKE '%%' ) AND `status` = '库存' AND `id` <> 0 AND `type` LIKE '%其它%' LIMIT 1   [ RunTime:0.0009s ]
SQL: SHOW COLUMNS FROM `smell_stand` [ RunTime:0.0076s ]
SQL: SELECT `smell` FROM `smell_stand`  [ RunTime:0.0014s ]
INFO: [ view_parse ] --START--
INFO: [ template_filter ] --START--
INFO: Run Behavior\ContentReplaceBehavior [ RunTime:0.000140s ]
INFO: [ template_filter ] --END-- [ RunTime:0.000201s ]
INFO: Run Behavior\ParseTemplateBehavior [ RunTime:0.017015s ]
INFO: [ view_parse ] --END-- [ RunTime:0.017074s ]
INFO: [ view_filter ] --START--
INFO: Run Behavior\WriteHtmlCacheBehavior [ RunTime:0.000467s ]
INFO: [ view_filter ] --END-- [ RunTime:0.000509s ]
INFO: [ app_end ] --START--
INFO: Run Behavior\ShowPageTraceBehavior [ RunTime:0.000706s ]
INFO: [ app_end ] --END-- [ RunTime:0.000766s ]

[ 2018-09-11T09:31:46+08:00 ] 127.0.0.1 /Admin/Product/list.html?keyword=&type=&smell=&standard=&line=&status=%E5%96%9D%E6%8E%89&isnav=
INFO: [ app_init ] --START--
INFO: Run Behavior\BuildLiteBehavior [ RunTime:0.000013s ]
INFO: [ app_init ] --END-- [ RunTime:0.000486s ]
INFO: [ app_begin ] --START--
INFO: Run Behavior\ReadHtmlCacheBehavior [ RunTime:0.000734s ]
INFO: [ app_begin ] --END-- [ RunTime:0.000789s ]
SQL: SHOW COLUMNS FROM `products` [ RunTime:0.0138s ]
SQL: SELECT COUNT(*) AS tp_count FROM `products` WHERE (  `type` LIKE '%%' OR `name` LIKE '%%' OR `tel` LIKE '%%' OR `vender` LIKE '%%' OR `time` LIKE '%%' OR `buyperson` LIKE '%%' OR `smell` LIKE '%%' OR `standard` LIKE '%%' OR `line` LIKE '%%' OR `degree` LIKE '%%' OR `status` LIKE '%%' ) AND `status` LIKE '%喝掉%' AND `id` <> 0 LIMIT 1   [ RunTime:0.0018s ]
SQL: SELECT * FROM `products` WHERE (  `type` LIKE '%%' OR `name` LIKE '%%' OR `tel` LIKE '%%' OR `vender` LIKE '%%' OR `time` LIKE '%%' OR `buyperson` LIKE '%%' OR `smell` LIKE '%%' OR `standard` LIKE '%%' OR `line` LIKE '%%' OR `degree` LIKE '%%' OR `status` LIKE '%%' ) AND `status` LIKE '%喝掉%' AND `id` <> 0 LIMIT 0,10   [ RunTime:0.0022s ]
SQL: SELECT `price`,`num` FROM `products` WHERE (  `type` LIKE '%%' OR `name` LIKE '%%' OR `tel` LIKE '%%' OR `vender` LIKE '%%' OR `time` LIKE '%%' OR `buyperson` LIKE '%%' OR `smell` LIKE '%%' OR `standard` LIKE '%%' OR `line` LIKE '%%' OR `degree` LIKE '%%' OR `status` LIKE '%%' ) AND `status` LIKE '%喝掉%' AND `id` <> 0  [ RunTime:0.0017s ]
SQL: SELECT SUM(num) AS tp_sum FROM `products` WHERE (  `type` LIKE '%%' OR `name` LIKE '%%' OR `tel` LIKE '%%' OR `vender` LIKE '%%' OR `time` LIKE '%%' OR `buyperson` LIKE '%%' OR `smell` LIKE '%%' OR `standard` LIKE '%%' OR `line` LIKE '%%' OR `degree` LIKE '%%' OR `status` LIKE '%%' ) AND `status` LIKE '%喝掉%' AND `id` <> 0 LIMIT 1   [ RunTime:0.0015s ]
SQL: SELECT SUM(num) AS tp_sum FROM `products` WHERE (  `type` LIKE '%%' OR `name` LIKE '%%' OR `tel` LIKE '%%' OR `vender` LIKE '%%' OR `time` LIKE '%%' OR `buyperson` LIKE '%%' OR `smell` LIKE '%%' OR `standard` LIKE '%%' OR `line` LIKE '%%' OR `degree` LIKE '%%' OR `status` LIKE '%%' ) AND `status` LIKE '%喝掉%' AND `id` <> 0 AND `type` LIKE '%8大名酒%' LIMIT 1   [ RunTime:0.0014s ]
SQL: SELECT SUM(num) AS tp_sum FROM `products` WHERE (  `type` LIKE '%%' OR `name` LIKE '%%' OR `tel` LIKE '%%' OR `vender` LIKE '%%' OR `time` LIKE '%%' OR `buyperson` LIKE '%%' OR `smell` LIKE '%%' OR `standard` LIKE '%%' OR `line` LIKE '%%' OR `degree` LIKE '%%' OR `status` LIKE '%%' ) AND `status` LIKE '%喝掉%' AND `id` <> 0 AND `type` LIKE '%17大名酒%' LIMIT 1   [ RunTime:0.0015s ]
SQL: SELECT SUM(num) AS tp_sum FROM `products` WHERE (  `type` LIKE '%%' OR `name` LIKE '%%' OR `tel` LIKE '%%' OR `vender` LIKE '%%' OR `time` LIKE '%%' OR `buyperson` LIKE '%%' OR `smell` LIKE '%%' OR `standard` LIKE '%%' OR `line` LIKE '%%' OR `degree` LIKE '%%' OR `status` LIKE '%%' ) AND `status` LIKE '%喝掉%' AND `id` <> 0 AND `type` LIKE '%53优名酒%' LIMIT 1   [ RunTime:0.0013s ]
SQL: SELECT SUM(num) AS tp_sum FROM `products` WHERE (  `type` LIKE '%%' OR `name` LIKE '%%' OR `tel` LIKE '%%' OR `vender` LIKE '%%' OR `time` LIKE '%%' OR `buyperson` LIKE '%%' OR `smell` LIKE '%%' OR `standard` LIKE '%%' OR `line` LIKE '%%' OR `degree` LIKE '%%' OR `status` LIKE '%%' ) AND `status` LIKE '%喝掉%' AND `id` <> 0 AND `type` LIKE '%其它%' LIMIT 1   [ RunTime:0.0009s ]
SQL: SHOW COLUMNS FROM `smell_stand` [ RunTime:0.0080s ]
SQL: SELECT `smell` FROM `smell_stand`  [ RunTime:0.0015s ]
INFO: [ view_parse ] --START--
INFO: [ template_filter ] --START--
INFO: Run Behavior\ContentReplaceBehavior [ RunTime:0.000145s ]
INFO: [ template_filter ] --END-- [ RunTime:0.000207s ]
INFO: Run Behavior\ParseTemplateBehavior [ RunTime:0.018669s ]
INFO: [ view_parse ] --END-- [ RunTime:0.018729s ]
INFO: [ view_filter ] --START--
INFO: Run Behavior\WriteHtmlCacheBehavior [ RunTime:0.000519s ]
INFO: [ view_filter ] --END-- [ RunTime:0.000559s ]
INFO: [ app_end ] --START--
INFO: Run Behavior\ShowPageTraceBehavior [ RunTime:0.000869s ]
INFO: [ app_end ] --END-- [ RunTime:0.000934s ]

[ 2018-09-11T09:33:16+08:00 ] 127.0.0.1 /Admin/Product/new.html
INFO: [ app_init ] --START--
INFO: Run Behavior\BuildLiteBehavior [ RunTime:0.000014s ]
INFO: [ app_init ] --END-- [ RunTime:0.000465s ]
INFO: [ app_begin ] --START--
INFO: Run Behavior\ReadHtmlCacheBehavior [ RunTime:0.000674s ]
INFO: [ app_begin ] --END-- [ RunTime:0.000737s ]
SQL: SHOW COLUMNS FROM `smell_stand` [ RunTime:0.0130s ]
SQL: SELECT `smell` FROM `smell_stand`  [ RunTime:0.0025s ]
INFO: [ view_parse ] --START--
INFO: [ template_filter ] --START--
INFO: Run Behavior\ContentReplaceBehavior [ RunTime:0.000170s ]
INFO: [ template_filter ] --END-- [ RunTime:0.000280s ]
INFO: Run Behavior\ParseTemplateBehavior [ RunTime:0.028417s ]
INFO: [ view_parse ] --END-- [ RunTime:0.028535s ]
INFO: [ view_filter ] --START--
INFO: Run Behavior\WriteHtmlCacheBehavior [ RunTime:0.000963s ]
INFO: [ view_filter ] --END-- [ RunTime:0.001059s ]
INFO: [ app_end ] --START--
INFO: Run Behavior\ShowPageTraceBehavior [ RunTime:0.001517s ]
INFO: [ app_end ] --END-- [ RunTime:0.001629s ]

[ 2018-09-11T09:33:47+08:00 ] 127.0.0.1 /Admin/Product/uploadimg
INFO: [ app_init ] --START--
INFO: Run Behavior\BuildLiteBehavior [ RunTime:0.000013s ]
INFO: [ app_init ] --END-- [ RunTime:0.000489s ]
INFO: [ app_begin ] --START--
INFO: Run Behavior\ReadHtmlCacheBehavior [ RunTime:0.000740s ]
INFO: [ app_begin ] --END-- [ RunTime:0.000789s ]

