[ 2018-05-18T15:22:35+08:00 ] 127.0.0.1 /Admin/login.html
INFO: [ app_init ] --START--
INFO: Run Behavior\BuildLiteBehavior [ RunTime:0.000013s ]
INFO: [ app_init ] --END-- [ RunTime:0.000425s ]
INFO: [ app_begin ] --START--
INFO: Run Behavior\ReadHtmlCacheBehavior [ RunTime:0.000623s ]
INFO: [ app_begin ] --END-- [ RunTime:0.000678s ]
INFO: [ view_parse ] --START--
INFO: [ template_filter ] --START--
INFO: Run Behavior\ContentReplaceBehavior [ RunTime:0.000111s ]
INFO: [ template_filter ] --END-- [ RunTime:0.000231s ]
INFO: Run Behavior\ParseTemplateBehavior [ RunTime:0.025710s ]
INFO: [ view_parse ] --END-- [ RunTime:0.025833s ]
INFO: [ view_filter ] --START--
INFO: Run Behavior\WriteHtmlCacheBehavior [ RunTime:0.000952s ]
INFO: [ view_filter ] --END-- [ RunTime:0.001053s ]
INFO: [ app_end ] --START--
INFO: Run Behavior\ShowPageTraceBehavior [ RunTime:0.001783s ]
INFO: [ app_end ] --END-- [ RunTime:0.001950s ]

[ 2018-05-18T15:22:38+08:00 ] 127.0.0.1 /Admin/User/loginin
INFO: [ app_init ] --START--
INFO: Run Behavior\BuildLiteBehavior [ RunTime:0.000014s ]
INFO: [ app_init ] --END-- [ RunTime:0.000434s ]
INFO: [ app_begin ] --START--
INFO: Run Behavior\ReadHtmlCacheBehavior [ RunTime:0.000705s ]
INFO: [ app_begin ] --END-- [ RunTime:0.000759s ]
SQL: SHOW COLUMNS FROM `users` [ RunTime:0.0652s ]
SQL: SELECT * FROM `users` WHERE (  `UserName` = 'xiaocai' OR `LinkMail` = 'xiaocai' ) LIMIT 1   [ RunTime:0.0070s ]
SQL: SHOW COLUMNS FROM `users` [ RunTime:0.0150s ]
NOTIC: [8] Undefined index: validate D:\myenv\apache\htdocs\pgyidc\ThinkPHP\Library\Think\Model.class.php 第 1185 行.
NOTIC: [8] Undefined index: auto D:\myenv\apache\htdocs\pgyidc\ThinkPHP\Library\Think\Model.class.php 第 1128 行.
SQL: UPDATE `users` SET `LastTime`='1526628158',`WebGuid`='14F563A6A-BF60-9DBA-274F-3F563C3839D4',`EffectiveTime`='2018-05-19 15:22:38' WHERE ( UserID= 1 ) [ RunTime:0.0593s ]

[ 2018-05-18T15:22:40+08:00 ] 127.0.0.1 /Admin/index/index
INFO: [ app_init ] --START--
INFO: Run Behavior\BuildLiteBehavior [ RunTime:0.000025s ]
INFO: [ app_init ] --END-- [ RunTime:0.000900s ]
INFO: [ app_begin ] --START--
INFO: Run Behavior\ReadHtmlCacheBehavior [ RunTime:0.001428s ]
INFO: [ app_begin ] --END-- [ RunTime:0.001555s ]
SQL: SHOW COLUMNS FROM `paylog` [ RunTime:0.0142s ]
SQL: SELECT SUM(money) as my FROM `paylog` WHERE ( userid=1 and datatype=0 )  [ RunTime:0.0028s ]
SQL: SELECT SUM(money) as my FROM `paylog` WHERE ( userid=1 and datatype=1 )  [ RunTime:0.0011s ]
INFO: [ view_parse ] --START--
INFO: [ template_filter ] --START--
INFO: Run Behavior\ContentReplaceBehavior [ RunTime:0.000260s ]
INFO: [ template_filter ] --END-- [ RunTime:0.000371s ]
NOTIC: [8] Undefined variable: datatype D:\myenv\apache\htdocs\pgyidc\Application\Runtime\Cache\Admin\b595b808c2ebeeeb0478ffc30bb4e87a.php 第 506 行.
NOTIC: [8] Undefined variable: fid D:\myenv\apache\htdocs\pgyidc\Application\Runtime\Cache\Admin\b595b808c2ebeeeb0478ffc30bb4e87a.php 第 507 行.
INFO: Run Behavior\ParseTemplateBehavior [ RunTime:0.053407s ]
INFO: [ view_parse ] --END-- [ RunTime:0.053517s ]
INFO: [ view_filter ] --START--
INFO: Run Behavior\WriteHtmlCacheBehavior [ RunTime:0.000894s ]
INFO: [ view_filter ] --END-- [ RunTime:0.000983s ]
INFO: [ app_end ] --START--
INFO: Run Behavior\ShowPageTraceBehavior [ RunTime:0.001435s ]
INFO: [ app_end ] --END-- [ RunTime:0.001587s ]

[ 2018-05-18T15:23:11+08:00 ] 127.0.0.1 /Admin/officweb/newslist.html
INFO: [ app_init ] --START--
INFO: Run Behavior\BuildLiteBehavior [ RunTime:0.000013s ]
INFO: [ app_init ] --END-- [ RunTime:0.000443s ]
INFO: [ app_begin ] --START--
INFO: Run Behavior\ReadHtmlCacheBehavior [ RunTime:0.000673s ]
INFO: [ app_begin ] --END-- [ RunTime:0.000733s ]
SQL: SHOW COLUMNS FROM `navigation` [ RunTime:0.0563s ]
SQL: SHOW COLUMNS FROM `newslist` [ RunTime:0.0418s ]
SQL: SELECT COUNT(*) AS tp_count FROM `newslist` WHERE `Title` LIKE '%%' LIMIT 1   [ RunTime:0.0183s ]
SQL: SELECT * FROM `newslist` WHERE `Title` LIKE '%%' ORDER BY ID DESC LIMIT 0,15   [ RunTime:0.0015s ]
SQL: SELECT `NavName` FROM `navigation` WHERE ( NavID =8 ) LIMIT 1   [ RunTime:0.0015s ]
SQL: SELECT `NavName` FROM `navigation` WHERE ( NavID =8 ) LIMIT 1   [ RunTime:0.0012s ]
SQL: SELECT `NavName` FROM `navigation` WHERE ( NavID =8 ) LIMIT 1   [ RunTime:0.0011s ]
INFO: [ view_parse ] --START--
INFO: [ template_filter ] --START--
INFO: Run Behavior\ContentReplaceBehavior [ RunTime:0.000219s ]
INFO: [ template_filter ] --END-- [ RunTime:0.000331s ]
NOTIC: [8] Undefined variable: datatype D:\myenv\apache\htdocs\pgyidc\Application\Runtime\Cache\Admin\5f3de551d5c67b7d05bedd9ae52e9f42.php 第 407 行.
NOTIC: [8] Undefined variable: fid D:\myenv\apache\htdocs\pgyidc\Application\Runtime\Cache\Admin\5f3de551d5c67b7d05bedd9ae52e9f42.php 第 408 行.
INFO: Run Behavior\ParseTemplateBehavior [ RunTime:0.036830s ]
INFO: [ view_parse ] --END-- [ RunTime:0.036946s ]
INFO: [ view_filter ] --START--
INFO: Run Behavior\WriteHtmlCacheBehavior [ RunTime:0.001008s ]
INFO: [ view_filter ] --END-- [ RunTime:0.001105s ]
INFO: [ app_end ] --START--
INFO: Run Behavior\ShowPageTraceBehavior [ RunTime:0.001714s ]
INFO: [ app_end ] --END-- [ RunTime:0.001865s ]

[ 2018-05-18T15:23:24+08:00 ] 127.0.0.1 /Admin/Officweb/newsinfo/id/3.html
INFO: [ app_init ] --START--
INFO: Run Behavior\BuildLiteBehavior [ RunTime:0.000014s ]
INFO: [ app_init ] --END-- [ RunTime:0.000498s ]
INFO: [ app_begin ] --START--
INFO: Run Behavior\ReadHtmlCacheBehavior [ RunTime:0.000803s ]
INFO: [ app_begin ] --END-- [ RunTime:0.000862s ]
SQL: SHOW COLUMNS FROM `newslist` [ RunTime:0.0139s ]
SQL: SELECT * FROM `newslist` WHERE ( ID =3 ) LIMIT 1   [ RunTime:0.0026s ]
SQL: SHOW COLUMNS FROM `navigation` [ RunTime:0.0142s ]
SQL: SELECT * FROM `navigation` WHERE ( NavType =1 )  [ RunTime:0.0027s ]
INFO: [ view_parse ] --START--
INFO: [ template_filter ] --START--
INFO: Run Behavior\ContentReplaceBehavior [ RunTime:0.000139s ]
INFO: [ template_filter ] --END-- [ RunTime:0.000214s ]
NOTIC: [8] Undefined variable: datatype D:\myenv\apache\htdocs\pgyidc\Application\Runtime\Cache\Admin\b1b9adc08c02848f785e66ef08e70ef2.php 第 388 行.
NOTIC: [8] Undefined variable: fid D:\myenv\apache\htdocs\pgyidc\Application\Runtime\Cache\Admin\b1b9adc08c02848f785e66ef08e70ef2.php 第 389 行.
INFO: Run Behavior\ParseTemplateBehavior [ RunTime:0.027177s ]
INFO: [ view_parse ] --END-- [ RunTime:0.027262s ]
INFO: [ view_filter ] --START--
INFO: Run Behavior\WriteHtmlCacheBehavior [ RunTime:0.000770s ]
INFO: [ view_filter ] --END-- [ RunTime:0.000829s ]
INFO: [ app_end ] --START--
INFO: Run Behavior\ShowPageTraceBehavior [ RunTime:0.001016s ]
INFO: [ app_end ] --END-- [ RunTime:0.001085s ]

[ 2018-05-18T15:23:36+08:00 ] 127.0.0.1 /Admin/officweb/navlist.html
INFO: [ app_init ] --START--
INFO: Run Behavior\BuildLiteBehavior [ RunTime:0.000012s ]
INFO: [ app_init ] --END-- [ RunTime:0.000508s ]
INFO: [ app_begin ] --START--
INFO: Run Behavior\ReadHtmlCacheBehavior [ RunTime:0.000778s ]
INFO: [ app_begin ] --END-- [ RunTime:0.000841s ]
SQL: SHOW COLUMNS FROM `navigation` [ RunTime:0.0149s ]
SQL: SELECT * FROM `navigation` WHERE ( NavFatherID =0 ) ORDER BY NavType DESC,NavID ASC  [ RunTime:0.0033s ]
SQL: SELECT * FROM `navigation` WHERE ( NavFatherID =1 )  [ RunTime:0.0014s ]
SQL: SELECT * FROM `navigation` WHERE ( NavFatherID =2 )  [ RunTime:0.0014s ]
SQL: SELECT * FROM `navigation` WHERE ( NavFatherID =3 )  [ RunTime:0.0013s ]
SQL: SELECT * FROM `navigation` WHERE ( NavFatherID =4 )  [ RunTime:0.0011s ]
SQL: SELECT * FROM `navigation` WHERE ( NavFatherID =8 )  [ RunTime:0.0013s ]
SQL: SELECT * FROM `navigation` WHERE ( NavFatherID =9 )  [ RunTime:0.0013s ]
SQL: SELECT * FROM `navigation` WHERE ( NavFatherID =10 )  [ RunTime:0.0012s ]
SQL: SELECT * FROM `navigation` WHERE ( NavFatherID =16 )  [ RunTime:0.0012s ]
SQL: SELECT * FROM `navigation` WHERE ( NavFatherID =17 )  [ RunTime:0.0007s ]
SQL: SELECT * FROM `navigation` WHERE ( NavFatherID =18 )  [ RunTime:0.0007s ]
SQL: SELECT * FROM `navigation` WHERE ( NavFatherID =21 )  [ RunTime:0.0007s ]
SQL: SELECT * FROM `navigation` WHERE ( NavFatherID =22 )  [ RunTime:0.0006s ]
SQL: SELECT * FROM `navigation` WHERE ( NavFatherID =23 )  [ RunTime:0.0007s ]
SQL: SELECT * FROM `navigation` WHERE ( NavFatherID =24 )  [ RunTime:0.0006s ]
INFO: [ view_parse ] --START--
INFO: [ template_filter ] --START--
INFO: Run Behavior\ContentReplaceBehavior [ RunTime:0.000120s ]
INFO: [ template_filter ] --END-- [ RunTime:0.000180s ]
NOTIC: [8] Undefined variable: fid D:\myenv\apache\htdocs\pgyidc\Application\Runtime\Cache\Admin\990418e22c63c577730a292b2f03051c.php 第 443 行.
INFO: Run Behavior\ParseTemplateBehavior [ RunTime:0.029751s ]
INFO: [ view_parse ] --END-- [ RunTime:0.029836s ]
INFO: [ view_filter ] --START--
INFO: Run Behavior\WriteHtmlCacheBehavior [ RunTime:0.001115s ]
INFO: [ view_filter ] --END-- [ RunTime:0.001211s ]
INFO: [ app_end ] --START--
INFO: Run Behavior\ShowPageTraceBehavior [ RunTime:0.001661s ]
INFO: [ app_end ] --END-- [ RunTime:0.001774s ]

[ 2018-05-18T15:24:15+08:00 ] 127.0.0.1 /Admin/officweb/newslist.html
INFO: [ app_init ] --START--
INFO: Run Behavior\BuildLiteBehavior [ RunTime:0.000011s ]
INFO: [ app_init ] --END-- [ RunTime:0.000471s ]
INFO: [ app_begin ] --START--
INFO: Run Behavior\ReadHtmlCacheBehavior [ RunTime:0.000841s ]
INFO: [ app_begin ] --END-- [ RunTime:0.000892s ]
SQL: SHOW COLUMNS FROM `navigation` [ RunTime:0.0070s ]
SQL: SHOW COLUMNS FROM `newslist` [ RunTime:0.0078s ]
SQL: SELECT COUNT(*) AS tp_count FROM `newslist` WHERE `Title` LIKE '%%' LIMIT 1   [ RunTime:0.0011s ]
SQL: SELECT * FROM `newslist` WHERE `Title` LIKE '%%' ORDER BY ID DESC LIMIT 0,15   [ RunTime:0.0015s ]
SQL: SELECT `NavName` FROM `navigation` WHERE ( NavID =8 ) LIMIT 1   [ RunTime:0.0009s ]
SQL: SELECT `NavName` FROM `navigation` WHERE ( NavID =8 ) LIMIT 1   [ RunTime:0.0011s ]
SQL: SELECT `NavName` FROM `navigation` WHERE ( NavID =8 ) LIMIT 1   [ RunTime:0.0164s ]
INFO: [ view_parse ] --START--
INFO: [ template_filter ] --START--
INFO: Run Behavior\ContentReplaceBehavior [ RunTime:0.000104s ]
INFO: [ template_filter ] --END-- [ RunTime:0.000158s ]
NOTIC: [8] Undefined variable: datatype D:\myenv\apache\htdocs\pgyidc\Application\Runtime\Cache\Admin\5f3de551d5c67b7d05bedd9ae52e9f42.php 第 407 行.
NOTIC: [8] Undefined variable: fid D:\myenv\apache\htdocs\pgyidc\Application\Runtime\Cache\Admin\5f3de551d5c67b7d05bedd9ae52e9f42.php 第 408 行.
INFO: Run Behavior\ParseTemplateBehavior [ RunTime:0.013579s ]
INFO: [ view_parse ] --END-- [ RunTime:0.013635s ]
INFO: [ view_filter ] --START--
INFO: Run Behavior\WriteHtmlCacheBehavior [ RunTime:0.000551s ]
INFO: [ view_filter ] --END-- [ RunTime:0.000596s ]
INFO: [ app_end ] --START--
INFO: Run Behavior\ShowPageTraceBehavior [ RunTime:0.001095s ]
INFO: [ app_end ] --END-- [ RunTime:0.001186s ]

[ 2018-05-18T15:24:19+08:00 ] 127.0.0.1 /Admin/Officweb/newsinfo.html
INFO: [ app_init ] --START--
INFO: Run Behavior\BuildLiteBehavior [ RunTime:0.000012s ]
INFO: [ app_init ] --END-- [ RunTime:0.000438s ]
INFO: [ app_begin ] --START--
INFO: Run Behavior\ReadHtmlCacheBehavior [ RunTime:0.000661s ]
INFO: [ app_begin ] --END-- [ RunTime:0.000717s ]
SQL: SHOW COLUMNS FROM `newslist` [ RunTime:0.0140s ]
SQL: SHOW COLUMNS FROM `navigation` [ RunTime:0.0135s ]
SQL: SELECT * FROM `navigation` WHERE ( NavType =1 )  [ RunTime:0.0011s ]
INFO: [ view_parse ] --START--
INFO: [ template_filter ] --START--
INFO: Run Behavior\ContentReplaceBehavior [ RunTime:0.000107s ]
INFO: [ template_filter ] --END-- [ RunTime:0.000166s ]
NOTIC: [8] Undefined variable: info D:\myenv\apache\htdocs\pgyidc\Application\Runtime\Cache\Admin\b1b9adc08c02848f785e66ef08e70ef2.php 第 295 行.
NOTIC: [8] Undefined variable: info D:\myenv\apache\htdocs\pgyidc\Application\Runtime\Cache\Admin\b1b9adc08c02848f785e66ef08e70ef2.php 第 300 行.
NOTIC: [8] Undefined variable: newsid D:\myenv\apache\htdocs\pgyidc\Application\Runtime\Cache\Admin\b1b9adc08c02848f785e66ef08e70ef2.php 第 312 行.
NOTIC: [8] Undefined variable: datatype D:\myenv\apache\htdocs\pgyidc\Application\Runtime\Cache\Admin\b1b9adc08c02848f785e66ef08e70ef2.php 第 388 行.
NOTIC: [8] Undefined variable: fid D:\myenv\apache\htdocs\pgyidc\Application\Runtime\Cache\Admin\b1b9adc08c02848f785e66ef08e70ef2.php 第 389 行.
INFO: Run Behavior\ParseTemplateBehavior [ RunTime:0.012593s ]
INFO: [ view_parse ] --END-- [ RunTime:0.012645s ]
INFO: [ view_filter ] --START--
INFO: Run Behavior\WriteHtmlCacheBehavior [ RunTime:0.000442s ]
INFO: [ view_filter ] --END-- [ RunTime:0.000484s ]
INFO: [ app_end ] --START--
INFO: Run Behavior\ShowPageTraceBehavior [ RunTime:0.000681s ]
INFO: [ app_end ] --END-- [ RunTime:0.000734s ]

[ 2018-05-18T15:24:40+08:00 ] 127.0.0.1 /Admin/Officweb/newsinfo/id/3.html
INFO: [ app_init ] --START--
INFO: Run Behavior\BuildLiteBehavior [ RunTime:0.000013s ]
INFO: [ app_init ] --END-- [ RunTime:0.000499s ]
INFO: [ app_begin ] --START--
INFO: Run Behavior\ReadHtmlCacheBehavior [ RunTime:0.000730s ]
INFO: [ app_begin ] --END-- [ RunTime:0.000783s ]
SQL: SHOW COLUMNS FROM `newslist` [ RunTime:0.0145s ]
SQL: SELECT * FROM `newslist` WHERE ( ID =3 ) LIMIT 1   [ RunTime:0.0028s ]
SQL: SHOW COLUMNS FROM `navigation` [ RunTime:0.0127s ]
SQL: SELECT * FROM `navigation` WHERE ( NavType =1 )  [ RunTime:0.0013s ]
INFO: [ view_parse ] --START--
INFO: [ template_filter ] --START--
INFO: Run Behavior\ContentReplaceBehavior [ RunTime:0.000106s ]
INFO: [ template_filter ] --END-- [ RunTime:0.000159s ]
NOTIC: [8] Undefined variable: datatype D:\myenv\apache\htdocs\pgyidc\Application\Runtime\Cache\Admin\b1b9adc08c02848f785e66ef08e70ef2.php 第 388 行.
NOTIC: [8] Undefined variable: fid D:\myenv\apache\htdocs\pgyidc\Application\Runtime\Cache\Admin\b1b9adc08c02848f785e66ef08e70ef2.php 第 389 行.
INFO: Run Behavior\ParseTemplateBehavior [ RunTime:0.012410s ]
INFO: [ view_parse ] --END-- [ RunTime:0.012461s ]
INFO: [ view_filter ] --START--
INFO: Run Behavior\WriteHtmlCacheBehavior [ RunTime:0.000539s ]
INFO: [ view_filter ] --END-- [ RunTime:0.000583s ]
INFO: [ app_end ] --START--
INFO: Run Behavior\ShowPageTraceBehavior [ RunTime:0.000869s ]
INFO: [ app_end ] --END-- [ RunTime:0.000919s ]

[ 2018-05-18T15:26:02+08:00 ] 127.0.0.1 /Admin/officweb/navlist.html
INFO: [ app_init ] --START--
INFO: Run Behavior\BuildLiteBehavior [ RunTime:0.000013s ]
INFO: [ app_init ] --END-- [ RunTime:0.000460s ]
INFO: [ app_begin ] --START--
INFO: Run Behavior\ReadHtmlCacheBehavior [ RunTime:0.000826s ]
INFO: [ app_begin ] --END-- [ RunTime:0.000885s ]
SQL: SHOW COLUMNS FROM `navigation` [ RunTime:0.0143s ]
SQL: SELECT * FROM `navigation` WHERE ( NavFatherID =0 ) ORDER BY NavType DESC,NavID ASC  [ RunTime:0.0030s ]
SQL: SELECT * FROM `navigation` WHERE ( NavFatherID =1 )  [ RunTime:0.0011s ]
SQL: SELECT * FROM `navigation` WHERE ( NavFatherID =2 )  [ RunTime:0.0011s ]
SQL: SELECT * FROM `navigation` WHERE ( NavFatherID =3 )  [ RunTime:0.0011s ]
SQL: SELECT * FROM `navigation` WHERE ( NavFatherID =4 )  [ RunTime:0.0011s ]
SQL: SELECT * FROM `navigation` WHERE ( NavFatherID =8 )  [ RunTime:0.0011s ]
SQL: SELECT * FROM `navigation` WHERE ( NavFatherID =9 )  [ RunTime:0.0010s ]
SQL: SELECT * FROM `navigation` WHERE ( NavFatherID =10 )  [ RunTime:0.0010s ]
SQL: SELECT * FROM `navigation` WHERE ( NavFatherID =16 )  [ RunTime:0.0011s ]
SQL: SELECT * FROM `navigation` WHERE ( NavFatherID =17 )  [ RunTime:0.0009s ]
SQL: SELECT * FROM `navigation` WHERE ( NavFatherID =18 )  [ RunTime:0.0009s ]
SQL: SELECT * FROM `navigation` WHERE ( NavFatherID =21 )  [ RunTime:0.0009s ]
SQL: SELECT * FROM `navigation` WHERE ( NavFatherID =22 )  [ RunTime:0.0010s ]
SQL: SELECT * FROM `navigation` WHERE ( NavFatherID =23 )  [ RunTime:0.0011s ]
SQL: SELECT * FROM `navigation` WHERE ( NavFatherID =24 )  [ RunTime:0.0007s ]
INFO: [ view_parse ] --START--
INFO: [ template_filter ] --START--
INFO: Run Behavior\ContentReplaceBehavior [ RunTime:0.000141s ]
INFO: [ template_filter ] --END-- [ RunTime:0.000211s ]
NOTIC: [8] Undefined variable: fid D:\myenv\apache\htdocs\pgyidc\Application\Runtime\Cache\Admin\990418e22c63c577730a292b2f03051c.php 第 443 行.
INFO: Run Behavior\ParseTemplateBehavior [ RunTime:0.019596s ]
INFO: [ view_parse ] --END-- [ RunTime:0.019665s ]
INFO: [ view_filter ] --START--
INFO: Run Behavior\WriteHtmlCacheBehavior [ RunTime:0.000715s ]
INFO: [ view_filter ] --END-- [ RunTime:0.000782s ]
INFO: [ app_end ] --START--
INFO: Run Behavior\ShowPageTraceBehavior [ RunTime:0.001048s ]
INFO: [ app_end ] --END-- [ RunTime:0.001126s ]

[ 2018-05-18T15:26:06+08:00 ] 127.0.0.1 /Admin/officweb/newslist.html
INFO: [ app_init ] --START--
INFO: Run Behavior\BuildLiteBehavior [ RunTime:0.000013s ]
INFO: [ app_init ] --END-- [ RunTime:0.000426s ]
INFO: [ app_begin ] --START--
INFO: Run Behavior\ReadHtmlCacheBehavior [ RunTime:0.000639s ]
INFO: [ app_begin ] --END-- [ RunTime:0.000694s ]
SQL: SHOW COLUMNS FROM `navigation` [ RunTime:0.0137s ]
SQL: SHOW COLUMNS FROM `newslist` [ RunTime:0.0145s ]
SQL: SELECT COUNT(*) AS tp_count FROM `newslist` WHERE `Title` LIKE '%%' LIMIT 1   [ RunTime:0.0027s ]
SQL: SELECT * FROM `newslist` WHERE `Title` LIKE '%%' ORDER BY ID DESC LIMIT 0,15   [ RunTime:0.0011s ]
SQL: SELECT `NavName` FROM `navigation` WHERE ( NavID =8 ) LIMIT 1   [ RunTime:0.0010s ]
SQL: SELECT `NavName` FROM `navigation` WHERE ( NavID =8 ) LIMIT 1   [ RunTime:0.0005s ]
SQL: SELECT `NavName` FROM `navigation` WHERE ( NavID =8 ) LIMIT 1   [ RunTime:0.0003s ]
INFO: [ view_parse ] --START--
INFO: [ template_filter ] --START--
INFO: Run Behavior\ContentReplaceBehavior [ RunTime:0.000101s ]
INFO: [ template_filter ] --END-- [ RunTime:0.000149s ]
NOTIC: [8] Undefined variable: datatype D:\myenv\apache\htdocs\pgyidc\Application\Runtime\Cache\Admin\5f3de551d5c67b7d05bedd9ae52e9f42.php 第 407 行.
NOTIC: [8] Undefined variable: fid D:\myenv\apache\htdocs\pgyidc\Application\Runtime\Cache\Admin\5f3de551d5c67b7d05bedd9ae52e9f42.php 第 408 行.
INFO: Run Behavior\ParseTemplateBehavior [ RunTime:0.012092s ]
INFO: [ view_parse ] --END-- [ RunTime:0.012141s ]
INFO: [ view_filter ] --START--
INFO: Run Behavior\WriteHtmlCacheBehavior [ RunTime:0.000444s ]
INFO: [ view_filter ] --END-- [ RunTime:0.000487s ]
INFO: [ app_end ] --START--
INFO: Run Behavior\ShowPageTraceBehavior [ RunTime:0.000669s ]
INFO: [ app_end ] --END-- [ RunTime:0.000736s ]

[ 2018-05-18T15:27:03+08:00 ] 127.0.0.1 /Admin/officweb/navlist.html
INFO: [ app_init ] --START--
INFO: Run Behavior\BuildLiteBehavior [ RunTime:0.000013s ]
INFO: [ app_init ] --END-- [ RunTime:0.000470s ]
INFO: [ app_begin ] --START--
INFO: Run Behavior\ReadHtmlCacheBehavior [ RunTime:0.000661s ]
INFO: [ app_begin ] --END-- [ RunTime:0.000717s ]
SQL: SHOW COLUMNS FROM `navigation` [ RunTime:0.0085s ]
SQL: SELECT * FROM `navigation` WHERE ( NavFatherID =0 ) ORDER BY NavType DESC,NavID ASC  [ RunTime:0.0021s ]
SQL: SELECT * FROM `navigation` WHERE ( NavFatherID =1 )  [ RunTime:0.0007s ]
SQL: SELECT * FROM `navigation` WHERE ( NavFatherID =2 )  [ RunTime:0.0007s ]
SQL: SELECT * FROM `navigation` WHERE ( NavFatherID =3 )  [ RunTime:0.0006s ]
SQL: SELECT * FROM `navigation` WHERE ( NavFatherID =4 )  [ RunTime:0.0006s ]
SQL: SELECT * FROM `navigation` WHERE ( NavFatherID =8 )  [ RunTime:0.0006s ]
SQL: SELECT * FROM `navigation` WHERE ( NavFatherID =9 )  [ RunTime:0.0006s ]
SQL: SELECT * FROM `navigation` WHERE ( NavFatherID =10 )  [ RunTime:0.0006s ]
SQL: SELECT * FROM `navigation` WHERE ( NavFatherID =16 )  [ RunTime:0.0006s ]
SQL: SELECT * FROM `navigation` WHERE ( NavFatherID =17 )  [ RunTime:0.0007s ]
SQL: SELECT * FROM `navigation` WHERE ( NavFatherID =18 )  [ RunTime:0.0007s ]
SQL: SELECT * FROM `navigation` WHERE ( NavFatherID =21 )  [ RunTime:0.0006s ]
SQL: SELECT * FROM `navigation` WHERE ( NavFatherID =22 )  [ RunTime:0.0007s ]
SQL: SELECT * FROM `navigation` WHERE ( NavFatherID =23 )  [ RunTime:0.0007s ]
SQL: SELECT * FROM `navigation` WHERE ( NavFatherID =24 )  [ RunTime:0.0006s ]
INFO: [ view_parse ] --START--
INFO: [ template_filter ] --START--
INFO: Run Behavior\ContentReplaceBehavior [ RunTime:0.000166s ]
INFO: [ template_filter ] --END-- [ RunTime:0.000242s ]
NOTIC: [8] Undefined variable: fid D:\myenv\apache\htdocs\pgyidc\Application\Runtime\Cache\Admin\990418e22c63c577730a292b2f03051c.php 第 443 行.
INFO: Run Behavior\ParseTemplateBehavior [ RunTime:0.018448s ]
INFO: [ view_parse ] --END-- [ RunTime:0.018497s ]
INFO: [ view_filter ] --START--
INFO: Run Behavior\WriteHtmlCacheBehavior [ RunTime:0.000445s ]
INFO: [ view_filter ] --END-- [ RunTime:0.000484s ]
INFO: [ app_end ] --START--
INFO: Run Behavior\ShowPageTraceBehavior [ RunTime:0.000691s ]
INFO: [ app_end ] --END-- [ RunTime:0.000750s ]

[ 2018-05-18T15:27:25+08:00 ] 127.0.0.1 /Admin/officweb/newslist.html
INFO: [ app_init ] --START--
INFO: Run Behavior\BuildLiteBehavior [ RunTime:0.000012s ]
INFO: [ app_init ] --END-- [ RunTime:0.000442s ]
INFO: [ app_begin ] --START--
INFO: Run Behavior\ReadHtmlCacheBehavior [ RunTime:0.000641s ]
INFO: [ app_begin ] --END-- [ RunTime:0.000700s ]
SQL: SHOW COLUMNS FROM `navigation` [ RunTime:0.0145s ]
SQL: SHOW COLUMNS FROM `newslist` [ RunTime:0.0148s ]
SQL: SELECT COUNT(*) AS tp_count FROM `newslist` WHERE `Title` LIKE '%%' LIMIT 1   [ RunTime:0.0025s ]
SQL: SELECT * FROM `newslist` WHERE `Title` LIKE '%%' ORDER BY ID DESC LIMIT 0,15   [ RunTime:0.0012s ]
SQL: SELECT `NavName` FROM `navigation` WHERE ( NavID =8 ) LIMIT 1   [ RunTime:0.0011s ]
SQL: SELECT `NavName` FROM `navigation` WHERE ( NavID =8 ) LIMIT 1   [ RunTime:0.0011s ]
SQL: SELECT `NavName` FROM `navigation` WHERE ( NavID =8 ) LIMIT 1   [ RunTime:0.0005s ]
INFO: [ view_parse ] --START--
INFO: [ template_filter ] --START--
INFO: Run Behavior\ContentReplaceBehavior [ RunTime:0.000098s ]
INFO: [ template_filter ] --END-- [ RunTime:0.000143s ]
NOTIC: [8] Undefined variable: datatype D:\myenv\apache\htdocs\pgyidc\Application\Runtime\Cache\Admin\5f3de551d5c67b7d05bedd9ae52e9f42.php 第 407 行.
NOTIC: [8] Undefined variable: fid D:\myenv\apache\htdocs\pgyidc\Application\Runtime\Cache\Admin\5f3de551d5c67b7d05bedd9ae52e9f42.php 第 408 行.
INFO: Run Behavior\ParseTemplateBehavior [ RunTime:0.012351s ]
INFO: [ view_parse ] --END-- [ RunTime:0.012399s ]
INFO: [ view_filter ] --START--
INFO: Run Behavior\WriteHtmlCacheBehavior [ RunTime:0.000462s ]
INFO: [ view_filter ] --END-- [ RunTime:0.000504s ]
INFO: [ app_end ] --START--
INFO: Run Behavior\ShowPageTraceBehavior [ RunTime:0.000689s ]
INFO: [ app_end ] --END-- [ RunTime:0.000742s ]

[ 2018-05-18T15:27:30+08:00 ] 127.0.0.1 /Admin/officweb/memberlist.html
INFO: [ app_init ] --START--
INFO: Run Behavior\BuildLiteBehavior [ RunTime:0.000013s ]
INFO: [ app_init ] --END-- [ RunTime:0.000423s ]
INFO: [ app_begin ] --START--
INFO: Run Behavior\ReadHtmlCacheBehavior [ RunTime:0.000623s ]
INFO: [ app_begin ] --END-- [ RunTime:0.000678s ]
SQL: SHOW COLUMNS FROM `users` [ RunTime:0.0144s ]
SQL: SELECT COUNT(*) AS tp_count FROM `users` WHERE `UserName` LIKE '%%' OR `LinkMail` LIKE '%%' LIMIT 1   [ RunTime:0.0021s ]
SQL: SELECT * FROM `users` WHERE `UserName` LIKE '%%' OR `LinkMail` LIKE '%%' ORDER BY UserID DESC LIMIT 0,15   [ RunTime:0.0014s ]
INFO: [ view_parse ] --START--
INFO: [ template_filter ] --START--
INFO: Run Behavior\ContentReplaceBehavior [ RunTime:0.000212s ]
INFO: [ template_filter ] --END-- [ RunTime:0.000327s ]
NOTIC: [8] Undefined variable: datatype D:\myenv\apache\htdocs\pgyidc\Application\Runtime\Cache\Admin\653b4dd43436a923df7668e367f26b52.php 第 408 行.
NOTIC: [8] Undefined variable: fid D:\myenv\apache\htdocs\pgyidc\Application\Runtime\Cache\Admin\653b4dd43436a923df7668e367f26b52.php 第 409 行.
INFO: Run Behavior\ParseTemplateBehavior [ RunTime:0.045198s ]
INFO: [ view_parse ] --END-- [ RunTime:0.045306s ]
INFO: [ view_filter ] --START--
INFO: Run Behavior\WriteHtmlCacheBehavior [ RunTime:0.000964s ]
INFO: [ view_filter ] --END-- [ RunTime:0.001079s ]
INFO: [ app_end ] --START--
INFO: Run Behavior\ShowPageTraceBehavior [ RunTime:0.001451s ]
INFO: [ app_end ] --END-- [ RunTime:0.001563s ]

