[ 2018-03-15T09:24:34+08:00 ] 127.0.0.1 /Admin/officweb/memberlist.xml
INFO: [ app_init ] --START--
INFO: Run Behavior\BuildLiteBehavior [ RunTime:0.000011s ]
INFO: [ app_init ] --END-- [ RunTime:0.000588s ]
INFO: [ app_begin ] --START--
INFO: Run Behavior\ReadHtmlCacheBehavior [ RunTime:0.000794s ]
INFO: [ app_begin ] --END-- [ RunTime:0.000845s ]
SQL: SHOW COLUMNS FROM `users` [ RunTime:0.0289s ]
SQL: SELECT COUNT(*) AS tp_count FROM `users` WHERE `UserName` LIKE '%%' OR `LinkMail` LIKE '%%' LIMIT 1   [ RunTime:0.0026s ]
SQL: SELECT * FROM `users` WHERE `UserName` LIKE '%%' OR `LinkMail` LIKE '%%' ORDER BY UserID DESC LIMIT 0,15   [ RunTime:0.0031s ]
INFO: [ view_parse ] --START--
INFO: [ template_filter ] --START--
INFO: Run Behavior\ContentReplaceBehavior [ RunTime:0.000143s ]
INFO: [ template_filter ] --END-- [ RunTime:0.000208s ]
NOTIC: [8] Undefined index: title D:\myenv\apache\htdocs\pgyidc\Application\Runtime\Cache\Admin\653b4dd43436a923df7668e367f26b52.php 第 255 行.
NOTIC: [8] Undefined index: quotid D:\myenv\apache\htdocs\pgyidc\Application\Runtime\Cache\Admin\653b4dd43436a923df7668e367f26b52.php 第 257 行.
NOTIC: [8] Undefined variable: datatype D:\myenv\apache\htdocs\pgyidc\Application\Runtime\Cache\Admin\653b4dd43436a923df7668e367f26b52.php 第 257 行.
NOTIC: [8] Undefined index: quotid D:\myenv\apache\htdocs\pgyidc\Application\Runtime\Cache\Admin\653b4dd43436a923df7668e367f26b52.php 第 258 行.
NOTIC: [8] Undefined index: quotid D:\myenv\apache\htdocs\pgyidc\Application\Runtime\Cache\Admin\653b4dd43436a923df7668e367f26b52.php 第 259 行.
NOTIC: [8] Undefined variable: datatype D:\myenv\apache\htdocs\pgyidc\Application\Runtime\Cache\Admin\653b4dd43436a923df7668e367f26b52.php 第 347 行.
NOTIC: [8] Undefined variable: fid D:\myenv\apache\htdocs\pgyidc\Application\Runtime\Cache\Admin\653b4dd43436a923df7668e367f26b52.php 第 348 行.
INFO: Run Behavior\ParseTemplateBehavior [ RunTime:0.016305s ]
INFO: [ view_parse ] --END-- [ RunTime:0.016386s ]
INFO: [ view_filter ] --START--
INFO: Run Behavior\WriteHtmlCacheBehavior [ RunTime:0.000677s ]
INFO: [ view_filter ] --END-- [ RunTime:0.000735s ]
INFO: [ app_end ] --START--
INFO: Run Behavior\ShowPageTraceBehavior [ RunTime:0.001001s ]
INFO: [ app_end ] --END-- [ RunTime:0.001068s ]

[ 2018-03-15T09:24:34+08:00 ] 127.0.0.1 /Admin/officweb/img/leftimg.png
INFO: [ app_init ] --START--
INFO: Run Behavior\BuildLiteBehavior [ RunTime:0.000011s ]
INFO: [ app_init ] --END-- [ RunTime:0.000505s ]

[ 2018-03-15T10:10:23+08:00 ] 127.0.0.1 /Admin/officweb/memberlist.xml
INFO: [ app_init ] --START--
INFO: Run Behavior\BuildLiteBehavior [ RunTime:0.000012s ]
INFO: [ app_init ] --END-- [ RunTime:0.000489s ]
INFO: [ app_begin ] --START--
INFO: Run Behavior\ReadHtmlCacheBehavior [ RunTime:0.000708s ]
INFO: [ app_begin ] --END-- [ RunTime:0.000754s ]
SQL: SHOW COLUMNS FROM `users` [ RunTime:0.0136s ]
SQL: SELECT COUNT(*) AS tp_count FROM `users` WHERE `UserName` LIKE '%%' OR `LinkMail` LIKE '%%' LIMIT 1   [ RunTime:0.0017s ]
SQL: SELECT * FROM `users` WHERE `UserName` LIKE '%%' OR `LinkMail` LIKE '%%' ORDER BY UserID DESC LIMIT 0,15   [ RunTime:0.0019s ]
INFO: [ view_parse ] --START--
INFO: [ template_filter ] --START--
INFO: Run Behavior\ContentReplaceBehavior [ RunTime:0.000122s ]
INFO: [ template_filter ] --END-- [ RunTime:0.000191s ]
NOTIC: [8] Undefined variable: datatype D:\myenv\apache\htdocs\pgyidc\Application\Runtime\Cache\Admin\653b4dd43436a923df7668e367f26b52.php 第 347 行.
NOTIC: [8] Undefined variable: fid D:\myenv\apache\htdocs\pgyidc\Application\Runtime\Cache\Admin\653b4dd43436a923df7668e367f26b52.php 第 348 行.
INFO: Run Behavior\ParseTemplateBehavior [ RunTime:0.017062s ]
INFO: [ view_parse ] --END-- [ RunTime:0.017138s ]
INFO: [ view_filter ] --START--
INFO: Run Behavior\WriteHtmlCacheBehavior [ RunTime:0.000933s ]
INFO: [ view_filter ] --END-- [ RunTime:0.000991s ]
INFO: [ app_end ] --START--
INFO: Run Behavior\ShowPageTraceBehavior [ RunTime:0.001301s ]
INFO: [ app_end ] --END-- [ RunTime:0.001381s ]

[ 2018-03-15T10:10:23+08:00 ] 127.0.0.1 /Admin/officweb/img/leftimg.png
INFO: [ app_init ] --START--
INFO: Run Behavior\BuildLiteBehavior [ RunTime:0.000015s ]
INFO: [ app_init ] --END-- [ RunTime:0.000509s ]

[ 2018-03-15T10:11:11+08:00 ] 127.0.0.1 /Admin/officweb/memberlist.xml
INFO: [ app_init ] --START--
INFO: Run Behavior\BuildLiteBehavior [ RunTime:0.000012s ]
INFO: [ app_init ] --END-- [ RunTime:0.000471s ]
INFO: [ app_begin ] --START--
INFO: Run Behavior\ReadHtmlCacheBehavior [ RunTime:0.000672s ]
INFO: [ app_begin ] --END-- [ RunTime:0.000720s ]
SQL: SHOW COLUMNS FROM `users` [ RunTime:0.0097s ]
SQL: SELECT COUNT(*) AS tp_count FROM `users` WHERE `UserName` LIKE '%%' OR `LinkMail` LIKE '%%' LIMIT 1   [ RunTime:0.0023s ]
SQL: SELECT * FROM `users` WHERE `UserName` LIKE '%%' OR `LinkMail` LIKE '%%' ORDER BY UserID DESC LIMIT 0,15   [ RunTime:0.0016s ]
INFO: [ view_parse ] --START--
INFO: [ template_filter ] --START--
INFO: Run Behavior\ContentReplaceBehavior [ RunTime:0.000161s ]
INFO: [ template_filter ] --END-- [ RunTime:0.000261s ]
NOTIC: [8] Undefined variable: datatype D:\myenv\apache\htdocs\pgyidc\Application\Runtime\Cache\Admin\653b4dd43436a923df7668e367f26b52.php 第 347 行.
NOTIC: [8] Undefined variable: fid D:\myenv\apache\htdocs\pgyidc\Application\Runtime\Cache\Admin\653b4dd43436a923df7668e367f26b52.php 第 348 行.
INFO: Run Behavior\ParseTemplateBehavior [ RunTime:0.022855s ]
INFO: [ view_parse ] --END-- [ RunTime:0.022980s ]
INFO: [ view_filter ] --START--
INFO: Run Behavior\WriteHtmlCacheBehavior [ RunTime:0.001138s ]
INFO: [ view_filter ] --END-- [ RunTime:0.001228s ]
INFO: [ app_end ] --START--
INFO: Run Behavior\ShowPageTraceBehavior [ RunTime:0.001695s ]
INFO: [ app_end ] --END-- [ RunTime:0.001815s ]

[ 2018-03-15T10:11:11+08:00 ] 127.0.0.1 /Admin/officweb/img/leftimg.png
INFO: [ app_init ] --START--
INFO: Run Behavior\BuildLiteBehavior [ RunTime:0.000011s ]
INFO: [ app_init ] --END-- [ RunTime:0.000460s ]

[ 2018-03-15T10:11:37+08:00 ] 127.0.0.1 /Admin/officweb/memberlist.xml
INFO: [ app_init ] --START--
INFO: Run Behavior\BuildLiteBehavior [ RunTime:0.000011s ]
INFO: [ app_init ] --END-- [ RunTime:0.000464s ]
INFO: [ app_begin ] --START--
INFO: Run Behavior\ReadHtmlCacheBehavior [ RunTime:0.000812s ]
INFO: [ app_begin ] --END-- [ RunTime:0.000862s ]
SQL: SHOW COLUMNS FROM `users` [ RunTime:0.0246s ]
SQL: SELECT COUNT(*) AS tp_count FROM `users` WHERE `UserName` LIKE '%%' OR `LinkMail` LIKE '%%' LIMIT 1   [ RunTime:0.0023s ]
SQL: SELECT * FROM `users` WHERE `UserName` LIKE '%%' OR `LinkMail` LIKE '%%' ORDER BY UserID DESC LIMIT 0,15   [ RunTime:0.0021s ]
INFO: [ view_parse ] --START--
INFO: [ template_filter ] --START--
INFO: Run Behavior\ContentReplaceBehavior [ RunTime:0.000130s ]
INFO: [ template_filter ] --END-- [ RunTime:0.000208s ]
NOTIC: [8] Undefined variable: datatype D:\myenv\apache\htdocs\pgyidc\Application\Runtime\Cache\Admin\653b4dd43436a923df7668e367f26b52.php 第 347 行.
NOTIC: [8] Undefined variable: fid D:\myenv\apache\htdocs\pgyidc\Application\Runtime\Cache\Admin\653b4dd43436a923df7668e367f26b52.php 第 348 行.
INFO: Run Behavior\ParseTemplateBehavior [ RunTime:0.022356s ]
INFO: [ view_parse ] --END-- [ RunTime:0.022468s ]
INFO: [ view_filter ] --START--
INFO: Run Behavior\WriteHtmlCacheBehavior [ RunTime:0.001060s ]
INFO: [ view_filter ] --END-- [ RunTime:0.001128s ]
INFO: [ app_end ] --START--
INFO: Run Behavior\ShowPageTraceBehavior [ RunTime:0.002391s ]
INFO: [ app_end ] --END-- [ RunTime:0.002540s ]

[ 2018-03-15T10:11:37+08:00 ] 127.0.0.1 /Admin/officweb/img/leftimg.png
INFO: [ app_init ] --START--
INFO: Run Behavior\BuildLiteBehavior [ RunTime:0.000018s ]
INFO: [ app_init ] --END-- [ RunTime:0.000587s ]

[ 2018-03-15T12:26:16+08:00 ] 127.0.0.1 /Admin/officweb/memberlist.xml
INFO: [ app_init ] --START--
INFO: Run Behavior\BuildLiteBehavior [ RunTime:0.000016s ]
INFO: [ app_init ] --END-- [ RunTime:0.000528s ]
INFO: [ app_begin ] --START--
INFO: Run Behavior\ReadHtmlCacheBehavior [ RunTime:0.000720s ]
INFO: [ app_begin ] --END-- [ RunTime:0.000772s ]
SQL: SHOW COLUMNS FROM `users` [ RunTime:0.0178s ]
SQL: SELECT COUNT(*) AS tp_count FROM `users` WHERE `UserName` LIKE '%%' OR `LinkMail` LIKE '%%' LIMIT 1   [ RunTime:0.0041s ]
SQL: SELECT * FROM `users` WHERE `UserName` LIKE '%%' OR `LinkMail` LIKE '%%' ORDER BY UserID DESC LIMIT 0,15   [ RunTime:0.0026s ]
INFO: [ view_parse ] --START--
INFO: [ template_filter ] --START--
INFO: Run Behavior\ContentReplaceBehavior [ RunTime:0.000152s ]
INFO: [ template_filter ] --END-- [ RunTime:0.000246s ]
NOTIC: [8] Undefined variable: datatype D:\myenv\apache\htdocs\pgyidc\Application\Runtime\Cache\Admin\653b4dd43436a923df7668e367f26b52.php 第 347 行.
NOTIC: [8] Undefined variable: fid D:\myenv\apache\htdocs\pgyidc\Application\Runtime\Cache\Admin\653b4dd43436a923df7668e367f26b52.php 第 348 行.
INFO: Run Behavior\ParseTemplateBehavior [ RunTime:0.021182s ]
INFO: [ view_parse ] --END-- [ RunTime:0.021260s ]
INFO: [ view_filter ] --START--
INFO: Run Behavior\WriteHtmlCacheBehavior [ RunTime:0.000481s ]
INFO: [ view_filter ] --END-- [ RunTime:0.000527s ]
INFO: [ app_end ] --START--
INFO: Run Behavior\ShowPageTraceBehavior [ RunTime:0.001183s ]
INFO: [ app_end ] --END-- [ RunTime:0.001250s ]

[ 2018-03-15T12:26:16+08:00 ] 127.0.0.1 /Admin/officweb/img/leftimg.png
INFO: [ app_init ] --START--
INFO: Run Behavior\BuildLiteBehavior [ RunTime:0.000011s ]
INFO: [ app_init ] --END-- [ RunTime:0.000426s ]

