[ 2018-04-24T01:46:38+08:00 ] 61.129.8.199 /Admin/login.html
INFO: [ app_init ] --START--
INFO: Run Behavior\BuildLiteBehavior [ RunTime:0.000020s ]
INFO: [ app_init ] --END-- [ RunTime:0.000287s ]
INFO: [ app_begin ] --START--
INFO: Run Behavior\ReadHtmlCacheBehavior [ RunTime:0.000368s ]
INFO: [ app_begin ] --END-- [ RunTime:0.000413s ]
INFO: [ view_parse ] --START--
INFO: [ template_filter ] --START--
INFO: Run Behavior\ContentReplaceBehavior [ RunTime:0.000057s ]
INFO: [ template_filter ] --END-- [ RunTime:0.000113s ]
INFO: Run Behavior\ParseTemplateBehavior [ RunTime:0.004842s ]
INFO: [ view_parse ] --END-- [ RunTime:0.004897s ]
INFO: [ view_filter ] --START--
INFO: Run Behavior\WriteHtmlCacheBehavior [ RunTime:0.000126s ]
INFO: [ view_filter ] --END-- [ RunTime:0.000164s ]
INFO: [ app_end ] --START--
INFO: Run Behavior\ShowPageTraceBehavior [ RunTime:0.000421s ]
INFO: [ app_end ] --END-- [ RunTime:0.000469s ]

[ 2018-04-24T01:46:59+08:00 ] 61.129.8.199 /Admin/User/loginin
INFO: [ app_init ] --START--
INFO: Run Behavior\BuildLiteBehavior [ RunTime:0.000011s ]
INFO: [ app_init ] --END-- [ RunTime:0.000281s ]
INFO: [ app_begin ] --START--
INFO: Run Behavior\ReadHtmlCacheBehavior [ RunTime:0.000376s ]
INFO: [ app_begin ] --END-- [ RunTime:0.000421s ]
SQL: SHOW COLUMNS FROM `users` [ RunTime:0.0013s ]
SQL: SELECT * FROM `users` WHERE (  `UserName` = 'xiaocai' OR `LinkMail` = 'xiaocai' ) LIMIT 1   [ RunTime:0.0010s ]

[ 2018-04-24T01:46:59+08:00 ] 61.129.8.199 /Admin/index/index
INFO: [ app_init ] --START--
INFO: Run Behavior\BuildLiteBehavior [ RunTime:0.000013s ]
INFO: [ app_init ] --END-- [ RunTime:0.000270s ]
INFO: [ app_begin ] --START--
INFO: Run Behavior\ReadHtmlCacheBehavior [ RunTime:0.000363s ]
INFO: [ app_begin ] --END-- [ RunTime:0.000410s ]
SQL: SHOW COLUMNS FROM `paylog` [ RunTime:0.0009s ]
SQL: SELECT SUM(money) as my FROM `paylog` WHERE ( userid=1 and datatype=0 )  [ RunTime:0.0004s ]
SQL: SELECT SUM(money) as my FROM `paylog` WHERE ( userid=1 and datatype=1 )  [ RunTime:0.0003s ]
INFO: [ view_parse ] --START--
INFO: [ template_filter ] --START--
INFO: Run Behavior\ContentReplaceBehavior [ RunTime:0.000085s ]
INFO: [ template_filter ] --END-- [ RunTime:0.000129s ]
NOTIC: [8] Undefined variable: datatype /usr/share/nginx/html/pgyidc/Application/Runtime/Cache/Admin/b595b808c2ebeeeb0478ffc30bb4e87a.php 第 505 行.
NOTIC: [8] Undefined variable: fid /usr/share/nginx/html/pgyidc/Application/Runtime/Cache/Admin/b595b808c2ebeeeb0478ffc30bb4e87a.php 第 506 行.
INFO: Run Behavior\ParseTemplateBehavior [ RunTime:0.014553s ]
INFO: [ view_parse ] --END-- [ RunTime:0.014592s ]
INFO: [ view_filter ] --START--
INFO: Run Behavior\WriteHtmlCacheBehavior [ RunTime:0.000113s ]
INFO: [ view_filter ] --END-- [ RunTime:0.000151s ]
INFO: [ app_end ] --START--
INFO: Run Behavior\ShowPageTraceBehavior [ RunTime:0.000372s ]
INFO: [ app_end ] --END-- [ RunTime:0.000428s ]

[ 2018-04-24T01:47:05+08:00 ] 61.129.8.199 /Admin/Cloud/cloudmanage.html
INFO: [ app_init ] --START--
INFO: Run Behavior\BuildLiteBehavior [ RunTime:0.000013s ]
INFO: [ app_init ] --END-- [ RunTime:0.000272s ]
INFO: [ app_begin ] --START--
INFO: Run Behavior\ReadHtmlCacheBehavior [ RunTime:0.000365s ]
INFO: [ app_begin ] --END-- [ RunTime:0.000408s ]
INFO: [ view_parse ] --START--
INFO: [ template_filter ] --START--
INFO: Run Behavior\ContentReplaceBehavior [ RunTime:0.000097s ]
INFO: [ template_filter ] --END-- [ RunTime:0.000142s ]
NOTIC: [8] Undefined variable: datatype /usr/share/nginx/html/pgyidc/Application/Runtime/Cache/Admin/d85208f2c736e322ac27dcb5e87ca9bb.php 第 433 行.
NOTIC: [8] Undefined variable: fid /usr/share/nginx/html/pgyidc/Application/Runtime/Cache/Admin/d85208f2c736e322ac27dcb5e87ca9bb.php 第 434 行.
INFO: Run Behavior\ParseTemplateBehavior [ RunTime:0.012410s ]
INFO: [ view_parse ] --END-- [ RunTime:0.012450s ]
INFO: [ view_filter ] --START--
INFO: Run Behavior\WriteHtmlCacheBehavior [ RunTime:0.000115s ]
INFO: [ view_filter ] --END-- [ RunTime:0.000151s ]
INFO: [ app_end ] --START--
INFO: Run Behavior\ShowPageTraceBehavior [ RunTime:0.000369s ]
INFO: [ app_end ] --END-- [ RunTime:0.000413s ]

[ 2018-04-24T01:47:12+08:00 ] 61.129.8.199 /Admin/Cloud/cloudmanage.html
INFO: [ app_init ] --START--
INFO: Run Behavior\BuildLiteBehavior [ RunTime:0.000014s ]
INFO: [ app_init ] --END-- [ RunTime:0.000360s ]
INFO: [ app_begin ] --START--
INFO: Run Behavior\ReadHtmlCacheBehavior [ RunTime:0.000480s ]
INFO: [ app_begin ] --END-- [ RunTime:0.000537s ]
INFO: [ view_parse ] --START--
INFO: [ template_filter ] --START--
INFO: Run Behavior\ContentReplaceBehavior [ RunTime:0.000084s ]
INFO: [ template_filter ] --END-- [ RunTime:0.000129s ]
NOTIC: [8] Undefined variable: datatype /usr/share/nginx/html/pgyidc/Application/Runtime/Cache/Admin/d85208f2c736e322ac27dcb5e87ca9bb.php 第 433 行.
NOTIC: [8] Undefined variable: fid /usr/share/nginx/html/pgyidc/Application/Runtime/Cache/Admin/d85208f2c736e322ac27dcb5e87ca9bb.php 第 434 行.
INFO: Run Behavior\ParseTemplateBehavior [ RunTime:0.013047s ]
INFO: [ view_parse ] --END-- [ RunTime:0.013092s ]
INFO: [ view_filter ] --START--
INFO: Run Behavior\WriteHtmlCacheBehavior [ RunTime:0.000126s ]
INFO: [ view_filter ] --END-- [ RunTime:0.000163s ]
INFO: [ app_end ] --START--
INFO: Run Behavior\ShowPageTraceBehavior [ RunTime:0.000350s ]
INFO: [ app_end ] --END-- [ RunTime:0.000395s ]

[ 2018-04-24T01:47:37+08:00 ] 117.185.117.56 /Admin/login.html
INFO: [ app_init ] --START--
INFO: Run Behavior\BuildLiteBehavior [ RunTime:0.000011s ]
INFO: [ app_init ] --END-- [ RunTime:0.000268s ]
INFO: [ app_begin ] --START--
INFO: Run Behavior\ReadHtmlCacheBehavior [ RunTime:0.000356s ]
INFO: [ app_begin ] --END-- [ RunTime:0.000399s ]
INFO: [ view_parse ] --START--
INFO: [ template_filter ] --START--
INFO: Run Behavior\ContentReplaceBehavior [ RunTime:0.000045s ]
INFO: [ template_filter ] --END-- [ RunTime:0.000088s ]
INFO: Run Behavior\ParseTemplateBehavior [ RunTime:0.004469s ]
INFO: [ view_parse ] --END-- [ RunTime:0.004514s ]
INFO: [ view_filter ] --START--
INFO: Run Behavior\WriteHtmlCacheBehavior [ RunTime:0.000112s ]
INFO: [ view_filter ] --END-- [ RunTime:0.000148s ]
INFO: [ app_end ] --START--
INFO: Run Behavior\ShowPageTraceBehavior [ RunTime:0.000356s ]
INFO: [ app_end ] --END-- [ RunTime:0.000396s ]

[ 2018-04-24T01:47:59+08:00 ] 117.185.117.53 /Admin/index/index
INFO: [ app_init ] --START--
INFO: Run Behavior\BuildLiteBehavior [ RunTime:0.000015s ]
INFO: [ app_init ] --END-- [ RunTime:0.000356s ]
INFO: [ app_begin ] --START--
INFO: Run Behavior\ReadHtmlCacheBehavior [ RunTime:0.000478s ]
INFO: [ app_begin ] --END-- [ RunTime:0.000545s ]

[ 2018-04-24T01:47:59+08:00 ] 117.185.117.53 /Admin/User/login.html
INFO: [ app_init ] --START--
INFO: Run Behavior\BuildLiteBehavior [ RunTime:0.000015s ]
INFO: [ app_init ] --END-- [ RunTime:0.000377s ]
INFO: [ app_begin ] --START--
INFO: Run Behavior\ReadHtmlCacheBehavior [ RunTime:0.000464s ]
INFO: [ app_begin ] --END-- [ RunTime:0.000519s ]
INFO: [ view_parse ] --START--
INFO: [ template_filter ] --START--
INFO: Run Behavior\ContentReplaceBehavior [ RunTime:0.000046s ]
INFO: [ template_filter ] --END-- [ RunTime:0.000091s ]
INFO: Run Behavior\ParseTemplateBehavior [ RunTime:0.004577s ]
INFO: [ view_parse ] --END-- [ RunTime:0.004624s ]
INFO: [ view_filter ] --START--
INFO: Run Behavior\WriteHtmlCacheBehavior [ RunTime:0.000115s ]
INFO: [ view_filter ] --END-- [ RunTime:0.000154s ]
INFO: [ app_end ] --START--
INFO: Run Behavior\ShowPageTraceBehavior [ RunTime:0.000365s ]
INFO: [ app_end ] --END-- [ RunTime:0.000408s ]

[ 2018-04-24T09:00:52+08:00 ] 222.187.222.56 /Admin/login.html
INFO: [ app_init ] --START--
INFO: Run Behavior\BuildLiteBehavior [ RunTime:0.000013s ]
INFO: [ app_init ] --END-- [ RunTime:0.000280s ]
INFO: [ app_begin ] --START--
INFO: Run Behavior\ReadHtmlCacheBehavior [ RunTime:0.000359s ]
INFO: [ app_begin ] --END-- [ RunTime:0.000406s ]
INFO: [ view_parse ] --START--
INFO: [ template_filter ] --START--
INFO: Run Behavior\ContentReplaceBehavior [ RunTime:0.000046s ]
INFO: [ template_filter ] --END-- [ RunTime:0.000087s ]
INFO: Run Behavior\ParseTemplateBehavior [ RunTime:0.004475s ]
INFO: [ view_parse ] --END-- [ RunTime:0.004521s ]
INFO: [ view_filter ] --START--
INFO: Run Behavior\WriteHtmlCacheBehavior [ RunTime:0.000111s ]
INFO: [ view_filter ] --END-- [ RunTime:0.000147s ]
INFO: [ app_end ] --START--
INFO: Run Behavior\ShowPageTraceBehavior [ RunTime:0.000354s ]
INFO: [ app_end ] --END-- [ RunTime:0.000394s ]

[ 2018-04-24T09:00:53+08:00 ] 222.187.222.56 /Admin/User/loginin
INFO: [ app_init ] --START--
INFO: Run Behavior\BuildLiteBehavior [ RunTime:0.000014s ]
INFO: [ app_init ] --END-- [ RunTime:0.000358s ]
INFO: [ app_begin ] --START--
INFO: Run Behavior\ReadHtmlCacheBehavior [ RunTime:0.000495s ]
INFO: [ app_begin ] --END-- [ RunTime:0.000551s ]
SQL: SHOW COLUMNS FROM `users` [ RunTime:0.0011s ]
SQL: SELECT * FROM `users` WHERE (  `UserName` = 'xiaocai' OR `LinkMail` = 'xiaocai' ) LIMIT 1   [ RunTime:0.0005s ]

[ 2018-04-24T09:00:53+08:00 ] 222.187.222.56 /Admin/index/index
INFO: [ app_init ] --START--
INFO: Run Behavior\BuildLiteBehavior [ RunTime:0.000013s ]
INFO: [ app_init ] --END-- [ RunTime:0.000265s ]
INFO: [ app_begin ] --START--
INFO: Run Behavior\ReadHtmlCacheBehavior [ RunTime:0.000357s ]
INFO: [ app_begin ] --END-- [ RunTime:0.000400s ]
SQL: SHOW COLUMNS FROM `paylog` [ RunTime:0.0008s ]
SQL: SELECT SUM(money) as my FROM `paylog` WHERE ( userid=1 and datatype=0 )  [ RunTime:0.0004s ]
SQL: SELECT SUM(money) as my FROM `paylog` WHERE ( userid=1 and datatype=1 )  [ RunTime:0.0003s ]
INFO: [ view_parse ] --START--
INFO: [ template_filter ] --START--
INFO: Run Behavior\ContentReplaceBehavior [ RunTime:0.000150s ]
INFO: [ template_filter ] --END-- [ RunTime:0.000211s ]
NOTIC: [8] Undefined variable: datatype /usr/share/nginx/html/pgyidc/Application/Runtime/Cache/Admin/b595b808c2ebeeeb0478ffc30bb4e87a.php 第 505 行.
NOTIC: [8] Undefined variable: fid /usr/share/nginx/html/pgyidc/Application/Runtime/Cache/Admin/b595b808c2ebeeeb0478ffc30bb4e87a.php 第 506 行.
INFO: Run Behavior\ParseTemplateBehavior [ RunTime:0.018861s ]
INFO: [ view_parse ] --END-- [ RunTime:0.018907s ]
INFO: [ view_filter ] --START--
INFO: Run Behavior\WriteHtmlCacheBehavior [ RunTime:0.000120s ]
INFO: [ view_filter ] --END-- [ RunTime:0.000157s ]
INFO: [ app_end ] --START--
INFO: Run Behavior\ShowPageTraceBehavior [ RunTime:0.000398s ]
INFO: [ app_end ] --END-- [ RunTime:0.000444s ]

[ 2018-04-24T09:09:10+08:00 ] 222.187.222.56 /Admin/Index/index.html
INFO: [ app_init ] --START--
INFO: Run Behavior\BuildLiteBehavior [ RunTime:0.000010s ]
INFO: [ app_init ] --END-- [ RunTime:0.000255s ]
INFO: [ app_begin ] --START--
INFO: Run Behavior\ReadHtmlCacheBehavior [ RunTime:0.000350s ]
INFO: [ app_begin ] --END-- [ RunTime:0.000393s ]
SQL: SHOW COLUMNS FROM `paylog` [ RunTime:0.0008s ]
SQL: SELECT SUM(money) as my FROM `paylog` WHERE ( userid=1 and datatype=0 )  [ RunTime:0.0004s ]
SQL: SELECT SUM(money) as my FROM `paylog` WHERE ( userid=1 and datatype=1 )  [ RunTime:0.0003s ]
INFO: [ view_parse ] --START--
INFO: [ template_filter ] --START--
INFO: Run Behavior\ContentReplaceBehavior [ RunTime:0.000097s ]
INFO: [ template_filter ] --END-- [ RunTime:0.000142s ]
NOTIC: [8] Undefined variable: datatype /usr/share/nginx/html/pgyidc/Application/Runtime/Cache/Admin/b595b808c2ebeeeb0478ffc30bb4e87a.php 第 505 行.
NOTIC: [8] Undefined variable: fid /usr/share/nginx/html/pgyidc/Application/Runtime/Cache/Admin/b595b808c2ebeeeb0478ffc30bb4e87a.php 第 506 行.
INFO: Run Behavior\ParseTemplateBehavior [ RunTime:0.015115s ]
INFO: [ view_parse ] --END-- [ RunTime:0.015161s ]
INFO: [ view_filter ] --START--
INFO: Run Behavior\WriteHtmlCacheBehavior [ RunTime:0.000118s ]
INFO: [ view_filter ] --END-- [ RunTime:0.000155s ]
INFO: [ app_end ] --START--
INFO: Run Behavior\ShowPageTraceBehavior [ RunTime:0.000383s ]
INFO: [ app_end ] --END-- [ RunTime:0.000429s ]

[ 2018-04-24T09:09:14+08:00 ] 222.187.222.56 /Admin/officweb/cloudlist.html
INFO: [ app_init ] --START--
INFO: Run Behavior\BuildLiteBehavior [ RunTime:0.000010s ]
INFO: [ app_init ] --END-- [ RunTime:0.000253s ]
INFO: [ app_begin ] --START--
INFO: Run Behavior\ReadHtmlCacheBehavior [ RunTime:0.000341s ]
INFO: [ app_begin ] --END-- [ RunTime:0.000384s ]
SQL: SHOW COLUMNS FROM `configinfo` [ RunTime:0.0007s ]
SQL: SHOW COLUMNS FROM `configlist` [ RunTime:0.0007s ]
SQL: SELECT `ID`,`Title` FROM `configlist` WHERE ( Property=0 ) ORDER BY Px ASC  [ RunTime:0.0004s ]
SQL: SELECT `CID`,`Title` FROM `configinfo` WHERE `DataType` = 0 AND `NavData` = '1' AND `DataName` = 0 ORDER BY CID ASC  [ RunTime:0.0004s ]
NOTIC: [8] Undefined variable: datatype /usr/share/nginx/html/pgyidc/Application/Admin/Controller/OfficwebController.class.php 第 281 行.
INFO: [ view_parse ] --START--
INFO: [ template_filter ] --START--
INFO: Run Behavior\ContentReplaceBehavior [ RunTime:0.000084s ]
INFO: [ template_filter ] --END-- [ RunTime:0.000129s ]
NOTIC: [8] Undefined index: quotid /usr/share/nginx/html/pgyidc/Application/Runtime/Cache/Admin/d835a3852ff4fa9b0924afb033133a4c.php 第 328 行.
NOTIC: [8] Undefined index: quotid /usr/share/nginx/html/pgyidc/Application/Runtime/Cache/Admin/d835a3852ff4fa9b0924afb033133a4c.php 第 328 行.
INFO: Run Behavior\ParseTemplateBehavior [ RunTime:0.018719s ]
INFO: [ view_parse ] --END-- [ RunTime:0.018768s ]
INFO: [ view_filter ] --START--
INFO: Run Behavior\WriteHtmlCacheBehavior [ RunTime:0.000119s ]
INFO: [ view_filter ] --END-- [ RunTime:0.000157s ]
INFO: [ app_end ] --START--
INFO: Run Behavior\ShowPageTraceBehavior [ RunTime:0.000380s ]
INFO: [ app_end ] --END-- [ RunTime:0.000425s ]

[ 2018-04-24T09:09:16+08:00 ] 222.187.222.56 /Admin/Officweb/cloudinfo/cid/1/fid/1.html
INFO: [ app_init ] --START--
INFO: Run Behavior\BuildLiteBehavior [ RunTime:0.000010s ]
INFO: [ app_init ] --END-- [ RunTime:0.000253s ]
INFO: [ app_begin ] --START--
INFO: Run Behavior\ReadHtmlCacheBehavior [ RunTime:0.000338s ]
INFO: [ app_begin ] --END-- [ RunTime:0.000381s ]
SQL: SHOW COLUMNS FROM `configinfo` [ RunTime:0.0008s ]
SQL: SELECT `Title` FROM `configinfo` WHERE ( CID =1 ) LIMIT 1   [ RunTime:0.0003s ]
SQL: SELECT `DataName`,`Title` FROM `configinfo` WHERE ( FatherID =1 )  [ RunTime:0.0003s ]
SQL: SHOW COLUMNS FROM `coreprice` [ RunTime:0.0007s ]
SQL: SELECT * FROM `coreprice` WHERE ( CID =1 )  [ RunTime:0.0003s ]
SQL: SHOW COLUMNS FROM `price` [ RunTime:0.0007s ]
SQL: SELECT `DataName`,`Prix` FROM `price` WHERE ( CID =1 )  [ RunTime:0.0003s ]
SQL: SHOW COLUMNS FROM `configlist` [ RunTime:0.0007s ]
SQL: SELECT `ID`,`Title` FROM `configlist` ORDER BY ID ASC  [ RunTime:0.0002s ]
INFO: [ view_parse ] --START--
INFO: [ template_filter ] --START--
INFO: Run Behavior\ContentReplaceBehavior [ RunTime:0.000120s ]
INFO: [ template_filter ] --END-- [ RunTime:0.000168s ]
NOTIC: [8] Undefined index: core24 /usr/share/nginx/html/pgyidc/Application/Runtime/Cache/Admin/4aab5680290bcdbbf84e009b97c33b21.php 第 424 行.
NOTIC: [8] Undefined index: core28 /usr/share/nginx/html/pgyidc/Application/Runtime/Cache/Admin/4aab5680290bcdbbf84e009b97c33b21.php 第 426 行.
NOTIC: [8] Undefined index: core41 /usr/share/nginx/html/pgyidc/Application/Runtime/Cache/Admin/4aab5680290bcdbbf84e009b97c33b21.php 第 431 行.
NOTIC: [8] Undefined index: core42 /usr/share/nginx/html/pgyidc/Application/Runtime/Cache/Admin/4aab5680290bcdbbf84e009b97c33b21.php 第 433 行.
NOTIC: [8] Undefined index: core44 /usr/share/nginx/html/pgyidc/Application/Runtime/Cache/Admin/4aab5680290bcdbbf84e009b97c33b21.php 第 435 行.
NOTIC: [8] Undefined index: core48 /usr/share/nginx/html/pgyidc/Application/Runtime/Cache/Admin/4aab5680290bcdbbf84e009b97c33b21.php 第 437 行.
NOTIC: [8] Undefined index: core81 /usr/share/nginx/html/pgyidc/Application/Runtime/Cache/Admin/4aab5680290bcdbbf84e009b97c33b21.php 第 442 行.
NOTIC: [8] Undefined index: core82 /usr/share/nginx/html/pgyidc/Application/Runtime/Cache/Admin/4aab5680290bcdbbf84e009b97c33b21.php 第 444 行.
NOTIC: [8] Undefined index: core84 /usr/share/nginx/html/pgyidc/Application/Runtime/Cache/Admin/4aab5680290bcdbbf84e009b97c33b21.php 第 446 行.
NOTIC: [8] Undefined index: core88 /usr/share/nginx/html/pgyidc/Application/Runtime/Cache/Admin/4aab5680290bcdbbf84e009b97c33b21.php 第 448 行.
NOTIC: [8] Undefined index: line /usr/share/nginx/html/pgyidc/Application/Runtime/Cache/Admin/4aab5680290bcdbbf84e009b97c33b21.php 第 460 行.
NOTIC: [8] Undefined index: ssd /usr/share/nginx/html/pgyidc/Application/Runtime/Cache/Admin/4aab5680290bcdbbf84e009b97c33b21.php 第 486 行.
NOTIC: [8] Undefined index: ip /usr/share/nginx/html/pgyidc/Application/Runtime/Cache/Admin/4aab5680290bcdbbf84e009b97c33b21.php 第 503 行.
NOTIC: [8] Undefined variable: datatype /usr/share/nginx/html/pgyidc/Application/Runtime/Cache/Admin/4aab5680290bcdbbf84e009b97c33b21.php 第 647 行.
INFO: Run Behavior\ParseTemplateBehavior [ RunTime:0.021011s ]
INFO: [ view_parse ] --END-- [ RunTime:0.021056s ]
INFO: [ view_filter ] --START--
INFO: Run Behavior\WriteHtmlCacheBehavior [ RunTime:0.000128s ]
INFO: [ view_filter ] --END-- [ RunTime:0.000166s ]
INFO: [ app_end ] --START--
INFO: Run Behavior\ShowPageTraceBehavior [ RunTime:0.000393s ]
INFO: [ app_end ] --END-- [ RunTime:0.000438s ]

[ 2018-04-24T09:09:52+08:00 ] 222.187.222.56 /Admin/Officweb/cloudinfo/cid/1/fid/1.html
INFO: [ app_init ] --START--
INFO: Run Behavior\BuildLiteBehavior [ RunTime:0.000013s ]
INFO: [ app_init ] --END-- [ RunTime:0.000261s ]
INFO: [ app_begin ] --START--
INFO: Run Behavior\ReadHtmlCacheBehavior [ RunTime:0.000355s ]
INFO: [ app_begin ] --END-- [ RunTime:0.000397s ]
SQL: SHOW COLUMNS FROM `configinfo` [ RunTime:0.0008s ]
SQL: SELECT `Title` FROM `configinfo` WHERE ( CID =1 ) LIMIT 1   [ RunTime:0.0003s ]
SQL: SELECT `DataName`,`Title` FROM `configinfo` WHERE ( FatherID =1 )  [ RunTime:0.0003s ]
SQL: SHOW COLUMNS FROM `coreprice` [ RunTime:0.0007s ]
SQL: SELECT * FROM `coreprice` WHERE ( CID =1 )  [ RunTime:0.0003s ]
SQL: SHOW COLUMNS FROM `price` [ RunTime:0.0007s ]
SQL: SELECT `DataName`,`Prix` FROM `price` WHERE ( CID =1 )  [ RunTime:0.0003s ]
SQL: SHOW COLUMNS FROM `configlist` [ RunTime:0.0007s ]
SQL: SELECT `ID`,`Title` FROM `configlist` ORDER BY ID ASC  [ RunTime:0.0003s ]
INFO: [ view_parse ] --START--
INFO: [ template_filter ] --START--
INFO: Run Behavior\ContentReplaceBehavior [ RunTime:0.000121s ]
INFO: [ template_filter ] --END-- [ RunTime:0.000171s ]
NOTIC: [8] Undefined index: core24 /usr/share/nginx/html/pgyidc/Application/Runtime/Cache/Admin/4aab5680290bcdbbf84e009b97c33b21.php 第 424 行.
NOTIC: [8] Undefined index: core28 /usr/share/nginx/html/pgyidc/Application/Runtime/Cache/Admin/4aab5680290bcdbbf84e009b97c33b21.php 第 426 行.
NOTIC: [8] Undefined index: core41 /usr/share/nginx/html/pgyidc/Application/Runtime/Cache/Admin/4aab5680290bcdbbf84e009b97c33b21.php 第 431 行.
NOTIC: [8] Undefined index: core42 /usr/share/nginx/html/pgyidc/Application/Runtime/Cache/Admin/4aab5680290bcdbbf84e009b97c33b21.php 第 433 行.
NOTIC: [8] Undefined index: core44 /usr/share/nginx/html/pgyidc/Application/Runtime/Cache/Admin/4aab5680290bcdbbf84e009b97c33b21.php 第 435 行.
NOTIC: [8] Undefined index: core48 /usr/share/nginx/html/pgyidc/Application/Runtime/Cache/Admin/4aab5680290bcdbbf84e009b97c33b21.php 第 437 行.
NOTIC: [8] Undefined index: core81 /usr/share/nginx/html/pgyidc/Application/Runtime/Cache/Admin/4aab5680290bcdbbf84e009b97c33b21.php 第 442 行.
NOTIC: [8] Undefined index: core82 /usr/share/nginx/html/pgyidc/Application/Runtime/Cache/Admin/4aab5680290bcdbbf84e009b97c33b21.php 第 444 行.
NOTIC: [8] Undefined index: core84 /usr/share/nginx/html/pgyidc/Application/Runtime/Cache/Admin/4aab5680290bcdbbf84e009b97c33b21.php 第 446 行.
NOTIC: [8] Undefined index: core88 /usr/share/nginx/html/pgyidc/Application/Runtime/Cache/Admin/4aab5680290bcdbbf84e009b97c33b21.php 第 448 行.
NOTIC: [8] Undefined index: line /usr/share/nginx/html/pgyidc/Application/Runtime/Cache/Admin/4aab5680290bcdbbf84e009b97c33b21.php 第 460 行.
NOTIC: [8] Undefined index: ssd /usr/share/nginx/html/pgyidc/Application/Runtime/Cache/Admin/4aab5680290bcdbbf84e009b97c33b21.php 第 486 行.
NOTIC: [8] Undefined index: ip /usr/share/nginx/html/pgyidc/Application/Runtime/Cache/Admin/4aab5680290bcdbbf84e009b97c33b21.php 第 503 行.
NOTIC: [8] Undefined variable: datatype /usr/share/nginx/html/pgyidc/Application/Runtime/Cache/Admin/4aab5680290bcdbbf84e009b97c33b21.php 第 647 行.
INFO: Run Behavior\ParseTemplateBehavior [ RunTime:0.020946s ]
INFO: [ view_parse ] --END-- [ RunTime:0.020992s ]
INFO: [ view_filter ] --START--
INFO: Run Behavior\WriteHtmlCacheBehavior [ RunTime:0.000119s ]
INFO: [ view_filter ] --END-- [ RunTime:0.000158s ]
INFO: [ app_end ] --START--
INFO: Run Behavior\ShowPageTraceBehavior [ RunTime:0.000384s ]
INFO: [ app_end ] --END-- [ RunTime:0.000430s ]

[ 2018-04-24T09:10:43+08:00 ] 222.187.222.56 /Admin/User/login.html
INFO: [ app_init ] --START--
INFO: Run Behavior\BuildLiteBehavior [ RunTime:0.000014s ]
INFO: [ app_init ] --END-- [ RunTime:0.000295s ]
INFO: [ app_begin ] --START--
INFO: Run Behavior\ReadHtmlCacheBehavior [ RunTime:0.000389s ]
INFO: [ app_begin ] --END-- [ RunTime:0.000437s ]
INFO: [ view_parse ] --START--
INFO: [ template_filter ] --START--
INFO: Run Behavior\ContentReplaceBehavior [ RunTime:0.000048s ]
INFO: [ template_filter ] --END-- [ RunTime:0.000095s ]
INFO: Run Behavior\ParseTemplateBehavior [ RunTime:0.004737s ]
INFO: [ view_parse ] --END-- [ RunTime:0.004784s ]
INFO: [ view_filter ] --START--
INFO: Run Behavior\WriteHtmlCacheBehavior [ RunTime:0.000125s ]
INFO: [ view_filter ] --END-- [ RunTime:0.000166s ]
INFO: [ app_end ] --START--
INFO: Run Behavior\ShowPageTraceBehavior [ RunTime:0.000389s ]
INFO: [ app_end ] --END-- [ RunTime:0.000432s ]

[ 2018-04-24T09:16:31+08:00 ] 222.187.222.56 /Admin/Officweb/cloudadd.html
INFO: [ app_init ] --START--
INFO: Run Behavior\BuildLiteBehavior [ RunTime:0.000011s ]
INFO: [ app_init ] --END-- [ RunTime:0.000290s ]
INFO: [ app_begin ] --START--
INFO: Run Behavior\ReadHtmlCacheBehavior [ RunTime:0.000375s ]
INFO: [ app_begin ] --END-- [ RunTime:0.000419s ]
SQL: SHOW COLUMNS FROM `configinfo` [ RunTime:0.0009s ]
SQL: SELECT `CID`,`Title` FROM `configinfo` WHERE ( DataName =0 and NavData =1 and DataType =0 and CID =1 ) LIMIT 1   [ RunTime:0.0003s ]
SQL: UPDATE `configinfo` SET `NavData`='1',`Title`='宿迁三线BGP10G',`DataName`='0',`DataType`='0' WHERE ( CID=1 ) [ RunTime:0.0026s ]
SQL: SELECT `CID`,`Title` FROM `configinfo` WHERE ( DataName =1 and NavData =1 and DataType =0 and FatherID =1 ) LIMIT 1   [ RunTime:0.0003s ]
SQL: INSERT INTO `configinfo` (`NavData`,`Title`,`DataName`,`DataType`,`FatherID`) VALUES ('1','2/3','1','0','1') [ RunTime:0.0028s ]
SQL: SELECT `CID`,`Title` FROM `configinfo` WHERE ( DataName =2 and NavData =1 and DataType =0 and FatherID =1 ) LIMIT 1   [ RunTime:0.0003s ]
SQL: INSERT INTO `configinfo` (`NavData`,`Title`,`DataName`,`DataType`,`FatherID`) VALUES ('1','30G/50G','2','0','1') [ RunTime:0.0026s ]
SQL: SELECT `CID`,`Title` FROM `configinfo` WHERE ( DataName =3 and NavData =1 and DataType =0 and FatherID =1 ) LIMIT 1   [ RunTime:0.0003s ]
SQL: INSERT INTO `configinfo` (`NavData`,`Title`,`DataName`,`DataType`,`FatherID`) VALUES ('1','1个/','3','0','1') [ RunTime:0.0027s ]
SQL: SHOW COLUMNS FROM `price` [ RunTime:0.0007s ]
SQL: SELECT `PID`,`Prix` FROM `price` WHERE ( DataName =3 and CID =1 and DataType =0 ) LIMIT 1   [ RunTime:0.0003s ]
SQL: INSERT INTO `price` (`CID`,`DataType`,`Prix`,`DataName`) VALUES ('1','0','100','3') [ RunTime:0.0027s ]
SQL: SELECT `PID`,`Prix` FROM `price` WHERE ( DataName =0 and CID =1 and DataType =0 ) LIMIT 1   [ RunTime:0.0003s ]
SQL: UPDATE `price` SET `CID`='1',`DataType`='0',`Prix`='10',`DataName`='0' WHERE ( PID=1 ) [ RunTime:0.0027s ]
SQL: SELECT `PID`,`Prix` FROM `price` WHERE ( DataName =4 and CID =1 and DataType =0 ) LIMIT 1   [ RunTime:0.0004s ]
SQL: INSERT INTO `price` (`CID`,`DataType`,`Prix`,`DataName`) VALUES ('1','0','10','4') [ RunTime:0.0026s ]
SQL: SELECT `PID`,`Prix` FROM `price` WHERE ( DataName =5 and CID =1 and DataType =0 ) LIMIT 1   [ RunTime:0.0003s ]
SQL: INSERT INTO `price` (`CID`,`DataType`,`Prix`,`DataName`) VALUES ('1','0','100','5') [ RunTime:0.0025s ]
SQL: SELECT `PID`,`Prix` FROM `price` WHERE ( DataName =1 and CID =1 and DataType =0 ) LIMIT 1   [ RunTime:0.0003s ]
SQL: UPDATE `price` SET `CID`='1',`DataType`='0',`Prix`='10',`DataName`='1' WHERE ( PID=2 ) [ RunTime:0.0027s ]
SQL: SELECT `PID`,`Prix` FROM `price` WHERE ( DataName =6 and CID =1 and DataType =0 ) LIMIT 1   [ RunTime:0.0003s ]
SQL: UPDATE `price` SET `CID`='1',`DataType`='0',`Prix`='20',`DataName`='6' WHERE ( PID=14 ) [ RunTime:0.0026s ]
SQL: SELECT `PID`,`Prix` FROM `price` WHERE ( DataName =2 and CID =1 and DataType =0 ) LIMIT 1   [ RunTime:0.0003s ]
SQL: UPDATE `price` SET `CID`='1',`DataType`='0',`Prix`='0.25',`DataName`='2' WHERE ( PID=3 ) [ RunTime:0.0025s ]
SQL: SHOW COLUMNS FROM `coreprice` [ RunTime:0.0007s ]
SQL: SELECT `ID` FROM `coreprice` WHERE ( Kernel =2.000000 and Gigabyte =1.000000 and CID =1 ) LIMIT 1   [ RunTime:0.0003s ]
SQL: UPDATE `coreprice` SET `CID`='1',`Prix`='148',`Kernel`='2',`Gigabyte`='1' WHERE ( ID=1 ) [ RunTime:0.0026s ]
SQL: SELECT `ID` FROM `coreprice` WHERE ( Kernel =2.000000 and Gigabyte =2.000000 and CID =1 ) LIMIT 1   [ RunTime:0.0003s ]
SQL: UPDATE `coreprice` SET `CID`='1',`Prix`='222',`Kernel`='2',`Gigabyte`='2' WHERE ( ID=2 ) [ RunTime:0.0026s ]
SQL: SELECT `ID` FROM `coreprice` WHERE ( Kernel =2.000000 and Gigabyte =4.000000 and CID =1 ) LIMIT 1   [ RunTime:0.0003s ]
SQL: INSERT INTO `coreprice` (`CID`,`Prix`,`Kernel`,`Gigabyte`) VALUES ('1','250','2','4') [ RunTime:0.0026s ]
SQL: SELECT `ID` FROM `coreprice` WHERE ( Kernel =2.000000 and Gigabyte =8.000000 and CID =1 ) LIMIT 1   [ RunTime:0.0003s ]
SQL: INSERT INTO `coreprice` (`CID`,`Prix`,`Kernel`,`Gigabyte`) VALUES ('1','300','2','8') [ RunTime:0.0023s ]
SQL: SELECT `ID` FROM `coreprice` WHERE ( Kernel =4.000000 and Gigabyte =1.000000 and CID =1 ) LIMIT 1   [ RunTime:0.0003s ]
SQL: INSERT INTO `coreprice` (`CID`,`Prix`,`Kernel`,`Gigabyte`) VALUES ('1','160','4','1') [ RunTime:0.0020s ]
SQL: SELECT `ID` FROM `coreprice` WHERE ( Kernel =4.000000 and Gigabyte =2.000000 and CID =1 ) LIMIT 1   [ RunTime:0.0003s ]
SQL: INSERT INTO `coreprice` (`CID`,`Prix`,`Kernel`,`Gigabyte`) VALUES ('1','260','4','2') [ RunTime:0.0022s ]
SQL: SELECT `ID` FROM `coreprice` WHERE ( Kernel =4.000000 and Gigabyte =4.000000 and CID =1 ) LIMIT 1   [ RunTime:0.0003s ]
SQL: INSERT INTO `coreprice` (`CID`,`Prix`,`Kernel`,`Gigabyte`) VALUES ('1','310','4','4') [ RunTime:0.0040s ]
SQL: SELECT `ID` FROM `coreprice` WHERE ( Kernel =4.000000 and Gigabyte =8.000000 and CID =1 ) LIMIT 1   [ RunTime:0.0003s ]
SQL: INSERT INTO `coreprice` (`CID`,`Prix`,`Kernel`,`Gigabyte`) VALUES ('1','400','4','8') [ RunTime:0.0038s ]
SQL: SELECT `ID` FROM `coreprice` WHERE ( Kernel =8.000000 and Gigabyte =1.000000 and CID =1 ) LIMIT 1   [ RunTime:0.0003s ]
SQL: SELECT `ID` FROM `coreprice` WHERE ( Kernel =8.000000 and Gigabyte =2.000000 and CID =1 ) LIMIT 1   [ RunTime:0.0003s ]
SQL: SELECT `ID` FROM `coreprice` WHERE ( Kernel =8.000000 and Gigabyte =4.000000 and CID =1 ) LIMIT 1   [ RunTime:0.0003s ]
SQL: SELECT `ID` FROM `coreprice` WHERE ( Kernel =8.000000 and Gigabyte =8.000000 and CID =1 ) LIMIT 1   [ RunTime:0.0003s ]
INFO: [ view_parse ] --START--
INFO: [ template_filter ] --START--
INFO: Run Behavior\ContentReplaceBehavior [ RunTime:0.000042s ]
INFO: [ template_filter ] --END-- [ RunTime:0.000084s ]
INFO: Run Behavior\ParseTemplateBehavior [ RunTime:0.006357s ]
INFO: [ view_parse ] --END-- [ RunTime:0.006407s ]
INFO: [ view_filter ] --START--
INFO: Run Behavior\WriteHtmlCacheBehavior [ RunTime:0.000117s ]
INFO: [ view_filter ] --END-- [ RunTime:0.000153s ]
INFO: [ app_end ] --START--
INFO: Run Behavior\ShowPageTraceBehavior [ RunTime:0.000381s ]
INFO: [ app_end ] --END-- [ RunTime:0.000423s ]

[ 2018-04-24T09:16:33+08:00 ] 222.187.222.56 /Admin/Officweb/cloudlist.html
INFO: [ app_init ] --START--
INFO: Run Behavior\BuildLiteBehavior [ RunTime:0.000013s ]
INFO: [ app_init ] --END-- [ RunTime:0.000283s ]
INFO: [ app_begin ] --START--
INFO: Run Behavior\ReadHtmlCacheBehavior [ RunTime:0.000378s ]
INFO: [ app_begin ] --END-- [ RunTime:0.000427s ]
SQL: SHOW COLUMNS FROM `configinfo` [ RunTime:0.0008s ]
SQL: SHOW COLUMNS FROM `configlist` [ RunTime:0.0007s ]
SQL: SELECT `ID`,`Title` FROM `configlist` WHERE ( Property=0 ) ORDER BY Px ASC  [ RunTime:0.0005s ]
SQL: SELECT `CID`,`Title` FROM `configinfo` WHERE `DataType` = 0 AND `NavData` = '1' AND `DataName` = 0 ORDER BY CID ASC  [ RunTime:0.0004s ]
NOTIC: [8] Undefined variable: datatype /usr/share/nginx/html/pgyidc/Application/Admin/Controller/OfficwebController.class.php 第 281 行.
INFO: [ view_parse ] --START--
INFO: [ template_filter ] --START--
INFO: Run Behavior\ContentReplaceBehavior [ RunTime:0.000078s ]
INFO: [ template_filter ] --END-- [ RunTime:0.000121s ]
NOTIC: [8] Undefined index: quotid /usr/share/nginx/html/pgyidc/Application/Runtime/Cache/Admin/d835a3852ff4fa9b0924afb033133a4c.php 第 328 行.
NOTIC: [8] Undefined index: quotid /usr/share/nginx/html/pgyidc/Application/Runtime/Cache/Admin/d835a3852ff4fa9b0924afb033133a4c.php 第 328 行.
INFO: Run Behavior\ParseTemplateBehavior [ RunTime:0.016248s ]
INFO: [ view_parse ] --END-- [ RunTime:0.016290s ]
INFO: [ view_filter ] --START--
INFO: Run Behavior\WriteHtmlCacheBehavior [ RunTime:0.000124s ]
INFO: [ view_filter ] --END-- [ RunTime:0.000161s ]
INFO: [ app_end ] --START--
INFO: Run Behavior\ShowPageTraceBehavior [ RunTime:0.000370s ]
INFO: [ app_end ] --END-- [ RunTime:0.000415s ]

[ 2018-04-24T09:16:35+08:00 ] 222.187.222.56 /Admin/Officweb/cloudinfo/cid/1/fid/1.html
INFO: [ app_init ] --START--
INFO: Run Behavior\BuildLiteBehavior [ RunTime:0.000018s ]
INFO: [ app_init ] --END-- [ RunTime:0.000378s ]
INFO: [ app_begin ] --START--
INFO: Run Behavior\ReadHtmlCacheBehavior [ RunTime:0.000503s ]
INFO: [ app_begin ] --END-- [ RunTime:0.000561s ]
SQL: SHOW COLUMNS FROM `configinfo` [ RunTime:0.0008s ]
SQL: SELECT `Title` FROM `configinfo` WHERE ( CID =1 ) LIMIT 1   [ RunTime:0.0003s ]
SQL: SELECT `DataName`,`Title` FROM `configinfo` WHERE ( FatherID =1 )  [ RunTime:0.0003s ]
SQL: SHOW COLUMNS FROM `coreprice` [ RunTime:0.0007s ]
SQL: SELECT * FROM `coreprice` WHERE ( CID =1 )  [ RunTime:0.0004s ]
SQL: SHOW COLUMNS FROM `price` [ RunTime:0.0007s ]
SQL: SELECT `DataName`,`Prix` FROM `price` WHERE ( CID =1 )  [ RunTime:0.0003s ]
SQL: SHOW COLUMNS FROM `configlist` [ RunTime:0.0007s ]
SQL: SELECT `ID`,`Title` FROM `configlist` ORDER BY ID ASC  [ RunTime:0.0003s ]
INFO: [ view_parse ] --START--
INFO: [ template_filter ] --START--
INFO: Run Behavior\ContentReplaceBehavior [ RunTime:0.000111s ]
INFO: [ template_filter ] --END-- [ RunTime:0.000165s ]
NOTIC: [8] Undefined index: core81 /usr/share/nginx/html/pgyidc/Application/Runtime/Cache/Admin/4aab5680290bcdbbf84e009b97c33b21.php 第 442 行.
NOTIC: [8] Undefined index: core82 /usr/share/nginx/html/pgyidc/Application/Runtime/Cache/Admin/4aab5680290bcdbbf84e009b97c33b21.php 第 444 行.
NOTIC: [8] Undefined index: core84 /usr/share/nginx/html/pgyidc/Application/Runtime/Cache/Admin/4aab5680290bcdbbf84e009b97c33b21.php 第 446 行.
NOTIC: [8] Undefined index: core88 /usr/share/nginx/html/pgyidc/Application/Runtime/Cache/Admin/4aab5680290bcdbbf84e009b97c33b21.php 第 448 行.
NOTIC: [8] Undefined variable: datatype /usr/share/nginx/html/pgyidc/Application/Runtime/Cache/Admin/4aab5680290bcdbbf84e009b97c33b21.php 第 647 行.
INFO: Run Behavior\ParseTemplateBehavior [ RunTime:0.018822s ]
INFO: [ view_parse ] --END-- [ RunTime:0.018865s ]
INFO: [ view_filter ] --START--
INFO: Run Behavior\WriteHtmlCacheBehavior [ RunTime:0.000115s ]
INFO: [ view_filter ] --END-- [ RunTime:0.000153s ]
INFO: [ app_end ] --START--
INFO: Run Behavior\ShowPageTraceBehavior [ RunTime:0.000366s ]
INFO: [ app_end ] --END-- [ RunTime:0.000410s ]

[ 2018-04-24T09:17:11+08:00 ] 222.187.222.56 /Admin/Officweb/cloudinfo/cid/1/fid/1.html
INFO: [ app_init ] --START--
INFO: Run Behavior\BuildLiteBehavior [ RunTime:0.000013s ]
INFO: [ app_init ] --END-- [ RunTime:0.000282s ]
INFO: [ app_begin ] --START--
INFO: Run Behavior\ReadHtmlCacheBehavior [ RunTime:0.000400s ]
INFO: [ app_begin ] --END-- [ RunTime:0.000448s ]
SQL: SHOW COLUMNS FROM `configinfo` [ RunTime:0.0010s ]
SQL: SELECT `Title` FROM `configinfo` WHERE ( CID =1 ) LIMIT 1   [ RunTime:0.0004s ]
SQL: SELECT `DataName`,`Title` FROM `configinfo` WHERE ( FatherID =1 )  [ RunTime:0.0003s ]
SQL: SHOW COLUMNS FROM `coreprice` [ RunTime:0.0006s ]
SQL: SELECT * FROM `coreprice` WHERE ( CID =1 )  [ RunTime:0.0003s ]
SQL: SHOW COLUMNS FROM `price` [ RunTime:0.0007s ]
SQL: SELECT `DataName`,`Prix` FROM `price` WHERE ( CID =1 )  [ RunTime:0.0003s ]
SQL: SHOW COLUMNS FROM `configlist` [ RunTime:0.0007s ]
SQL: SELECT `ID`,`Title` FROM `configlist` ORDER BY ID ASC  [ RunTime:0.0003s ]
INFO: [ view_parse ] --START--
INFO: [ template_filter ] --START--
INFO: Run Behavior\ContentReplaceBehavior [ RunTime:0.000120s ]
INFO: [ template_filter ] --END-- [ RunTime:0.000169s ]
NOTIC: [8] Undefined index: core81 /usr/share/nginx/html/pgyidc/Application/Runtime/Cache/Admin/4aab5680290bcdbbf84e009b97c33b21.php 第 442 行.
NOTIC: [8] Undefined index: core82 /usr/share/nginx/html/pgyidc/Application/Runtime/Cache/Admin/4aab5680290bcdbbf84e009b97c33b21.php 第 444 行.
NOTIC: [8] Undefined index: core84 /usr/share/nginx/html/pgyidc/Application/Runtime/Cache/Admin/4aab5680290bcdbbf84e009b97c33b21.php 第 446 行.
NOTIC: [8] Undefined index: core88 /usr/share/nginx/html/pgyidc/Application/Runtime/Cache/Admin/4aab5680290bcdbbf84e009b97c33b21.php 第 448 行.
NOTIC: [8] Undefined variable: datatype /usr/share/nginx/html/pgyidc/Application/Runtime/Cache/Admin/4aab5680290bcdbbf84e009b97c33b21.php 第 647 行.
INFO: Run Behavior\ParseTemplateBehavior [ RunTime:0.019409s ]
INFO: [ view_parse ] --END-- [ RunTime:0.019466s ]
INFO: [ view_filter ] --START--
INFO: Run Behavior\WriteHtmlCacheBehavior [ RunTime:0.000124s ]
INFO: [ view_filter ] --END-- [ RunTime:0.000163s ]
INFO: [ app_end ] --START--
INFO: Run Behavior\ShowPageTraceBehavior [ RunTime:0.000373s ]
INFO: [ app_end ] --END-- [ RunTime:0.000418s ]

[ 2018-04-24T10:36:59+08:00 ] 222.187.222.56 /Admin/Index/index.html
INFO: [ app_init ] --START--
INFO: Run Behavior\BuildLiteBehavior [ RunTime:0.000013s ]
INFO: [ app_init ] --END-- [ RunTime:0.000286s ]
INFO: [ app_begin ] --START--
INFO: Run Behavior\ReadHtmlCacheBehavior [ RunTime:0.000370s ]
INFO: [ app_begin ] --END-- [ RunTime:0.000417s ]
SQL: SHOW COLUMNS FROM `paylog` [ RunTime:0.0008s ]
SQL: SELECT SUM(money) as my FROM `paylog` WHERE ( userid=1 and datatype=0 )  [ RunTime:0.0004s ]
SQL: SELECT SUM(money) as my FROM `paylog` WHERE ( userid=1 and datatype=1 )  [ RunTime:0.0003s ]
INFO: [ view_parse ] --START--
INFO: [ template_filter ] --START--
INFO: Run Behavior\ContentReplaceBehavior [ RunTime:0.000126s ]
INFO: [ template_filter ] --END-- [ RunTime:0.000187s ]
NOTIC: [8] Undefined variable: datatype /usr/share/nginx/html/pgyidc/Application/Runtime/Cache/Admin/b595b808c2ebeeeb0478ffc30bb4e87a.php 第 505 行.
NOTIC: [8] Undefined variable: fid /usr/share/nginx/html/pgyidc/Application/Runtime/Cache/Admin/b595b808c2ebeeeb0478ffc30bb4e87a.php 第 506 行.
INFO: Run Behavior\ParseTemplateBehavior [ RunTime:0.018793s ]
INFO: [ view_parse ] --END-- [ RunTime:0.018838s ]
INFO: [ view_filter ] --START--
INFO: Run Behavior\WriteHtmlCacheBehavior [ RunTime:0.000116s ]
INFO: [ view_filter ] --END-- [ RunTime:0.000153s ]
INFO: [ app_end ] --START--
INFO: Run Behavior\ShowPageTraceBehavior [ RunTime:0.000402s ]
INFO: [ app_end ] --END-- [ RunTime:0.000447s ]

[ 2018-04-24T10:37:02+08:00 ] 222.187.222.56 /Admin/Cloud/cloudmanage.html
INFO: [ app_init ] --START--
INFO: Run Behavior\BuildLiteBehavior [ RunTime:0.000013s ]
INFO: [ app_init ] --END-- [ RunTime:0.000275s ]
INFO: [ app_begin ] --START--
INFO: Run Behavior\ReadHtmlCacheBehavior [ RunTime:0.000362s ]
INFO: [ app_begin ] --END-- [ RunTime:0.000409s ]
INFO: [ view_parse ] --START--
INFO: [ template_filter ] --START--
INFO: Run Behavior\ContentReplaceBehavior [ RunTime:0.000086s ]
INFO: [ template_filter ] --END-- [ RunTime:0.000132s ]
NOTIC: [8] Undefined variable: datatype /usr/share/nginx/html/pgyidc/Application/Runtime/Cache/Admin/d85208f2c736e322ac27dcb5e87ca9bb.php 第 433 行.
NOTIC: [8] Undefined variable: fid /usr/share/nginx/html/pgyidc/Application/Runtime/Cache/Admin/d85208f2c736e322ac27dcb5e87ca9bb.php 第 434 行.
INFO: Run Behavior\ParseTemplateBehavior [ RunTime:0.012327s ]
INFO: [ view_parse ] --END-- [ RunTime:0.012368s ]
INFO: [ view_filter ] --START--
INFO: Run Behavior\WriteHtmlCacheBehavior [ RunTime:0.000116s ]
INFO: [ view_filter ] --END-- [ RunTime:0.000152s ]
INFO: [ app_end ] --START--
INFO: Run Behavior\ShowPageTraceBehavior [ RunTime:0.000366s ]
INFO: [ app_end ] --END-- [ RunTime:0.000411s ]

[ 2018-04-24T10:37:03+08:00 ] 222.187.222.56 /Admin/Cloud/cloudmanage.html
INFO: [ app_init ] --START--
INFO: Run Behavior\BuildLiteBehavior [ RunTime:0.000013s ]
INFO: [ app_init ] --END-- [ RunTime:0.000271s ]
INFO: [ app_begin ] --START--
INFO: Run Behavior\ReadHtmlCacheBehavior [ RunTime:0.000365s ]
INFO: [ app_begin ] --END-- [ RunTime:0.000412s ]
INFO: [ view_parse ] --START--
INFO: [ template_filter ] --START--
INFO: Run Behavior\ContentReplaceBehavior [ RunTime:0.000088s ]
INFO: [ template_filter ] --END-- [ RunTime:0.000144s ]
NOTIC: [8] Undefined variable: datatype /usr/share/nginx/html/pgyidc/Application/Runtime/Cache/Admin/d85208f2c736e322ac27dcb5e87ca9bb.php 第 433 行.
NOTIC: [8] Undefined variable: fid /usr/share/nginx/html/pgyidc/Application/Runtime/Cache/Admin/d85208f2c736e322ac27dcb5e87ca9bb.php 第 434 行.
INFO: Run Behavior\ParseTemplateBehavior [ RunTime:0.012292s ]
INFO: [ view_parse ] --END-- [ RunTime:0.012334s ]
INFO: [ view_filter ] --START--
INFO: Run Behavior\WriteHtmlCacheBehavior [ RunTime:0.000114s ]
INFO: [ view_filter ] --END-- [ RunTime:0.000152s ]
INFO: [ app_end ] --START--
INFO: Run Behavior\ShowPageTraceBehavior [ RunTime:0.000358s ]
INFO: [ app_end ] --END-- [ RunTime:0.000402s ]

[ 2018-04-24T10:38:36+08:00 ] 222.187.222.56 /Admin/Cloud/cloudmanage.html
INFO: [ app_init ] --START--
INFO: Run Behavior\BuildLiteBehavior [ RunTime:0.000013s ]
INFO: [ app_init ] --END-- [ RunTime:0.000272s ]
INFO: [ app_begin ] --START--
INFO: Run Behavior\ReadHtmlCacheBehavior [ RunTime:0.000362s ]
INFO: [ app_begin ] --END-- [ RunTime:0.000405s ]
INFO: [ view_parse ] --START--
INFO: [ template_filter ] --START--
INFO: Run Behavior\ContentReplaceBehavior [ RunTime:0.000085s ]
INFO: [ template_filter ] --END-- [ RunTime:0.000128s ]
NOTIC: [8] Undefined variable: datatype /usr/share/nginx/html/pgyidc/Application/Runtime/Cache/Admin/d85208f2c736e322ac27dcb5e87ca9bb.php 第 435 行.
NOTIC: [8] Undefined variable: fid /usr/share/nginx/html/pgyidc/Application/Runtime/Cache/Admin/d85208f2c736e322ac27dcb5e87ca9bb.php 第 436 行.
INFO: Run Behavior\ParseTemplateBehavior [ RunTime:0.012465s ]
INFO: [ view_parse ] --END-- [ RunTime:0.012504s ]
INFO: [ view_filter ] --START--
INFO: Run Behavior\WriteHtmlCacheBehavior [ RunTime:0.000114s ]
INFO: [ view_filter ] --END-- [ RunTime:0.000152s ]
INFO: [ app_end ] --START--
INFO: Run Behavior\ShowPageTraceBehavior [ RunTime:0.000356s ]
INFO: [ app_end ] --END-- [ RunTime:0.000400s ]

[ 2018-04-24T10:38:37+08:00 ] 222.187.222.56 /Admin/Cloud/manageup.html
INFO: [ app_init ] --START--
INFO: Run Behavior\BuildLiteBehavior [ RunTime:0.000015s ]
INFO: [ app_init ] --END-- [ RunTime:0.000351s ]
INFO: [ app_begin ] --START--
INFO: Run Behavior\ReadHtmlCacheBehavior [ RunTime:0.000436s ]
INFO: [ app_begin ] --END-- [ RunTime:0.000495s ]
INFO: [ view_parse ] --START--
INFO: [ template_filter ] --START--
INFO: Run Behavior\ContentReplaceBehavior [ RunTime:0.000140s ]
INFO: [ template_filter ] --END-- [ RunTime:0.000187s ]
NOTIC: [8] Undefined variable: datatype /usr/share/nginx/html/pgyidc/Application/Runtime/Cache/Admin/5f18f65b1685dc6c32952a0a30d4eb2d.php 第 442 行.
NOTIC: [8] Undefined variable: fid /usr/share/nginx/html/pgyidc/Application/Runtime/Cache/Admin/5f18f65b1685dc6c32952a0a30d4eb2d.php 第 443 行.
INFO: Run Behavior\ParseTemplateBehavior [ RunTime:0.013550s ]
INFO: [ view_parse ] --END-- [ RunTime:0.013595s ]
INFO: [ view_filter ] --START--
INFO: Run Behavior\WriteHtmlCacheBehavior [ RunTime:0.000119s ]
INFO: [ view_filter ] --END-- [ RunTime:0.000157s ]
INFO: [ app_end ] --START--
INFO: Run Behavior\ShowPageTraceBehavior [ RunTime:0.000421s ]
INFO: [ app_end ] --END-- [ RunTime:0.000466s ]

[ 2018-04-24T10:38:41+08:00 ] 222.187.222.56 /Admin/Cloud/cloudmanage.html
INFO: [ app_init ] --START--
INFO: Run Behavior\BuildLiteBehavior [ RunTime:0.000014s ]
INFO: [ app_init ] --END-- [ RunTime:0.000356s ]
INFO: [ app_begin ] --START--
INFO: Run Behavior\ReadHtmlCacheBehavior [ RunTime:0.000472s ]
INFO: [ app_begin ] --END-- [ RunTime:0.000531s ]
INFO: [ view_parse ] --START--
INFO: [ template_filter ] --START--
INFO: Run Behavior\ContentReplaceBehavior [ RunTime:0.000081s ]
INFO: [ template_filter ] --END-- [ RunTime:0.000126s ]
NOTIC: [8] Undefined variable: datatype /usr/share/nginx/html/pgyidc/Application/Runtime/Cache/Admin/d85208f2c736e322ac27dcb5e87ca9bb.php 第 435 行.
NOTIC: [8] Undefined variable: fid /usr/share/nginx/html/pgyidc/Application/Runtime/Cache/Admin/d85208f2c736e322ac27dcb5e87ca9bb.php 第 436 行.
INFO: Run Behavior\ParseTemplateBehavior [ RunTime:0.014891s ]
INFO: [ view_parse ] --END-- [ RunTime:0.014936s ]
INFO: [ view_filter ] --START--
INFO: Run Behavior\WriteHtmlCacheBehavior [ RunTime:0.000112s ]
INFO: [ view_filter ] --END-- [ RunTime:0.000150s ]
INFO: [ app_end ] --START--
INFO: Run Behavior\ShowPageTraceBehavior [ RunTime:0.000362s ]
INFO: [ app_end ] --END-- [ RunTime:0.000406s ]

[ 2018-04-24T10:38:43+08:00 ] 222.187.222.56 /Admin/Cloud/manageup.html
INFO: [ app_init ] --START--
INFO: Run Behavior\BuildLiteBehavior [ RunTime:0.000017s ]
INFO: [ app_init ] --END-- [ RunTime:0.000357s ]
INFO: [ app_begin ] --START--
INFO: Run Behavior\ReadHtmlCacheBehavior [ RunTime:0.000490s ]
INFO: [ app_begin ] --END-- [ RunTime:0.000549s ]
INFO: [ view_parse ] --START--
INFO: [ template_filter ] --START--
INFO: Run Behavior\ContentReplaceBehavior [ RunTime:0.000094s ]
INFO: [ template_filter ] --END-- [ RunTime:0.000140s ]
NOTIC: [8] Undefined variable: datatype /usr/share/nginx/html/pgyidc/Application/Runtime/Cache/Admin/5f18f65b1685dc6c32952a0a30d4eb2d.php 第 442 行.
NOTIC: [8] Undefined variable: fid /usr/share/nginx/html/pgyidc/Application/Runtime/Cache/Admin/5f18f65b1685dc6c32952a0a30d4eb2d.php 第 443 行.
INFO: Run Behavior\ParseTemplateBehavior [ RunTime:0.014059s ]
INFO: [ view_parse ] --END-- [ RunTime:0.014105s ]
INFO: [ view_filter ] --START--
INFO: Run Behavior\WriteHtmlCacheBehavior [ RunTime:0.000115s ]
INFO: [ view_filter ] --END-- [ RunTime:0.000154s ]
INFO: [ app_end ] --START--
INFO: Run Behavior\ShowPageTraceBehavior [ RunTime:0.000362s ]
INFO: [ app_end ] --END-- [ RunTime:0.000406s ]

[ 2018-04-24T10:54:14+08:00 ] 222.187.222.56 /Admin/Cloud/cloudmanage.html
INFO: [ app_init ] --START--
INFO: Run Behavior\BuildLiteBehavior [ RunTime:0.000012s ]
INFO: [ app_init ] --END-- [ RunTime:0.000276s ]
INFO: [ app_begin ] --START--
INFO: Run Behavior\ReadHtmlCacheBehavior [ RunTime:0.000363s ]
INFO: [ app_begin ] --END-- [ RunTime:0.000407s ]
INFO: [ view_parse ] --START--
INFO: [ template_filter ] --START--
INFO: Run Behavior\ContentReplaceBehavior [ RunTime:0.000082s ]
INFO: [ template_filter ] --END-- [ RunTime:0.000126s ]
NOTIC: [8] Undefined variable: datatype /usr/share/nginx/html/pgyidc/Application/Runtime/Cache/Admin/d85208f2c736e322ac27dcb5e87ca9bb.php 第 435 行.
NOTIC: [8] Undefined variable: fid /usr/share/nginx/html/pgyidc/Application/Runtime/Cache/Admin/d85208f2c736e322ac27dcb5e87ca9bb.php 第 436 行.
INFO: Run Behavior\ParseTemplateBehavior [ RunTime:0.013054s ]
INFO: [ view_parse ] --END-- [ RunTime:0.013094s ]
INFO: [ view_filter ] --START--
INFO: Run Behavior\WriteHtmlCacheBehavior [ RunTime:0.000126s ]
INFO: [ view_filter ] --END-- [ RunTime:0.000163s ]
INFO: [ app_end ] --START--
INFO: Run Behavior\ShowPageTraceBehavior [ RunTime:0.000375s ]
INFO: [ app_end ] --END-- [ RunTime:0.000418s ]

[ 2018-04-24T10:54:23+08:00 ] 222.187.222.56 /Admin/Cloud/cloudmanage.html
INFO: [ app_init ] --START--
INFO: Run Behavior\BuildLiteBehavior [ RunTime:0.000012s ]
INFO: [ app_init ] --END-- [ RunTime:0.000273s ]
INFO: [ app_begin ] --START--
INFO: Run Behavior\ReadHtmlCacheBehavior [ RunTime:0.000367s ]
INFO: [ app_begin ] --END-- [ RunTime:0.000423s ]
INFO: [ view_parse ] --START--
INFO: [ template_filter ] --START--
INFO: Run Behavior\ContentReplaceBehavior [ RunTime:0.000084s ]
INFO: [ template_filter ] --END-- [ RunTime:0.000128s ]
NOTIC: [8] Undefined variable: datatype /usr/share/nginx/html/pgyidc/Application/Runtime/Cache/Admin/d85208f2c736e322ac27dcb5e87ca9bb.php 第 435 行.
NOTIC: [8] Undefined variable: fid /usr/share/nginx/html/pgyidc/Application/Runtime/Cache/Admin/d85208f2c736e322ac27dcb5e87ca9bb.php 第 436 行.
INFO: Run Behavior\ParseTemplateBehavior [ RunTime:0.012544s ]
INFO: [ view_parse ] --END-- [ RunTime:0.012585s ]
INFO: [ view_filter ] --START--
INFO: Run Behavior\WriteHtmlCacheBehavior [ RunTime:0.000129s ]
INFO: [ view_filter ] --END-- [ RunTime:0.000165s ]
INFO: [ app_end ] --START--
INFO: Run Behavior\ShowPageTraceBehavior [ RunTime:0.000371s ]
INFO: [ app_end ] --END-- [ RunTime:0.000415s ]

[ 2018-04-24T10:54:32+08:00 ] 222.187.222.56 /Admin/Cloud/cloudmanage.html
INFO: [ app_init ] --START--
INFO: Run Behavior\BuildLiteBehavior [ RunTime:0.000013s ]
INFO: [ app_init ] --END-- [ RunTime:0.000271s ]
INFO: [ app_begin ] --START--
INFO: Run Behavior\ReadHtmlCacheBehavior [ RunTime:0.000357s ]
INFO: [ app_begin ] --END-- [ RunTime:0.000400s ]
INFO: [ view_parse ] --START--
INFO: [ template_filter ] --START--
INFO: Run Behavior\ContentReplaceBehavior [ RunTime:0.000085s ]
INFO: [ template_filter ] --END-- [ RunTime:0.000129s ]
NOTIC: [8] Undefined variable: datatype /usr/share/nginx/html/pgyidc/Application/Runtime/Cache/Admin/d85208f2c736e322ac27dcb5e87ca9bb.php 第 435 行.
NOTIC: [8] Undefined variable: fid /usr/share/nginx/html/pgyidc/Application/Runtime/Cache/Admin/d85208f2c736e322ac27dcb5e87ca9bb.php 第 436 行.
INFO: Run Behavior\ParseTemplateBehavior [ RunTime:0.012468s ]
INFO: [ view_parse ] --END-- [ RunTime:0.012507s ]
INFO: [ view_filter ] --START--
INFO: Run Behavior\WriteHtmlCacheBehavior [ RunTime:0.000113s ]
INFO: [ view_filter ] --END-- [ RunTime:0.000149s ]
INFO: [ app_end ] --START--
INFO: Run Behavior\ShowPageTraceBehavior [ RunTime:0.000353s ]
INFO: [ app_end ] --END-- [ RunTime:0.000396s ]

[ 2018-04-24T10:54:56+08:00 ] 222.187.222.56 /Admin/Cloud/cloudmanage.html
INFO: [ app_init ] --START--
INFO: Run Behavior\BuildLiteBehavior [ RunTime:0.000013s ]
INFO: [ app_init ] --END-- [ RunTime:0.000276s ]
INFO: [ app_begin ] --START--
INFO: Run Behavior\ReadHtmlCacheBehavior [ RunTime:0.000377s ]
INFO: [ app_begin ] --END-- [ RunTime:0.000424s ]
INFO: [ view_parse ] --START--
INFO: [ template_filter ] --START--
INFO: Run Behavior\ContentReplaceBehavior [ RunTime:0.000088s ]
INFO: [ template_filter ] --END-- [ RunTime:0.000131s ]
NOTIC: [8] Undefined variable: datatype /usr/share/nginx/html/pgyidc/Application/Runtime/Cache/Admin/d85208f2c736e322ac27dcb5e87ca9bb.php 第 435 行.
NOTIC: [8] Undefined variable: fid /usr/share/nginx/html/pgyidc/Application/Runtime/Cache/Admin/d85208f2c736e322ac27dcb5e87ca9bb.php 第 436 行.
INFO: Run Behavior\ParseTemplateBehavior [ RunTime:0.012536s ]
INFO: [ view_parse ] --END-- [ RunTime:0.012578s ]
INFO: [ view_filter ] --START--
INFO: Run Behavior\WriteHtmlCacheBehavior [ RunTime:0.000122s ]
INFO: [ view_filter ] --END-- [ RunTime:0.000159s ]
INFO: [ app_end ] --START--
INFO: Run Behavior\ShowPageTraceBehavior [ RunTime:0.000360s ]
INFO: [ app_end ] --END-- [ RunTime:0.000402s ]

[ 2018-04-24T10:54:56+08:00 ] 222.187.222.56 /Admin/Cloud/cloudmanage.html
INFO: [ app_init ] --START--
INFO: Run Behavior\BuildLiteBehavior [ RunTime:0.000013s ]
INFO: [ app_init ] --END-- [ RunTime:0.000268s ]
INFO: [ app_begin ] --START--
INFO: Run Behavior\ReadHtmlCacheBehavior [ RunTime:0.000379s ]
INFO: [ app_begin ] --END-- [ RunTime:0.000422s ]
INFO: [ view_parse ] --START--
INFO: [ template_filter ] --START--
INFO: Run Behavior\ContentReplaceBehavior [ RunTime:0.000088s ]
INFO: [ template_filter ] --END-- [ RunTime:0.000131s ]
NOTIC: [8] Undefined variable: datatype /usr/share/nginx/html/pgyidc/Application/Runtime/Cache/Admin/d85208f2c736e322ac27dcb5e87ca9bb.php 第 435 行.
NOTIC: [8] Undefined variable: fid /usr/share/nginx/html/pgyidc/Application/Runtime/Cache/Admin/d85208f2c736e322ac27dcb5e87ca9bb.php 第 436 行.
INFO: Run Behavior\ParseTemplateBehavior [ RunTime:0.012515s ]
INFO: [ view_parse ] --END-- [ RunTime:0.012555s ]
INFO: [ view_filter ] --START--
INFO: Run Behavior\WriteHtmlCacheBehavior [ RunTime:0.000129s ]
INFO: [ view_filter ] --END-- [ RunTime:0.000166s ]
INFO: [ app_end ] --START--
INFO: Run Behavior\ShowPageTraceBehavior [ RunTime:0.000361s ]
INFO: [ app_end ] --END-- [ RunTime:0.000403s ]

[ 2018-04-24T10:56:40+08:00 ] 222.187.222.56 /Admin/Cloud/cloudmanage.html
INFO: [ app_init ] --START--
INFO: Run Behavior\BuildLiteBehavior [ RunTime:0.000011s ]
INFO: [ app_init ] --END-- [ RunTime:0.000263s ]
INFO: [ app_begin ] --START--
INFO: Run Behavior\ReadHtmlCacheBehavior [ RunTime:0.000347s ]
INFO: [ app_begin ] --END-- [ RunTime:0.000390s ]
INFO: [ view_parse ] --START--
INFO: [ template_filter ] --START--
INFO: Run Behavior\ContentReplaceBehavior [ RunTime:0.000084s ]
INFO: [ template_filter ] --END-- [ RunTime:0.000128s ]
NOTIC: [8] Undefined variable: datatype /usr/share/nginx/html/pgyidc/Application/Runtime/Cache/Admin/d85208f2c736e322ac27dcb5e87ca9bb.php 第 435 行.
NOTIC: [8] Undefined variable: fid /usr/share/nginx/html/pgyidc/Application/Runtime/Cache/Admin/d85208f2c736e322ac27dcb5e87ca9bb.php 第 436 行.
INFO: Run Behavior\ParseTemplateBehavior [ RunTime:0.012462s ]
INFO: [ view_parse ] --END-- [ RunTime:0.012502s ]
INFO: [ view_filter ] --START--
INFO: Run Behavior\WriteHtmlCacheBehavior [ RunTime:0.000112s ]
INFO: [ view_filter ] --END-- [ RunTime:0.000157s ]
INFO: [ app_end ] --START--
INFO: Run Behavior\ShowPageTraceBehavior [ RunTime:0.000352s ]
INFO: [ app_end ] --END-- [ RunTime:0.000395s ]

[ 2018-04-24T10:56:41+08:00 ] 222.187.222.56 /Admin/Cloud/cloudmanage.html
INFO: [ app_init ] --START--
INFO: Run Behavior\BuildLiteBehavior [ RunTime:0.000017s ]
INFO: [ app_init ] --END-- [ RunTime:0.000367s ]
INFO: [ app_begin ] --START--
INFO: Run Behavior\ReadHtmlCacheBehavior [ RunTime:0.000490s ]
INFO: [ app_begin ] --END-- [ RunTime:0.000550s ]
INFO: [ view_parse ] --START--
INFO: [ template_filter ] --START--
INFO: Run Behavior\ContentReplaceBehavior [ RunTime:0.000097s ]
INFO: [ template_filter ] --END-- [ RunTime:0.000141s ]
NOTIC: [8] Undefined variable: datatype /usr/share/nginx/html/pgyidc/Application/Runtime/Cache/Admin/d85208f2c736e322ac27dcb5e87ca9bb.php 第 435 行.
NOTIC: [8] Undefined variable: fid /usr/share/nginx/html/pgyidc/Application/Runtime/Cache/Admin/d85208f2c736e322ac27dcb5e87ca9bb.php 第 436 行.
INFO: Run Behavior\ParseTemplateBehavior [ RunTime:0.013973s ]
INFO: [ view_parse ] --END-- [ RunTime:0.014019s ]
INFO: [ view_filter ] --START--
INFO: Run Behavior\WriteHtmlCacheBehavior [ RunTime:0.000123s ]
INFO: [ view_filter ] --END-- [ RunTime:0.000159s ]
INFO: [ app_end ] --START--
INFO: Run Behavior\ShowPageTraceBehavior [ RunTime:0.000360s ]
INFO: [ app_end ] --END-- [ RunTime:0.000404s ]

[ 2018-04-24T10:56:42+08:00 ] 222.187.222.56 /Admin/Cloud/cloudmanage.html
INFO: [ app_init ] --START--
INFO: Run Behavior\BuildLiteBehavior [ RunTime:0.000026s ]
INFO: [ app_init ] --END-- [ RunTime:0.000380s ]
INFO: [ app_begin ] --START--
INFO: Run Behavior\ReadHtmlCacheBehavior [ RunTime:0.000542s ]
INFO: [ app_begin ] --END-- [ RunTime:0.000607s ]
INFO: [ view_parse ] --START--
INFO: [ template_filter ] --START--
INFO: Run Behavior\ContentReplaceBehavior [ RunTime:0.000090s ]
INFO: [ template_filter ] --END-- [ RunTime:0.000136s ]
NOTIC: [8] Undefined variable: datatype /usr/share/nginx/html/pgyidc/Application/Runtime/Cache/Admin/d85208f2c736e322ac27dcb5e87ca9bb.php 第 435 行.
NOTIC: [8] Undefined variable: fid /usr/share/nginx/html/pgyidc/Application/Runtime/Cache/Admin/d85208f2c736e322ac27dcb5e87ca9bb.php 第 436 行.
INFO: Run Behavior\ParseTemplateBehavior [ RunTime:0.012807s ]
INFO: [ view_parse ] --END-- [ RunTime:0.012858s ]
INFO: [ view_filter ] --START--
INFO: Run Behavior\WriteHtmlCacheBehavior [ RunTime:0.000137s ]
INFO: [ view_filter ] --END-- [ RunTime:0.000174s ]
INFO: [ app_end ] --START--
INFO: Run Behavior\ShowPageTraceBehavior [ RunTime:0.000365s ]
INFO: [ app_end ] --END-- [ RunTime:0.000409s ]

[ 2018-04-24T10:56:43+08:00 ] 222.187.222.56 /Admin/officweb/cloudlist.html
INFO: [ app_init ] --START--
INFO: Run Behavior\BuildLiteBehavior [ RunTime:0.000015s ]
INFO: [ app_init ] --END-- [ RunTime:0.000350s ]
INFO: [ app_begin ] --START--
INFO: Run Behavior\ReadHtmlCacheBehavior [ RunTime:0.000466s ]
INFO: [ app_begin ] --END-- [ RunTime:0.000523s ]
SQL: SHOW COLUMNS FROM `configinfo` [ RunTime:0.0010s ]
SQL: SHOW COLUMNS FROM `configlist` [ RunTime:0.0007s ]
SQL: SELECT `ID`,`Title` FROM `configlist` WHERE ( Property=0 ) ORDER BY Px ASC  [ RunTime:0.0006s ]
SQL: SELECT `CID`,`Title` FROM `configinfo` WHERE `DataType` = 0 AND `NavData` = '1' AND `DataName` = 0 ORDER BY CID ASC  [ RunTime:0.0004s ]
NOTIC: [8] Undefined variable: datatype /usr/share/nginx/html/pgyidc/Application/Admin/Controller/OfficwebController.class.php 第 281 行.
INFO: [ view_parse ] --START--
INFO: [ template_filter ] --START--
INFO: Run Behavior\ContentReplaceBehavior [ RunTime:0.000071s ]
INFO: [ template_filter ] --END-- [ RunTime:0.000113s ]
NOTIC: [8] Undefined index: quotid /usr/share/nginx/html/pgyidc/Application/Runtime/Cache/Admin/d835a3852ff4fa9b0924afb033133a4c.php 第 328 行.
NOTIC: [8] Undefined index: quotid /usr/share/nginx/html/pgyidc/Application/Runtime/Cache/Admin/d835a3852ff4fa9b0924afb033133a4c.php 第 328 行.
INFO: Run Behavior\ParseTemplateBehavior [ RunTime:0.015313s ]
INFO: [ view_parse ] --END-- [ RunTime:0.015362s ]
INFO: [ view_filter ] --START--
INFO: Run Behavior\WriteHtmlCacheBehavior [ RunTime:0.000110s ]
INFO: [ view_filter ] --END-- [ RunTime:0.000146s ]
INFO: [ app_end ] --START--
INFO: Run Behavior\ShowPageTraceBehavior [ RunTime:0.000352s ]
INFO: [ app_end ] --END-- [ RunTime:0.000394s ]

[ 2018-04-24T10:56:45+08:00 ] 222.187.222.56 /Admin/officweb/serverlist.html
INFO: [ app_init ] --START--
INFO: Run Behavior\BuildLiteBehavior [ RunTime:0.000013s ]
INFO: [ app_init ] --END-- [ RunTime:0.000275s ]
INFO: [ app_begin ] --START--
INFO: Run Behavior\ReadHtmlCacheBehavior [ RunTime:0.000382s ]
INFO: [ app_begin ] --END-- [ RunTime:0.000429s ]
SQL: SHOW COLUMNS FROM `quoteinfo` [ RunTime:0.0008s ]
SQL: SELECT COUNT(*) AS tp_count FROM `quoteinfo` WHERE `Title` LIKE '%%' AND `FatherID` = 0 LIMIT 1   [ RunTime:0.0004s ]
SQL: SELECT * FROM `quoteinfo` WHERE `Title` LIKE '%%' AND `FatherID` = 0 ORDER BY QuotID ASC LIMIT 0,15   [ RunTime:0.0003s ]
INFO: [ view_parse ] --START--
INFO: [ template_filter ] --START--
INFO: Run Behavior\ContentReplaceBehavior [ RunTime:0.000081s ]
INFO: [ template_filter ] --END-- [ RunTime:0.000129s ]
INFO: Run Behavior\ParseTemplateBehavior [ RunTime:0.014433s ]
INFO: [ view_parse ] --END-- [ RunTime:0.014476s ]
INFO: [ view_filter ] --START--
INFO: Run Behavior\WriteHtmlCacheBehavior [ RunTime:0.000121s ]
INFO: [ view_filter ] --END-- [ RunTime:0.000158s ]
INFO: [ app_end ] --START--
INFO: Run Behavior\ShowPageTraceBehavior [ RunTime:0.000364s ]
INFO: [ app_end ] --END-- [ RunTime:0.000408s ]

[ 2018-04-24T10:56:45+08:00 ] 222.187.222.56 /Admin/officweb/cloudlist.html
INFO: [ app_init ] --START--
INFO: Run Behavior\BuildLiteBehavior [ RunTime:0.000013s ]
INFO: [ app_init ] --END-- [ RunTime:0.000279s ]
INFO: [ app_begin ] --START--
INFO: Run Behavior\ReadHtmlCacheBehavior [ RunTime:0.000373s ]
INFO: [ app_begin ] --END-- [ RunTime:0.000415s ]
SQL: SHOW COLUMNS FROM `configinfo` [ RunTime:0.0009s ]
SQL: SHOW COLUMNS FROM `configlist` [ RunTime:0.0007s ]
SQL: SELECT `ID`,`Title` FROM `configlist` WHERE ( Property=0 ) ORDER BY Px ASC  [ RunTime:0.0004s ]
SQL: SELECT `CID`,`Title` FROM `configinfo` WHERE `DataType` = 0 AND `NavData` = '1' AND `DataName` = 0 ORDER BY CID ASC  [ RunTime:0.0004s ]
NOTIC: [8] Undefined variable: datatype /usr/share/nginx/html/pgyidc/Application/Admin/Controller/OfficwebController.class.php 第 281 行.
INFO: [ view_parse ] --START--
INFO: [ template_filter ] --START--
INFO: Run Behavior\ContentReplaceBehavior [ RunTime:0.000075s ]
INFO: [ template_filter ] --END-- [ RunTime:0.000118s ]
NOTIC: [8] Undefined index: quotid /usr/share/nginx/html/pgyidc/Application/Runtime/Cache/Admin/d835a3852ff4fa9b0924afb033133a4c.php 第 328 行.
NOTIC: [8] Undefined index: quotid /usr/share/nginx/html/pgyidc/Application/Runtime/Cache/Admin/d835a3852ff4fa9b0924afb033133a4c.php 第 328 行.
INFO: Run Behavior\ParseTemplateBehavior [ RunTime:0.016015s ]
INFO: [ view_parse ] --END-- [ RunTime:0.016062s ]
INFO: [ view_filter ] --START--
INFO: Run Behavior\WriteHtmlCacheBehavior [ RunTime:0.000113s ]
INFO: [ view_filter ] --END-- [ RunTime:0.000151s ]
INFO: [ app_end ] --START--
INFO: Run Behavior\ShowPageTraceBehavior [ RunTime:0.000356s ]
INFO: [ app_end ] --END-- [ RunTime:0.000400s ]

[ 2018-04-24T10:56:47+08:00 ] 222.187.222.56 /Admin/officweb/cloudlist.html
INFO: [ app_init ] --START--
INFO: Run Behavior\BuildLiteBehavior [ RunTime:0.000019s ]
INFO: [ app_init ] --END-- [ RunTime:0.000329s ]
INFO: [ app_begin ] --START--
INFO: Run Behavior\ReadHtmlCacheBehavior [ RunTime:0.000418s ]
INFO: [ app_begin ] --END-- [ RunTime:0.000479s ]
SQL: SHOW COLUMNS FROM `configinfo` [ RunTime:0.0010s ]
SQL: SHOW COLUMNS FROM `configlist` [ RunTime:0.0007s ]
SQL: SELECT `ID`,`Title` FROM `configlist` WHERE ( Property=0 ) ORDER BY Px ASC  [ RunTime:0.0004s ]
SQL: SELECT `CID`,`Title` FROM `configinfo` WHERE `DataType` = 0 AND `NavData` = '1' AND `DataName` = 0 ORDER BY CID ASC  [ RunTime:0.0004s ]
NOTIC: [8] Undefined variable: datatype /usr/share/nginx/html/pgyidc/Application/Admin/Controller/OfficwebController.class.php 第 281 行.
INFO: [ view_parse ] --START--
INFO: [ template_filter ] --START--
INFO: Run Behavior\ContentReplaceBehavior [ RunTime:0.000090s ]
INFO: [ template_filter ] --END-- [ RunTime:0.000134s ]
NOTIC: [8] Undefined index: quotid /usr/share/nginx/html/pgyidc/Application/Runtime/Cache/Admin/d835a3852ff4fa9b0924afb033133a4c.php 第 328 行.
NOTIC: [8] Undefined index: quotid /usr/share/nginx/html/pgyidc/Application/Runtime/Cache/Admin/d835a3852ff4fa9b0924afb033133a4c.php 第 328 行.
INFO: Run Behavior\ParseTemplateBehavior [ RunTime:0.016772s ]
INFO: [ view_parse ] --END-- [ RunTime:0.016812s ]
INFO: [ view_filter ] --START--
INFO: Run Behavior\WriteHtmlCacheBehavior [ RunTime:0.000125s ]
INFO: [ view_filter ] --END-- [ RunTime:0.000162s ]
INFO: [ app_end ] --START--
INFO: Run Behavior\ShowPageTraceBehavior [ RunTime:0.000383s ]
INFO: [ app_end ] --END-- [ RunTime:0.000429s ]

[ 2018-04-24T10:56:48+08:00 ] 222.187.222.56 /Admin/officweb/serverlist.html
INFO: [ app_init ] --START--
INFO: Run Behavior\BuildLiteBehavior [ RunTime:0.000020s ]
INFO: [ app_init ] --END-- [ RunTime:0.000336s ]
INFO: [ app_begin ] --START--
INFO: Run Behavior\ReadHtmlCacheBehavior [ RunTime:0.000438s ]
INFO: [ app_begin ] --END-- [ RunTime:0.000498s ]
SQL: SHOW COLUMNS FROM `quoteinfo` [ RunTime:0.0007s ]
SQL: SELECT COUNT(*) AS tp_count FROM `quoteinfo` WHERE `Title` LIKE '%%' AND `FatherID` = 0 LIMIT 1   [ RunTime:0.0004s ]
SQL: SELECT * FROM `quoteinfo` WHERE `Title` LIKE '%%' AND `FatherID` = 0 ORDER BY QuotID ASC LIMIT 0,15   [ RunTime:0.0004s ]
INFO: [ view_parse ] --START--
INFO: [ template_filter ] --START--
INFO: Run Behavior\ContentReplaceBehavior [ RunTime:0.000079s ]
INFO: [ template_filter ] --END-- [ RunTime:0.000124s ]
INFO: Run Behavior\ParseTemplateBehavior [ RunTime:0.016593s ]
INFO: [ view_parse ] --END-- [ RunTime:0.016643s ]
INFO: [ view_filter ] --START--
INFO: Run Behavior\WriteHtmlCacheBehavior [ RunTime:0.000114s ]
INFO: [ view_filter ] --END-- [ RunTime:0.000153s ]
INFO: [ app_end ] --START--
INFO: Run Behavior\ShowPageTraceBehavior [ RunTime:0.000397s ]
INFO: [ app_end ] --END-- [ RunTime:0.000441s ]

[ 2018-04-24T10:56:48+08:00 ] 222.187.222.56 /Admin/officweb/physicslist.html
INFO: [ app_init ] --START--
INFO: Run Behavior\BuildLiteBehavior [ RunTime:0.000013s ]
INFO: [ app_init ] --END-- [ RunTime:0.000258s ]
INFO: [ app_begin ] --START--
INFO: Run Behavior\ReadHtmlCacheBehavior [ RunTime:0.000347s ]
INFO: [ app_begin ] --END-- [ RunTime:0.000390s ]
SQL: SHOW COLUMNS FROM `configinfo` [ RunTime:0.0008s ]
SQL: SELECT `CID`,`Title` FROM `configinfo` WHERE `DataType` = 1 AND `NavData` = 0 AND `DataName` = 0 ORDER BY CID ASC  [ RunTime:0.0004s ]
NOTIC: [8] Undefined variable: datatype /usr/share/nginx/html/pgyidc/Application/Admin/Controller/OfficwebController.class.php 第 994 行.
INFO: [ view_parse ] --START--
INFO: [ template_filter ] --START--
INFO: Run Behavior\ContentReplaceBehavior [ RunTime:0.000079s ]
INFO: [ template_filter ] --END-- [ RunTime:0.000123s ]
INFO: Run Behavior\ParseTemplateBehavior [ RunTime:0.013397s ]
INFO: [ view_parse ] --END-- [ RunTime:0.013439s ]
INFO: [ view_filter ] --START--
INFO: Run Behavior\WriteHtmlCacheBehavior [ RunTime:0.000123s ]
INFO: [ view_filter ] --END-- [ RunTime:0.000162s ]
INFO: [ app_end ] --START--
INFO: Run Behavior\ShowPageTraceBehavior [ RunTime:0.000367s ]
INFO: [ app_end ] --END-- [ RunTime:0.000412s ]

[ 2018-04-24T14:03:39+08:00 ] 222.187.222.56 /Admin/Index/index.html
INFO: [ app_init ] --START--
INFO: Run Behavior\BuildLiteBehavior [ RunTime:0.000014s ]
INFO: [ app_init ] --END-- [ RunTime:0.000280s ]
INFO: [ app_begin ] --START--
INFO: Run Behavior\ReadHtmlCacheBehavior [ RunTime:0.000378s ]
INFO: [ app_begin ] --END-- [ RunTime:0.000421s ]
SQL: SHOW COLUMNS FROM `paylog` [ RunTime:0.0010s ]
SQL: SELECT SUM(money) as my FROM `paylog` WHERE ( userid=1 and datatype=0 )  [ RunTime:0.0004s ]
SQL: SELECT SUM(money) as my FROM `paylog` WHERE ( userid=1 and datatype=1 )  [ RunTime:0.0003s ]
INFO: [ view_parse ] --START--
INFO: [ template_filter ] --START--
INFO: Run Behavior\ContentReplaceBehavior [ RunTime:0.000090s ]
INFO: [ template_filter ] --END-- [ RunTime:0.000135s ]
NOTIC: [8] Undefined variable: datatype /usr/share/nginx/html/pgyidc/Application/Runtime/Cache/Admin/b595b808c2ebeeeb0478ffc30bb4e87a.php 第 505 行.
NOTIC: [8] Undefined variable: fid /usr/share/nginx/html/pgyidc/Application/Runtime/Cache/Admin/b595b808c2ebeeeb0478ffc30bb4e87a.php 第 506 行.
INFO: Run Behavior\ParseTemplateBehavior [ RunTime:0.015600s ]
INFO: [ view_parse ] --END-- [ RunTime:0.015647s ]
INFO: [ view_filter ] --START--
INFO: Run Behavior\WriteHtmlCacheBehavior [ RunTime:0.000114s ]
INFO: [ view_filter ] --END-- [ RunTime:0.000152s ]
INFO: [ app_end ] --START--
INFO: Run Behavior\ShowPageTraceBehavior [ RunTime:0.000368s ]
INFO: [ app_end ] --END-- [ RunTime:0.000421s ]

[ 2018-04-24T14:03:42+08:00 ] 222.187.222.56 /Admin/Cloud/cloudmanage.html
INFO: [ app_init ] --START--
INFO: Run Behavior\BuildLiteBehavior [ RunTime:0.000017s ]
INFO: [ app_init ] --END-- [ RunTime:0.000362s ]
INFO: [ app_begin ] --START--
INFO: Run Behavior\ReadHtmlCacheBehavior [ RunTime:0.000472s ]
INFO: [ app_begin ] --END-- [ RunTime:0.000521s ]
INFO: [ view_parse ] --START--
INFO: [ template_filter ] --START--
INFO: Run Behavior\ContentReplaceBehavior [ RunTime:0.000084s ]
INFO: [ template_filter ] --END-- [ RunTime:0.000128s ]
NOTIC: [8] Undefined variable: datatype /usr/share/nginx/html/pgyidc/Application/Runtime/Cache/Admin/d85208f2c736e322ac27dcb5e87ca9bb.php 第 435 行.
NOTIC: [8] Undefined variable: fid /usr/share/nginx/html/pgyidc/Application/Runtime/Cache/Admin/d85208f2c736e322ac27dcb5e87ca9bb.php 第 436 行.
INFO: Run Behavior\ParseTemplateBehavior [ RunTime:0.012617s ]
INFO: [ view_parse ] --END-- [ RunTime:0.012656s ]
INFO: [ view_filter ] --START--
INFO: Run Behavior\WriteHtmlCacheBehavior [ RunTime:0.000113s ]
INFO: [ view_filter ] --END-- [ RunTime:0.000150s ]
INFO: [ app_end ] --START--
INFO: Run Behavior\ShowPageTraceBehavior [ RunTime:0.000369s ]
INFO: [ app_end ] --END-- [ RunTime:0.000412s ]

[ 2018-04-24T14:03:43+08:00 ] 222.187.222.56 /Admin/Cloud/manageup.html
INFO: [ app_init ] --START--
INFO: Run Behavior\BuildLiteBehavior [ RunTime:0.000013s ]
INFO: [ app_init ] --END-- [ RunTime:0.000324s ]
INFO: [ app_begin ] --START--
INFO: Run Behavior\ReadHtmlCacheBehavior [ RunTime:0.000430s ]
INFO: [ app_begin ] --END-- [ RunTime:0.000491s ]
INFO: [ view_parse ] --START--
INFO: [ template_filter ] --START--
INFO: Run Behavior\ContentReplaceBehavior [ RunTime:0.000092s ]
INFO: [ template_filter ] --END-- [ RunTime:0.000137s ]
NOTIC: [8] Undefined variable: datatype /usr/share/nginx/html/pgyidc/Application/Runtime/Cache/Admin/5f18f65b1685dc6c32952a0a30d4eb2d.php 第 442 行.
NOTIC: [8] Undefined variable: fid /usr/share/nginx/html/pgyidc/Application/Runtime/Cache/Admin/5f18f65b1685dc6c32952a0a30d4eb2d.php 第 443 行.
INFO: Run Behavior\ParseTemplateBehavior [ RunTime:0.013910s ]
INFO: [ view_parse ] --END-- [ RunTime:0.013969s ]
INFO: [ view_filter ] --START--
INFO: Run Behavior\WriteHtmlCacheBehavior [ RunTime:0.000133s ]
INFO: [ view_filter ] --END-- [ RunTime:0.000171s ]
INFO: [ app_end ] --START--
INFO: Run Behavior\ShowPageTraceBehavior [ RunTime:0.000378s ]
INFO: [ app_end ] --END-- [ RunTime:0.000423s ]

[ 2018-04-24T14:04:01+08:00 ] 222.187.222.56 /Admin/Cloud/cloudmanage.html
INFO: [ app_init ] --START--
INFO: Run Behavior\BuildLiteBehavior [ RunTime:0.000013s ]
INFO: [ app_init ] --END-- [ RunTime:0.000275s ]
INFO: [ app_begin ] --START--
INFO: Run Behavior\ReadHtmlCacheBehavior [ RunTime:0.000362s ]
INFO: [ app_begin ] --END-- [ RunTime:0.000404s ]
INFO: [ view_parse ] --START--
INFO: [ template_filter ] --START--
INFO: Run Behavior\ContentReplaceBehavior [ RunTime:0.000084s ]
INFO: [ template_filter ] --END-- [ RunTime:0.000127s ]
NOTIC: [8] Undefined variable: datatype /usr/share/nginx/html/pgyidc/Application/Runtime/Cache/Admin/d85208f2c736e322ac27dcb5e87ca9bb.php 第 435 行.
NOTIC: [8] Undefined variable: fid /usr/share/nginx/html/pgyidc/Application/Runtime/Cache/Admin/d85208f2c736e322ac27dcb5e87ca9bb.php 第 436 行.
INFO: Run Behavior\ParseTemplateBehavior [ RunTime:0.012574s ]
INFO: [ view_parse ] --END-- [ RunTime:0.012613s ]
INFO: [ view_filter ] --START--
INFO: Run Behavior\WriteHtmlCacheBehavior [ RunTime:0.000113s ]
INFO: [ view_filter ] --END-- [ RunTime:0.000149s ]
INFO: [ app_end ] --START--
INFO: Run Behavior\ShowPageTraceBehavior [ RunTime:0.000360s ]
INFO: [ app_end ] --END-- [ RunTime:0.000404s ]

[ 2018-04-24T14:04:04+08:00 ] 222.187.222.56 /Admin/Cloud/manageup.html
INFO: [ app_init ] --START--
INFO: Run Behavior\BuildLiteBehavior [ RunTime:0.000021s ]
INFO: [ app_init ] --END-- [ RunTime:0.000284s ]
INFO: [ app_begin ] --START--
INFO: Run Behavior\ReadHtmlCacheBehavior [ RunTime:0.000373s ]
INFO: [ app_begin ] --END-- [ RunTime:0.000428s ]
INFO: [ view_parse ] --START--
INFO: [ template_filter ] --START--
INFO: Run Behavior\ContentReplaceBehavior [ RunTime:0.000080s ]
INFO: [ template_filter ] --END-- [ RunTime:0.000124s ]
NOTIC: [8] Undefined variable: datatype /usr/share/nginx/html/pgyidc/Application/Runtime/Cache/Admin/5f18f65b1685dc6c32952a0a30d4eb2d.php 第 442 行.
NOTIC: [8] Undefined variable: fid /usr/share/nginx/html/pgyidc/Application/Runtime/Cache/Admin/5f18f65b1685dc6c32952a0a30d4eb2d.php 第 443 行.
INFO: Run Behavior\ParseTemplateBehavior [ RunTime:0.012863s ]
INFO: [ view_parse ] --END-- [ RunTime:0.012904s ]
INFO: [ view_filter ] --START--
INFO: Run Behavior\WriteHtmlCacheBehavior [ RunTime:0.000113s ]
INFO: [ view_filter ] --END-- [ RunTime:0.000150s ]
INFO: [ app_end ] --START--
INFO: Run Behavior\ShowPageTraceBehavior [ RunTime:0.000371s ]
INFO: [ app_end ] --END-- [ RunTime:0.000415s ]

[ 2018-04-24T14:04:17+08:00 ] 222.187.222.56 /Admin/officweb/cloudlist.html
INFO: [ app_init ] --START--
INFO: Run Behavior\BuildLiteBehavior [ RunTime:0.000014s ]
INFO: [ app_init ] --END-- [ RunTime:0.000323s ]
INFO: [ app_begin ] --START--
INFO: Run Behavior\ReadHtmlCacheBehavior [ RunTime:0.000417s ]
INFO: [ app_begin ] --END-- [ RunTime:0.000479s ]
SQL: SHOW COLUMNS FROM `configinfo` [ RunTime:0.0008s ]
SQL: SHOW COLUMNS FROM `configlist` [ RunTime:0.0007s ]
SQL: SELECT `ID`,`Title` FROM `configlist` WHERE ( Property=0 ) ORDER BY Px ASC  [ RunTime:0.0005s ]
SQL: SELECT `CID`,`Title` FROM `configinfo` WHERE `DataType` = 0 AND `NavData` = '1' AND `DataName` = 0 ORDER BY CID ASC  [ RunTime:0.0004s ]
NOTIC: [8] Undefined variable: datatype /usr/share/nginx/html/pgyidc/Application/Admin/Controller/OfficwebController.class.php 第 281 行.
INFO: [ view_parse ] --START--
INFO: [ template_filter ] --START--
INFO: Run Behavior\ContentReplaceBehavior [ RunTime:0.000085s ]
INFO: [ template_filter ] --END-- [ RunTime:0.000130s ]
NOTIC: [8] Undefined index: quotid /usr/share/nginx/html/pgyidc/Application/Runtime/Cache/Admin/d835a3852ff4fa9b0924afb033133a4c.php 第 328 行.
NOTIC: [8] Undefined index: quotid /usr/share/nginx/html/pgyidc/Application/Runtime/Cache/Admin/d835a3852ff4fa9b0924afb033133a4c.php 第 328 行.
INFO: Run Behavior\ParseTemplateBehavior [ RunTime:0.017319s ]
INFO: [ view_parse ] --END-- [ RunTime:0.017374s ]
INFO: [ view_filter ] --START--
INFO: Run Behavior\WriteHtmlCacheBehavior [ RunTime:0.000119s ]
INFO: [ view_filter ] --END-- [ RunTime:0.000156s ]
INFO: [ app_end ] --START--
INFO: Run Behavior\ShowPageTraceBehavior [ RunTime:0.000378s ]
INFO: [ app_end ] --END-- [ RunTime:0.000423s ]

[ 2018-04-24T14:04:18+08:00 ] 222.187.222.56 /Admin/Officweb/cloudlist/fid/2.html
INFO: [ app_init ] --START--
INFO: Run Behavior\BuildLiteBehavior [ RunTime:0.000014s ]
INFO: [ app_init ] --END-- [ RunTime:0.000285s ]
INFO: [ app_begin ] --START--
INFO: Run Behavior\ReadHtmlCacheBehavior [ RunTime:0.000362s ]
INFO: [ app_begin ] --END-- [ RunTime:0.000405s ]
SQL: SHOW COLUMNS FROM `configinfo` [ RunTime:0.0007s ]
SQL: SHOW COLUMNS FROM `configlist` [ RunTime:0.0007s ]
SQL: SELECT `ID`,`Title` FROM `configlist` WHERE ( Property=0 ) ORDER BY Px ASC  [ RunTime:0.0004s ]
SQL: SELECT `CID`,`Title` FROM `configinfo` WHERE `DataType` = 0 AND `NavData` = 2 AND `DataName` = 0 ORDER BY CID ASC  [ RunTime:0.0004s ]
NOTIC: [8] Undefined variable: datatype /usr/share/nginx/html/pgyidc/Application/Admin/Controller/OfficwebController.class.php 第 281 行.
INFO: [ view_parse ] --START--
INFO: [ template_filter ] --START--
INFO: Run Behavior\ContentReplaceBehavior [ RunTime:0.000083s ]
INFO: [ template_filter ] --END-- [ RunTime:0.000128s ]
NOTIC: [8] Undefined index: quotid /usr/share/nginx/html/pgyidc/Application/Runtime/Cache/Admin/d835a3852ff4fa9b0924afb033133a4c.php 第 328 行.
NOTIC: [8] Undefined index: quotid /usr/share/nginx/html/pgyidc/Application/Runtime/Cache/Admin/d835a3852ff4fa9b0924afb033133a4c.php 第 328 行.
INFO: Run Behavior\ParseTemplateBehavior [ RunTime:0.018581s ]
INFO: [ view_parse ] --END-- [ RunTime:0.018627s ]
INFO: [ view_filter ] --START--
INFO: Run Behavior\WriteHtmlCacheBehavior [ RunTime:0.000118s ]
INFO: [ view_filter ] --END-- [ RunTime:0.000156s ]
INFO: [ app_end ] --START--
INFO: Run Behavior\ShowPageTraceBehavior [ RunTime:0.000376s ]
INFO: [ app_end ] --END-- [ RunTime:0.000421s ]

[ 2018-04-24T14:04:18+08:00 ] 222.187.222.56 /Admin/Officweb/cloudlist/fid/3.html
INFO: [ app_init ] --START--
INFO: Run Behavior\BuildLiteBehavior [ RunTime:0.000013s ]
INFO: [ app_init ] --END-- [ RunTime:0.000278s ]
INFO: [ app_begin ] --START--
INFO: Run Behavior\ReadHtmlCacheBehavior [ RunTime:0.000359s ]
INFO: [ app_begin ] --END-- [ RunTime:0.000415s ]
SQL: SHOW COLUMNS FROM `configinfo` [ RunTime:0.0008s ]
SQL: SHOW COLUMNS FROM `configlist` [ RunTime:0.0007s ]
SQL: SELECT `ID`,`Title` FROM `configlist` WHERE ( Property=0 ) ORDER BY Px ASC  [ RunTime:0.0004s ]
SQL: SELECT `CID`,`Title` FROM `configinfo` WHERE `DataType` = 0 AND `NavData` = 3 AND `DataName` = 0 ORDER BY CID ASC  [ RunTime:0.0004s ]
NOTIC: [8] Undefined variable: datatype /usr/share/nginx/html/pgyidc/Application/Admin/Controller/OfficwebController.class.php 第 281 行.
INFO: [ view_parse ] --START--
INFO: [ template_filter ] --START--
INFO: Run Behavior\ContentReplaceBehavior [ RunTime:0.000101s ]
INFO: [ template_filter ] --END-- [ RunTime:0.000149s ]
NOTIC: [8] Undefined index: quotid /usr/share/nginx/html/pgyidc/Application/Runtime/Cache/Admin/d835a3852ff4fa9b0924afb033133a4c.php 第 328 行.
NOTIC: [8] Undefined index: quotid /usr/share/nginx/html/pgyidc/Application/Runtime/Cache/Admin/d835a3852ff4fa9b0924afb033133a4c.php 第 328 行.
INFO: Run Behavior\ParseTemplateBehavior [ RunTime:0.015352s ]
INFO: [ view_parse ] --END-- [ RunTime:0.015403s ]
INFO: [ view_filter ] --START--
INFO: Run Behavior\WriteHtmlCacheBehavior [ RunTime:0.000122s ]
INFO: [ view_filter ] --END-- [ RunTime:0.000158s ]
INFO: [ app_end ] --START--
INFO: Run Behavior\ShowPageTraceBehavior [ RunTime:0.000390s ]
INFO: [ app_end ] --END-- [ RunTime:0.000436s ]

[ 2018-04-24T14:04:19+08:00 ] 222.187.222.56 /Admin/Officweb/cloudlist/fid/2.html
INFO: [ app_init ] --START--
INFO: Run Behavior\BuildLiteBehavior [ RunTime:0.000014s ]
INFO: [ app_init ] --END-- [ RunTime:0.000356s ]
INFO: [ app_begin ] --START--
INFO: Run Behavior\ReadHtmlCacheBehavior [ RunTime:0.000491s ]
INFO: [ app_begin ] --END-- [ RunTime:0.000540s ]
SQL: SHOW COLUMNS FROM `configinfo` [ RunTime:0.0008s ]
SQL: SHOW COLUMNS FROM `configlist` [ RunTime:0.0007s ]
SQL: SELECT `ID`,`Title` FROM `configlist` WHERE ( Property=0 ) ORDER BY Px ASC  [ RunTime:0.0004s ]
SQL: SELECT `CID`,`Title` FROM `configinfo` WHERE `DataType` = 0 AND `NavData` = 2 AND `DataName` = 0 ORDER BY CID ASC  [ RunTime:0.0004s ]
NOTIC: [8] Undefined variable: datatype /usr/share/nginx/html/pgyidc/Application/Admin/Controller/OfficwebController.class.php 第 281 行.
INFO: [ view_parse ] --START--
INFO: [ template_filter ] --START--
INFO: Run Behavior\ContentReplaceBehavior [ RunTime:0.000077s ]
INFO: [ template_filter ] --END-- [ RunTime:0.000122s ]
NOTIC: [8] Undefined index: quotid /usr/share/nginx/html/pgyidc/Application/Runtime/Cache/Admin/d835a3852ff4fa9b0924afb033133a4c.php 第 328 行.
NOTIC: [8] Undefined index: quotid /usr/share/nginx/html/pgyidc/Application/Runtime/Cache/Admin/d835a3852ff4fa9b0924afb033133a4c.php 第 328 行.
INFO: Run Behavior\ParseTemplateBehavior [ RunTime:0.015896s ]
INFO: [ view_parse ] --END-- [ RunTime:0.015941s ]
INFO: [ view_filter ] --START--
INFO: Run Behavior\WriteHtmlCacheBehavior [ RunTime:0.000114s ]
INFO: [ view_filter ] --END-- [ RunTime:0.000167s ]
INFO: [ app_end ] --START--
INFO: Run Behavior\ShowPageTraceBehavior [ RunTime:0.000363s ]
INFO: [ app_end ] --END-- [ RunTime:0.000408s ]

[ 2018-04-24T14:04:19+08:00 ] 222.187.222.56 /Admin/Officweb/cloudlist/fid/1.html
INFO: [ app_init ] --START--
INFO: Run Behavior\BuildLiteBehavior [ RunTime:0.000011s ]
INFO: [ app_init ] --END-- [ RunTime:0.000262s ]
INFO: [ app_begin ] --START--
INFO: Run Behavior\ReadHtmlCacheBehavior [ RunTime:0.000357s ]
INFO: [ app_begin ] --END-- [ RunTime:0.000400s ]
SQL: SHOW COLUMNS FROM `configinfo` [ RunTime:0.0007s ]
SQL: SHOW COLUMNS FROM `configlist` [ RunTime:0.0007s ]
SQL: SELECT `ID`,`Title` FROM `configlist` WHERE ( Property=0 ) ORDER BY Px ASC  [ RunTime:0.0004s ]
SQL: SELECT `CID`,`Title` FROM `configinfo` WHERE `DataType` = 0 AND `NavData` = 1 AND `DataName` = 0 ORDER BY CID ASC  [ RunTime:0.0003s ]
NOTIC: [8] Undefined variable: datatype /usr/share/nginx/html/pgyidc/Application/Admin/Controller/OfficwebController.class.php 第 281 行.
INFO: [ view_parse ] --START--
INFO: [ template_filter ] --START--
INFO: Run Behavior\ContentReplaceBehavior [ RunTime:0.000078s ]
INFO: [ template_filter ] --END-- [ RunTime:0.000124s ]
NOTIC: [8] Undefined index: quotid /usr/share/nginx/html/pgyidc/Application/Runtime/Cache/Admin/d835a3852ff4fa9b0924afb033133a4c.php 第 328 行.
NOTIC: [8] Undefined index: quotid /usr/share/nginx/html/pgyidc/Application/Runtime/Cache/Admin/d835a3852ff4fa9b0924afb033133a4c.php 第 328 行.
INFO: Run Behavior\ParseTemplateBehavior [ RunTime:0.018088s ]
INFO: [ view_parse ] --END-- [ RunTime:0.018134s ]
INFO: [ view_filter ] --START--
INFO: Run Behavior\WriteHtmlCacheBehavior [ RunTime:0.000113s ]
INFO: [ view_filter ] --END-- [ RunTime:0.000150s ]
INFO: [ app_end ] --START--
INFO: Run Behavior\ShowPageTraceBehavior [ RunTime:0.000371s ]
INFO: [ app_end ] --END-- [ RunTime:0.000415s ]

[ 2018-04-24T14:04:23+08:00 ] 222.187.222.56 /Admin/Cloud/cloudmanage.html
INFO: [ app_init ] --START--
INFO: Run Behavior\BuildLiteBehavior [ RunTime:0.000011s ]
INFO: [ app_init ] --END-- [ RunTime:0.000267s ]
INFO: [ app_begin ] --START--
INFO: Run Behavior\ReadHtmlCacheBehavior [ RunTime:0.000380s ]
INFO: [ app_begin ] --END-- [ RunTime:0.000434s ]
INFO: [ view_parse ] --START--
INFO: [ template_filter ] --START--
INFO: Run Behavior\ContentReplaceBehavior [ RunTime:0.000095s ]
INFO: [ template_filter ] --END-- [ RunTime:0.000140s ]
NOTIC: [8] Undefined variable: datatype /usr/share/nginx/html/pgyidc/Application/Runtime/Cache/Admin/d85208f2c736e322ac27dcb5e87ca9bb.php 第 435 行.
NOTIC: [8] Undefined variable: fid /usr/share/nginx/html/pgyidc/Application/Runtime/Cache/Admin/d85208f2c736e322ac27dcb5e87ca9bb.php 第 436 行.
INFO: Run Behavior\ParseTemplateBehavior [ RunTime:0.012880s ]
INFO: [ view_parse ] --END-- [ RunTime:0.012921s ]
INFO: [ view_filter ] --START--
INFO: Run Behavior\WriteHtmlCacheBehavior [ RunTime:0.000115s ]
INFO: [ view_filter ] --END-- [ RunTime:0.000152s ]
INFO: [ app_end ] --START--
INFO: Run Behavior\ShowPageTraceBehavior [ RunTime:0.000371s ]
INFO: [ app_end ] --END-- [ RunTime:0.000415s ]

[ 2018-04-24T14:04:30+08:00 ] 222.187.222.56 /Admin/officweb/navlist.html
INFO: [ app_init ] --START--
INFO: Run Behavior\BuildLiteBehavior [ RunTime:0.000020s ]
INFO: [ app_init ] --END-- [ RunTime:0.000291s ]
INFO: [ app_begin ] --START--
INFO: Run Behavior\ReadHtmlCacheBehavior [ RunTime:0.000357s ]
INFO: [ app_begin ] --END-- [ RunTime:0.000399s ]
SQL: SHOW COLUMNS FROM `navigation` [ RunTime:0.0008s ]
SQL: SELECT * FROM `navigation` WHERE ( NavFatherID =0 ) ORDER BY NavType DESC,NavID ASC  [ RunTime:0.0004s ]
SQL: SELECT * FROM `navigation` WHERE ( NavFatherID =8 )  [ RunTime:0.0003s ]
SQL: SELECT * FROM `navigation` WHERE ( NavFatherID =11 )  [ RunTime:0.0003s ]
SQL: SELECT * FROM `navigation` WHERE ( NavFatherID =1 )  [ RunTime:0.0003s ]
SQL: SELECT * FROM `navigation` WHERE ( NavFatherID =2 )  [ RunTime:0.0003s ]
SQL: SELECT * FROM `navigation` WHERE ( NavFatherID =4 )  [ RunTime:0.0003s ]
SQL: SELECT * FROM `navigation` WHERE ( NavFatherID =5 )  [ RunTime:0.0003s ]
SQL: SELECT * FROM `navigation` WHERE ( NavFatherID =6 )  [ RunTime:0.0002s ]
SQL: SELECT * FROM `navigation` WHERE ( NavFatherID =10 )  [ RunTime:0.0003s ]
INFO: [ view_parse ] --START--
INFO: [ template_filter ] --START--
INFO: Run Behavior\ContentReplaceBehavior [ RunTime:0.000095s ]
INFO: [ template_filter ] --END-- [ RunTime:0.000145s ]
NOTIC: [8] Array to string conversion /usr/share/nginx/html/pgyidc/Application/Runtime/Cache/Admin/990418e22c63c577730a292b2f03051c.php 第 441 行.
NOTIC: [8] Undefined variable: fid /usr/share/nginx/html/pgyidc/Application/Runtime/Cache/Admin/990418e22c63c577730a292b2f03051c.php 第 442 行.
INFO: Run Behavior\ParseTemplateBehavior [ RunTime:0.017387s ]
INFO: [ view_parse ] --END-- [ RunTime:0.017436s ]
INFO: [ view_filter ] --START--
INFO: Run Behavior\WriteHtmlCacheBehavior [ RunTime:0.000132s ]
INFO: [ view_filter ] --END-- [ RunTime:0.000171s ]
INFO: [ app_end ] --START--
INFO: Run Behavior\ShowPageTraceBehavior [ RunTime:0.000391s ]
INFO: [ app_end ] --END-- [ RunTime:0.000436s ]

[ 2018-04-24T16:52:43+08:00 ] 222.187.222.56 /Admin/login.html
INFO: [ app_init ] --START--
INFO: Run Behavior\BuildLiteBehavior [ RunTime:0.000018s ]
INFO: [ app_init ] --END-- [ RunTime:0.000374s ]
INFO: [ app_begin ] --START--
INFO: Run Behavior\ReadHtmlCacheBehavior [ RunTime:0.000498s ]
INFO: [ app_begin ] --END-- [ RunTime:0.000556s ]
INFO: [ view_parse ] --START--
INFO: [ template_filter ] --START--
INFO: Run Behavior\ContentReplaceBehavior [ RunTime:0.000046s ]
INFO: [ template_filter ] --END-- [ RunTime:0.000088s ]
INFO: Run Behavior\ParseTemplateBehavior [ RunTime:0.005717s ]
INFO: [ view_parse ] --END-- [ RunTime:0.005768s ]
INFO: [ view_filter ] --START--
INFO: Run Behavior\WriteHtmlCacheBehavior [ RunTime:0.000122s ]
INFO: [ view_filter ] --END-- [ RunTime:0.000158s ]
INFO: [ app_end ] --START--
INFO: Run Behavior\ShowPageTraceBehavior [ RunTime:0.000367s ]
INFO: [ app_end ] --END-- [ RunTime:0.000407s ]

[ 2018-04-24T16:52:49+08:00 ] 222.187.222.56 /Admin/User/loginin
INFO: [ app_init ] --START--
INFO: Run Behavior\BuildLiteBehavior [ RunTime:0.000014s ]
INFO: [ app_init ] --END-- [ RunTime:0.000358s ]
INFO: [ app_begin ] --START--
INFO: Run Behavior\ReadHtmlCacheBehavior [ RunTime:0.000480s ]
INFO: [ app_begin ] --END-- [ RunTime:0.000535s ]
SQL: SHOW COLUMNS FROM `users` [ RunTime:0.0011s ]
SQL: SELECT * FROM `users` WHERE (  `UserName` = 'xiaocai' OR `LinkMail` = 'xiaocai' ) LIMIT 1   [ RunTime:0.0005s ]
SQL: SHOW COLUMNS FROM `users` [ RunTime:0.0008s ]
NOTIC: [8] Undefined index: validate /usr/share/nginx/html/pgyidc/ThinkPHP/Library/Think/Model.class.php 第 1185 行.
NOTIC: [8] Undefined index: auto /usr/share/nginx/html/pgyidc/ThinkPHP/Library/Think/Model.class.php 第 1128 行.
SQL: UPDATE `users` SET `LastTime`='1524559969',`WebGuid`='1B3850F16-A28F-1DFD-0522-19D0187F4F3E',`EffectiveTime`='2018-04-25 16:52:49' WHERE ( UserID= 1 ) [ RunTime:0.0031s ]

[ 2018-04-24T16:52:49+08:00 ] 222.187.222.56 /Admin/index/index
INFO: [ app_init ] --START--
INFO: Run Behavior\BuildLiteBehavior [ RunTime:0.000013s ]
INFO: [ app_init ] --END-- [ RunTime:0.000289s ]
INFO: [ app_begin ] --START--
INFO: Run Behavior\ReadHtmlCacheBehavior [ RunTime:0.000412s ]
INFO: [ app_begin ] --END-- [ RunTime:0.000460s ]
SQL: SHOW COLUMNS FROM `paylog` [ RunTime:0.0008s ]
SQL: SELECT SUM(money) as my FROM `paylog` WHERE ( userid=1 and datatype=0 )  [ RunTime:0.0004s ]
SQL: SELECT SUM(money) as my FROM `paylog` WHERE ( userid=1 and datatype=1 )  [ RunTime:0.0003s ]
INFO: [ view_parse ] --START--
INFO: [ template_filter ] --START--
INFO: Run Behavior\ContentReplaceBehavior [ RunTime:0.000089s ]
INFO: [ template_filter ] --END-- [ RunTime:0.000134s ]
NOTIC: [8] Undefined variable: datatype /usr/share/nginx/html/pgyidc/Application/Runtime/Cache/Admin/b595b808c2ebeeeb0478ffc30bb4e87a.php 第 505 行.
NOTIC: [8] Undefined variable: fid /usr/share/nginx/html/pgyidc/Application/Runtime/Cache/Admin/b595b808c2ebeeeb0478ffc30bb4e87a.php 第 506 行.
INFO: Run Behavior\ParseTemplateBehavior [ RunTime:0.014792s ]
INFO: [ view_parse ] --END-- [ RunTime:0.014831s ]
INFO: [ view_filter ] --START--
INFO: Run Behavior\WriteHtmlCacheBehavior [ RunTime:0.000115s ]
INFO: [ view_filter ] --END-- [ RunTime:0.000153s ]
INFO: [ app_end ] --START--
INFO: Run Behavior\ShowPageTraceBehavior [ RunTime:0.000364s ]
INFO: [ app_end ] --END-- [ RunTime:0.000408s ]

[ 2018-04-24T16:52:51+08:00 ] 222.187.222.56 /Admin/Cloud/cloudmanage.html
INFO: [ app_init ] --START--
INFO: Run Behavior\BuildLiteBehavior [ RunTime:0.000015s ]
INFO: [ app_init ] --END-- [ RunTime:0.000289s ]
INFO: [ app_begin ] --START--
INFO: Run Behavior\ReadHtmlCacheBehavior [ RunTime:0.000380s ]
INFO: [ app_begin ] --END-- [ RunTime:0.000428s ]

