[ 2018-05-03T05:19:56+08:00 ] 195.201.217.230 /Admin/User/login.html
INFO: [ app_init ] --START--
INFO: Run Behavior\BuildLiteBehavior [ RunTime:0.000012s ]
INFO: [ app_init ] --END-- [ RunTime:0.000320s ]
INFO: [ app_begin ] --START--
INFO: Run Behavior\ReadHtmlCacheBehavior [ RunTime:0.000426s ]
INFO: [ app_begin ] --END-- [ RunTime:0.000488s ]
INFO: [ view_parse ] --START--
INFO: [ template_filter ] --START--
INFO: Run Behavior\ContentReplaceBehavior [ RunTime:0.000059s ]
INFO: [ template_filter ] --END-- [ RunTime:0.000116s ]
INFO: Run Behavior\ParseTemplateBehavior [ RunTime:0.005193s ]
INFO: [ view_parse ] --END-- [ RunTime:0.005244s ]
INFO: [ view_filter ] --START--
INFO: Run Behavior\WriteHtmlCacheBehavior [ RunTime:0.000123s ]
INFO: [ view_filter ] --END-- [ RunTime:0.000160s ]
INFO: [ app_end ] --START--
INFO: Run Behavior\ShowPageTraceBehavior [ RunTime:0.000419s ]
INFO: [ app_end ] --END-- [ RunTime:0.000461s ]

[ 2018-05-03T09:01:34+08:00 ] 222.187.222.56 /Admin/login.html
INFO: [ app_init ] --START--
INFO: Run Behavior\BuildLiteBehavior [ RunTime:0.000014s ]
INFO: [ app_init ] --END-- [ RunTime:0.000283s ]
INFO: [ app_begin ] --START--
INFO: Run Behavior\ReadHtmlCacheBehavior [ RunTime:0.000360s ]
INFO: [ app_begin ] --END-- [ RunTime:0.000403s ]
INFO: [ view_parse ] --START--
INFO: [ template_filter ] --START--
INFO: Run Behavior\ContentReplaceBehavior [ RunTime:0.000052s ]
INFO: [ template_filter ] --END-- [ RunTime:0.000095s ]
INFO: Run Behavior\ParseTemplateBehavior [ RunTime:0.004454s ]
INFO: [ view_parse ] --END-- [ RunTime:0.004499s ]
INFO: [ view_filter ] --START--
INFO: Run Behavior\WriteHtmlCacheBehavior [ RunTime:0.000113s ]
INFO: [ view_filter ] --END-- [ RunTime:0.000150s ]
INFO: [ app_end ] --START--
INFO: Run Behavior\ShowPageTraceBehavior [ RunTime:0.000362s ]
INFO: [ app_end ] --END-- [ RunTime:0.000403s ]

[ 2018-05-03T09:01:35+08:00 ] 222.187.222.56 /Admin/User/loginin
INFO: [ app_init ] --START--
INFO: Run Behavior\BuildLiteBehavior [ RunTime:0.000011s ]
INFO: [ app_init ] --END-- [ RunTime:0.000275s ]
INFO: [ app_begin ] --START--
INFO: Run Behavior\ReadHtmlCacheBehavior [ RunTime:0.000374s ]
INFO: [ app_begin ] --END-- [ RunTime:0.000416s ]
SQL: SHOW COLUMNS FROM `users` [ RunTime:0.0011s ]
SQL: SELECT * FROM `users` WHERE (  `UserName` = 'xiaocai' OR `LinkMail` = 'xiaocai' ) LIMIT 1   [ RunTime:0.0005s ]

[ 2018-05-03T09:01:35+08:00 ] 222.187.222.56 /Admin/index/index
INFO: [ app_init ] --START--
INFO: Run Behavior\BuildLiteBehavior [ RunTime:0.000017s ]
INFO: [ app_init ] --END-- [ RunTime:0.000356s ]
INFO: [ app_begin ] --START--
INFO: Run Behavior\ReadHtmlCacheBehavior [ RunTime:0.000480s ]
INFO: [ app_begin ] --END-- [ RunTime:0.000538s ]
SQL: SHOW COLUMNS FROM `paylog` [ RunTime:0.0009s ]
SQL: SELECT SUM(money) as my FROM `paylog` WHERE ( userid=1 and datatype=0 )  [ RunTime:0.0004s ]
SQL: SELECT SUM(money) as my FROM `paylog` WHERE ( userid=1 and datatype=1 )  [ RunTime:0.0003s ]
INFO: [ view_parse ] --START--
INFO: [ template_filter ] --START--
INFO: Run Behavior\ContentReplaceBehavior [ RunTime:0.000147s ]
INFO: [ template_filter ] --END-- [ RunTime:0.000208s ]
NOTIC: [8] Undefined variable: datatype /usr/share/nginx/html/pgyidc/Application/Runtime/Cache/Admin/b595b808c2ebeeeb0478ffc30bb4e87a.php 第 505 行.
NOTIC: [8] Undefined variable: fid /usr/share/nginx/html/pgyidc/Application/Runtime/Cache/Admin/b595b808c2ebeeeb0478ffc30bb4e87a.php 第 506 行.
INFO: Run Behavior\ParseTemplateBehavior [ RunTime:0.015921s ]
INFO: [ view_parse ] --END-- [ RunTime:0.015959s ]
INFO: [ view_filter ] --START--
INFO: Run Behavior\WriteHtmlCacheBehavior [ RunTime:0.000130s ]
INFO: [ view_filter ] --END-- [ RunTime:0.000167s ]
INFO: [ app_end ] --START--
INFO: Run Behavior\ShowPageTraceBehavior [ RunTime:0.000383s ]
INFO: [ app_end ] --END-- [ RunTime:0.000427s ]

[ 2018-05-03T09:01:37+08:00 ] 222.187.222.56 /Admin/Cloud/cloudmanage.html
INFO: [ app_init ] --START--
INFO: Run Behavior\BuildLiteBehavior [ RunTime:0.000013s ]
INFO: [ app_init ] --END-- [ RunTime:0.000263s ]
INFO: [ app_begin ] --START--
INFO: Run Behavior\ReadHtmlCacheBehavior [ RunTime:0.000350s ]
INFO: [ app_begin ] --END-- [ RunTime:0.000394s ]
SQL: SHOW COLUMNS FROM `cloudlog` [ RunTime:0.0009s ]
SQL: SELECT * FROM `cloudlog` WHERE ( CloudNo ='4772' ) LIMIT 1   [ RunTime:0.0004s ]
SQL: SELECT * FROM `cloudlog` WHERE ( CloudNo ='4773' ) LIMIT 1   [ RunTime:0.0003s ]
INFO: [ view_parse ] --START--
INFO: [ template_filter ] --START--
INFO: Run Behavior\ContentReplaceBehavior [ RunTime:0.000090s ]
INFO: [ template_filter ] --END-- [ RunTime:0.000135s ]
NOTIC: [8] Undefined variable: page /usr/share/nginx/html/pgyidc/Application/Runtime/Cache/Admin/d85208f2c736e322ac27dcb5e87ca9bb.php 第 344 行.
NOTIC: [8] Undefined variable: datatype /usr/share/nginx/html/pgyidc/Application/Runtime/Cache/Admin/d85208f2c736e322ac27dcb5e87ca9bb.php 第 423 行.
NOTIC: [8] Undefined variable: fid /usr/share/nginx/html/pgyidc/Application/Runtime/Cache/Admin/d85208f2c736e322ac27dcb5e87ca9bb.php 第 424 行.
INFO: Run Behavior\ParseTemplateBehavior [ RunTime:0.018036s ]
INFO: [ view_parse ] --END-- [ RunTime:0.018084s ]
INFO: [ view_filter ] --START--
INFO: Run Behavior\WriteHtmlCacheBehavior [ RunTime:0.000118s ]
INFO: [ view_filter ] --END-- [ RunTime:0.000155s ]
INFO: [ app_end ] --START--
INFO: Run Behavior\ShowPageTraceBehavior [ RunTime:0.000379s ]
INFO: [ app_end ] --END-- [ RunTime:0.000425s ]

[ 2018-05-03T09:01:50+08:00 ] 222.187.222.56 /Admin/Cloud/manageup
INFO: [ app_init ] --START--
INFO: Run Behavior\BuildLiteBehavior [ RunTime:0.000025s ]
INFO: [ app_init ] --END-- [ RunTime:0.000383s ]
INFO: [ app_begin ] --START--
INFO: Run Behavior\ReadHtmlCacheBehavior [ RunTime:0.000395s ]
INFO: [ app_begin ] --END-- [ RunTime:0.000468s ]
SQL: SHOW COLUMNS FROM `cloudlog` [ RunTime:0.0007s ]
SQL: SELECT `Price`,`DueTime` FROM `cloudlog` WHERE ( CloudNo ='' ) LIMIT 1   [ RunTime:0.0002s ]
SQL: SHOW COLUMNS FROM `paylog` [ RunTime:0.0005s ]
SQL: SELECT SUM(money) as my FROM `paylog` WHERE ( userid=1 and datatype=0 )  [ RunTime:0.0002s ]
SQL: SELECT SUM(money) as my FROM `paylog` WHERE ( userid=1 and datatype=1 )  [ RunTime:0.0002s ]

[ 2018-05-03T10:40:54+08:00 ] 222.187.222.56 /Admin/Index/index.html
INFO: [ app_init ] --START--
INFO: Run Behavior\BuildLiteBehavior [ RunTime:0.000020s ]
INFO: [ app_init ] --END-- [ RunTime:0.000303s ]
INFO: [ app_begin ] --START--
INFO: Run Behavior\ReadHtmlCacheBehavior [ RunTime:0.000384s ]
INFO: [ app_begin ] --END-- [ RunTime:0.000428s ]
SQL: SHOW COLUMNS FROM `paylog` [ RunTime:0.0018s ]
SQL: SELECT SUM(money) as my FROM `paylog` WHERE ( userid=1 and datatype=0 )  [ RunTime:0.0011s ]
SQL: SELECT SUM(money) as my FROM `paylog` WHERE ( userid=1 and datatype=1 )  [ RunTime:0.0003s ]
INFO: [ view_parse ] --START--
INFO: [ template_filter ] --START--
INFO: Run Behavior\ContentReplaceBehavior [ RunTime:0.000098s ]
INFO: [ template_filter ] --END-- [ RunTime:0.000143s ]
NOTIC: [8] Undefined variable: datatype /usr/share/nginx/html/pgyidc/Application/Runtime/Cache/Admin/b595b808c2ebeeeb0478ffc30bb4e87a.php 第 505 行.
NOTIC: [8] Undefined variable: fid /usr/share/nginx/html/pgyidc/Application/Runtime/Cache/Admin/b595b808c2ebeeeb0478ffc30bb4e87a.php 第 506 行.
INFO: Run Behavior\ParseTemplateBehavior [ RunTime:0.016969s ]
INFO: [ view_parse ] --END-- [ RunTime:0.017017s ]
INFO: [ view_filter ] --START--
INFO: Run Behavior\WriteHtmlCacheBehavior [ RunTime:0.000117s ]
INFO: [ view_filter ] --END-- [ RunTime:0.000153s ]
INFO: [ app_end ] --START--
INFO: Run Behavior\ShowPageTraceBehavior [ RunTime:0.000377s ]
INFO: [ app_end ] --END-- [ RunTime:0.000422s ]

[ 2018-05-03T10:41:12+08:00 ] 222.187.222.56 /Admin/officweb/navlist.html
INFO: [ app_init ] --START--
INFO: Run Behavior\BuildLiteBehavior [ RunTime:0.000013s ]
INFO: [ app_init ] --END-- [ RunTime:0.000283s ]
INFO: [ app_begin ] --START--
INFO: Run Behavior\ReadHtmlCacheBehavior [ RunTime:0.000380s ]
INFO: [ app_begin ] --END-- [ RunTime:0.000429s ]
SQL: SHOW COLUMNS FROM `navigation` [ RunTime:0.0010s ]
SQL: SELECT * FROM `navigation` WHERE ( NavFatherID =0 ) ORDER BY NavType DESC,NavID ASC  [ RunTime:0.0005s ]
SQL: SELECT * FROM `navigation` WHERE ( NavFatherID =8 )  [ RunTime:0.0003s ]
SQL: SELECT * FROM `navigation` WHERE ( NavFatherID =11 )  [ RunTime:0.0003s ]
SQL: SELECT * FROM `navigation` WHERE ( NavFatherID =1 )  [ RunTime:0.0003s ]
SQL: SELECT * FROM `navigation` WHERE ( NavFatherID =2 )  [ RunTime:0.0003s ]
SQL: SELECT * FROM `navigation` WHERE ( NavFatherID =4 )  [ RunTime:0.0003s ]
SQL: SELECT * FROM `navigation` WHERE ( NavFatherID =5 )  [ RunTime:0.0003s ]
SQL: SELECT * FROM `navigation` WHERE ( NavFatherID =6 )  [ RunTime:0.0003s ]
SQL: SELECT * FROM `navigation` WHERE ( NavFatherID =10 )  [ RunTime:0.0002s ]
INFO: [ view_parse ] --START--
INFO: [ template_filter ] --START--
INFO: Run Behavior\ContentReplaceBehavior [ RunTime:0.000086s ]
INFO: [ template_filter ] --END-- [ RunTime:0.000130s ]
NOTIC: [8] Array to string conversion /usr/share/nginx/html/pgyidc/Application/Runtime/Cache/Admin/990418e22c63c577730a292b2f03051c.php 第 441 行.
NOTIC: [8] Undefined variable: fid /usr/share/nginx/html/pgyidc/Application/Runtime/Cache/Admin/990418e22c63c577730a292b2f03051c.php 第 442 行.
INFO: Run Behavior\ParseTemplateBehavior [ RunTime:0.017034s ]
INFO: [ view_parse ] --END-- [ RunTime:0.017082s ]
INFO: [ view_filter ] --START--
INFO: Run Behavior\WriteHtmlCacheBehavior [ RunTime:0.000116s ]
INFO: [ view_filter ] --END-- [ RunTime:0.000154s ]
INFO: [ app_end ] --START--
INFO: Run Behavior\ShowPageTraceBehavior [ RunTime:0.000361s ]
INFO: [ app_end ] --END-- [ RunTime:0.000405s ]

[ 2018-05-03T10:41:16+08:00 ] 222.187.222.56 /Admin/officweb/newslist.html
INFO: [ app_init ] --START--
INFO: Run Behavior\BuildLiteBehavior [ RunTime:0.000013s ]
INFO: [ app_init ] --END-- [ RunTime:0.000280s ]
INFO: [ app_begin ] --START--
INFO: Run Behavior\ReadHtmlCacheBehavior [ RunTime:0.000393s ]
INFO: [ app_begin ] --END-- [ RunTime:0.000438s ]
SQL: SHOW COLUMNS FROM `navigation` [ RunTime:0.0009s ]
SQL: SHOW COLUMNS FROM `newslist` [ RunTime:0.0007s ]
SQL: SELECT COUNT(*) AS tp_count FROM `newslist` WHERE `Title` LIKE '%%' LIMIT 1   [ RunTime:0.0004s ]
SQL: SELECT * FROM `newslist` WHERE `Title` LIKE '%%' ORDER BY ID DESC LIMIT 0,15   [ RunTime:0.0004s ]
SQL: SELECT `NavName` FROM `navigation` WHERE ( NavID =8 ) LIMIT 1   [ RunTime:0.0003s ]
SQL: SELECT `NavName` FROM `navigation` WHERE ( NavID =8 ) LIMIT 1   [ RunTime:0.0003s ]
SQL: SELECT `NavName` FROM `navigation` WHERE ( NavID =8 ) LIMIT 1   [ RunTime:0.0003s ]
INFO: [ view_parse ] --START--
INFO: [ template_filter ] --START--
INFO: Run Behavior\ContentReplaceBehavior [ RunTime:0.000103s ]
INFO: [ template_filter ] --END-- [ RunTime:0.000162s ]
NOTIC: [8] Undefined variable: datatype /usr/share/nginx/html/pgyidc/Application/Runtime/Cache/Admin/5f3de551d5c67b7d05bedd9ae52e9f42.php 第 406 行.
NOTIC: [8] Undefined variable: fid /usr/share/nginx/html/pgyidc/Application/Runtime/Cache/Admin/5f3de551d5c67b7d05bedd9ae52e9f42.php 第 407 行.
INFO: Run Behavior\ParseTemplateBehavior [ RunTime:0.018419s ]
INFO: [ view_parse ] --END-- [ RunTime:0.018464s ]
INFO: [ view_filter ] --START--
INFO: Run Behavior\WriteHtmlCacheBehavior [ RunTime:0.000131s ]
INFO: [ view_filter ] --END-- [ RunTime:0.000168s ]
INFO: [ app_end ] --START--
INFO: Run Behavior\ShowPageTraceBehavior [ RunTime:0.000385s ]
INFO: [ app_end ] --END-- [ RunTime:0.000429s ]

[ 2018-05-03T10:41:18+08:00 ] 222.187.222.56 /Admin/officweb/memberlist.html
INFO: [ app_init ] --START--
INFO: Run Behavior\BuildLiteBehavior [ RunTime:0.000013s ]
INFO: [ app_init ] --END-- [ RunTime:0.000275s ]
INFO: [ app_begin ] --START--
INFO: Run Behavior\ReadHtmlCacheBehavior [ RunTime:0.000366s ]
INFO: [ app_begin ] --END-- [ RunTime:0.000409s ]
SQL: SHOW COLUMNS FROM `users` [ RunTime:0.0011s ]
SQL: SELECT COUNT(*) AS tp_count FROM `users` WHERE `UserName` LIKE '%%' OR `LinkMail` LIKE '%%' LIMIT 1   [ RunTime:0.0004s ]
SQL: SELECT * FROM `users` WHERE `UserName` LIKE '%%' OR `LinkMail` LIKE '%%' ORDER BY UserID DESC LIMIT 0,15   [ RunTime:0.0003s ]
INFO: [ view_parse ] --START--
INFO: [ template_filter ] --START--
INFO: Run Behavior\ContentReplaceBehavior [ RunTime:0.000083s ]
INFO: [ template_filter ] --END-- [ RunTime:0.000129s ]
NOTIC: [8] Undefined variable: datatype /usr/share/nginx/html/pgyidc/Application/Runtime/Cache/Admin/653b4dd43436a923df7668e367f26b52.php 第 407 行.
NOTIC: [8] Undefined variable: fid /usr/share/nginx/html/pgyidc/Application/Runtime/Cache/Admin/653b4dd43436a923df7668e367f26b52.php 第 408 行.
INFO: Run Behavior\ParseTemplateBehavior [ RunTime:0.014029s ]
INFO: [ view_parse ] --END-- [ RunTime:0.014072s ]
INFO: [ view_filter ] --START--
INFO: Run Behavior\WriteHtmlCacheBehavior [ RunTime:0.000136s ]
INFO: [ view_filter ] --END-- [ RunTime:0.000179s ]
INFO: [ app_end ] --START--
INFO: Run Behavior\ShowPageTraceBehavior [ RunTime:0.000416s ]
INFO: [ app_end ] --END-- [ RunTime:0.000462s ]

[ 2018-05-03T10:41:22+08:00 ] 222.187.222.56 /Admin/officweb/navlist.html
INFO: [ app_init ] --START--
INFO: Run Behavior\BuildLiteBehavior [ RunTime:0.000013s ]
INFO: [ app_init ] --END-- [ RunTime:0.000282s ]
INFO: [ app_begin ] --START--
INFO: Run Behavior\ReadHtmlCacheBehavior [ RunTime:0.000378s ]
INFO: [ app_begin ] --END-- [ RunTime:0.000425s ]
SQL: SHOW COLUMNS FROM `navigation` [ RunTime:0.0009s ]
SQL: SELECT * FROM `navigation` WHERE ( NavFatherID =0 ) ORDER BY NavType DESC,NavID ASC  [ RunTime:0.0004s ]
SQL: SELECT * FROM `navigation` WHERE ( NavFatherID =8 )  [ RunTime:0.0003s ]
SQL: SELECT * FROM `navigation` WHERE ( NavFatherID =11 )  [ RunTime:0.0003s ]
SQL: SELECT * FROM `navigation` WHERE ( NavFatherID =1 )  [ RunTime:0.0003s ]
SQL: SELECT * FROM `navigation` WHERE ( NavFatherID =2 )  [ RunTime:0.0003s ]
SQL: SELECT * FROM `navigation` WHERE ( NavFatherID =4 )  [ RunTime:0.0002s ]
SQL: SELECT * FROM `navigation` WHERE ( NavFatherID =5 )  [ RunTime:0.0003s ]
SQL: SELECT * FROM `navigation` WHERE ( NavFatherID =6 )  [ RunTime:0.0003s ]
SQL: SELECT * FROM `navigation` WHERE ( NavFatherID =10 )  [ RunTime:0.0003s ]
INFO: [ view_parse ] --START--
INFO: [ template_filter ] --START--
INFO: Run Behavior\ContentReplaceBehavior [ RunTime:0.000083s ]
INFO: [ template_filter ] --END-- [ RunTime:0.000128s ]
NOTIC: [8] Array to string conversion /usr/share/nginx/html/pgyidc/Application/Runtime/Cache/Admin/990418e22c63c577730a292b2f03051c.php 第 441 行.
NOTIC: [8] Undefined variable: fid /usr/share/nginx/html/pgyidc/Application/Runtime/Cache/Admin/990418e22c63c577730a292b2f03051c.php 第 442 行.
INFO: Run Behavior\ParseTemplateBehavior [ RunTime:0.017001s ]
INFO: [ view_parse ] --END-- [ RunTime:0.017048s ]
INFO: [ view_filter ] --START--
INFO: Run Behavior\WriteHtmlCacheBehavior [ RunTime:0.000116s ]
INFO: [ view_filter ] --END-- [ RunTime:0.000153s ]
INFO: [ app_end ] --START--
INFO: Run Behavior\ShowPageTraceBehavior [ RunTime:0.000367s ]
INFO: [ app_end ] --END-- [ RunTime:0.000410s ]

[ 2018-05-03T10:41:25+08:00 ] 222.187.222.56 /Admin/officweb/cloudlist.html
INFO: [ app_init ] --START--
INFO: Run Behavior\BuildLiteBehavior [ RunTime:0.000013s ]
INFO: [ app_init ] --END-- [ RunTime:0.000262s ]
INFO: [ app_begin ] --START--
INFO: Run Behavior\ReadHtmlCacheBehavior [ RunTime:0.000349s ]
INFO: [ app_begin ] --END-- [ RunTime:0.000392s ]
SQL: SHOW COLUMNS FROM `configinfo` [ RunTime:0.0009s ]
SQL: SHOW COLUMNS FROM `configlist` [ RunTime:0.0007s ]
SQL: SELECT `ID`,`Title` FROM `configlist` WHERE ( Property=0 ) ORDER BY Px ASC  [ RunTime:0.0004s ]
SQL: SELECT `CID`,`Title` FROM `configinfo` WHERE `DataType` = 0 AND `NavData` = '1' AND `DataName` = 0 ORDER BY CID ASC  [ RunTime:0.0003s ]
NOTIC: [8] Undefined variable: datatype /usr/share/nginx/html/pgyidc/Application/Admin/Controller/OfficwebController.class.php 第 281 行.
INFO: [ view_parse ] --START--
INFO: [ template_filter ] --START--
INFO: Run Behavior\ContentReplaceBehavior [ RunTime:0.000086s ]
INFO: [ template_filter ] --END-- [ RunTime:0.000131s ]
NOTIC: [8] Undefined index: quotid /usr/share/nginx/html/pgyidc/Application/Runtime/Cache/Admin/d835a3852ff4fa9b0924afb033133a4c.php 第 328 行.
NOTIC: [8] Undefined index: quotid /usr/share/nginx/html/pgyidc/Application/Runtime/Cache/Admin/d835a3852ff4fa9b0924afb033133a4c.php 第 328 行.
INFO: Run Behavior\ParseTemplateBehavior [ RunTime:0.016193s ]
INFO: [ view_parse ] --END-- [ RunTime:0.016234s ]
INFO: [ view_filter ] --START--
INFO: Run Behavior\WriteHtmlCacheBehavior [ RunTime:0.000116s ]
INFO: [ view_filter ] --END-- [ RunTime:0.000153s ]
INFO: [ app_end ] --START--
INFO: Run Behavior\ShowPageTraceBehavior [ RunTime:0.000366s ]
INFO: [ app_end ] --END-- [ RunTime:0.000410s ]

[ 2018-05-03T10:41:26+08:00 ] 222.187.222.56 /Admin/officweb/serverlist.html
INFO: [ app_init ] --START--
INFO: Run Behavior\BuildLiteBehavior [ RunTime:0.000018s ]
INFO: [ app_init ] --END-- [ RunTime:0.000361s ]
INFO: [ app_begin ] --START--
INFO: Run Behavior\ReadHtmlCacheBehavior [ RunTime:0.000518s ]
INFO: [ app_begin ] --END-- [ RunTime:0.000576s ]
SQL: SHOW COLUMNS FROM `quoteinfo` [ RunTime:0.0008s ]
SQL: SELECT COUNT(*) AS tp_count FROM `quoteinfo` WHERE `Title` LIKE '%%' AND `FatherID` = 0 LIMIT 1   [ RunTime:0.0004s ]
SQL: SELECT * FROM `quoteinfo` WHERE `Title` LIKE '%%' AND `FatherID` = 0 ORDER BY QuotID ASC LIMIT 0,15   [ RunTime:0.0004s ]
INFO: [ view_parse ] --START--
INFO: [ template_filter ] --START--
INFO: Run Behavior\ContentReplaceBehavior [ RunTime:0.000085s ]
INFO: [ template_filter ] --END-- [ RunTime:0.000133s ]
INFO: Run Behavior\ParseTemplateBehavior [ RunTime:0.014252s ]
INFO: [ view_parse ] --END-- [ RunTime:0.014297s ]
INFO: [ view_filter ] --START--
INFO: Run Behavior\WriteHtmlCacheBehavior [ RunTime:0.000140s ]
INFO: [ view_filter ] --END-- [ RunTime:0.000182s ]
INFO: [ app_end ] --START--
INFO: Run Behavior\ShowPageTraceBehavior [ RunTime:0.000407s ]
INFO: [ app_end ] --END-- [ RunTime:0.000456s ]

[ 2018-05-03T10:41:28+08:00 ] 222.187.222.56 /Admin/officweb/physicslist.html
INFO: [ app_init ] --START--
INFO: Run Behavior\BuildLiteBehavior [ RunTime:0.000020s ]
INFO: [ app_init ] --END-- [ RunTime:0.000293s ]
INFO: [ app_begin ] --START--
INFO: Run Behavior\ReadHtmlCacheBehavior [ RunTime:0.000381s ]
INFO: [ app_begin ] --END-- [ RunTime:0.000424s ]
SQL: SHOW COLUMNS FROM `configinfo` [ RunTime:0.0008s ]
SQL: SELECT `CID`,`Title` FROM `configinfo` WHERE `DataType` = 1 AND `NavData` = 0 AND `DataName` = 0 ORDER BY CID ASC  [ RunTime:0.0004s ]
NOTIC: [8] Undefined variable: datatype /usr/share/nginx/html/pgyidc/Application/Admin/Controller/OfficwebController.class.php 第 994 行.
INFO: [ view_parse ] --START--
INFO: [ template_filter ] --START--
INFO: Run Behavior\ContentReplaceBehavior [ RunTime:0.000109s ]
INFO: [ template_filter ] --END-- [ RunTime:0.000170s ]
INFO: Run Behavior\ParseTemplateBehavior [ RunTime:0.017958s ]
INFO: [ view_parse ] --END-- [ RunTime:0.018007s ]
INFO: [ view_filter ] --START--
INFO: Run Behavior\WriteHtmlCacheBehavior [ RunTime:0.000115s ]
INFO: [ view_filter ] --END-- [ RunTime:0.000153s ]
INFO: [ app_end ] --START--
INFO: Run Behavior\ShowPageTraceBehavior [ RunTime:0.000371s ]
INFO: [ app_end ] --END-- [ RunTime:0.000422s ]

[ 2018-05-03T10:41:28+08:00 ] 222.187.222.56 /Admin/officweb/serverlist.html
INFO: [ app_init ] --START--
INFO: Run Behavior\BuildLiteBehavior [ RunTime:0.000011s ]
INFO: [ app_init ] --END-- [ RunTime:0.000271s ]
INFO: [ app_begin ] --START--
INFO: Run Behavior\ReadHtmlCacheBehavior [ RunTime:0.000372s ]
INFO: [ app_begin ] --END-- [ RunTime:0.000415s ]
SQL: SHOW COLUMNS FROM `quoteinfo` [ RunTime:0.0009s ]
SQL: SELECT COUNT(*) AS tp_count FROM `quoteinfo` WHERE `Title` LIKE '%%' AND `FatherID` = 0 LIMIT 1   [ RunTime:0.0004s ]
SQL: SELECT * FROM `quoteinfo` WHERE `Title` LIKE '%%' AND `FatherID` = 0 ORDER BY QuotID ASC LIMIT 0,15   [ RunTime:0.0004s ]
INFO: [ view_parse ] --START--
INFO: [ template_filter ] --START--
INFO: Run Behavior\ContentReplaceBehavior [ RunTime:0.000081s ]
INFO: [ template_filter ] --END-- [ RunTime:0.000127s ]
INFO: Run Behavior\ParseTemplateBehavior [ RunTime:0.014406s ]
INFO: [ view_parse ] --END-- [ RunTime:0.014448s ]
INFO: [ view_filter ] --START--
INFO: Run Behavior\WriteHtmlCacheBehavior [ RunTime:0.000111s ]
INFO: [ view_filter ] --END-- [ RunTime:0.000150s ]
INFO: [ app_end ] --START--
INFO: Run Behavior\ShowPageTraceBehavior [ RunTime:0.000370s ]
INFO: [ app_end ] --END-- [ RunTime:0.000414s ]

[ 2018-05-03T10:41:29+08:00 ] 222.187.222.56 /Admin/officweb/cloudlist.html
INFO: [ app_init ] --START--
INFO: Run Behavior\BuildLiteBehavior [ RunTime:0.000013s ]
INFO: [ app_init ] --END-- [ RunTime:0.000265s ]
INFO: [ app_begin ] --START--
INFO: Run Behavior\ReadHtmlCacheBehavior [ RunTime:0.000359s ]
INFO: [ app_begin ] --END-- [ RunTime:0.000402s ]
SQL: SHOW COLUMNS FROM `configinfo` [ RunTime:0.0008s ]
SQL: SHOW COLUMNS FROM `configlist` [ RunTime:0.0007s ]
SQL: SELECT `ID`,`Title` FROM `configlist` WHERE ( Property=0 ) ORDER BY Px ASC  [ RunTime:0.0004s ]
SQL: SELECT `CID`,`Title` FROM `configinfo` WHERE `DataType` = 0 AND `NavData` = '1' AND `DataName` = 0 ORDER BY CID ASC  [ RunTime:0.0004s ]
NOTIC: [8] Undefined variable: datatype /usr/share/nginx/html/pgyidc/Application/Admin/Controller/OfficwebController.class.php 第 281 行.
INFO: [ view_parse ] --START--
INFO: [ template_filter ] --START--
INFO: Run Behavior\ContentReplaceBehavior [ RunTime:0.000084s ]
INFO: [ template_filter ] --END-- [ RunTime:0.000130s ]
NOTIC: [8] Undefined index: quotid /usr/share/nginx/html/pgyidc/Application/Runtime/Cache/Admin/d835a3852ff4fa9b0924afb033133a4c.php 第 328 行.
NOTIC: [8] Undefined index: quotid /usr/share/nginx/html/pgyidc/Application/Runtime/Cache/Admin/d835a3852ff4fa9b0924afb033133a4c.php 第 328 行.
INFO: Run Behavior\ParseTemplateBehavior [ RunTime:0.018841s ]
INFO: [ view_parse ] --END-- [ RunTime:0.018888s ]
INFO: [ view_filter ] --START--
INFO: Run Behavior\WriteHtmlCacheBehavior [ RunTime:0.000131s ]
INFO: [ view_filter ] --END-- [ RunTime:0.000169s ]
INFO: [ app_end ] --START--
INFO: Run Behavior\ShowPageTraceBehavior [ RunTime:0.000375s ]
INFO: [ app_end ] --END-- [ RunTime:0.000422s ]

[ 2018-05-03T10:41:32+08:00 ] 222.187.222.56 /Admin/Officweb/configlist
INFO: [ app_init ] --START--
INFO: Run Behavior\BuildLiteBehavior [ RunTime:0.000027s ]
INFO: [ app_init ] --END-- [ RunTime:0.000414s ]
INFO: [ app_begin ] --START--
INFO: Run Behavior\ReadHtmlCacheBehavior [ RunTime:0.000399s ]
INFO: [ app_begin ] --END-- [ RunTime:0.000448s ]
SQL: SHOW COLUMNS FROM `configlist` [ RunTime:0.0008s ]
SQL: SELECT * FROM `configlist` WHERE `DataType` = 0 ORDER BY Px ASC  [ RunTime:0.0004s ]
NOTIC: [8] Undefined variable: datatype /usr/share/nginx/html/pgyidc/Application/Admin/Controller/OfficwebController.class.php 第 201 行.
INFO: [ view_parse ] --START--
INFO: [ template_filter ] --START--
INFO: Run Behavior\ContentReplaceBehavior [ RunTime:0.000058s ]
INFO: [ template_filter ] --END-- [ RunTime:0.000102s ]
INFO: Run Behavior\ParseTemplateBehavior [ RunTime:0.008902s ]
INFO: [ view_parse ] --END-- [ RunTime:0.008951s ]
INFO: [ view_filter ] --START--
INFO: Run Behavior\WriteHtmlCacheBehavior [ RunTime:0.000128s ]
INFO: [ view_filter ] --END-- [ RunTime:0.000166s ]
INFO: [ app_end ] --START--
INFO: Run Behavior\ShowPageTraceBehavior [ RunTime:0.000403s ]
INFO: [ app_end ] --END-- [ RunTime:0.000447s ]

[ 2018-05-03T10:41:37+08:00 ] 222.187.222.56 /Admin/Officweb/cloudinfo.html
INFO: [ app_init ] --START--
INFO: Run Behavior\BuildLiteBehavior [ RunTime:0.000012s ]
INFO: [ app_init ] --END-- [ RunTime:0.000274s ]
INFO: [ app_begin ] --START--
INFO: Run Behavior\ReadHtmlCacheBehavior [ RunTime:0.000364s ]
INFO: [ app_begin ] --END-- [ RunTime:0.000407s ]
SQL: SHOW COLUMNS FROM `configinfo` [ RunTime:0.0009s ]
SQL: SHOW COLUMNS FROM `configlist` [ RunTime:0.0007s ]
SQL: SELECT `ID`,`Title` FROM `configlist` ORDER BY ID ASC  [ RunTime:0.0003s ]
INFO: [ view_parse ] --START--
INFO: [ template_filter ] --START--
INFO: Run Behavior\ContentReplaceBehavior [ RunTime:0.000107s ]
INFO: [ template_filter ] --END-- [ RunTime:0.000151s ]
NOTIC: [8] Undefined variable: cid /usr/share/nginx/html/pgyidc/Application/Runtime/Cache/Admin/4aab5680290bcdbbf84e009b97c33b21.php 第 297 行.
NOTIC: [8] Undefined variable: fid /usr/share/nginx/html/pgyidc/Application/Runtime/Cache/Admin/4aab5680290bcdbbf84e009b97c33b21.php 第 298 行.
NOTIC: [8] Undefined variable: fid /usr/share/nginx/html/pgyidc/Application/Runtime/Cache/Admin/4aab5680290bcdbbf84e009b97c33b21.php 第 310 行.
NOTIC: [8] Undefined variable: fid /usr/share/nginx/html/pgyidc/Application/Runtime/Cache/Admin/4aab5680290bcdbbf84e009b97c33b21.php 第 310 行.
NOTIC: [8] Undefined variable: fid /usr/share/nginx/html/pgyidc/Application/Runtime/Cache/Admin/4aab5680290bcdbbf84e009b97c33b21.php 第 310 行.
NOTIC: [8] Undefined variable: info /usr/share/nginx/html/pgyidc/Application/Runtime/Cache/Admin/4aab5680290bcdbbf84e009b97c33b21.php 第 316 行.
NOTIC: [8] Undefined variable: info /usr/share/nginx/html/pgyidc/Application/Runtime/Cache/Admin/4aab5680290bcdbbf84e009b97c33b21.php 第 344 行.
NOTIC: [8] Undefined variable: info /usr/share/nginx/html/pgyidc/Application/Runtime/Cache/Admin/4aab5680290bcdbbf84e009b97c33b21.php 第 350 行.
NOTIC: [8] Undefined variable: info /usr/share/nginx/html/pgyidc/Application/Runtime/Cache/Admin/4aab5680290bcdbbf84e009b97c33b21.php 第 420 行.
NOTIC: [8] Undefined variable: info /usr/share/nginx/html/pgyidc/Application/Runtime/Cache/Admin/4aab5680290bcdbbf84e009b97c33b21.php 第 422 行.
NOTIC: [8] Undefined variable: info /usr/share/nginx/html/pgyidc/Application/Runtime/Cache/Admin/4aab5680290bcdbbf84e009b97c33b21.php 第 424 行.
NOTIC: [8] Undefined variable: info /usr/share/nginx/html/pgyidc/Application/Runtime/Cache/Admin/4aab5680290bcdbbf84e009b97c33b21.php 第 426 行.
NOTIC: [8] Undefined variable: info /usr/share/nginx/html/pgyidc/Application/Runtime/Cache/Admin/4aab5680290bcdbbf84e009b97c33b21.php 第 431 行.
NOTIC: [8] Undefined variable: info /usr/share/nginx/html/pgyidc/Application/Runtime/Cache/Admin/4aab5680290bcdbbf84e009b97c33b21.php 第 433 行.
NOTIC: [8] Undefined variable: info /usr/share/nginx/html/pgyidc/Application/Runtime/Cache/Admin/4aab5680290bcdbbf84e009b97c33b21.php 第 435 行.
NOTIC: [8] Undefined variable: info /usr/share/nginx/html/pgyidc/Application/Runtime/Cache/Admin/4aab5680290bcdbbf84e009b97c33b21.php 第 437 行.
NOTIC: [8] Undefined variable: info /usr/share/nginx/html/pgyidc/Application/Runtime/Cache/Admin/4aab5680290bcdbbf84e009b97c33b21.php 第 442 行.
NOTIC: [8] Undefined variable: info /usr/share/nginx/html/pgyidc/Application/Runtime/Cache/Admin/4aab5680290bcdbbf84e009b97c33b21.php 第 444 行.
NOTIC: [8] Undefined variable: info /usr/share/nginx/html/pgyidc/Application/Runtime/Cache/Admin/4aab5680290bcdbbf84e009b97c33b21.php 第 446 行.
NOTIC: [8] Undefined variable: info /usr/share/nginx/html/pgyidc/Application/Runtime/Cache/Admin/4aab5680290bcdbbf84e009b97c33b21.php 第 448 行.
NOTIC: [8] Undefined variable: info /usr/share/nginx/html/pgyidc/Application/Runtime/Cache/Admin/4aab5680290bcdbbf84e009b97c33b21.php 第 460 行.
NOTIC: [8] Undefined variable: info /usr/share/nginx/html/pgyidc/Application/Runtime/Cache/Admin/4aab5680290bcdbbf84e009b97c33b21.php 第 472 行.
NOTIC: [8] Undefined variable: info /usr/share/nginx/html/pgyidc/Application/Runtime/Cache/Admin/4aab5680290bcdbbf84e009b97c33b21.php 第 486 行.
NOTIC: [8] Undefined variable: info /usr/share/nginx/html/pgyidc/Application/Runtime/Cache/Admin/4aab5680290bcdbbf84e009b97c33b21.php 第 503 行.
NOTIC: [8] Undefined variable: info /usr/share/nginx/html/pgyidc/Application/Runtime/Cache/Admin/4aab5680290bcdbbf84e009b97c33b21.php 第 520 行.
NOTIC: [8] Undefined variable: info /usr/share/nginx/html/pgyidc/Application/Runtime/Cache/Admin/4aab5680290bcdbbf84e009b97c33b21.php 第 528 行.
NOTIC: [8] Undefined variable: info /usr/share/nginx/html/pgyidc/Application/Runtime/Cache/Admin/4aab5680290bcdbbf84e009b97c33b21.php 第 544 行.
NOTIC: [8] Undefined variable: datatype /usr/share/nginx/html/pgyidc/Application/Runtime/Cache/Admin/4aab5680290bcdbbf84e009b97c33b21.php 第 647 行.
NOTIC: [8] Undefined variable: fid /usr/share/nginx/html/pgyidc/Application/Runtime/Cache/Admin/4aab5680290bcdbbf84e009b97c33b21.php 第 648 行.
INFO: Run Behavior\ParseTemplateBehavior [ RunTime:0.018000s ]
INFO: [ view_parse ] --END-- [ RunTime:0.018039s ]
INFO: [ view_filter ] --START--
INFO: Run Behavior\WriteHtmlCacheBehavior [ RunTime:0.000114s ]
INFO: [ view_filter ] --END-- [ RunTime:0.000159s ]
INFO: [ app_end ] --START--
INFO: Run Behavior\ShowPageTraceBehavior [ RunTime:0.000359s ]
INFO: [ app_end ] --END-- [ RunTime:0.000402s ]

[ 2018-05-03T10:42:08+08:00 ] 222.187.222.56 /Admin/Cloud/cloudmanage.html
INFO: [ app_init ] --START--
INFO: Run Behavior\BuildLiteBehavior [ RunTime:0.000021s ]
INFO: [ app_init ] --END-- [ RunTime:0.000302s ]
INFO: [ app_begin ] --START--
INFO: Run Behavior\ReadHtmlCacheBehavior [ RunTime:0.000367s ]
INFO: [ app_begin ] --END-- [ RunTime:0.000410s ]
SQL: SHOW COLUMNS FROM `cloudlog` [ RunTime:0.0011s ]
SQL: SELECT * FROM `cloudlog` WHERE ( CloudNo ='4772' ) LIMIT 1   [ RunTime:0.0004s ]
SQL: SELECT * FROM `cloudlog` WHERE ( CloudNo ='4773' ) LIMIT 1   [ RunTime:0.0003s ]
INFO: [ view_parse ] --START--
INFO: [ template_filter ] --START--
INFO: Run Behavior\ContentReplaceBehavior [ RunTime:0.000119s ]
INFO: [ template_filter ] --END-- [ RunTime:0.000178s ]
NOTIC: [8] Undefined variable: page /usr/share/nginx/html/pgyidc/Application/Runtime/Cache/Admin/d85208f2c736e322ac27dcb5e87ca9bb.php 第 344 行.
NOTIC: [8] Undefined variable: datatype /usr/share/nginx/html/pgyidc/Application/Runtime/Cache/Admin/d85208f2c736e322ac27dcb5e87ca9bb.php 第 423 行.
NOTIC: [8] Undefined variable: fid /usr/share/nginx/html/pgyidc/Application/Runtime/Cache/Admin/d85208f2c736e322ac27dcb5e87ca9bb.php 第 424 行.
INFO: Run Behavior\ParseTemplateBehavior [ RunTime:0.018967s ]
INFO: [ view_parse ] --END-- [ RunTime:0.019027s ]
INFO: [ view_filter ] --START--
INFO: Run Behavior\WriteHtmlCacheBehavior [ RunTime:0.000177s ]
INFO: [ view_filter ] --END-- [ RunTime:0.000230s ]
INFO: [ app_end ] --START--
INFO: Run Behavior\ShowPageTraceBehavior [ RunTime:0.000530s ]
INFO: [ app_end ] --END-- [ RunTime:0.000590s ]

[ 2018-05-03T10:42:12+08:00 ] 101.227.131.139 /admin/officweb/navlist.html
INFO: [ app_init ] --START--
INFO: Run Behavior\BuildLiteBehavior [ RunTime:0.000011s ]
INFO: [ app_init ] --END-- [ RunTime:0.000281s ]
INFO: [ app_begin ] --START--
INFO: Run Behavior\ReadHtmlCacheBehavior [ RunTime:0.000364s ]
INFO: [ app_begin ] --END-- [ RunTime:0.000407s ]

[ 2018-05-03T10:42:12+08:00 ] 101.227.131.139 /Admin/User/login.html
INFO: [ app_init ] --START--
INFO: Run Behavior\BuildLiteBehavior [ RunTime:0.000012s ]
INFO: [ app_init ] --END-- [ RunTime:0.000336s ]
INFO: [ app_begin ] --START--
INFO: Run Behavior\ReadHtmlCacheBehavior [ RunTime:0.000444s ]
INFO: [ app_begin ] --END-- [ RunTime:0.000503s ]
INFO: [ view_parse ] --START--
INFO: [ template_filter ] --START--
INFO: Run Behavior\ContentReplaceBehavior [ RunTime:0.000058s ]
INFO: [ template_filter ] --END-- [ RunTime:0.000122s ]
INFO: Run Behavior\ParseTemplateBehavior [ RunTime:0.005240s ]
INFO: [ view_parse ] --END-- [ RunTime:0.005291s ]
INFO: [ view_filter ] --START--
INFO: Run Behavior\WriteHtmlCacheBehavior [ RunTime:0.000119s ]
INFO: [ view_filter ] --END-- [ RunTime:0.000157s ]
INFO: [ app_end ] --START--
INFO: Run Behavior\ShowPageTraceBehavior [ RunTime:0.000415s ]
INFO: [ app_end ] --END-- [ RunTime:0.000464s ]

[ 2018-05-03T10:42:18+08:00 ] 117.185.117.59 /admin/officweb/memberlist.html
INFO: [ app_init ] --START--
INFO: Run Behavior\BuildLiteBehavior [ RunTime:0.000011s ]
INFO: [ app_init ] --END-- [ RunTime:0.000271s ]
INFO: [ app_begin ] --START--
INFO: Run Behavior\ReadHtmlCacheBehavior [ RunTime:0.000360s ]
INFO: [ app_begin ] --END-- [ RunTime:0.000403s ]

[ 2018-05-03T10:42:20+08:00 ] 101.227.131.220 /admin/officweb/newslist.html
INFO: [ app_init ] --START--
INFO: Run Behavior\BuildLiteBehavior [ RunTime:0.000011s ]
INFO: [ app_init ] --END-- [ RunTime:0.000302s ]
INFO: [ app_begin ] --START--
INFO: Run Behavior\ReadHtmlCacheBehavior [ RunTime:0.000367s ]
INFO: [ app_begin ] --END-- [ RunTime:0.000409s ]

[ 2018-05-03T10:42:22+08:00 ] 101.227.131.220 /Admin/User/login.html
INFO: [ app_init ] --START--
INFO: Run Behavior\BuildLiteBehavior [ RunTime:0.000015s ]
INFO: [ app_init ] --END-- [ RunTime:0.000376s ]
INFO: [ app_begin ] --START--
INFO: Run Behavior\ReadHtmlCacheBehavior [ RunTime:0.000380s ]
INFO: [ app_begin ] --END-- [ RunTime:0.000452s ]
INFO: [ view_parse ] --START--
INFO: [ template_filter ] --START--
INFO: Run Behavior\ContentReplaceBehavior [ RunTime:0.000050s ]
INFO: [ template_filter ] --END-- [ RunTime:0.000092s ]
INFO: Run Behavior\ParseTemplateBehavior [ RunTime:0.004607s ]
INFO: [ view_parse ] --END-- [ RunTime:0.004677s ]
INFO: [ view_filter ] --START--
INFO: Run Behavior\WriteHtmlCacheBehavior [ RunTime:0.000118s ]
INFO: [ view_filter ] --END-- [ RunTime:0.000154s ]
INFO: [ app_end ] --START--
INFO: Run Behavior\ShowPageTraceBehavior [ RunTime:0.000366s ]
INFO: [ app_end ] --END-- [ RunTime:0.000406s ]

[ 2018-05-03T10:42:25+08:00 ] 140.207.118.16 /admin/officweb/cloudlist.html
INFO: [ app_init ] --START--
INFO: Run Behavior\BuildLiteBehavior [ RunTime:0.000011s ]
INFO: [ app_init ] --END-- [ RunTime:0.000270s ]
INFO: [ app_begin ] --START--
INFO: Run Behavior\ReadHtmlCacheBehavior [ RunTime:0.000368s ]
INFO: [ app_begin ] --END-- [ RunTime:0.000411s ]

[ 2018-05-03T10:42:28+08:00 ] 61.151.226.62 /admin/officweb/physicslist.html
INFO: [ app_init ] --START--
INFO: Run Behavior\BuildLiteBehavior [ RunTime:0.000015s ]
INFO: [ app_init ] --END-- [ RunTime:0.000364s ]
INFO: [ app_begin ] --START--
INFO: Run Behavior\ReadHtmlCacheBehavior [ RunTime:0.000485s ]
INFO: [ app_begin ] --END-- [ RunTime:0.000544s ]

[ 2018-05-03T10:42:37+08:00 ] 61.151.226.64 /admin/officweb/cloudinfo.html
INFO: [ app_init ] --START--
INFO: Run Behavior\BuildLiteBehavior [ RunTime:0.000011s ]
INFO: [ app_init ] --END-- [ RunTime:0.000269s ]
INFO: [ app_begin ] --START--
INFO: Run Behavior\ReadHtmlCacheBehavior [ RunTime:0.000377s ]
INFO: [ app_begin ] --END-- [ RunTime:0.000419s ]

[ 2018-05-03T10:42:51+08:00 ] 222.187.222.56 /Admin/Cloud/manageup/vid/4773.html
INFO: [ app_init ] --START--
INFO: Run Behavior\BuildLiteBehavior [ RunTime:0.000020s ]
INFO: [ app_init ] --END-- [ RunTime:0.000319s ]
INFO: [ app_begin ] --START--
INFO: Run Behavior\ReadHtmlCacheBehavior [ RunTime:0.000437s ]
INFO: [ app_begin ] --END-- [ RunTime:0.000498s ]
SQL: SHOW COLUMNS FROM `cloudlog` [ RunTime:0.0010s ]
SQL: SELECT `Price`,`DueTime` FROM `cloudlog` WHERE ( CloudNo ='4773' ) LIMIT 1   [ RunTime:0.0004s ]
SQL: SHOW COLUMNS FROM `paylog` [ RunTime:0.0007s ]
SQL: SELECT SUM(money) as my FROM `paylog` WHERE ( userid=1 and datatype=0 )  [ RunTime:0.0004s ]
SQL: SELECT SUM(money) as my FROM `paylog` WHERE ( userid=1 and datatype=1 )  [ RunTime:0.0003s ]

[ 2018-05-03T10:46:13+08:00 ] 222.187.222.56 /Admin/Cloud/manageup/vid/4773.html
INFO: [ app_init ] --START--
INFO: Run Behavior\BuildLiteBehavior [ RunTime:0.000018s ]
INFO: [ app_init ] --END-- [ RunTime:0.000383s ]
INFO: [ app_begin ] --START--
INFO: Run Behavior\ReadHtmlCacheBehavior [ RunTime:0.000492s ]
INFO: [ app_begin ] --END-- [ RunTime:0.000551s ]
SQL: SHOW COLUMNS FROM `cloudlog` [ RunTime:0.0010s ]
SQL: SELECT `Price`,`DueTime` FROM `cloudlog` WHERE ( CloudNo ='4773' ) LIMIT 1   [ RunTime:0.0004s ]
SQL: SHOW COLUMNS FROM `paylog` [ RunTime:0.0006s ]
SQL: SELECT SUM(money) as my FROM `paylog` WHERE ( userid=1 and datatype=0 )  [ RunTime:0.0003s ]
SQL: SELECT SUM(money) as my FROM `paylog` WHERE ( userid=1 and datatype=1 )  [ RunTime:0.0003s ]

