[ 2018-05-16T08:53:14+08:00 ] 127.0.0.1 /Admin/login.html
INFO: [ app_init ] --START--
INFO: Run Behavior\BuildLiteBehavior [ RunTime:0.000013s ]
INFO: [ app_init ] --END-- [ RunTime:0.000489s ]
INFO: [ app_begin ] --START--
INFO: Run Behavior\ReadHtmlCacheBehavior [ RunTime:0.000730s ]
INFO: [ app_begin ] --END-- [ RunTime:0.000780s ]
INFO: [ view_parse ] --START--
INFO: [ template_filter ] --START--
INFO: Run Behavior\ContentReplaceBehavior [ RunTime:0.000054s ]
INFO: [ template_filter ] --END-- [ RunTime:0.000118s ]
INFO: Run Behavior\ParseTemplateBehavior [ RunTime:0.023473s ]
INFO: [ view_parse ] --END-- [ RunTime:0.023532s ]
INFO: [ view_filter ] --START--
INFO: Run Behavior\WriteHtmlCacheBehavior [ RunTime:0.000600s ]
INFO: [ view_filter ] --END-- [ RunTime:0.000646s ]
INFO: [ app_end ] --START--
INFO: Run Behavior\ShowPageTraceBehavior [ RunTime:0.000813s ]
INFO: [ app_end ] --END-- [ RunTime:0.000862s ]

[ 2018-05-16T08:53:17+08:00 ] 127.0.0.1 /Admin/User/loginin
INFO: [ app_init ] --START--
INFO: Run Behavior\BuildLiteBehavior [ RunTime:0.000015s ]
INFO: [ app_init ] --END-- [ RunTime:0.000499s ]
INFO: [ app_begin ] --START--
INFO: Run Behavior\ReadHtmlCacheBehavior [ RunTime:0.000743s ]
INFO: [ app_begin ] --END-- [ RunTime:0.000795s ]
SQL: SHOW COLUMNS FROM `users` [ RunTime:0.0317s ]
SQL: SELECT * FROM `users` WHERE (  `UserName` = 'xiaocai' OR `LinkMail` = 'xiaocai' ) LIMIT 1   [ RunTime:0.0027s ]

[ 2018-05-16T08:53:19+08:00 ] 127.0.0.1 /Admin/index/index
INFO: [ app_init ] --START--
INFO: Run Behavior\BuildLiteBehavior [ RunTime:0.000017s ]
INFO: [ app_init ] --END-- [ RunTime:0.000613s ]
INFO: [ app_begin ] --START--
INFO: Run Behavior\ReadHtmlCacheBehavior [ RunTime:0.000930s ]
INFO: [ app_begin ] --END-- [ RunTime:0.001001s ]
SQL: SHOW COLUMNS FROM `paylog` [ RunTime:0.0354s ]
SQL: SELECT SUM(money) as my FROM `paylog` WHERE ( userid=1 and datatype=0 )  [ RunTime:0.0012s ]
SQL: SELECT SUM(money) as my FROM `paylog` WHERE ( userid=1 and datatype=1 )  [ RunTime:0.0005s ]
INFO: [ view_parse ] --START--
INFO: [ template_filter ] --START--
INFO: Run Behavior\ContentReplaceBehavior [ RunTime:0.000135s ]
INFO: [ template_filter ] --END-- [ RunTime:0.000199s ]
NOTIC: [8] Undefined variable: datatype D:\myenv\apache\htdocs\pgyidc\Application\Runtime\Cache\Admin\b595b808c2ebeeeb0478ffc30bb4e87a.php 第 505 行.
NOTIC: [8] Undefined variable: fid D:\myenv\apache\htdocs\pgyidc\Application\Runtime\Cache\Admin\b595b808c2ebeeeb0478ffc30bb4e87a.php 第 506 行.
INFO: Run Behavior\ParseTemplateBehavior [ RunTime:0.081612s ]
INFO: [ view_parse ] --END-- [ RunTime:0.081665s ]
INFO: [ view_filter ] --START--
INFO: Run Behavior\WriteHtmlCacheBehavior [ RunTime:0.000594s ]
INFO: [ view_filter ] --END-- [ RunTime:0.000638s ]
INFO: [ app_end ] --START--
INFO: Run Behavior\ShowPageTraceBehavior [ RunTime:0.001087s ]
INFO: [ app_end ] --END-- [ RunTime:0.001170s ]

[ 2018-05-16T08:53:24+08:00 ] 127.0.0.1 /Admin/Cloud/cloudmanage.html
INFO: [ app_init ] --START--
INFO: Run Behavior\BuildLiteBehavior [ RunTime:0.000011s ]
INFO: [ app_init ] --END-- [ RunTime:0.000444s ]
INFO: [ app_begin ] --START--
INFO: Run Behavior\ReadHtmlCacheBehavior [ RunTime:0.000784s ]
INFO: [ app_begin ] --END-- [ RunTime:0.000847s ]
SQL: SHOW COLUMNS FROM `cloudlog` [ RunTime:0.0796s ]
SQL: SELECT * FROM `cloudlog` WHERE ( CloudNo ='4900' ) LIMIT 1   [ RunTime:0.0009s ]
INFO: [ view_parse ] --START--
INFO: [ template_filter ] --START--
INFO: Run Behavior\ContentReplaceBehavior [ RunTime:0.000121s ]
INFO: [ template_filter ] --END-- [ RunTime:0.000182s ]
NOTIC: [8] Undefined variable: page D:\myenv\apache\htdocs\pgyidc\Application\Runtime\Cache\Admin\d85208f2c736e322ac27dcb5e87ca9bb.php 第 344 行.
NOTIC: [8] Undefined variable: datatype D:\myenv\apache\htdocs\pgyidc\Application\Runtime\Cache\Admin\d85208f2c736e322ac27dcb5e87ca9bb.php 第 423 行.
NOTIC: [8] Undefined variable: fid D:\myenv\apache\htdocs\pgyidc\Application\Runtime\Cache\Admin\d85208f2c736e322ac27dcb5e87ca9bb.php 第 424 行.
INFO: Run Behavior\ParseTemplateBehavior [ RunTime:0.032770s ]
INFO: [ view_parse ] --END-- [ RunTime:0.032836s ]
INFO: [ view_filter ] --START--
INFO: Run Behavior\WriteHtmlCacheBehavior [ RunTime:0.000567s ]
INFO: [ view_filter ] --END-- [ RunTime:0.000610s ]
INFO: [ app_end ] --START--
INFO: Run Behavior\ShowPageTraceBehavior [ RunTime:0.001213s ]
INFO: [ app_end ] --END-- [ RunTime:0.001329s ]

[ 2018-05-16T08:53:28+08:00 ] 127.0.0.1 /Admin/Cloud/manageup/vid/4900.html
INFO: [ app_init ] --START--
INFO: Run Behavior\BuildLiteBehavior [ RunTime:0.000013s ]
INFO: [ app_init ] --END-- [ RunTime:0.000516s ]
INFO: [ app_begin ] --START--
INFO: Run Behavior\ReadHtmlCacheBehavior [ RunTime:0.000739s ]
INFO: [ app_begin ] --END-- [ RunTime:0.000792s ]
SQL: SHOW COLUMNS FROM `cloudlog` [ RunTime:0.0178s ]
SQL: SELECT `Price`,`DueTime` FROM `cloudlog` WHERE ( CloudNo ='4900' ) LIMIT 1   [ RunTime:0.0025s ]
SQL: SHOW COLUMNS FROM `paylog` [ RunTime:0.0212s ]
SQL: SELECT SUM(money) as my FROM `paylog` WHERE ( userid=1 and datatype=0 )  [ RunTime:0.0012s ]
SQL: SELECT SUM(money) as my FROM `paylog` WHERE ( userid=1 and datatype=1 )  [ RunTime:0.0008s ]
INFO: [ view_parse ] --START--
INFO: [ template_filter ] --START--
INFO: Run Behavior\ContentReplaceBehavior [ RunTime:0.000326s ]
INFO: [ template_filter ] --END-- [ RunTime:0.000447s ]
NOTIC: [8] Undefined index: dname D:\myenv\apache\htdocs\pgyidc\Application\Runtime\Cache\Admin\5f18f65b1685dc6c32952a0a30d4eb2d.php 第 513 行.
NOTIC: [8] Undefined variable: datatype D:\myenv\apache\htdocs\pgyidc\Application\Runtime\Cache\Admin\5f18f65b1685dc6c32952a0a30d4eb2d.php 第 694 行.
NOTIC: [8] Undefined variable: fid D:\myenv\apache\htdocs\pgyidc\Application\Runtime\Cache\Admin\5f18f65b1685dc6c32952a0a30d4eb2d.php 第 695 行.
INFO: Run Behavior\ParseTemplateBehavior [ RunTime:0.042878s ]
INFO: [ view_parse ] --END-- [ RunTime:0.042996s ]
INFO: [ view_filter ] --START--
INFO: Run Behavior\WriteHtmlCacheBehavior [ RunTime:0.001490s ]
INFO: [ view_filter ] --END-- [ RunTime:0.001589s ]
INFO: [ app_end ] --START--
INFO: Run Behavior\ShowPageTraceBehavior [ RunTime:0.002411s ]
INFO: [ app_end ] --END-- [ RunTime:0.002617s ]

[ 2018-05-16T08:53:39+08:00 ] 127.0.0.1 /Admin/Cloud/upgrade?vpsid=4900
INFO: [ app_init ] --START--
INFO: Run Behavior\BuildLiteBehavior [ RunTime:0.000017s ]
INFO: [ app_init ] --END-- [ RunTime:0.000474s ]
INFO: [ app_begin ] --START--
INFO: Run Behavior\ReadHtmlCacheBehavior [ RunTime:0.000900s ]
INFO: [ app_begin ] --END-- [ RunTime:0.000975s ]
SQL: SHOW COLUMNS FROM `cloudlog` [ RunTime:0.0131s ]
SQL: SHOW COLUMNS FROM `coreprice` [ RunTime:0.0356s ]
SQL: SHOW COLUMNS FROM `price` [ RunTime:0.0375s ]
SQL: SHOW COLUMNS FROM `paylog` [ RunTime:0.0080s ]
SQL: SELECT SUM(money) as my FROM `paylog` WHERE ( userid=1 and datatype=0 )  [ RunTime:0.0016s ]
SQL: SELECT SUM(money) as my FROM `paylog` WHERE ( userid=1 and datatype=1 )  [ RunTime:0.0014s ]
SQL: SELECT `Price`,`DueTime` FROM `cloudlog` WHERE ( CloudNo ='4900' ) LIMIT 1   [ RunTime:0.0016s ]
SQL: SELECT `CID` FROM `cloudlog` WHERE ( CloudNo=4900 ) LIMIT 1   [ RunTime:0.0015s ]
ERR: SQLSTATE[42000]: Syntax error or access violation: 1064 You have an error in your SQL syntax; check the manual that corresponds to your MySQL server version for the right syntax to use near '%d AND DataName=%d ) LIMIT 1' at line 1

[ 2018-05-16T08:56:33+08:00 ] 127.0.0.1 /Admin/Cloud/upgrade?vpsid=4900
INFO: [ app_init ] --START--
INFO: Run Behavior\BuildLiteBehavior [ RunTime:0.000020s ]
INFO: [ app_init ] --END-- [ RunTime:0.000824s ]
INFO: [ app_begin ] --START--
INFO: Run Behavior\ReadHtmlCacheBehavior [ RunTime:0.000846s ]
INFO: [ app_begin ] --END-- [ RunTime:0.000911s ]
SQL: SHOW COLUMNS FROM `cloudlog` [ RunTime:0.0128s ]
SQL: SHOW COLUMNS FROM `coreprice` [ RunTime:0.0131s ]
SQL: SHOW COLUMNS FROM `price` [ RunTime:0.0139s ]
SQL: SHOW COLUMNS FROM `paylog` [ RunTime:0.0076s ]
SQL: SELECT SUM(money) as my FROM `paylog` WHERE ( userid=1 and datatype=0 )  [ RunTime:0.0010s ]
SQL: SELECT SUM(money) as my FROM `paylog` WHERE ( userid=1 and datatype=1 )  [ RunTime:0.0009s ]
SQL: SELECT `Price`,`DueTime` FROM `cloudlog` WHERE ( CloudNo ='4900' ) LIMIT 1   [ RunTime:0.0009s ]
SQL: SELECT `CID` FROM `cloudlog` WHERE ( CloudNo=4900 ) LIMIT 1   [ RunTime:0.0009s ]
ERR: SQLSTATE[42000]: Syntax error or access violation: 1064 You have an error in your SQL syntax; check the manual that corresponds to your MySQL server version for the right syntax to use near '%d AND DataName=%d ) LIMIT 1' at line 1

[ 2018-05-16T11:22:21+08:00 ] 127.0.0.1 /Admin/Index/index.html
INFO: [ app_init ] --START--
INFO: Run Behavior\BuildLiteBehavior [ RunTime:0.000014s ]
INFO: [ app_init ] --END-- [ RunTime:0.000523s ]
INFO: [ app_begin ] --START--
INFO: Run Behavior\ReadHtmlCacheBehavior [ RunTime:0.000740s ]
INFO: [ app_begin ] --END-- [ RunTime:0.000802s ]
SQL: SHOW COLUMNS FROM `paylog` [ RunTime:0.0961s ]
SQL: SELECT SUM(money) as my FROM `paylog` WHERE ( userid=1 and datatype=0 )  [ RunTime:0.0024s ]
SQL: SELECT SUM(money) as my FROM `paylog` WHERE ( userid=1 and datatype=1 )  [ RunTime:0.0014s ]
INFO: [ view_parse ] --START--
INFO: [ template_filter ] --START--
INFO: Run Behavior\ContentReplaceBehavior [ RunTime:0.000119s ]
INFO: [ template_filter ] --END-- [ RunTime:0.000174s ]
NOTIC: [8] Undefined variable: datatype D:\myenv\apache\htdocs\pgyidc\Application\Runtime\Cache\Admin\b595b808c2ebeeeb0478ffc30bb4e87a.php 第 505 行.
NOTIC: [8] Undefined variable: fid D:\myenv\apache\htdocs\pgyidc\Application\Runtime\Cache\Admin\b595b808c2ebeeeb0478ffc30bb4e87a.php 第 506 行.
INFO: Run Behavior\ParseTemplateBehavior [ RunTime:0.075329s ]
INFO: [ view_parse ] --END-- [ RunTime:0.075437s ]
INFO: [ view_filter ] --START--
INFO: Run Behavior\WriteHtmlCacheBehavior [ RunTime:0.000550s ]
INFO: [ view_filter ] --END-- [ RunTime:0.000594s ]
INFO: [ app_end ] --START--
INFO: Run Behavior\ShowPageTraceBehavior [ RunTime:0.000882s ]
INFO: [ app_end ] --END-- [ RunTime:0.000936s ]

[ 2018-05-16T11:22:24+08:00 ] 127.0.0.1 /Admin/Cloud/cloudmanage.html
INFO: [ app_init ] --START--
INFO: Run Behavior\BuildLiteBehavior [ RunTime:0.000018s ]
INFO: [ app_init ] --END-- [ RunTime:0.000455s ]
INFO: [ app_begin ] --START--
INFO: Run Behavior\ReadHtmlCacheBehavior [ RunTime:0.000742s ]
INFO: [ app_begin ] --END-- [ RunTime:0.000798s ]
SQL: SHOW COLUMNS FROM `cloudlog` [ RunTime:0.0503s ]
SQL: SELECT * FROM `cloudlog` WHERE ( CloudNo ='4900' ) LIMIT 1   [ RunTime:0.0017s ]
SQL: SELECT * FROM `cloudlog` WHERE ( CloudNo ='4904' ) LIMIT 1   [ RunTime:0.0015s ]
INFO: [ view_parse ] --START--
INFO: [ template_filter ] --START--
INFO: Run Behavior\ContentReplaceBehavior [ RunTime:0.000151s ]
INFO: [ template_filter ] --END-- [ RunTime:0.000221s ]
NOTIC: [8] Undefined variable: page D:\myenv\apache\htdocs\pgyidc\Application\Runtime\Cache\Admin\d85208f2c736e322ac27dcb5e87ca9bb.php 第 344 行.
NOTIC: [8] Undefined variable: datatype D:\myenv\apache\htdocs\pgyidc\Application\Runtime\Cache\Admin\d85208f2c736e322ac27dcb5e87ca9bb.php 第 423 行.
NOTIC: [8] Undefined variable: fid D:\myenv\apache\htdocs\pgyidc\Application\Runtime\Cache\Admin\d85208f2c736e322ac27dcb5e87ca9bb.php 第 424 行.
INFO: Run Behavior\ParseTemplateBehavior [ RunTime:0.047340s ]
INFO: [ view_parse ] --END-- [ RunTime:0.047431s ]
INFO: [ view_filter ] --START--
INFO: Run Behavior\WriteHtmlCacheBehavior [ RunTime:0.000638s ]
INFO: [ view_filter ] --END-- [ RunTime:0.000700s ]
INFO: [ app_end ] --START--
INFO: Run Behavior\ShowPageTraceBehavior [ RunTime:0.000970s ]
INFO: [ app_end ] --END-- [ RunTime:0.001040s ]

[ 2018-05-16T11:22:29+08:00 ] 127.0.0.1 /Admin/Cloud/manageup/vid/4900.html
INFO: [ app_init ] --START--
INFO: Run Behavior\BuildLiteBehavior [ RunTime:0.000012s ]
INFO: [ app_init ] --END-- [ RunTime:0.000439s ]
INFO: [ app_begin ] --START--
INFO: Run Behavior\ReadHtmlCacheBehavior [ RunTime:0.000643s ]
INFO: [ app_begin ] --END-- [ RunTime:0.000697s ]
SQL: SHOW COLUMNS FROM `cloudlog` [ RunTime:0.0123s ]
SQL: SELECT `Price`,`DueTime` FROM `cloudlog` WHERE ( CloudNo ='4900' ) LIMIT 1   [ RunTime:0.0020s ]
SQL: SHOW COLUMNS FROM `paylog` [ RunTime:0.0100s ]
SQL: SELECT SUM(money) as my FROM `paylog` WHERE ( userid=1 and datatype=0 )  [ RunTime:0.0014s ]
SQL: SELECT SUM(money) as my FROM `paylog` WHERE ( userid=1 and datatype=1 )  [ RunTime:0.0006s ]
INFO: [ view_parse ] --START--
INFO: [ template_filter ] --START--
INFO: Run Behavior\ContentReplaceBehavior [ RunTime:0.000324s ]
INFO: [ template_filter ] --END-- [ RunTime:0.000439s ]
NOTIC: [8] Undefined index: dname D:\myenv\apache\htdocs\pgyidc\Application\Runtime\Cache\Admin\5f18f65b1685dc6c32952a0a30d4eb2d.php 第 513 行.
NOTIC: [8] Undefined variable: datatype D:\myenv\apache\htdocs\pgyidc\Application\Runtime\Cache\Admin\5f18f65b1685dc6c32952a0a30d4eb2d.php 第 694 行.
NOTIC: [8] Undefined variable: fid D:\myenv\apache\htdocs\pgyidc\Application\Runtime\Cache\Admin\5f18f65b1685dc6c32952a0a30d4eb2d.php 第 695 行.
INFO: Run Behavior\ParseTemplateBehavior [ RunTime:0.070299s ]
INFO: [ view_parse ] --END-- [ RunTime:0.070398s ]
INFO: [ view_filter ] --START--
INFO: Run Behavior\WriteHtmlCacheBehavior [ RunTime:0.000576s ]
INFO: [ view_filter ] --END-- [ RunTime:0.000628s ]
INFO: [ app_end ] --START--
INFO: Run Behavior\ShowPageTraceBehavior [ RunTime:0.000833s ]
INFO: [ app_end ] --END-- [ RunTime:0.000895s ]

[ 2018-05-16T11:22:32+08:00 ] 127.0.0.1 /Admin/Cloud/upgrade?vpsid=4900
INFO: [ app_init ] --START--
INFO: Run Behavior\BuildLiteBehavior [ RunTime:0.000016s ]
INFO: [ app_init ] --END-- [ RunTime:0.000579s ]
INFO: [ app_begin ] --START--
INFO: Run Behavior\ReadHtmlCacheBehavior [ RunTime:0.000768s ]
INFO: [ app_begin ] --END-- [ RunTime:0.000824s ]
SQL: SHOW COLUMNS FROM `cloudlog` [ RunTime:0.0185s ]
SQL: SHOW COLUMNS FROM `coreprice` [ RunTime:0.0589s ]
SQL: SHOW COLUMNS FROM `price` [ RunTime:0.0624s ]
SQL: SHOW COLUMNS FROM `paylog` [ RunTime:0.0134s ]
SQL: SELECT SUM(money) as my FROM `paylog` WHERE ( userid=1 and datatype=0 )  [ RunTime:0.0014s ]
SQL: SELECT SUM(money) as my FROM `paylog` WHERE ( userid=1 and datatype=1 )  [ RunTime:0.0012s ]
SQL: SELECT `Price`,`DueTime` FROM `cloudlog` WHERE ( CloudNo ='4900' ) LIMIT 1   [ RunTime:0.0012s ]
SQL: SELECT `CID` FROM `cloudlog` WHERE ( CloudNo=4900 ) LIMIT 1   [ RunTime:0.0013s ]
ERR: SQLSTATE[42000]: Syntax error or access violation: 1064 You have an error in your SQL syntax; check the manual that corresponds to your MySQL server version for the right syntax to use near '%d AND DataName=%d ) LIMIT 1' at line 1

[ 2018-05-16T11:25:13+08:00 ] 127.0.0.1 /Admin/Cloud/manageup/vid/4900.html
INFO: [ app_init ] --START--
INFO: Run Behavior\BuildLiteBehavior [ RunTime:0.000014s ]
INFO: [ app_init ] --END-- [ RunTime:0.000545s ]
INFO: [ app_begin ] --START--
INFO: Run Behavior\ReadHtmlCacheBehavior [ RunTime:0.000954s ]
INFO: [ app_begin ] --END-- [ RunTime:0.001020s ]
SQL: SHOW COLUMNS FROM `cloudlog` [ RunTime:0.0149s ]
SQL: SELECT `Price`,`DueTime` FROM `cloudlog` WHERE ( CloudNo ='4900' ) LIMIT 1   [ RunTime:0.0024s ]
SQL: SHOW COLUMNS FROM `paylog` [ RunTime:0.0128s ]
SQL: SELECT SUM(money) as my FROM `paylog` WHERE ( userid=1 and datatype=0 )  [ RunTime:0.0015s ]
SQL: SELECT SUM(money) as my FROM `paylog` WHERE ( userid=1 and datatype=1 )  [ RunTime:0.0008s ]
INFO: [ view_parse ] --START--
INFO: [ template_filter ] --START--
INFO: Run Behavior\ContentReplaceBehavior [ RunTime:0.000313s ]
INFO: [ template_filter ] --END-- [ RunTime:0.000425s ]
NOTIC: [8] Undefined index: dname D:\myenv\apache\htdocs\pgyidc\Application\Runtime\Cache\Admin\5f18f65b1685dc6c32952a0a30d4eb2d.php 第 513 行.
NOTIC: [8] Undefined variable: datatype D:\myenv\apache\htdocs\pgyidc\Application\Runtime\Cache\Admin\5f18f65b1685dc6c32952a0a30d4eb2d.php 第 694 行.
NOTIC: [8] Undefined variable: fid D:\myenv\apache\htdocs\pgyidc\Application\Runtime\Cache\Admin\5f18f65b1685dc6c32952a0a30d4eb2d.php 第 695 行.
INFO: Run Behavior\ParseTemplateBehavior [ RunTime:0.035669s ]
INFO: [ view_parse ] --END-- [ RunTime:0.035792s ]
INFO: [ view_filter ] --START--
INFO: Run Behavior\WriteHtmlCacheBehavior [ RunTime:0.001473s ]
INFO: [ view_filter ] --END-- [ RunTime:0.001574s ]
INFO: [ app_end ] --START--
INFO: Run Behavior\ShowPageTraceBehavior [ RunTime:0.000944s ]
INFO: [ app_end ] --END-- [ RunTime:0.000998s ]

[ 2018-05-16T11:25:15+08:00 ] 127.0.0.1 /Admin/Cloud/upgrade?vpsid=4900
INFO: [ app_init ] --START--
INFO: Run Behavior\BuildLiteBehavior [ RunTime:0.000016s ]
INFO: [ app_init ] --END-- [ RunTime:0.000550s ]
INFO: [ app_begin ] --START--
INFO: Run Behavior\ReadHtmlCacheBehavior [ RunTime:0.000925s ]
INFO: [ app_begin ] --END-- [ RunTime:0.000988s ]
SQL: SHOW COLUMNS FROM `cloudlog` [ RunTime:0.0146s ]
SQL: SHOW COLUMNS FROM `coreprice` [ RunTime:0.0130s ]
SQL: SHOW COLUMNS FROM `price` [ RunTime:0.0072s ]
SQL: SHOW COLUMNS FROM `paylog` [ RunTime:0.0074s ]
SQL: SELECT SUM(money) as my FROM `paylog` WHERE ( userid=1 and datatype=0 )  [ RunTime:0.0012s ]
SQL: SELECT SUM(money) as my FROM `paylog` WHERE ( userid=1 and datatype=1 )  [ RunTime:0.0011s ]
SQL: SELECT `Price`,`DueTime` FROM `cloudlog` WHERE ( CloudNo ='4900' ) LIMIT 1   [ RunTime:0.0010s ]
SQL: SELECT `CID` FROM `cloudlog` WHERE ( CloudNo=4900 ) LIMIT 1   [ RunTime:0.0010s ]
SQL: SELECT `Prix` FROM `price` WHERE ( CID=1 AND DataName=4 ) LIMIT 1   [ RunTime:0.0010s ]
SQL: SELECT `Prix` FROM `price` WHERE ( CID=1 AND DataName=0 ) LIMIT 1   [ RunTime:0.0009s ]
SQL: SELECT `Prix` FROM `price` WHERE ( CID=1 AND DataName=1 ) LIMIT 1   [ RunTime:0.0008s ]
SQL: SELECT `Prix` FROM `price` WHERE ( CID=1 AND DataName=6 ) LIMIT 1   [ RunTime:0.0009s ]
SQL: SELECT `Prix` FROM `coreprice` WHERE ( CID=1 AND Kernel=2 AND Gigabyte=1 ) LIMIT 1   [ RunTime:0.0009s ]
INFO: [ view_parse ] --START--
INFO: [ template_filter ] --START--
INFO: Run Behavior\ContentReplaceBehavior [ RunTime:0.000111s ]
INFO: [ template_filter ] --END-- [ RunTime:0.000175s ]
NOTIC: [8] Use of undefined constant vconfig - assumed 'vconfig' D:\myenv\apache\htdocs\pgyidc\Application\Runtime\Cache\Admin\4f22d88ce04d1e60817d530bea3e0a79.php 第 211 行.
NOTIC: [8] Use of undefined constant backup_snapshot - assumed 'backup_snapshot' D:\myenv\apache\htdocs\pgyidc\Application\Runtime\Cache\Admin\4f22d88ce04d1e60817d530bea3e0a79.php 第 211 行.
NOTIC: [8] Use of undefined constant vconfig - assumed 'vconfig' D:\myenv\apache\htdocs\pgyidc\Application\Runtime\Cache\Admin\4f22d88ce04d1e60817d530bea3e0a79.php 第 212 行.
NOTIC: [8] Use of undefined constant backup_snapshot - assumed 'backup_snapshot' D:\myenv\apache\htdocs\pgyidc\Application\Runtime\Cache\Admin\4f22d88ce04d1e60817d530bea3e0a79.php 第 212 行.
NOTIC: [8] Use of undefined constant vconfig - assumed 'vconfig' D:\myenv\apache\htdocs\pgyidc\Application\Runtime\Cache\Admin\4f22d88ce04d1e60817d530bea3e0a79.php 第 218 行.
NOTIC: [8] Use of undefined constant backup_full - assumed 'backup_full' D:\myenv\apache\htdocs\pgyidc\Application\Runtime\Cache\Admin\4f22d88ce04d1e60817d530bea3e0a79.php 第 218 行.
NOTIC: [8] Use of undefined constant vconfig - assumed 'vconfig' D:\myenv\apache\htdocs\pgyidc\Application\Runtime\Cache\Admin\4f22d88ce04d1e60817d530bea3e0a79.php 第 219 行.
NOTIC: [8] Use of undefined constant backup_full - assumed 'backup_full' D:\myenv\apache\htdocs\pgyidc\Application\Runtime\Cache\Admin\4f22d88ce04d1e60817d530bea3e0a79.php 第 219 行.
INFO: Run Behavior\ParseTemplateBehavior [ RunTime:0.038478s ]
INFO: [ view_parse ] --END-- [ RunTime:0.038565s ]
INFO: [ view_filter ] --START--
INFO: Run Behavior\WriteHtmlCacheBehavior [ RunTime:0.000958s ]
INFO: [ view_filter ] --END-- [ RunTime:0.001016s ]
INFO: [ app_end ] --START--
INFO: Run Behavior\ShowPageTraceBehavior [ RunTime:0.001263s ]
INFO: [ app_end ] --END-- [ RunTime:0.001334s ]

[ 2018-05-16T11:25:46+08:00 ] 127.0.0.1 /Admin/Cloud/upgrade?vpsid=4900
INFO: [ app_init ] --START--
INFO: Run Behavior\BuildLiteBehavior [ RunTime:0.000015s ]
INFO: [ app_init ] --END-- [ RunTime:0.000560s ]
INFO: [ app_begin ] --START--
INFO: Run Behavior\ReadHtmlCacheBehavior [ RunTime:0.000771s ]
INFO: [ app_begin ] --END-- [ RunTime:0.000827s ]
SQL: SHOW COLUMNS FROM `cloudlog` [ RunTime:0.0142s ]
SQL: SHOW COLUMNS FROM `coreprice` [ RunTime:0.0118s ]
SQL: SHOW COLUMNS FROM `price` [ RunTime:0.0088s ]
SQL: SHOW COLUMNS FROM `paylog` [ RunTime:0.0091s ]
SQL: SELECT SUM(money) as my FROM `paylog` WHERE ( userid=1 and datatype=0 )  [ RunTime:0.0007s ]
SQL: SELECT SUM(money) as my FROM `paylog` WHERE ( userid=1 and datatype=1 )  [ RunTime:0.0006s ]
SQL: SELECT `Price`,`DueTime` FROM `cloudlog` WHERE ( CloudNo ='4900' ) LIMIT 1   [ RunTime:0.0006s ]
SQL: SELECT `CID` FROM `cloudlog` WHERE ( CloudNo=4900 ) LIMIT 1   [ RunTime:0.0005s ]
INFO: [ view_parse ] --START--
INFO: [ template_filter ] --START--
INFO: Run Behavior\ContentReplaceBehavior [ RunTime:0.000080s ]
INFO: [ template_filter ] --END-- [ RunTime:0.000126s ]
NOTIC: [8] Use of undefined constant vconfig - assumed 'vconfig' D:\myenv\apache\htdocs\pgyidc\Application\Runtime\Cache\Admin\4f22d88ce04d1e60817d530bea3e0a79.php 第 211 行.
NOTIC: [8] Use of undefined constant backup_snapshot - assumed 'backup_snapshot' D:\myenv\apache\htdocs\pgyidc\Application\Runtime\Cache\Admin\4f22d88ce04d1e60817d530bea3e0a79.php 第 211 行.
NOTIC: [8] Use of undefined constant vconfig - assumed 'vconfig' D:\myenv\apache\htdocs\pgyidc\Application\Runtime\Cache\Admin\4f22d88ce04d1e60817d530bea3e0a79.php 第 212 行.
NOTIC: [8] Use of undefined constant backup_snapshot - assumed 'backup_snapshot' D:\myenv\apache\htdocs\pgyidc\Application\Runtime\Cache\Admin\4f22d88ce04d1e60817d530bea3e0a79.php 第 212 行.
NOTIC: [8] Use of undefined constant vconfig - assumed 'vconfig' D:\myenv\apache\htdocs\pgyidc\Application\Runtime\Cache\Admin\4f22d88ce04d1e60817d530bea3e0a79.php 第 218 行.
NOTIC: [8] Use of undefined constant backup_full - assumed 'backup_full' D:\myenv\apache\htdocs\pgyidc\Application\Runtime\Cache\Admin\4f22d88ce04d1e60817d530bea3e0a79.php 第 218 行.
NOTIC: [8] Use of undefined constant vconfig - assumed 'vconfig' D:\myenv\apache\htdocs\pgyidc\Application\Runtime\Cache\Admin\4f22d88ce04d1e60817d530bea3e0a79.php 第 219 行.
NOTIC: [8] Use of undefined constant backup_full - assumed 'backup_full' D:\myenv\apache\htdocs\pgyidc\Application\Runtime\Cache\Admin\4f22d88ce04d1e60817d530bea3e0a79.php 第 219 行.
INFO: Run Behavior\ParseTemplateBehavior [ RunTime:0.012573s ]
INFO: [ view_parse ] --END-- [ RunTime:0.012620s ]
INFO: [ view_filter ] --START--
INFO: Run Behavior\WriteHtmlCacheBehavior [ RunTime:0.000457s ]
INFO: [ view_filter ] --END-- [ RunTime:0.000495s ]
INFO: [ app_end ] --START--
INFO: Run Behavior\ShowPageTraceBehavior [ RunTime:0.000705s ]
INFO: [ app_end ] --END-- [ RunTime:0.000756s ]

[ 2018-05-16T11:25:58+08:00 ] 127.0.0.1 /Admin/Cloud/upgrade?vpsid=4900
INFO: [ app_init ] --START--
INFO: Run Behavior\BuildLiteBehavior [ RunTime:0.000013s ]
INFO: [ app_init ] --END-- [ RunTime:0.000439s ]
INFO: [ app_begin ] --START--
INFO: Run Behavior\ReadHtmlCacheBehavior [ RunTime:0.000645s ]
INFO: [ app_begin ] --END-- [ RunTime:0.000701s ]
SQL: SHOW COLUMNS FROM `cloudlog` [ RunTime:0.0146s ]
SQL: SHOW COLUMNS FROM `coreprice` [ RunTime:0.0145s ]
SQL: SHOW COLUMNS FROM `price` [ RunTime:0.0130s ]
SQL: SHOW COLUMNS FROM `paylog` [ RunTime:0.0075s ]
SQL: SELECT SUM(money) as my FROM `paylog` WHERE ( userid=1 and datatype=0 )  [ RunTime:0.0014s ]
SQL: SELECT SUM(money) as my FROM `paylog` WHERE ( userid=1 and datatype=1 )  [ RunTime:0.0012s ]
SQL: SELECT `Price`,`DueTime` FROM `cloudlog` WHERE ( CloudNo ='4900' ) LIMIT 1   [ RunTime:0.0012s ]
SQL: SELECT `CID` FROM `cloudlog` WHERE ( CloudNo=4900 ) LIMIT 1   [ RunTime:0.0012s ]
INFO: [ view_parse ] --START--
INFO: [ template_filter ] --START--
INFO: Run Behavior\ContentReplaceBehavior [ RunTime:0.000175s ]
INFO: [ template_filter ] --END-- [ RunTime:0.000276s ]
NOTIC: [8] Use of undefined constant vconfig - assumed 'vconfig' D:\myenv\apache\htdocs\pgyidc\Application\Runtime\Cache\Admin\4f22d88ce04d1e60817d530bea3e0a79.php 第 211 行.
NOTIC: [8] Use of undefined constant backup_snapshot - assumed 'backup_snapshot' D:\myenv\apache\htdocs\pgyidc\Application\Runtime\Cache\Admin\4f22d88ce04d1e60817d530bea3e0a79.php 第 211 行.
NOTIC: [8] Use of undefined constant vconfig - assumed 'vconfig' D:\myenv\apache\htdocs\pgyidc\Application\Runtime\Cache\Admin\4f22d88ce04d1e60817d530bea3e0a79.php 第 212 行.
NOTIC: [8] Use of undefined constant backup_snapshot - assumed 'backup_snapshot' D:\myenv\apache\htdocs\pgyidc\Application\Runtime\Cache\Admin\4f22d88ce04d1e60817d530bea3e0a79.php 第 212 行.
NOTIC: [8] Use of undefined constant vconfig - assumed 'vconfig' D:\myenv\apache\htdocs\pgyidc\Application\Runtime\Cache\Admin\4f22d88ce04d1e60817d530bea3e0a79.php 第 218 行.
NOTIC: [8] Use of undefined constant backup_full - assumed 'backup_full' D:\myenv\apache\htdocs\pgyidc\Application\Runtime\Cache\Admin\4f22d88ce04d1e60817d530bea3e0a79.php 第 218 行.
NOTIC: [8] Use of undefined constant vconfig - assumed 'vconfig' D:\myenv\apache\htdocs\pgyidc\Application\Runtime\Cache\Admin\4f22d88ce04d1e60817d530bea3e0a79.php 第 219 行.
NOTIC: [8] Use of undefined constant backup_full - assumed 'backup_full' D:\myenv\apache\htdocs\pgyidc\Application\Runtime\Cache\Admin\4f22d88ce04d1e60817d530bea3e0a79.php 第 219 行.
INFO: Run Behavior\ParseTemplateBehavior [ RunTime:0.015949s ]
INFO: [ view_parse ] --END-- [ RunTime:0.016052s ]
INFO: [ view_filter ] --START--
INFO: Run Behavior\WriteHtmlCacheBehavior [ RunTime:0.000504s ]
INFO: [ view_filter ] --END-- [ RunTime:0.000554s ]
INFO: [ app_end ] --START--
INFO: Run Behavior\ShowPageTraceBehavior [ RunTime:0.000749s ]
INFO: [ app_end ] --END-- [ RunTime:0.000810s ]

[ 2018-05-16T11:26:23+08:00 ] 127.0.0.1 /Admin/Cloud/upgrade?vpsid=4900
INFO: [ app_init ] --START--
INFO: Run Behavior\BuildLiteBehavior [ RunTime:0.000015s ]
INFO: [ app_init ] --END-- [ RunTime:0.000468s ]
INFO: [ app_begin ] --START--
INFO: Run Behavior\ReadHtmlCacheBehavior [ RunTime:0.000665s ]
INFO: [ app_begin ] --END-- [ RunTime:0.000720s ]
SQL: SHOW COLUMNS FROM `cloudlog` [ RunTime:0.0140s ]
SQL: SHOW COLUMNS FROM `coreprice` [ RunTime:0.0143s ]
SQL: SHOW COLUMNS FROM `price` [ RunTime:0.0152s ]
SQL: SHOW COLUMNS FROM `paylog` [ RunTime:0.0092s ]
SQL: SELECT SUM(money) as my FROM `paylog` WHERE ( userid=1 and datatype=0 )  [ RunTime:0.0011s ]
SQL: SELECT SUM(money) as my FROM `paylog` WHERE ( userid=1 and datatype=1 )  [ RunTime:0.0010s ]
SQL: SELECT `Price`,`DueTime` FROM `cloudlog` WHERE ( CloudNo ='4900' ) LIMIT 1   [ RunTime:0.0011s ]
SQL: SELECT `CID` FROM `cloudlog` WHERE ( CloudNo=4900 ) LIMIT 1   [ RunTime:0.0010s ]
SQL: SELECT `Prix` FROM `price` WHERE ( CID=1 AND DataName=4 ) LIMIT 1   [ RunTime:0.0010s ]
SQL: SELECT `Prix` FROM `price` WHERE ( CID=1 AND DataName=0 ) LIMIT 1   [ RunTime:0.0009s ]
SQL: SELECT `Prix` FROM `price` WHERE ( CID=1 AND DataName=1 ) LIMIT 1   [ RunTime:0.0009s ]
SQL: SELECT `Prix` FROM `price` WHERE ( CID=1 AND DataName=6 ) LIMIT 1   [ RunTime:0.0009s ]
SQL: SELECT `Prix` FROM `coreprice` WHERE ( CID=1 AND Kernel=2 AND Gigabyte=1 ) LIMIT 1   [ RunTime:0.0010s ]
INFO: [ view_parse ] --START--
INFO: [ template_filter ] --START--
INFO: Run Behavior\ContentReplaceBehavior [ RunTime:0.000113s ]
INFO: [ template_filter ] --END-- [ RunTime:0.000179s ]
NOTIC: [8] Use of undefined constant vconfig - assumed 'vconfig' D:\myenv\apache\htdocs\pgyidc\Application\Runtime\Cache\Admin\4f22d88ce04d1e60817d530bea3e0a79.php 第 211 行.
NOTIC: [8] Use of undefined constant backup_snapshot - assumed 'backup_snapshot' D:\myenv\apache\htdocs\pgyidc\Application\Runtime\Cache\Admin\4f22d88ce04d1e60817d530bea3e0a79.php 第 211 行.
NOTIC: [8] Use of undefined constant vconfig - assumed 'vconfig' D:\myenv\apache\htdocs\pgyidc\Application\Runtime\Cache\Admin\4f22d88ce04d1e60817d530bea3e0a79.php 第 212 行.
NOTIC: [8] Use of undefined constant backup_snapshot - assumed 'backup_snapshot' D:\myenv\apache\htdocs\pgyidc\Application\Runtime\Cache\Admin\4f22d88ce04d1e60817d530bea3e0a79.php 第 212 行.
NOTIC: [8] Use of undefined constant vconfig - assumed 'vconfig' D:\myenv\apache\htdocs\pgyidc\Application\Runtime\Cache\Admin\4f22d88ce04d1e60817d530bea3e0a79.php 第 218 行.
NOTIC: [8] Use of undefined constant backup_full - assumed 'backup_full' D:\myenv\apache\htdocs\pgyidc\Application\Runtime\Cache\Admin\4f22d88ce04d1e60817d530bea3e0a79.php 第 218 行.
NOTIC: [8] Use of undefined constant vconfig - assumed 'vconfig' D:\myenv\apache\htdocs\pgyidc\Application\Runtime\Cache\Admin\4f22d88ce04d1e60817d530bea3e0a79.php 第 219 行.
NOTIC: [8] Use of undefined constant backup_full - assumed 'backup_full' D:\myenv\apache\htdocs\pgyidc\Application\Runtime\Cache\Admin\4f22d88ce04d1e60817d530bea3e0a79.php 第 219 行.
INFO: Run Behavior\ParseTemplateBehavior [ RunTime:0.013616s ]
INFO: [ view_parse ] --END-- [ RunTime:0.013703s ]
INFO: [ view_filter ] --START--
INFO: Run Behavior\WriteHtmlCacheBehavior [ RunTime:0.000535s ]
INFO: [ view_filter ] --END-- [ RunTime:0.000590s ]
INFO: [ app_end ] --START--
INFO: Run Behavior\ShowPageTraceBehavior [ RunTime:0.000832s ]
INFO: [ app_end ] --END-- [ RunTime:0.000897s ]

[ 2018-05-16T11:26:39+08:00 ] 127.0.0.1 /Admin/Cloud/ipaddr?vpsid=4900
INFO: [ app_init ] --START--
INFO: Run Behavior\BuildLiteBehavior [ RunTime:0.000015s ]
INFO: [ app_init ] --END-- [ RunTime:0.000514s ]
INFO: [ app_begin ] --START--
INFO: Run Behavior\ReadHtmlCacheBehavior [ RunTime:0.000698s ]
INFO: [ app_begin ] --END-- [ RunTime:0.000757s ]
SQL: SHOW COLUMNS FROM `paylog` [ RunTime:0.0140s ]
SQL: SELECT SUM(money) as my FROM `paylog` WHERE ( userid=1 and datatype=0 )  [ RunTime:0.0024s ]
SQL: SELECT SUM(money) as my FROM `paylog` WHERE ( userid=1 and datatype=1 )  [ RunTime:0.0011s ]
INFO: [ view_parse ] --START--
INFO: [ template_filter ] --START--
INFO: Run Behavior\ContentReplaceBehavior [ RunTime:0.000173s ]
INFO: [ template_filter ] --END-- [ RunTime:0.000286s ]
INFO: Run Behavior\ParseTemplateBehavior [ RunTime:0.032718s ]
INFO: [ view_parse ] --END-- [ RunTime:0.032850s ]
INFO: [ view_filter ] --START--
INFO: Run Behavior\WriteHtmlCacheBehavior [ RunTime:0.000953s ]
INFO: [ view_filter ] --END-- [ RunTime:0.001051s ]
INFO: [ app_end ] --START--
INFO: Run Behavior\ShowPageTraceBehavior [ RunTime:0.001472s ]
INFO: [ app_end ] --END-- [ RunTime:0.001578s ]

[ 2018-05-16T11:26:45+08:00 ] 127.0.0.1 /Admin/Cloud/manageup/vid/4900.html
INFO: [ app_init ] --START--
INFO: Run Behavior\BuildLiteBehavior [ RunTime:0.000012s ]
INFO: [ app_init ] --END-- [ RunTime:0.000462s ]
INFO: [ app_begin ] --START--
INFO: Run Behavior\ReadHtmlCacheBehavior [ RunTime:0.000630s ]
INFO: [ app_begin ] --END-- [ RunTime:0.000685s ]
SQL: SHOW COLUMNS FROM `cloudlog` [ RunTime:0.0072s ]
SQL: SELECT `Price`,`DueTime` FROM `cloudlog` WHERE ( CloudNo ='4900' ) LIMIT 1   [ RunTime:0.0011s ]
SQL: SHOW COLUMNS FROM `paylog` [ RunTime:0.0068s ]
SQL: SELECT SUM(money) as my FROM `paylog` WHERE ( userid=1 and datatype=0 )  [ RunTime:0.0012s ]
SQL: SELECT SUM(money) as my FROM `paylog` WHERE ( userid=1 and datatype=1 )  [ RunTime:0.0006s ]
INFO: [ view_parse ] --START--
INFO: [ template_filter ] --START--
INFO: Run Behavior\ContentReplaceBehavior [ RunTime:0.000313s ]
INFO: [ template_filter ] --END-- [ RunTime:0.000427s ]
NOTIC: [8] Undefined index: dname D:\myenv\apache\htdocs\pgyidc\Application\Runtime\Cache\Admin\5f18f65b1685dc6c32952a0a30d4eb2d.php 第 513 行.
NOTIC: [8] Undefined variable: datatype D:\myenv\apache\htdocs\pgyidc\Application\Runtime\Cache\Admin\5f18f65b1685dc6c32952a0a30d4eb2d.php 第 694 行.
NOTIC: [8] Undefined variable: fid D:\myenv\apache\htdocs\pgyidc\Application\Runtime\Cache\Admin\5f18f65b1685dc6c32952a0a30d4eb2d.php 第 695 行.
INFO: Run Behavior\ParseTemplateBehavior [ RunTime:0.032400s ]
INFO: [ view_parse ] --END-- [ RunTime:0.032491s ]
INFO: [ view_filter ] --START--
INFO: Run Behavior\WriteHtmlCacheBehavior [ RunTime:0.000478s ]
INFO: [ view_filter ] --END-- [ RunTime:0.000528s ]
INFO: [ app_end ] --START--
INFO: Run Behavior\ShowPageTraceBehavior [ RunTime:0.000735s ]
INFO: [ app_end ] --END-- [ RunTime:0.000805s ]

[ 2018-05-16T11:26:50+08:00 ] 127.0.0.1 /Admin/Cloud/ipaddr?vpsid=4900
INFO: [ app_init ] --START--
INFO: Run Behavior\BuildLiteBehavior [ RunTime:0.000014s ]
INFO: [ app_init ] --END-- [ RunTime:0.000465s ]
INFO: [ app_begin ] --START--
INFO: Run Behavior\ReadHtmlCacheBehavior [ RunTime:0.000685s ]
INFO: [ app_begin ] --END-- [ RunTime:0.000758s ]
SQL: SHOW COLUMNS FROM `paylog` [ RunTime:0.0143s ]
SQL: SELECT SUM(money) as my FROM `paylog` WHERE ( userid=1 and datatype=0 )  [ RunTime:0.0024s ]
SQL: SELECT SUM(money) as my FROM `paylog` WHERE ( userid=1 and datatype=1 )  [ RunTime:0.0012s ]
INFO: [ view_parse ] --START--
INFO: [ template_filter ] --START--
INFO: Run Behavior\ContentReplaceBehavior [ RunTime:0.000171s ]
INFO: [ template_filter ] --END-- [ RunTime:0.000279s ]
INFO: Run Behavior\ParseTemplateBehavior [ RunTime:0.017699s ]
INFO: [ view_parse ] --END-- [ RunTime:0.017829s ]
INFO: [ view_filter ] --START--
INFO: Run Behavior\WriteHtmlCacheBehavior [ RunTime:0.000930s ]
INFO: [ view_filter ] --END-- [ RunTime:0.001026s ]
INFO: [ app_end ] --START--
INFO: Run Behavior\ShowPageTraceBehavior [ RunTime:0.001468s ]
INFO: [ app_end ] --END-- [ RunTime:0.001588s ]

[ 2018-05-16T15:45:00+08:00 ] 127.0.0.1 /Admin/Cloud/upgrade?vpsid=4900
INFO: [ app_init ] --START--
INFO: Run Behavior\BuildLiteBehavior [ RunTime:0.000013s ]
INFO: [ app_init ] --END-- [ RunTime:0.000496s ]
INFO: [ app_begin ] --START--
INFO: Run Behavior\ReadHtmlCacheBehavior [ RunTime:0.000925s ]
INFO: [ app_begin ] --END-- [ RunTime:0.000979s ]
SQL: SHOW COLUMNS FROM `cloudlog` [ RunTime:0.0147s ]
SQL: SHOW COLUMNS FROM `coreprice` [ RunTime:0.0111s ]
SQL: SHOW COLUMNS FROM `price` [ RunTime:0.0091s ]
SQL: SHOW COLUMNS FROM `paylog` [ RunTime:0.0093s ]
SQL: SELECT SUM(money) as my FROM `paylog` WHERE ( userid=1 and datatype=0 )  [ RunTime:0.0007s ]
SQL: SELECT SUM(money) as my FROM `paylog` WHERE ( userid=1 and datatype=1 )  [ RunTime:0.0005s ]
SQL: SELECT `Price`,`DueTime` FROM `cloudlog` WHERE ( CloudNo ='4900' ) LIMIT 1   [ RunTime:0.0004s ]
SQL: SELECT `CID` FROM `cloudlog` WHERE ( CloudNo=4900 ) LIMIT 1   [ RunTime:0.0004s ]
SQL: SELECT `Prix` FROM `price` WHERE ( CID=1 AND DataName=4 ) LIMIT 1   [ RunTime:0.0004s ]
SQL: SELECT `Prix` FROM `price` WHERE ( CID=1 AND DataName=0 ) LIMIT 1   [ RunTime:0.0004s ]
SQL: SELECT `Prix` FROM `price` WHERE ( CID=1 AND DataName=1 ) LIMIT 1   [ RunTime:0.0004s ]
SQL: SELECT `Prix` FROM `price` WHERE ( CID=1 AND DataName=6 ) LIMIT 1   [ RunTime:0.0004s ]
SQL: SELECT `Prix` FROM `coreprice` WHERE ( CID=1 AND Kernel=2 AND Gigabyte=1 ) LIMIT 1   [ RunTime:0.0004s ]
INFO: [ view_parse ] --START--
INFO: [ template_filter ] --START--
INFO: Run Behavior\ContentReplaceBehavior [ RunTime:0.000082s ]
INFO: [ template_filter ] --END-- [ RunTime:0.000132s ]
NOTIC: [8] Use of undefined constant vconfig - assumed 'vconfig' D:\myenv\apache\htdocs\pgyidc\Application\Runtime\Cache\Admin\4f22d88ce04d1e60817d530bea3e0a79.php 第 211 行.
NOTIC: [8] Use of undefined constant backup_snapshot - assumed 'backup_snapshot' D:\myenv\apache\htdocs\pgyidc\Application\Runtime\Cache\Admin\4f22d88ce04d1e60817d530bea3e0a79.php 第 211 行.
NOTIC: [8] Use of undefined constant vconfig - assumed 'vconfig' D:\myenv\apache\htdocs\pgyidc\Application\Runtime\Cache\Admin\4f22d88ce04d1e60817d530bea3e0a79.php 第 212 行.
NOTIC: [8] Use of undefined constant backup_snapshot - assumed 'backup_snapshot' D:\myenv\apache\htdocs\pgyidc\Application\Runtime\Cache\Admin\4f22d88ce04d1e60817d530bea3e0a79.php 第 212 行.
NOTIC: [8] Use of undefined constant vconfig - assumed 'vconfig' D:\myenv\apache\htdocs\pgyidc\Application\Runtime\Cache\Admin\4f22d88ce04d1e60817d530bea3e0a79.php 第 218 行.
NOTIC: [8] Use of undefined constant backup_full - assumed 'backup_full' D:\myenv\apache\htdocs\pgyidc\Application\Runtime\Cache\Admin\4f22d88ce04d1e60817d530bea3e0a79.php 第 218 行.
NOTIC: [8] Use of undefined constant vconfig - assumed 'vconfig' D:\myenv\apache\htdocs\pgyidc\Application\Runtime\Cache\Admin\4f22d88ce04d1e60817d530bea3e0a79.php 第 219 行.
NOTIC: [8] Use of undefined constant backup_full - assumed 'backup_full' D:\myenv\apache\htdocs\pgyidc\Application\Runtime\Cache\Admin\4f22d88ce04d1e60817d530bea3e0a79.php 第 219 行.
INFO: Run Behavior\ParseTemplateBehavior [ RunTime:0.009097s ]
INFO: [ view_parse ] --END-- [ RunTime:0.009149s ]
INFO: [ view_filter ] --START--
INFO: Run Behavior\WriteHtmlCacheBehavior [ RunTime:0.000656s ]
INFO: [ view_filter ] --END-- [ RunTime:0.000697s ]
INFO: [ app_end ] --START--
INFO: Run Behavior\ShowPageTraceBehavior [ RunTime:0.000865s ]
INFO: [ app_end ] --END-- [ RunTime:0.000918s ]

[ 2018-05-16T15:48:02+08:00 ] 127.0.0.1 /Admin/Cloud/upgrade?vpsid=4900
INFO: [ app_init ] --START--
INFO: Run Behavior\BuildLiteBehavior [ RunTime:0.000019s ]
INFO: [ app_init ] --END-- [ RunTime:0.000549s ]
INFO: [ app_begin ] --START--
INFO: Run Behavior\ReadHtmlCacheBehavior [ RunTime:0.000846s ]
INFO: [ app_begin ] --END-- [ RunTime:0.000903s ]
SQL: SHOW COLUMNS FROM `cloudlog` [ RunTime:0.0142s ]
SQL: SHOW COLUMNS FROM `coreprice` [ RunTime:0.0143s ]
SQL: SHOW COLUMNS FROM `price` [ RunTime:0.0069s ]
SQL: SHOW COLUMNS FROM `paylog` [ RunTime:0.0073s ]
SQL: SELECT SUM(money) as my FROM `paylog` WHERE ( userid=1 and datatype=0 )  [ RunTime:0.0019s ]
SQL: SELECT SUM(money) as my FROM `paylog` WHERE ( userid=1 and datatype=1 )  [ RunTime:0.0016s ]
SQL: SELECT `Price`,`DueTime` FROM `cloudlog` WHERE ( CloudNo ='4900' ) LIMIT 1   [ RunTime:0.0015s ]
SQL: SELECT `CID` FROM `cloudlog` WHERE ( CloudNo=4900 ) LIMIT 1   [ RunTime:0.0013s ]
SQL: SELECT `Prix` FROM `price` WHERE ( CID=1 AND DataName=4 ) LIMIT 1   [ RunTime:0.0011s ]
SQL: SELECT `Prix` FROM `price` WHERE ( CID=1 AND DataName=0 ) LIMIT 1   [ RunTime:0.0011s ]
SQL: SELECT `Prix` FROM `price` WHERE ( CID=1 AND DataName=1 ) LIMIT 1   [ RunTime:0.0010s ]
SQL: SELECT `Prix` FROM `price` WHERE ( CID=1 AND DataName=6 ) LIMIT 1   [ RunTime:0.0011s ]
SQL: SELECT `Prix` FROM `coreprice` WHERE ( CID=1 AND Kernel=2 AND Gigabyte=1 ) LIMIT 1   [ RunTime:0.0010s ]
INFO: [ view_parse ] --START--
INFO: [ template_filter ] --START--
INFO: Run Behavior\ContentReplaceBehavior [ RunTime:0.000095s ]
INFO: [ template_filter ] --END-- [ RunTime:0.000149s ]
NOTIC: [8] Use of undefined constant vconfig - assumed 'vconfig' D:\myenv\apache\htdocs\pgyidc\Application\Runtime\Cache\Admin\4f22d88ce04d1e60817d530bea3e0a79.php 第 211 行.
NOTIC: [8] Use of undefined constant backup_snapshot - assumed 'backup_snapshot' D:\myenv\apache\htdocs\pgyidc\Application\Runtime\Cache\Admin\4f22d88ce04d1e60817d530bea3e0a79.php 第 211 行.
NOTIC: [8] Use of undefined constant vconfig - assumed 'vconfig' D:\myenv\apache\htdocs\pgyidc\Application\Runtime\Cache\Admin\4f22d88ce04d1e60817d530bea3e0a79.php 第 212 行.
NOTIC: [8] Use of undefined constant backup_snapshot - assumed 'backup_snapshot' D:\myenv\apache\htdocs\pgyidc\Application\Runtime\Cache\Admin\4f22d88ce04d1e60817d530bea3e0a79.php 第 212 行.
NOTIC: [8] Use of undefined constant vconfig - assumed 'vconfig' D:\myenv\apache\htdocs\pgyidc\Application\Runtime\Cache\Admin\4f22d88ce04d1e60817d530bea3e0a79.php 第 218 行.
NOTIC: [8] Use of undefined constant backup_full - assumed 'backup_full' D:\myenv\apache\htdocs\pgyidc\Application\Runtime\Cache\Admin\4f22d88ce04d1e60817d530bea3e0a79.php 第 218 行.
NOTIC: [8] Use of undefined constant vconfig - assumed 'vconfig' D:\myenv\apache\htdocs\pgyidc\Application\Runtime\Cache\Admin\4f22d88ce04d1e60817d530bea3e0a79.php 第 219 行.
NOTIC: [8] Use of undefined constant backup_full - assumed 'backup_full' D:\myenv\apache\htdocs\pgyidc\Application\Runtime\Cache\Admin\4f22d88ce04d1e60817d530bea3e0a79.php 第 219 行.
INFO: Run Behavior\ParseTemplateBehavior [ RunTime:0.015950s ]
INFO: [ view_parse ] --END-- [ RunTime:0.016031s ]
INFO: [ view_filter ] --START--
INFO: Run Behavior\WriteHtmlCacheBehavior [ RunTime:0.000671s ]
INFO: [ view_filter ] --END-- [ RunTime:0.000723s ]
INFO: [ app_end ] --START--
INFO: Run Behavior\ShowPageTraceBehavior [ RunTime:0.000876s ]
INFO: [ app_end ] --END-- [ RunTime:0.000933s ]

[ 2018-05-16T15:56:44+08:00 ] 127.0.0.1 /Admin/officweb/cloudlist.html
INFO: [ app_init ] --START--
INFO: Run Behavior\BuildLiteBehavior [ RunTime:0.000013s ]
INFO: [ app_init ] --END-- [ RunTime:0.000479s ]
INFO: [ app_begin ] --START--
INFO: Run Behavior\ReadHtmlCacheBehavior [ RunTime:0.000845s ]
INFO: [ app_begin ] --END-- [ RunTime:0.000898s ]
SQL: SHOW COLUMNS FROM `configinfo` [ RunTime:0.0143s ]
SQL: SHOW COLUMNS FROM `configlist` [ RunTime:0.0107s ]
SQL: SELECT `ID`,`Title` FROM `configlist` WHERE ( Property=0 ) ORDER BY Px ASC  [ RunTime:0.0015s ]
SQL: SELECT `CID`,`Title` FROM `configinfo` WHERE `DataType` = 0 AND `NavData` = 1 AND `DataName` = 0 ORDER BY CID ASC  [ RunTime:0.0007s ]
NOTIC: [8] Undefined variable: datatype D:\myenv\apache\htdocs\pgyidc\Application\Admin\Controller\OfficwebController.class.php 第 281 行.
INFO: [ view_parse ] --START--
INFO: [ template_filter ] --START--
INFO: Run Behavior\ContentReplaceBehavior [ RunTime:0.000127s ]
INFO: [ template_filter ] --END-- [ RunTime:0.000187s ]
NOTIC: [8] Undefined index: quotid D:\myenv\apache\htdocs\pgyidc\Application\Runtime\Cache\Admin\d835a3852ff4fa9b0924afb033133a4c.php 第 328 行.
NOTIC: [8] Undefined index: quotid D:\myenv\apache\htdocs\pgyidc\Application\Runtime\Cache\Admin\d835a3852ff4fa9b0924afb033133a4c.php 第 328 行.
INFO: Run Behavior\ParseTemplateBehavior [ RunTime:0.028496s ]
INFO: [ view_parse ] --END-- [ RunTime:0.028556s ]
INFO: [ view_filter ] --START--
INFO: Run Behavior\WriteHtmlCacheBehavior [ RunTime:0.000835s ]
INFO: [ view_filter ] --END-- [ RunTime:0.000883s ]
INFO: [ app_end ] --START--
INFO: Run Behavior\ShowPageTraceBehavior [ RunTime:0.001115s ]
INFO: [ app_end ] --END-- [ RunTime:0.001176s ]

[ 2018-05-16T15:56:47+08:00 ] 127.0.0.1 /Admin/Officweb/cloudinfo/cid/1/fid/1.html
INFO: [ app_init ] --START--
INFO: Run Behavior\BuildLiteBehavior [ RunTime:0.000011s ]
INFO: [ app_init ] --END-- [ RunTime:0.000432s ]
INFO: [ app_begin ] --START--
INFO: Run Behavior\ReadHtmlCacheBehavior [ RunTime:0.000807s ]
INFO: [ app_begin ] --END-- [ RunTime:0.000858s ]
SQL: SHOW COLUMNS FROM `configinfo` [ RunTime:0.0146s ]
SQL: SELECT `Title` FROM `configinfo` WHERE ( CID =1 ) LIMIT 1   [ RunTime:0.0026s ]
SQL: SELECT `DataName`,`Title` FROM `configinfo` WHERE ( FatherID =1 )  [ RunTime:0.0011s ]
SQL: SHOW COLUMNS FROM `coreprice` [ RunTime:0.0148s ]
SQL: SELECT * FROM `coreprice` WHERE ( CID =1 )  [ RunTime:0.0029s ]
SQL: SHOW COLUMNS FROM `price` [ RunTime:0.0092s ]
SQL: SELECT `DataName`,`Prix` FROM `price` WHERE ( CID =1 )  [ RunTime:0.0016s ]
SQL: SHOW COLUMNS FROM `configlist` [ RunTime:0.0087s ]
SQL: SELECT `ID`,`Title` FROM `configlist` ORDER BY ID ASC  [ RunTime:0.0016s ]
INFO: [ view_parse ] --START--
INFO: [ template_filter ] --START--
INFO: Run Behavior\ContentReplaceBehavior [ RunTime:0.000136s ]
INFO: [ template_filter ] --END-- [ RunTime:0.000184s ]
NOTIC: [8] Undefined variable: datatype D:\myenv\apache\htdocs\pgyidc\Application\Runtime\Cache\Admin\4aab5680290bcdbbf84e009b97c33b21.php 第 647 行.
INFO: Run Behavior\ParseTemplateBehavior [ RunTime:0.048105s ]
INFO: [ view_parse ] --END-- [ RunTime:0.048197s ]
INFO: [ view_filter ] --START--
INFO: Run Behavior\WriteHtmlCacheBehavior [ RunTime:0.001570s ]
INFO: [ view_filter ] --END-- [ RunTime:0.001670s ]
INFO: [ app_end ] --START--
INFO: Run Behavior\ShowPageTraceBehavior [ RunTime:0.003098s ]
INFO: [ app_end ] --END-- [ RunTime:0.003305s ]

[ 2018-05-16T15:56:51+08:00 ] 127.0.0.1 /Admin/officweb/navlist.html
INFO: [ app_init ] --START--
INFO: Run Behavior\BuildLiteBehavior [ RunTime:0.000013s ]
INFO: [ app_init ] --END-- [ RunTime:0.000482s ]
INFO: [ app_begin ] --START--
INFO: Run Behavior\ReadHtmlCacheBehavior [ RunTime:0.000925s ]
INFO: [ app_begin ] --END-- [ RunTime:0.000981s ]
SQL: SHOW COLUMNS FROM `navigation` [ RunTime:0.0143s ]
SQL: SELECT * FROM `navigation` WHERE ( NavFatherID =0 ) ORDER BY NavType DESC,NavID ASC  [ RunTime:0.0030s ]
SQL: SELECT * FROM `navigation` WHERE ( NavFatherID =1 )  [ RunTime:0.0014s ]
SQL: SELECT * FROM `navigation` WHERE ( NavFatherID =2 )  [ RunTime:0.0012s ]
SQL: SELECT * FROM `navigation` WHERE ( NavFatherID =3 )  [ RunTime:0.0011s ]
SQL: SELECT * FROM `navigation` WHERE ( NavFatherID =4 )  [ RunTime:0.0011s ]
SQL: SELECT * FROM `navigation` WHERE ( NavFatherID =8 )  [ RunTime:0.0012s ]
SQL: SELECT * FROM `navigation` WHERE ( NavFatherID =9 )  [ RunTime:0.0011s ]
SQL: SELECT * FROM `navigation` WHERE ( NavFatherID =10 )  [ RunTime:0.0007s ]
SQL: SELECT * FROM `navigation` WHERE ( NavFatherID =16 )  [ RunTime:0.0007s ]
SQL: SELECT * FROM `navigation` WHERE ( NavFatherID =17 )  [ RunTime:0.0006s ]
SQL: SELECT * FROM `navigation` WHERE ( NavFatherID =18 )  [ RunTime:0.0007s ]
SQL: SELECT * FROM `navigation` WHERE ( NavFatherID =21 )  [ RunTime:0.0006s ]
SQL: SELECT * FROM `navigation` WHERE ( NavFatherID =22 )  [ RunTime:0.0006s ]
SQL: SELECT * FROM `navigation` WHERE ( NavFatherID =23 )  [ RunTime:0.0007s ]
SQL: SELECT * FROM `navigation` WHERE ( NavFatherID =24 )  [ RunTime:0.0006s ]
INFO: [ view_parse ] --START--
INFO: [ template_filter ] --START--
INFO: Run Behavior\ContentReplaceBehavior [ RunTime:0.000132s ]
INFO: [ template_filter ] --END-- [ RunTime:0.000198s ]
NOTIC: [8] Undefined variable: fid D:\myenv\apache\htdocs\pgyidc\Application\Runtime\Cache\Admin\990418e22c63c577730a292b2f03051c.php 第 442 行.
INFO: Run Behavior\ParseTemplateBehavior [ RunTime:0.039663s ]
INFO: [ view_parse ] --END-- [ RunTime:0.039733s ]
INFO: [ view_filter ] --START--
INFO: Run Behavior\WriteHtmlCacheBehavior [ RunTime:0.000888s ]
INFO: [ view_filter ] --END-- [ RunTime:0.000943s ]
INFO: [ app_end ] --START--
INFO: Run Behavior\ShowPageTraceBehavior [ RunTime:0.001190s ]
INFO: [ app_end ] --END-- [ RunTime:0.001261s ]

